[2015.10.14-10.03.17:696][  0]Log file open, 10/14/15 19:03:17
[2015.10.14-10.03.17:696][  0]LogInit:Display: Running engine for game: LeftRight_Push
[2015.10.14-10.03.17:696][  0]LogInit:Display: RandInit(658898960) SRandInit(658898961).
[2015.10.14-10.03.17:696][  0]LogTaskGraph: Started task graph with 4 named threads and 7 total threads.
[2015.10.14-10.03.17:696][  0]LogStats: Stats thread started
[2015.10.14-10.03.17:696][  0]LogInit: Version: 4.8.3-2634408+++depot+UE4-Releases+4.8
[2015.10.14-10.03.17:696][  0]LogInit: API Version: 2579680
[2015.10.14-10.03.17:696][  0]LogInit: Compiled (64-bit): Jul 27 2015 16:24:33
[2015.10.14-10.03.17:696][  0]LogInit: Compiled with Visual C++: 18.00.21005.01
[2015.10.14-10.03.17:696][  0]LogInit: Build Configuration: Development
[2015.10.14-10.03.17:696][  0]LogInit: Branch Name: ++depot+UE4-Releases+4.8
[2015.10.14-10.03.17:696][  0]LogInit: Command line:  
[2015.10.14-10.03.17:696][  0]LogInit: Base directory: C:/Program Files/Epic Games/4.8/Engine/Binaries/Win64/
[2015.10.14-10.03.17:696][  0]LogInit: Rocket: 1
[2015.10.14-10.03.17:791][  0]LogInit: Using libcurl 7.41.0
[2015.10.14-10.03.17:791][  0]LogInit:  - built for x86_64-pc-win32
[2015.10.14-10.03.17:791][  0]LogInit:  - supports SSL with WinSSL
[2015.10.14-10.03.17:791][  0]LogInit:  - other features:
[2015.10.14-10.03.17:791][  0]LogInit:      CURL_VERSION_SSL
[2015.10.14-10.03.17:791][  0]LogInit:      CURL_VERSION_IPV6
[2015.10.14-10.03.17:791][  0]LogInit:      CURL_VERSION_ASYNCHDNS
[2015.10.14-10.03.17:791][  0]LogInit:      CURL_VERSION_LARGEFILE
[2015.10.14-10.03.17:791][  0]LogInit:      CURL_VERSION_IDN
[2015.10.14-10.03.17:792][  0]LogInit:  CurlRequestOptions (configurable via config and command line):
[2015.10.14-10.03.17:792][  0]LogInit:  - bVerifyPeer = true  - Libcurl will verify peer certificate
[2015.10.14-10.03.17:792][  0]LogInit:  - bUseHttpProxy = false  - Libcurl will NOT use HTTP proxy
[2015.10.14-10.03.17:792][  0]LogInit:  - bDontReuseConnections = false  - Libcurl will reuse connections
[2015.10.14-10.03.17:792][  0]LogInit:  - CertBundlePath = nullptr  - Libcurl will use whatever was configured at build time.
[2015.10.14-10.03.17:811][  0]LogOnline:Warning: No default platform service specified for OnlineSubsystem
[2015.10.14-10.03.17:919][  0]LogInit: Presizing for 0 objects not considered by GC, pre-allocating 0 bytes.
[2015.10.14-10.03.18:062][  0]LogInit: Object subsystem initialized
[2015.10.14-10.03.18:217][  0]LogConsoleResponse:Warning: Skipping Unknown console variable: 'TranslucentSortAxis = (X=0.000000,Y=-1.000000,Z=0.000000)'
[2015.10.14-10.03.18:217][  0]LogConsoleResponse:Warning:   Found in ini file 'C:/Users/reiri/Documents/Unreal Projects/LeftRight_Push/Saved/Config/Windows/Engine.ini', in section '[/Script/Engine.RendererSettings]'
[2015.10.14-10.03.18:217][  0]LogConsoleResponse:Warning: Skipping Unknown console variable: 'UIScaleRule = ShortestSide'
[2015.10.14-10.03.18:217][  0]LogConsoleResponse:Warning:   Found in ini file 'C:/Users/reiri/Documents/Unreal Projects/LeftRight_Push/Saved/Config/Windows/Engine.ini', in section '[/Script/Engine.RendererSettings]'
[2015.10.14-10.03.18:217][  0]LogConsoleResponse:Warning: Skipping Unknown console variable: 'UIScaleCurve = (EditorCurveData=(Keys=),ExternalCurve=None)'
[2015.10.14-10.03.18:217][  0]LogConsoleResponse:Warning:   Found in ini file 'C:/Users/reiri/Documents/Unreal Projects/LeftRight_Push/Saved/Config/Windows/Engine.ini', in section '[/Script/Engine.RendererSettings]'
[2015.10.14-10.03.18:375][  0]LogInit: Selected Device Profile: [Windows]
[2015.10.14-10.03.18:375][  0]LogInit: Applying CVar settings loaded from the selected device profile: [Windows]
[2015.10.14-10.03.18:520][  0]LogInit: Computer: REIRI-PC
[2015.10.14-10.03.18:520][  0]LogInit: User: reiri
[2015.10.14-10.03.18:520][  0]LogInit: CPU Page size=4096, Cores=4
[2015.10.14-10.03.18:520][  0]LogInit: High frequency timer resolution =3.312656 MHz
[2015.10.14-10.03.18:520][  0]LogMemory: Memory total: Physical=7.9GB (8GB approx)
[2015.10.14-10.03.18:520][  0]LogMemory: Platform Memory Stats for Windows
[2015.10.14-10.03.18:520][  0]LogMemory: Process Physical Memory: 51.13 MB used, 51.13 MB peak
[2015.10.14-10.03.18:520][  0]LogMemory: Process Virtual Memory: 23.46 MB used, 24.16 MB peak
[2015.10.14-10.03.18:520][  0]LogMemory: Physical Memory: 5009.15 MB used, 8086.11 MB total
[2015.10.14-10.03.18:520][  0]LogMemory: Virtual Memory: 294.80 MB used, 8388608.00 MB total
[2015.10.14-10.03.19:812][  0]LogTextLocalizationManager: The requested culture ('ja_JP') has no localization data; parent culture's ('ja') localization data will be used.
[2015.10.14-10.03.20:097][  0]LogTextLocalizationManager:Warning: Loaded localization resources contain conflicting entries for (Namespace:ContentBrowser, Key:ImportAssetToolTip):
Localization Resource: (C:/Program Files/Epic Games/4.8/Engine/Content/Localization/Editor/ja/Editor.locres) Source String Hash: (-630476809) Localized String: ({0} にインポート...)
Localization Resource: (C:/Program Files/Epic Games/4.8/Engine/Content/Localization/Editor/ja/Editor.locres) Source String Hash: (1271782899) Localized String: (このフォルダへファイルからアセットをインポート)
[2015.10.14-10.03.21:059][  0]LogD3D11RHI: Found D3D11 adapter 0: Intel(R) HD Graphics 4600 (Feature Level 11_0)
[2015.10.14-10.03.21:059][  0]LogD3D11RHI: Adapter has 64MB of dedicated video memory, 0MB of dedicated system memory, and 1632MB of shared system memory, 1 output[s]
[2015.10.14-10.03.21:059][  0]LogD3D11RHI: Chosen D3D11 Adapter Id = 0
[2015.10.14-10.03.21:064][  0]LogD3D11RHI: InitD3DDevice
[2015.10.14-10.03.21:064][  0]LogD3D11RHI: !Direct3DDevice
[2015.10.14-10.03.21:065][  0]LogRHI: Texture pool is 616 MB (70% of 880 MB)
[2015.10.14-10.03.21:072][  0]LogD3D11RHI: Async texture creation enabled
[2015.10.14-10.03.21:765][  0]LogShaderCompilers:Display: Using Local Shader Compiler.
[2015.10.14-10.03.27:385][  0]LogTemp:Display: Loaded TP DesktopTargetPlatform
[2015.10.14-10.03.27:549][  0]LogTemp:Display: Loaded TP WindowsClientTargetPlatform
[2015.10.14-10.03.27:635][  0]LogTemp:Display: Loaded TP WindowsNoEditorTargetPlatform
[2015.10.14-10.03.27:679][  0]LogTemp:Display: Loaded TP WindowsServerTargetPlatform
[2015.10.14-10.03.27:708][  0]LogTemp:Display: Loaded TP WindowsTargetPlatform
[2015.10.14-10.03.27:740][  0]LogTemp:Display: Loaded TP AndroidTargetPlatform
[2015.10.14-10.03.27:763][  0]LogTemp:Display: Loaded TP Android_ASTCTargetPlatform
[2015.10.14-10.03.27:789][  0]LogTemp:Display: Loaded TP Android_ATCTargetPlatform
[2015.10.14-10.03.27:812][  0]LogTemp:Display: Loaded TP Android_DXTTargetPlatform
[2015.10.14-10.03.27:837][  0]LogTemp:Display: Loaded TP Android_ETC1TargetPlatform
[2015.10.14-10.03.27:860][  0]LogTemp:Display: Loaded TP Android_ETC2TargetPlatform
[2015.10.14-10.03.27:875][  0]LogTemp:Display: Loaded TP Android_PVRTCTargetPlatform
[2015.10.14-10.03.27:981][  0]LogTemp:Display: Loaded TP IOSTargetPlatform
[2015.10.14-10.03.28:004][  0]LogTemp:Display: Loaded TP LinuxNoEditorTargetPlatform
[2015.10.14-10.03.28:024][  0]LogTemp:Display: Loaded TP LinuxServerTargetPlatform
[2015.10.14-10.03.28:084][  0]LogTemp:Display: Loaded TP LinuxTargetPlatform
[2015.10.14-10.03.28:084][  0]LogTargetPlatformManager:Display: Building Assets For Windows
[2015.10.14-10.03.28:778][  0]LogDerivedDataCache:Display: Max Cache Size: 512 MB
[2015.10.14-10.03.29:994][  0]LogDerivedDataCache: Loaded boot cache 1.22s 53MB C:/Users/reiri/AppData/Local/UnrealEngine/4.8/DerivedDataCache/Boot.ddc.
[2015.10.14-10.03.29:994][  0]LogDerivedDataCache:Display: Loaded Boot cache: C:/Users/reiri/AppData/Local/UnrealEngine/4.8/DerivedDataCache/Boot.ddc
[2015.10.14-10.03.29:994][  0]LogDerivedDataCache: FDerivedDataBackendGraph:  Pak pak cache file ../../../../../../Users/reiri/Documents/Unreal Projects/LeftRight_Push/DerivedDataCache/DDC.ddp not found, will not use a pak cache.
[2015.10.14-10.03.29:994][  0]LogDerivedDataCache: Unable to find inner node Pak for hierarchical cache Hierarchy.
[2015.10.14-10.03.29:994][  0]LogDerivedDataCache: FDerivedDataBackendGraph:  CompressedPak pak cache file ../../../../../../Users/reiri/Documents/Unreal Projects/LeftRight_Push/DerivedDataCache/Compressed.ddp not found, will not use a pak cache.
[2015.10.14-10.03.29:994][  0]LogDerivedDataCache: Unable to find inner node CompressedPak for hierarchical cache Hierarchy.
[2015.10.14-10.03.30:200][  0]LogDerivedDataCache:Display: Pak cache opened for reading ../../../Engine/DerivedDataCache/Compressed.ddp.
[2015.10.14-10.03.30:287][  0]LogDerivedDataCache: Using Local data cache path C:/Users/reiri/AppData/Local/UnrealEngine/Common/DerivedDataCache: Writable
[2015.10.14-10.03.39:841][  0]LogInit: Selected Device Profile: [Windows]
[2015.10.14-10.03.40:076][  0]ImportText (ComponentSweepMultiTests): Missing closing parenthesis: (RootShapeAsset="/Engine/BasicShapes/Cube.Cube",ShapeType="TriggerCapsule",HitResult=(Time=0.50,Location=(X=-100.000015,Y=0.0,Z=100.000015),ImpactPoint=(X=-50.0,Y=0.0,Z=50.0),Normal=(X=-1.0,Y=-0.0,Z=0.0),ImpactNormal=(X=0.0,Y=0.0,Z=1.0),TraceStart=(X=-200.0,Y=0.0,Z=200.0),TraceEnd=(X=0.0,Y=0.0,Z=0.0))
[2015.10.14-10.03.40:077][  0]ImportText (LineTraceSingleByChannelTests): Missing closing parenthesis: (RootShapeAsset="/Engine/BasicShapes/Cube.Cube",HitResult=(Time=0.50,Location=(X=-100.000015,Y=0.0,Z=100.000015),ImpactPoint=(X=-50.0,Y=0.0,Z=50.0),Normal=(X=-1.0,Y=-0.0,Z=0.0),ImpactNormal=(X=0.0,Y=0.0,Z=1.0),TraceStart=(X=-200.0,Y=0.0,Z=200.0),TraceEnd=(X=0.0,Y=0.0,Z=0.0))
[2015.10.14-10.03.40:450][  0]LogMeshUtilities: No automatic mesh reduction module available
[2015.10.14-10.03.40:450][  0]LogMeshUtilities: No automatic mesh merging module available
[2015.10.14-10.03.45:468][  0]LogInit: WinSock: version 1.1 (2.2), MaxSocks=32767, MaxUdp=65467
[2015.10.14-10.04.04:225][  0]UdpMessaging: Initializing bridge on interface 0.0.0.0:0 to multicast group 230.0.0.1:6666.
[2015.10.14-10.04.06:127][  0]SourceControl: 情報 ソースコントロールは無効です
[2015.10.14-10.04.06:297][  0]SourceControl: 情報 ソースコントロールは無効です
[2015.10.14-10.04.06:351][  0]SourceControl: 情報 ソースコントロールは無効です
[2015.10.14-10.04.06:381][  0]SourceControl: 情報 ソースコントロールは無効です
[2015.10.14-10.04.07:421][  0]LeapPluginLog: Using LeapPlugin version 0.9.5
[2015.10.14-10.04.07:426][  0]LogObj: 26891 objects as part of root set at end of initial load.
[2015.10.14-10.04.07:426][  0]LogUObjectAllocator: 5510376 out of 0 bytes used by permanent object pool.
[2015.10.14-10.04.08:226][  0]LogEngine: Initializing Engine...
[2015.10.14-10.04.08:258][  0]LogHMD: Can't find Oculus library dev build: is proper Runtime installed? Version: 0.6.0.0
[2015.10.14-10.04.08:362][  0]LogHMD:Warning: SteamVR failed to initialize.  Error: 110
[2015.10.14-10.04.09:386][  0]LogAIModule: Creating AISystem for world NewWorld
[2015.10.14-10.04.09:623][  0]LogInit: XAudio2 using 'スピーカー (Realtek High Definition Audio)' : 2 channels at 48 kHz using 32 bits per sample (channel mask 0x3)
[2015.10.14-10.04.09:637][  0]LogInit: FAudioDevice initialized.
[2015.10.14-10.04.09:691][  0]LogDerivedDataCache: Saved boot cache 0.05s 53MB C:/Users/reiri/AppData/Local/UnrealEngine/4.8/DerivedDataCache/Boot.ddc.
[2015.10.14-10.04.09:695][  0]LogInit: Texture streaming: Disabled
[2015.10.14-10.04.09:757][  0]LogAnalytics: Creating configured Analytics provider AnalyticsET
[2015.10.14-10.04.09:757][  0]LogAnalytics: [UEEditor.Rocket.Release] APIServer = http://et2.epicgames.com/ET2/. AppVersion = 4.8.3-2634408+++depot+UE4-Releases+4.8
[2015.10.14-10.04.09:757][  0]LogAnalytics: [UEEditor.Rocket.Release] SetUserId ed73aad848adf9034585f78783adeb8b|d2c3928a2eb2491182358b97942b7f26|5f94e41e-b00f-4026-95ac-baa792c13146
[2015.10.14-10.04.09:764][  0]LogAnalytics: [UEEditor.Rocket.Release] AnalyticsET::StartSession
[2015.10.14-10.04.09:952][  0]LogInit: Transaction tracking system initialized
[2015.10.14-10.04.10:586][  0]BlueprintLog: New page: エディタの読み込み
[2015.10.14-10.04.10:690][  0]LogAssetRegistry: FAssetRegistry took 0.0116 seconds to start up
[2015.10.14-10.04.10:691][  0]LogDirectoryWatcher:Warning: Failed to begin reading directory changes for ../../../Engine/Plugins/Experimental/CharacterAI/Content/. Error: 0
[2015.10.14-10.04.17:209][  0]LogConsoleManager:Warning: Console variable 'r.VSync' wasn't set ('GameSetting' has a lower priority than 'SystemSettingsIni')
[2015.10.14-10.04.17:209][  0]LogConsoleResponse:Display: 
[2015.10.14-10.04.20:618][  0]LogCook:Display: Done creating registry. It took  0.00s.
[2015.10.14-10.04.22:427][  0]SourceControl: 情報 ソースコントロールは無効です
[2015.10.14-10.04.22:537][  0]Cmd: MAP LOAD FILE="../../../../../../Users/reiri/Documents/Unreal Projects/LeftRight_Push/Content/StarterContent/Maps/Minimal_Default.umap" TEMPLATE=0 SHOWPROGRESS=1 FEATURELEVEL=3
[2015.10.14-10.04.22:570][  0]LightingResults: New page: ライティングのビルド
[2015.10.14-10.04.22:817][  0]MapCheck: New page: マップをチェック
[2015.10.14-10.04.22:817][  0]LightingResults: New page: <何も選択されていません>
[2015.10.14-10.04.23:150][  0]LogParticles: Destroying 0 GPU particle simulations for FXSystem 0x0000000017AACB80
[2015.10.14-10.04.28:222][  0]LogAIModule: Creating AISystem for world Minimal_Default
[2015.10.14-10.04.28:978][  0]LogEditorServer: Finished looking for orphan Actors (0.000 secs)
[2015.10.14-10.04.28:996][  0]Cmd: MAP CHECKDEP NOCLEARLOG
[2015.10.14-10.04.29:040][  0]MapCheck: 情報 マップチェックが完了: 0 エラー、 0 警告、完了に 43.964ミリ秒かかりました。
[2015.10.14-10.04.29:040][  0]LogFileHelpers: Loading map 'Minimal_Default' took 6.543
[2015.10.14-10.04.30:014][  0]LogCollectionManager: Loaded 0 collections in 0.002139 seconds
[2015.10.14-10.04.30:032][  0]LogContentBrowser: Native class hierarchy populated in 0.0170 seconds. Added 1818 classes and 305 folders.
[2015.10.14-10.04.30:257][  0]LogContentBrowser: Native class hierarchy updated for 'WidgetCarousel' in 0.0003 seconds. Added 0 classes and 0 folders.
[2015.10.14-10.04.30:808][  0]LogContentBrowser: Native class hierarchy updated for 'AddContentDialog' in 0.0003 seconds. Added 0 classes and 0 folders.
[2015.10.14-10.04.31:662][  0]LogContentBrowser: Native class hierarchy updated for 'SceneOutliner' in 0.0004 seconds. Added 1 classes and 2 folders.
[2015.10.14-10.04.31:757][  0]LogCrashTracker: Crashtracker disabled due to settings.
[2015.10.14-10.04.31:814][  0]LogD3D11RHI: InitD3DDevice
[2015.10.14-10.04.31:830][  0]LogUObjectGlobals:Warning: オブジェクト 'Class なし.' が見つかりませんでした
[2015.10.14-10.04.31:886][  0]LogLoad: Full Startup: 80.88 seconds (BP compile: 0.59 seconds)
[2015.10.14-10.04.32:486][  0]LogContentStreaming: Texture pool size is 0.000000MB
[2015.10.14-10.04.32:664][  0]LogContentStreaming: Texture pool size now 400 MB
[2015.10.14-10.04.33:989][  1]LogRenderer: Reallocating scene render targets to support 784x408 (Frame:2).
[2015.10.14-10.04.35:029][  6]LogAssetRegistry: Asset discovery search completed in 24.3505 seconds
[2015.10.14-10.04.36:602][ 70]LogD3D11RHI: InitD3DDevice
[2015.10.14-10.04.38:231][122]LogRenderer: Reallocating scene render targets to support 1120x576 (Frame:123).
[2015.10.14-10.04.40:033][162]LogPlayLevel: PIE:  No blueprints needed recompiling
[2015.10.14-10.04.40:238][162]PIE: New page: PIEセッション: Minimal_Default (2015/10/15 4:04:40)
[2015.10.14-10.04.40:239][162]LogPlayLevel: Creating play world package: /Game/StarterContent/Maps/UEDPIE_0_Minimal_Default
[2015.10.14-10.04.40:259][162]LogPlayLevel: PIE: StaticDuplicateObject took: (0.020184s)
[2015.10.14-10.04.40:261][162]LogAIModule: Creating AISystem for world Minimal_Default
[2015.10.14-10.04.40:261][162]LogPlayLevel: PIE: World Init took: (0.001930s)
[2015.10.14-10.04.40:276][162]LogPlayLevel: PIE: Created PIE world by copying editor world from /Game/StarterContent/Maps/Minimal_Default.Minimal_Default to /Game/StarterContent/Maps/UEDPIE_0_Minimal_Default.Minimal_Default (0.037004s)
[2015.10.14-10.04.40:347][162]LogInit: XAudio2 using 'スピーカー (Realtek High Definition Audio)' : 2 channels at 48 kHz using 32 bits per sample (channel mask 0x3)
[2015.10.14-10.04.40:355][162]LogInit: FAudioDevice initialized.
[2015.10.14-10.04.42:417][162]LogBlueprint:Warning: [compiler LeapBasicRiggedCharacter] 警告 インプットアクション イベントは  インプットアクション Jump  に不明なアクション 'Jump'' を参照しています
[2015.10.14-10.04.42:417][162]LogBlueprint:Warning: [compiler LeapBasicRiggedCharacter] 警告 インプット軸イベントは  インプットAxis LookUpRate  に不明な軸 'LookUpRate' を参照しています
[2015.10.14-10.04.42:417][162]LogBlueprint:Warning: [compiler LeapBasicRiggedCharacter] 警告 インプット軸イベントは  インプットAxis TurnRate  に不明な軸 'TurnRate' を参照しています
[2015.10.14-10.04.42:417][162]LogBlueprint:Warning: [compiler LeapBasicRiggedCharacter] 警告 インプット軸イベントは  インプットAxis Turn  に不明な軸 'Turn' を参照しています
[2015.10.14-10.04.42:418][162]LogBlueprint:Warning: [compiler LeapBasicRiggedCharacter] 警告 インプット軸イベントは  インプットAxis LookUp  に不明な軸 'LookUp' を参照しています
[2015.10.14-10.04.42:418][162]LogBlueprint:Warning: [compiler LeapBasicRiggedCharacter] 警告 インプット軸イベントは  インプットAxis MoveRight  に不明な軸 'MoveRight' を参照しています
[2015.10.14-10.04.42:418][162]LogBlueprint:Warning: [compiler LeapBasicRiggedCharacter] 警告 インプット軸イベントは  インプットAxis MoveForward  に不明な軸 'MoveForward' を参照しています
[2015.10.14-10.04.42:422][162]LogBlueprint:Warning: [compiler LeapBasicRiggedCharacter] 警告 [0091.42] LeapBasicRiggedCharacter のコンパイルに成功しましたが、7 個の警告が出ました [ 24 ミリ秒]
[2015.10.14-10.04.42:422][162]LogBlueprint:Warning: [compiler LeapBasicRiggedCharacter] 警告 [0091.42] LeapBasicRiggedCharacter のコンパイルに成功しましたが、8 個の警告が出ました [ 0 ミリ秒]
[2015.10.14-10.04.42:422][162]LogBlueprint:Warning: [compiler LeapBasicRiggedCharacter] 警告 [0091.42] LeapBasicRiggedCharacter のコンパイルに成功しましたが、9 個の警告が出ました [ 0 ミリ秒]
[2015.10.14-10.04.42:453][162]LogBlueprint:Warning: [compiler LeapBasicRiggedCharacter] 警告 インプットアクション イベントは  インプットアクション Jump  に不明なアクション 'Jump'' を参照しています
[2015.10.14-10.04.42:453][162]LogBlueprint:Warning: [compiler LeapBasicRiggedCharacter] 警告 インプット軸イベントは  インプットAxis LookUpRate  に不明な軸 'LookUpRate' を参照しています
[2015.10.14-10.04.42:453][162]LogBlueprint:Warning: [compiler LeapBasicRiggedCharacter] 警告 インプット軸イベントは  インプットAxis TurnRate  に不明な軸 'TurnRate' を参照しています
[2015.10.14-10.04.42:454][162]LogBlueprint:Warning: [compiler LeapBasicRiggedCharacter] 警告 インプット軸イベントは  インプットAxis Turn  に不明な軸 'Turn' を参照しています
[2015.10.14-10.04.42:454][162]LogBlueprint:Warning: [compiler LeapBasicRiggedCharacter] 警告 インプット軸イベントは  インプットAxis LookUp  に不明な軸 'LookUp' を参照しています
[2015.10.14-10.04.42:454][162]LogBlueprint:Warning: [compiler LeapBasicRiggedCharacter] 警告 インプット軸イベントは  インプットAxis MoveRight  に不明な軸 'MoveRight' を参照しています
[2015.10.14-10.04.42:455][162]LogBlueprint:Warning: [compiler LeapBasicRiggedCharacter] 警告 インプット軸イベントは  インプットAxis MoveForward  に不明な軸 'MoveForward' を参照しています
[2015.10.14-10.04.42:459][162]LogBlueprint:Warning: [compiler LeapBasicRiggedCharacter] 警告 [0091.46] LeapBasicRiggedCharacter のコンパイルに成功しましたが、7 個の警告が出ました [ 24 ミリ秒]
[2015.10.14-10.04.42:459][162]LogBlueprint:Warning: [compiler LeapBasicRiggedCharacter] 警告 [0091.46] LeapBasicRiggedCharacter のコンパイルに成功しましたが、8 個の警告が出ました [ 0 ミリ秒]
[2015.10.14-10.04.44:397][162]LogWorld: Game class is 'NewBlueprint_C'
[2015.10.14-10.04.44:397][162]LeapPluginLog: InterfaceObject: NewBlueprint_C_0
[2015.10.14-10.04.44:455][162]LogWorld: Bringing World /Game/StarterContent/Maps/UEDPIE_0_Minimal_Default.Minimal_Default up for play (max tick rate 0) at 2015.10.14-19.04.44
[2015.10.14-10.04.44:455][162]LogActor:Warning: GameSession /Game/StarterContent/Maps/UEDPIE_0_Minimal_Default.Minimal_Default:PersistentLevel.GameSession_0 has natively added scene component(s), but none of them were set as the actor's RootComponent - picking one arbitrarily
[2015.10.14-10.04.44:482][162]LogActor:Warning: GameNetworkManager /Game/StarterContent/Maps/UEDPIE_0_Minimal_Default.Minimal_Default:PersistentLevel.GameNetworkManager_0 has natively added scene component(s), but none of them were set as the actor's RootComponent - picking one arbitrarily
[2015.10.14-10.04.44:483][162]LogWorld: Bringing up level for play took: 0.029921
[2015.10.14-10.04.44:721][162]LeapPluginLog: InterfaceObject: LeapAnimBodyConnector_C_0
[2015.10.14-10.04.44:721][162]LeapPluginLog:Warning: Warning! More than one (2) Leap Controller Component detected! Duplication of work and output may result (inefficiency warning).
[2015.10.14-10.04.44:774][162]PIE: 情報 /Game/StarterContent/Maps/UEDPIE_0_Minimal_Default 4.136のプレイ イン エディタの開始時間
[2015.10.14-10.04.45:191][163]LogBlueprintUserMessages: 0.4
[2015.10.14-10.04.45:206][164]LogBlueprintUserMessages: 0.105988
[2015.10.14-10.04.45:249][165]LogBlueprintUserMessages: 0.043317
[2015.10.14-10.04.45:282][166]LogBlueprintUserMessages: 0.032528
[2015.10.14-10.04.45:372][167]LogBlueprintUserMessages: 0.090342
[2015.10.14-10.04.45:464][169]LogBlueprintUserMessages: 0.071089
[2015.10.14-10.04.45:548][171]LogBlueprintUserMessages: 0.069802
[2015.10.14-10.04.45:624][173]LogBlueprintUserMessages: 0.058621
[2015.10.14-10.04.45:706][176]LogBlueprintUserMessages: 0.040704
[2015.10.14-10.04.45:793][178]LogBlueprintUserMessages: 0.065375
[2015.10.14-10.04.45:872][180]LogBlueprintUserMessages: 0.060351
[2015.10.14-10.04.45:972][183]LogBlueprintUserMessages: 0.059194
[2015.10.14-10.04.46:072][186]LogBlueprintUserMessages: 0.058181
[2015.10.14-10.04.46:172][189]LogBlueprintUserMessages: 0.058347
[2015.10.14-10.04.46:272][192]LogBlueprintUserMessages: 0.061031
[2015.10.14-10.04.46:372][195]LogBlueprintUserMessages: 0.060445
[2015.10.14-10.04.46:472][198]LogBlueprintUserMessages: 0.061204
[2015.10.14-10.04.46:572][201]LogBlueprintUserMessages: 0.059193
[2015.10.14-10.04.46:672][204]LogBlueprintUserMessages: 0.060339
[2015.10.14-10.04.46:772][207]LogBlueprintUserMessages: 0.06155
[2015.10.14-10.04.46:873][210]LogBlueprintUserMessages: 0.061402
[2015.10.14-10.04.46:972][213]LogBlueprintUserMessages: 0.060932
[2015.10.14-10.04.47:072][216]LogBlueprintUserMessages: 0.061296
[2015.10.14-10.04.47:172][219]LogBlueprintUserMessages: 0.060748
[2015.10.14-10.04.47:272][222]LogBlueprintUserMessages: 0.059148
[2015.10.14-10.04.47:372][225]LogBlueprintUserMessages: 0.062071
[2015.10.14-10.04.47:472][228]LogBlueprintUserMessages: 0.06389
[2015.10.14-10.04.47:572][231]LogBlueprintUserMessages: 0.063775
[2015.10.14-10.04.47:672][234]LogBlueprintUserMessages: 0.061193
[2015.10.14-10.04.47:772][237]LogBlueprintUserMessages: 0.06399
[2015.10.14-10.04.47:872][240]LogBlueprintUserMessages: 0.063602
[2015.10.14-10.04.47:972][243]LogBlueprintUserMessages: 0.063746
[2015.10.14-10.04.48:072][246]LogBlueprintUserMessages: 0.064202
[2015.10.14-10.04.48:172][249]LogBlueprintUserMessages: 0.063372
[2015.10.14-10.04.48:273][252]LogBlueprintUserMessages: 0.063874
[2015.10.14-10.04.48:372][255]LogBlueprintUserMessages: 0.063469
[2015.10.14-10.04.48:472][258]LogBlueprintUserMessages: 0.063503
[2015.10.14-10.04.48:573][261]LogBlueprintUserMessages: 0.063761
[2015.10.14-10.04.48:673][264]LogBlueprintUserMessages: 0.062826
[2015.10.14-10.04.48:773][267]LogBlueprintUserMessages: 0.063445
[2015.10.14-10.04.48:873][270]LogBlueprintUserMessages: 0.06282
[2015.10.14-10.04.48:972][273]LogBlueprintUserMessages: 0.063338
[2015.10.14-10.04.49:072][276]LogBlueprintUserMessages: 0.063745
[2015.10.14-10.04.49:173][279]LogBlueprintUserMessages: 0.063561
[2015.10.14-10.04.49:273][282]LogBlueprintUserMessages: 0.063901
[2015.10.14-10.04.49:373][285]LogBlueprintUserMessages: 0.063588
[2015.10.14-10.04.49:473][288]LogBlueprintUserMessages: 0.063899
[2015.10.14-10.04.49:573][291]LogBlueprintUserMessages: 0.063934
[2015.10.14-10.04.49:672][294]LogBlueprintUserMessages: 0.063226
[2015.10.14-10.04.49:756][297]LogBlueprintUserMessages: 0.047953
[2015.10.14-10.04.49:873][301]LogBlueprintUserMessages: 0.058474
[2015.10.14-10.04.49:973][304]LogBlueprintUserMessages: 0.064161
[2015.10.14-10.04.50:073][307]LogBlueprintUserMessages: 0.062716
[2015.10.14-10.04.50:173][310]LogBlueprintUserMessages: 0.06416
[2015.10.14-10.04.50:273][313]LogBlueprintUserMessages: 0.06286
[2015.10.14-10.04.50:373][316]LogBlueprintUserMessages: 0.063576
[2015.10.14-10.04.50:473][319]LogBlueprintUserMessages: 0.063586
[2015.10.14-10.04.50:575][322]LogBlueprintUserMessages: 0.06396
[2015.10.14-10.04.50:647][324]LogBlueprintUserMessages: 0.052611
[2015.10.14-10.04.50:760][329]LogBlueprintUserMessages: 0.040314
[2015.10.14-10.04.50:858][332]LogBlueprintUserMessages: 0.056912
[2015.10.14-10.04.50:974][335]LogBlueprintUserMessages: 0.077055
[2015.10.14-10.04.51:056][337]LogBlueprintUserMessages: 0.06961
[2015.10.14-10.04.51:156][340]LogBlueprintUserMessages: 0.067078
[2015.10.14-10.04.51:256][343]LogBlueprintUserMessages: 0.068812
[2015.10.14-10.04.51:356][346]LogBlueprintUserMessages: 0.070066
[2015.10.14-10.04.51:454][346]LeapPluginLog: LeapController::CleanupEventData Delete Called
[2015.10.14-10.04.51:455][346]LeapPluginLog: LeapController::CleanupEventData Delete Called
[2015.10.14-10.04.51:643][346]LogParticles: Destroying 0 GPU particle simulations for FXSystem 0x0000000028DDD4E0
[2015.10.14-10.04.51:693][346]LeapPluginLog: LeapController::CleanupEventData Delete Called
[2015.10.14-10.04.51:707][346]LeapPluginLog: LeapController::CleanupEventData Delete Called
[2015.10.14-10.04.51:745][346]LeapPluginLog: LeapController::CleanupEventData Delete Called
[2015.10.14-10.04.51:758][346]LeapPluginLog: LeapController::CleanupEventData Delete Called
[2015.10.14-10.05.19:598][177]LogPlayLevel: PIE:  No blueprints needed recompiling
[2015.10.14-10.05.19:598][177]PIE: New page: PIEセッション: Minimal_Default (2015/10/15 4:05:19)
[2015.10.14-10.05.19:598][177]LogPlayLevel: Creating play world package: /Game/StarterContent/Maps/UEDPIE_0_Minimal_Default
[2015.10.14-10.05.19:604][177]LogPlayLevel: PIE: StaticDuplicateObject took: (0.005314s)
[2015.10.14-10.05.19:604][177]LogAIModule: Creating AISystem for world Minimal_Default
[2015.10.14-10.05.19:605][177]LogPlayLevel: PIE: World Init took: (0.001316s)
[2015.10.14-10.05.19:605][177]LogPlayLevel: PIE: Created PIE world by copying editor world from /Game/StarterContent/Maps/Minimal_Default.Minimal_Default to /Game/StarterContent/Maps/UEDPIE_0_Minimal_Default.Minimal_Default (0.006856s)
[2015.10.14-10.05.19:626][177]LogInit: XAudio2 using 'スピーカー (Realtek High Definition Audio)' : 2 channels at 48 kHz using 32 bits per sample (channel mask 0x3)
[2015.10.14-10.05.19:634][177]LogInit: FAudioDevice initialized.
[2015.10.14-10.05.19:663][177]LogWorld: Game class is 'NewBlueprint_C'
[2015.10.14-10.05.19:663][177]LeapPluginLog: InterfaceObject: NewBlueprint_C_1
[2015.10.14-10.05.19:667][177]LogWorld: Bringing World /Game/StarterContent/Maps/UEDPIE_0_Minimal_Default.Minimal_Default up for play (max tick rate 0) at 2015.10.14-19.05.19
[2015.10.14-10.05.19:667][177]LogActor:Warning: GameSession /Game/StarterContent/Maps/UEDPIE_0_Minimal_Default.Minimal_Default:PersistentLevel.GameSession_1 has natively added scene component(s), but none of them were set as the actor's RootComponent - picking one arbitrarily
[2015.10.14-10.05.19:667][177]LogActor:Warning: GameNetworkManager /Game/StarterContent/Maps/UEDPIE_0_Minimal_Default.Minimal_Default:PersistentLevel.GameNetworkManager_1 has natively added scene component(s), but none of them were set as the actor's RootComponent - picking one arbitrarily
[2015.10.14-10.05.19:667][177]LogWorld: Bringing up level for play took: 0.002240
[2015.10.14-10.05.19:670][177]LeapPluginLog: InterfaceObject: LeapAnimBodyConnector_C_1
[2015.10.14-10.05.19:670][177]LeapPluginLog:Warning: Warning! More than one (2) Leap Controller Component detected! Duplication of work and output may result (inefficiency warning).
[2015.10.14-10.05.19:672][177]PIE: 情報 /Game/StarterContent/Maps/UEDPIE_0_Minimal_Default 1.034のプレイ イン エディタの開始時間
[2015.10.14-10.05.19:767][178]LogBlueprintUserMessages: 0.186105
[2015.10.14-10.05.19:866][181]LogBlueprintUserMessages: 0.068491
[2015.10.14-10.05.19:985][185]LogBlueprintUserMessages: 0.066028
[2015.10.14-10.05.20:083][188]LogBlueprintUserMessages: 0.054961
[2015.10.14-10.05.20:184][191]LogBlueprintUserMessages: 0.061347
[2015.10.14-10.05.20:250][193]LogBlueprintUserMessages: 0.046043
[2015.10.14-10.05.20:370][197]LogBlueprintUserMessages: 0.057486
[2015.10.14-10.05.20:466][200]LogBlueprintUserMessages: 0.059319
[2015.10.14-10.05.20:567][203]LogBlueprintUserMessages: 0.060496
[2015.10.14-10.05.20:683][207]LogBlueprintUserMessages: 0.054907
[2015.10.14-10.05.20:783][210]LogBlueprintUserMessages: 0.057683
[2015.10.14-10.05.20:883][213]LogBlueprintUserMessages: 0.059917
[2015.10.14-10.05.20:983][216]LogBlueprintUserMessages: 0.062553
[2015.10.14-10.05.21:083][219]LogBlueprintUserMessages: 0.060244
[2015.10.14-10.05.21:183][222]LogBlueprintUserMessages: 0.057019
[2015.10.14-10.05.21:221][223]LogBlueprintUserMessages: 0.038039
[2015.10.14-10.05.21:366][228]LogBlueprintUserMessages: 0.056725
[2015.10.14-10.05.21:467][231]LogBlueprintUserMessages: 0.060226
[2015.10.14-10.05.21:568][235]LogBlueprintUserMessages: 0.039626
[2015.10.14-10.05.21:667][238]LogBlueprintUserMessages: 0.054646
[2015.10.14-10.05.21:767][241]LogBlueprintUserMessages: 0.061552
[2015.10.14-10.05.21:867][244]LogBlueprintUserMessages: 0.061421
[2015.10.14-10.05.21:967][247]LogBlueprintUserMessages: 0.061143
[2015.10.14-10.05.22:067][250]LogBlueprintUserMessages: 0.058573
[2015.10.14-10.05.22:166][253]LogBlueprintUserMessages: 0.057568
[2015.10.14-10.05.22:267][256]LogBlueprintUserMessages: 0.059911
[2015.10.14-10.05.22:384][260]LogBlueprintUserMessages: 0.05738
[2015.10.14-10.05.22:455][263]LogBlueprintUserMessages: 0.0319
[2015.10.14-10.05.22:551][266]LogBlueprintUserMessages: 0.051552
[2015.10.14-10.05.22:667][270]LogBlueprintUserMessages: 0.05566
[2015.10.14-10.05.22:767][273]LogBlueprintUserMessages: 0.061148
[2015.10.14-10.05.22:867][276]LogBlueprintUserMessages: 0.064079
[2015.10.14-10.05.22:968][279]LogBlueprintUserMessages: 0.063111
[2015.10.14-10.05.23:068][282]LogBlueprintUserMessages: 0.06443
[2015.10.14-10.05.23:168][285]LogBlueprintUserMessages: 0.062317
[2015.10.14-10.05.23:268][288]LogBlueprintUserMessages: 0.063401
[2015.10.14-10.05.23:367][290]LogBlueprintUserMessages: 0.078439
[2015.10.14-10.05.23:467][293]LogBlueprintUserMessages: 0.067324
[2015.10.14-10.05.23:611][299]LeapPluginLog: LeapController::CleanupEventData Delete Called
[2015.10.14-10.05.23:611][299]LeapPluginLog: LeapController::CleanupEventData Delete Called
[2015.10.14-10.05.23:728][299]LogParticles: Destroying 0 GPU particle simulations for FXSystem 0x000000002F2628E0
[2015.10.14-10.05.26:583][358]LogD3D11RHI: InitD3DDevice
[2015.10.14-10.05.26:674][358]LogD3D11RHI: InitD3DDevice
[2015.10.14-10.05.26:853][358]LogLinker:Warning: Asset '../../../Engine/Content/ArtTools/RenderToTexture/Macros/RenderToTextureMacros.uasset' has been saved with empty engine version. The asset will be loaded but may be incompatible.
[2015.10.14-10.05.26:959][358]LogLinker:Warning: Asset '../../../Engine/Content/ArtTools/RenderToTexture/Enums/RenderToTexture_Enum.uasset' has been saved with empty engine version. The asset will be loaded but may be incompatible.
[2015.10.14-10.05.28:466][358]LeapPluginLog: InterfaceObject: NewBlueprint_C_0
[2015.10.14-10.05.28:466][358]LogActor:Warning: GameNetworkManager /Engine/Transient.World_2:PersistentLevel.GameNetworkManager_2 has natively added scene component(s), but none of them were set as the actor's RootComponent - picking one arbitrarily
[2015.10.14-10.06.51:448][ 98]LeapPluginLog: LeapController::CleanupEventData Delete Called
[2015.10.14-10.06.58:292][248]LogPlayLevel: PIE:  No blueprints needed recompiling
[2015.10.14-10.06.58:292][248]PIE: New page: PIEセッション: Minimal_Default (2015/10/15 4:06:58)
[2015.10.14-10.06.58:292][248]LogPlayLevel: Creating play world package: /Game/StarterContent/Maps/UEDPIE_0_Minimal_Default
[2015.10.14-10.06.58:297][248]LogPlayLevel: PIE: StaticDuplicateObject took: (0.004681s)
[2015.10.14-10.06.58:298][248]LogAIModule: Creating AISystem for world Minimal_Default
[2015.10.14-10.06.58:298][248]LogPlayLevel: PIE: World Init took: (0.001507s)
[2015.10.14-10.06.58:299][248]LogPlayLevel: PIE: Created PIE world by copying editor world from /Game/StarterContent/Maps/Minimal_Default.Minimal_Default to /Game/StarterContent/Maps/UEDPIE_0_Minimal_Default.Minimal_Default (0.006380s)
[2015.10.14-10.06.58:329][248]LogParticles: Destroying 0 GPU particle simulations for FXSystem 0x0000000032CEB9C0
[2015.10.14-10.06.58:347][248]LeapPluginLog: LeapController::CleanupEventData Delete Called
[2015.10.14-10.06.58:360][248]LeapPluginLog: LeapController::CleanupEventData Delete Called
[2015.10.14-10.06.58:385][248]LogInit: XAudio2 using 'スピーカー (Realtek High Definition Audio)' : 2 channels at 48 kHz using 32 bits per sample (channel mask 0x3)
[2015.10.14-10.06.58:392][248]LogInit: FAudioDevice initialized.
[2015.10.14-10.06.58:427][248]LogWorld: Game class is 'NewBlueprint_C'
[2015.10.14-10.06.58:427][248]LeapPluginLog: InterfaceObject: NewBlueprint_C_2
[2015.10.14-10.06.58:431][248]LogWorld: Bringing World /Game/StarterContent/Maps/UEDPIE_0_Minimal_Default.Minimal_Default up for play (max tick rate 0) at 2015.10.14-19.06.58
[2015.10.14-10.06.58:431][248]LogActor:Warning: GameSession /Game/StarterContent/Maps/UEDPIE_0_Minimal_Default.Minimal_Default:PersistentLevel.GameSession_2 has natively added scene component(s), but none of them were set as the actor's RootComponent - picking one arbitrarily
[2015.10.14-10.06.58:432][248]LogActor:Warning: GameNetworkManager /Game/StarterContent/Maps/UEDPIE_0_Minimal_Default.Minimal_Default:PersistentLevel.GameNetworkManager_3 has natively added scene component(s), but none of them were set as the actor's RootComponent - picking one arbitrarily
[2015.10.14-10.06.58:432][248]LogWorld: Bringing up level for play took: 0.003570
[2015.10.14-10.06.58:437][248]LeapPluginLog: InterfaceObject: LeapAnimBodyConnector_C_2
[2015.10.14-10.06.58:437][248]LeapPluginLog:Warning: Warning! More than one (2) Leap Controller Component detected! Duplication of work and output may result (inefficiency warning).
[2015.10.14-10.06.58:439][248]PIE: 情報 /Game/StarterContent/Maps/UEDPIE_0_Minimal_Default -0.199のプレイ イン エディタの開始時間
[2015.10.14-10.06.58:439][248]LogBlueprintUserMessages: 0.070889
[2015.10.14-10.06.58:635][249]LogBlueprintUserMessages: 0.369078
[2015.10.14-10.06.58:746][253]LogBlueprintUserMessages: 0.057917
[2015.10.14-10.06.58:813][255]LogBlueprintUserMessages: 0.049128
[2015.10.14-10.06.58:896][257]LogBlueprintUserMessages: 0.05415
[2015.10.14-10.06.58:996][260]LogBlueprintUserMessages: 0.063279
[2015.10.14-10.06.59:096][263]LogBlueprintUserMessages: 0.061935
[2015.10.14-10.06.59:196][266]LogBlueprintUserMessages: 0.061783
[2015.10.14-10.06.59:263][268]LogBlueprintUserMessages: 0.049988
[2015.10.14-10.06.59:382][272]LogBlueprintUserMessages: 0.055419
[2015.10.14-10.06.59:480][275]LogBlueprintUserMessages: 0.051365
[2015.10.14-10.06.59:598][279]LogBlueprintUserMessages: 0.055345
[2015.10.14-10.06.59:697][282]LogBlueprintUserMessages: 0.060324
[2015.10.14-10.06.59:797][285]LogBlueprintUserMessages: 0.062904
[2015.10.14-10.06.59:897][288]LogBlueprintUserMessages: 0.063702
[2015.10.14-10.06.59:964][290]LogBlueprintUserMessages: 0.049367
[2015.10.14-10.07.00:064][293]LogBlueprintUserMessages: 0.063536
[2015.10.14-10.07.00:164][296]LogBlueprintUserMessages: 0.063078
[2015.10.14-10.07.00:264][299]LogBlueprintUserMessages: 0.0634
[2015.10.14-10.07.00:364][302]LogBlueprintUserMessages: 0.062684
[2015.10.14-10.07.00:464][305]LogBlueprintUserMessages: 0.063105
[2015.10.14-10.07.00:564][308]LogBlueprintUserMessages: 0.063132
[2015.10.14-10.07.00:664][311]LogBlueprintUserMessages: 0.063306
[2015.10.14-10.07.00:764][314]LogBlueprintUserMessages: 0.063404
[2015.10.14-10.07.00:864][317]LogBlueprintUserMessages: 0.063798
[2015.10.14-10.07.00:965][320]LogBlueprintUserMessages: 0.063969
[2015.10.14-10.07.01:064][323]LogBlueprintUserMessages: 0.059528
[2015.10.14-10.07.01:164][326]LogBlueprintUserMessages: 0.063585
[2015.10.14-10.07.01:264][329]LogBlueprintUserMessages: 0.062524
[2015.10.14-10.07.01:364][332]LogBlueprintUserMessages: 0.063214
[2015.10.14-10.07.01:464][335]LogBlueprintUserMessages: 0.063455
[2015.10.14-10.07.01:564][338]LogBlueprintUserMessages: 0.063483
[2015.10.14-10.07.01:664][341]LogBlueprintUserMessages: 0.063245
[2015.10.14-10.07.01:764][344]LogBlueprintUserMessages: 0.062749
[2015.10.14-10.07.01:865][347]LogBlueprintUserMessages: 0.064553
[2015.10.14-10.07.01:964][350]LogBlueprintUserMessages: 0.062261
[2015.10.14-10.07.02:064][353]LogBlueprintUserMessages: 0.062896
[2015.10.14-10.07.02:163][356]LogBlueprintUserMessages: 0.062602
[2015.10.14-10.07.02:264][359]LogBlueprintUserMessages: 0.063838
[2015.10.14-10.07.02:364][362]LogBlueprintUserMessages: 0.063048
[2015.10.14-10.07.02:464][365]LogBlueprintUserMessages: 0.063976
[2015.10.14-10.07.02:564][368]LogBlueprintUserMessages: 0.06284
[2015.10.14-10.07.02:664][371]LogBlueprintUserMessages: 0.061518
[2015.10.14-10.07.02:764][374]LogBlueprintUserMessages: 0.063401
[2015.10.14-10.07.02:864][377]LogBlueprintUserMessages: 0.063928
[2015.10.14-10.07.02:964][380]LogBlueprintUserMessages: 0.064079
[2015.10.14-10.07.03:064][383]LogBlueprintUserMessages: 0.063595
[2015.10.14-10.07.03:165][386]LogBlueprintUserMessages: 0.064057
[2015.10.14-10.07.03:265][389]LogBlueprintUserMessages: 0.06439
[2015.10.14-10.07.03:365][392]LogBlueprintUserMessages: 0.062908
[2015.10.14-10.07.03:465][395]LogBlueprintUserMessages: 0.063471
[2015.10.14-10.07.03:566][398]LogBlueprintUserMessages: 0.062954
[2015.10.14-10.07.03:665][401]LogBlueprintUserMessages: 0.062866
[2015.10.14-10.07.03:766][404]LogBlueprintUserMessages: 0.063766
[2015.10.14-10.07.03:866][407]LogBlueprintUserMessages: 0.064311
[2015.10.14-10.07.03:967][410]LogBlueprintUserMessages: 0.064492
[2015.10.14-10.07.04:066][413]LogBlueprintUserMessages: 0.063397
[2015.10.14-10.07.04:166][416]LogBlueprintUserMessages: 0.06186
[2015.10.14-10.07.04:266][419]LogBlueprintUserMessages: 0.062527
[2015.10.14-10.07.04:365][422]LogBlueprintUserMessages: 0.06377
[2015.10.14-10.07.04:465][425]LogBlueprintUserMessages: 0.06336
[2015.10.14-10.07.04:565][428]LogBlueprintUserMessages: 0.062502
[2015.10.14-10.07.04:667][431]LogBlueprintUserMessages: 0.060929
[2015.10.14-10.07.04:767][434]LogBlueprintUserMessages: 0.059641
[2015.10.14-10.07.04:867][437]LogBlueprintUserMessages: 0.063457
[2015.10.14-10.07.04:966][440]LogBlueprintUserMessages: 0.05882
[2015.10.14-10.07.05:065][443]LogBlueprintUserMessages: 0.062891
[2015.10.14-10.07.05:166][446]LogBlueprintUserMessages: 0.063097
[2015.10.14-10.07.05:266][449]LogBlueprintUserMessages: 0.063591
[2015.10.14-10.07.05:365][452]LogBlueprintUserMessages: 0.062118
[2015.10.14-10.07.05:465][455]LogBlueprintUserMessages: 0.063761
[2015.10.14-10.07.05:566][458]LogBlueprintUserMessages: 0.063494
[2015.10.14-10.07.05:665][461]LogBlueprintUserMessages: 0.059362
[2015.10.14-10.07.05:766][464]LogBlueprintUserMessages: 0.064292
[2015.10.14-10.07.05:882][468]LogBlueprintUserMessages: 0.059022
[2015.10.14-10.07.05:982][471]LogBlueprintUserMessages: 0.064401
[2015.10.14-10.07.06:083][474]LogBlueprintUserMessages: 0.063757
[2015.10.14-10.07.06:183][477]LogBlueprintUserMessages: 0.064296
[2015.10.14-10.07.06:282][480]LogBlueprintUserMessages: 0.062988
[2015.10.14-10.07.06:382][483]LogBlueprintUserMessages: 0.064011
[2015.10.14-10.07.06:483][486]LogBlueprintUserMessages: 0.063387
[2015.10.14-10.07.06:583][489]LogBlueprintUserMessages: 0.064566
[2015.10.14-10.07.06:654][492]LogBlueprintUserMessages: 0.031818
[2015.10.14-10.07.06:766][496]LogBlueprintUserMessages: 0.047629
[2015.10.14-10.07.06:866][499]LogBlueprintUserMessages: 0.063195
[2015.10.14-10.07.06:967][502]LogBlueprintUserMessages: 0.06423
[2015.10.14-10.07.07:068][505]LogBlueprintUserMessages: 0.063575
[2015.10.14-10.07.07:166][508]LogBlueprintUserMessages: 0.060564
[2015.10.14-10.07.07:266][511]LogBlueprintUserMessages: 0.063155
[2015.10.14-10.07.07:366][514]LogBlueprintUserMessages: 0.061956
[2015.10.14-10.07.07:468][517]LogBlueprintUserMessages: 0.064388
[2015.10.14-10.07.07:566][520]LogBlueprintUserMessages: 0.06099
[2015.10.14-10.07.07:666][523]LogBlueprintUserMessages: 0.061972
[2015.10.14-10.07.07:768][526]LogBlueprintUserMessages: 0.064756
[2015.10.14-10.07.07:867][529]LogBlueprintUserMessages: 0.061945
[2015.10.14-10.07.07:966][532]LogBlueprintUserMessages: 0.062772
[2015.10.14-10.07.08:066][535]LogBlueprintUserMessages: 0.063779
[2015.10.14-10.07.08:166][538]LogBlueprintUserMessages: 0.064197
[2015.10.14-10.07.08:267][541]LogBlueprintUserMessages: 0.063706
[2015.10.14-10.07.08:367][544]LogBlueprintUserMessages: 0.063993
[2015.10.14-10.07.08:467][547]LogBlueprintUserMessages: 0.061769
[2015.10.14-10.07.08:567][550]LogBlueprintUserMessages: 0.060872
[2015.10.14-10.07.08:666][553]LogBlueprintUserMessages: 0.05282
[2015.10.14-10.07.08:767][556]LogBlueprintUserMessages: 0.060701
[2015.10.14-10.07.08:870][559]LogBlueprintUserMessages: 0.058558
[2015.10.14-10.07.08:966][562]LogBlueprintUserMessages: 0.056211
[2015.10.14-10.07.09:067][565]LogBlueprintUserMessages: 0.057424
[2015.10.14-10.07.09:168][569]LogBlueprintUserMessages: 0.039022
[2015.10.14-10.07.09:267][572]LogBlueprintUserMessages: 0.055426
[2015.10.14-10.07.09:366][575]LogBlueprintUserMessages: 0.060749
[2015.10.14-10.07.09:468][578]LogBlueprintUserMessages: 0.064985
[2015.10.14-10.07.09:567][581]LogBlueprintUserMessages: 0.059727
[2015.10.14-10.07.09:667][584]LogBlueprintUserMessages: 0.057363
[2015.10.14-10.07.09:715][586]LogBlueprintUserMessages: 0.03081
[2015.10.14-10.07.09:767][587]LogBlueprintUserMessages: 0.052108
[2015.10.14-10.07.09:867][590]LogBlueprintUserMessages: 0.060887
[2015.10.14-10.07.09:967][593]LogBlueprintUserMessages: 0.063638
[2015.10.14-10.07.10:050][596]LogBlueprintUserMessages: 0.047141
[2015.10.14-10.07.10:167][600]LogBlueprintUserMessages: 0.059135
[2015.10.14-10.07.10:267][603]LogBlueprintUserMessages: 0.063272
[2015.10.14-10.07.10:367][606]LogBlueprintUserMessages: 0.063438
[2015.10.14-10.07.10:467][609]LogBlueprintUserMessages: 0.062896
[2015.10.14-10.07.10:568][612]LogBlueprintUserMessages: 0.064582
[2015.10.14-10.07.10:667][615]LogBlueprintUserMessages: 0.062447
[2015.10.14-10.07.10:767][618]LogBlueprintUserMessages: 0.063161
[2015.10.14-10.07.10:867][621]LogBlueprintUserMessages: 0.063609
[2015.10.14-10.07.10:967][624]LogBlueprintUserMessages: 0.063513
[2015.10.14-10.07.11:069][627]LogBlueprintUserMessages: 0.065544
[2015.10.14-10.07.11:169][630]LogBlueprintUserMessages: 0.063455
[2015.10.14-10.07.11:268][633]LogBlueprintUserMessages: 0.062937
[2015.10.14-10.07.11:367][636]LogBlueprintUserMessages: 0.06286
[2015.10.14-10.07.11:468][639]LogBlueprintUserMessages: 0.064247
[2015.10.14-10.07.11:568][642]LogBlueprintUserMessages: 0.063034
[2015.10.14-10.07.11:667][645]LogBlueprintUserMessages: 0.062698
[2015.10.14-10.07.11:768][648]LogBlueprintUserMessages: 0.061359
[2015.10.14-10.07.11:867][651]LogBlueprintUserMessages: 0.063543
[2015.10.14-10.07.11:967][654]LogBlueprintUserMessages: 0.063062
[2015.10.14-10.07.12:068][657]LogBlueprintUserMessages: 0.062372
[2015.10.14-10.07.12:168][660]LogBlueprintUserMessages: 0.063848
[2015.10.14-10.07.12:267][663]LogBlueprintUserMessages: 0.062366
[2015.10.14-10.07.12:367][666]LogBlueprintUserMessages: 0.061284
[2015.10.14-10.07.12:468][669]LogBlueprintUserMessages: 0.060083
[2015.10.14-10.07.12:568][672]LogBlueprintUserMessages: 0.06075
[2015.10.14-10.07.12:668][675]LogBlueprintUserMessages: 0.063073
[2015.10.14-10.07.12:768][678]LogBlueprintUserMessages: 0.061676
[2015.10.14-10.07.12:868][681]LogBlueprintUserMessages: 0.063056
[2015.10.14-10.07.12:968][683]LogBlueprintUserMessages: 0.082109
[2015.10.14-10.07.13:051][686]LogBlueprintUserMessages: 0.050335
[2015.10.14-10.07.13:167][690]LogBlueprintUserMessages: 0.059031
[2015.10.14-10.07.13:267][693]LogBlueprintUserMessages: 0.063259
[2015.10.14-10.07.13:368][696]LogBlueprintUserMessages: 0.064054
[2015.10.14-10.07.13:469][699]LogBlueprintUserMessages: 0.063506
[2015.10.14-10.07.13:568][701]LogBlueprintUserMessages: 0.077404
[2015.10.14-10.07.13:652][704]LogBlueprintUserMessages: 0.054402
[2015.10.14-10.07.13:768][707]LogBlueprintUserMessages: 0.078791
[2015.10.14-10.07.13:809][709]LeapPluginLog: LeapController::CleanupEventData Delete Called
[2015.10.14-10.07.13:811][709]LeapPluginLog: LeapController::CleanupEventData Delete Called
[2015.10.14-10.07.13:924][709]LogParticles: Destroying 0 GPU particle simulations for FXSystem 0x0000000021ECB880
[2015.10.14-10.07.15:281][745]LogD3D11RHI: InitD3DDevice
[2015.10.14-10.07.15:341][745]LogD3D11RHI: InitD3DDevice
[2015.10.14-10.07.15:583][745]LeapPluginLog: InterfaceObject: NewBlueprint_C_3
[2015.10.14-10.07.15:584][745]LogActor:Warning: GameNetworkManager /Engine/Transient.World_3:PersistentLevel.GameNetworkManager_4 has natively added scene component(s), but none of them were set as the actor's RootComponent - picking one arbitrarily
[2015.10.14-10.07.30:597][ 87]LogPlayLevel: PIE:  No blueprints needed recompiling
[2015.10.14-10.07.30:597][ 87]PIE: New page: PIEセッション: Minimal_Default (2015/10/15 4:07:30)
[2015.10.14-10.07.30:598][ 87]LogPlayLevel: Creating play world package: /Game/StarterContent/Maps/UEDPIE_0_Minimal_Default
[2015.10.14-10.07.30:604][ 87]LogPlayLevel: PIE: StaticDuplicateObject took: (0.006156s)
[2015.10.14-10.07.30:605][ 87]LogAIModule: Creating AISystem for world Minimal_Default
[2015.10.14-10.07.30:605][ 87]LogPlayLevel: PIE: World Init took: (0.001136s)
[2015.10.14-10.07.30:605][ 87]LogPlayLevel: PIE: Created PIE world by copying editor world from /Game/StarterContent/Maps/Minimal_Default.Minimal_Default to /Game/StarterContent/Maps/UEDPIE_0_Minimal_Default.Minimal_Default (0.007490s)
[2015.10.14-10.07.30:645][ 87]LogInit: XAudio2 using 'スピーカー (Realtek High Definition Audio)' : 2 channels at 48 kHz using 32 bits per sample (channel mask 0x3)
[2015.10.14-10.07.30:651][ 87]LogInit: FAudioDevice initialized.
[2015.10.14-10.07.30:680][ 87]LogWorld: Game class is 'NewBlueprint_C'
[2015.10.14-10.07.30:680][ 87]LeapPluginLog: InterfaceObject: NewBlueprint_C_4
[2015.10.14-10.07.30:680][ 87]LeapPluginLog:Warning: Warning! More than one (2) Leap Controller Component detected! Duplication of work and output may result (inefficiency warning).
[2015.10.14-10.07.30:683][ 87]LogWorld: Bringing World /Game/StarterContent/Maps/UEDPIE_0_Minimal_Default.Minimal_Default up for play (max tick rate 0) at 2015.10.14-19.07.30
[2015.10.14-10.07.30:683][ 87]LogActor:Warning: GameSession /Game/StarterContent/Maps/UEDPIE_0_Minimal_Default.Minimal_Default:PersistentLevel.GameSession_3 has natively added scene component(s), but none of them were set as the actor's RootComponent - picking one arbitrarily
[2015.10.14-10.07.30:684][ 87]LogActor:Warning: GameNetworkManager /Game/StarterContent/Maps/UEDPIE_0_Minimal_Default.Minimal_Default:PersistentLevel.GameNetworkManager_5 has natively added scene component(s), but none of them were set as the actor's RootComponent - picking one arbitrarily
[2015.10.14-10.07.30:684][ 87]LogWorld: Bringing up level for play took: 0.002255
[2015.10.14-10.07.30:687][ 87]LeapPluginLog: InterfaceObject: LeapAnimBodyConnector_C_3
[2015.10.14-10.07.30:687][ 87]LeapPluginLog:Warning: Warning! More than one (3) Leap Controller Component detected! Duplication of work and output may result (inefficiency warning).
[2015.10.14-10.07.30:688][ 87]PIE: 情報 /Game/StarterContent/Maps/UEDPIE_0_Minimal_Default 0.051のプレイ イン エディタの開始時間
[2015.10.14-10.07.30:844][ 88]LogBlueprintUserMessages: 0.260895
[2015.10.14-10.07.30:874][ 89]LogBlueprintUserMessages: 0.03186
[2015.10.14-10.07.30:974][ 92]LogBlueprintUserMessages: 0.057771
[2015.10.14-10.07.31:080][ 95]LogBlueprintUserMessages: 0.068895
[2015.10.14-10.07.31:158][ 97]LogBlueprintUserMessages: 0.056003
[2015.10.14-10.07.31:274][101]LogBlueprintUserMessages: 0.052213
[2015.10.14-10.07.31:373][104]LogBlueprintUserMessages: 0.04982
[2015.10.14-10.07.31:424][106]LogBlueprintUserMessages: 0.031386
[2015.10.14-10.07.31:473][107]LogBlueprintUserMessages: 0.04926
[2015.10.14-10.07.31:575][110]LogBlueprintUserMessages: 0.059995
[2015.10.14-10.07.31:673][113]LogBlueprintUserMessages: 0.051199
[2015.10.14-10.07.31:774][116]LogBlueprintUserMessages: 0.052481
[2015.10.14-10.07.31:873][119]LogBlueprintUserMessages: 0.056432
[2015.10.14-10.07.31:974][122]LogBlueprintUserMessages: 0.058787
[2015.10.14-10.07.32:007][123]LogBlueprintUserMessages: 0.033318
[2015.10.14-10.07.32:040][124]LogBlueprintUserMessages: 0.033405
[2015.10.14-10.07.32:157][128]LogBlueprintUserMessages: 0.054317
[2015.10.14-10.07.32:257][131]LogBlueprintUserMessages: 0.055063
[2015.10.14-10.07.32:374][135]LogBlueprintUserMessages: 0.054946
[2015.10.14-10.07.32:474][138]LogBlueprintUserMessages: 0.055789
[2015.10.14-10.07.32:574][141]LogBlueprintUserMessages: 0.049986
[2015.10.14-10.07.32:674][144]LogBlueprintUserMessages: 0.048469
[2015.10.14-10.07.32:774][147]LogBlueprintUserMessages: 0.048421
[2015.10.14-10.07.32:893][151]LogBlueprintUserMessages: 0.058037
[2015.10.14-10.07.32:990][154]LogBlueprintUserMessages: 0.050965
[2015.10.14-10.07.33:057][156]LogBlueprintUserMessages: 0.043209
[2015.10.14-10.07.33:157][159]LogBlueprintUserMessages: 0.050343
[2015.10.14-10.07.33:260][163]LogBlueprintUserMessages: 0.03598
[2015.10.14-10.07.33:357][166]LogBlueprintUserMessages: 0.056666
[2015.10.14-10.07.33:476][170]LogBlueprintUserMessages: 0.057255
[2015.10.14-10.07.33:540][172]LogBlueprintUserMessages: 0.038351
[2015.10.14-10.07.33:657][176]LogBlueprintUserMessages: 0.052019
[2015.10.14-10.07.33:757][179]LogBlueprintUserMessages: 0.050731
[2015.10.14-10.07.33:857][182]LogBlueprintUserMessages: 0.056755
[2015.10.14-10.07.33:975][186]LogBlueprintUserMessages: 0.055346
[2015.10.14-10.07.34:074][189]LogBlueprintUserMessages: 0.049875
[2015.10.14-10.07.34:174][192]LogBlueprintUserMessages: 0.052306
[2015.10.14-10.07.34:274][195]LogBlueprintUserMessages: 0.055596
[2015.10.14-10.07.34:391][199]LogBlueprintUserMessages: 0.054016
[2015.10.14-10.07.34:457][201]LogBlueprintUserMessages: 0.041991
[2015.10.14-10.07.34:575][205]LogBlueprintUserMessages: 0.056364
[2015.10.14-10.07.34:691][209]LogBlueprintUserMessages: 0.051956
[2015.10.14-10.07.34:758][211]LogBlueprintUserMessages: 0.045585
[2015.10.14-10.07.34:859][215]LogBlueprintUserMessages: 0.04016
[2015.10.14-10.07.34:958][218]LogBlueprintUserMessages: 0.056002
[2015.10.14-10.07.35:057][221]LogBlueprintUserMessages: 0.050711
[2015.10.14-10.07.35:175][225]LogBlueprintUserMessages: 0.052695
[2015.10.14-10.07.35:274][228]LogBlueprintUserMessages: 0.057857
[2015.10.14-10.07.35:374][231]LogBlueprintUserMessages: 0.055342
[2015.10.14-10.07.35:474][234]LogBlueprintUserMessages: 0.059036
[2015.10.14-10.07.35:574][237]LogBlueprintUserMessages: 0.055969
[2015.10.14-10.07.35:674][240]LogBlueprintUserMessages: 0.055019
[2015.10.14-10.07.35:774][243]LogBlueprintUserMessages: 0.053403
[2015.10.14-10.07.35:875][246]LogBlueprintUserMessages: 0.054348
[2015.10.14-10.07.35:974][249]LogBlueprintUserMessages: 0.057981
[2015.10.14-10.07.36:074][252]LogBlueprintUserMessages: 0.057776
[2015.10.14-10.07.36:174][255]LogBlueprintUserMessages: 0.054986
[2015.10.14-10.07.36:275][258]LogBlueprintUserMessages: 0.056435
[2015.10.14-10.07.36:374][261]LogBlueprintUserMessages: 0.051781
[2015.10.14-10.07.36:474][264]LogBlueprintUserMessages: 0.052595
[2015.10.14-10.07.36:574][267]LogBlueprintUserMessages: 0.058345
[2015.10.14-10.07.36:675][270]LogBlueprintUserMessages: 0.052107
[2015.10.14-10.07.36:775][273]LogBlueprintUserMessages: 0.059661
[2015.10.14-10.07.36:808][274]LogBlueprintUserMessages: 0.033536
[2015.10.14-10.07.36:841][275]LogBlueprintUserMessages: 0.033175
[2015.10.14-10.07.36:958][279]LogBlueprintUserMessages: 0.051367
[2015.10.14-10.07.37:075][283]LogBlueprintUserMessages: 0.054151
[2015.10.14-10.07.37:175][286]LogBlueprintUserMessages: 0.059837
[2015.10.14-10.07.37:275][289]LogBlueprintUserMessages: 0.051712
[2015.10.14-10.07.37:377][293]LogBlueprintUserMessages: 0.041426
[2015.10.14-10.07.37:475][296]LogBlueprintUserMessages: 0.051677
[2015.10.14-10.07.37:592][300]LogBlueprintUserMessages: 0.053778
[2015.10.14-10.07.37:658][302]LogBlueprintUserMessages: 0.046169
[2015.10.14-10.07.37:775][306]LogBlueprintUserMessages: 0.055729
[2015.10.14-10.07.37:875][309]LogBlueprintUserMessages: 0.060731
[2015.10.14-10.07.37:975][312]LogBlueprintUserMessages: 0.056667
[2015.10.14-10.07.38:075][315]LogBlueprintUserMessages: 0.054357
[2015.10.14-10.07.38:142][317]LogBlueprintUserMessages: 0.038034
[2015.10.14-10.07.38:259][321]LogBlueprintUserMessages: 0.054849
[2015.10.14-10.07.38:358][324]LogBlueprintUserMessages: 0.053791
[2015.10.14-10.07.38:459][327]LogBlueprintUserMessages: 0.052574
[2015.10.14-10.07.38:562][331]LogBlueprintUserMessages: 0.040771
[2015.10.14-10.07.38:614][333]LogBlueprintUserMessages: 0.030163
[2015.10.14-10.07.38:659][334]LogBlueprintUserMessages: 0.045043
[2015.10.14-10.07.38:776][338]LogBlueprintUserMessages: 0.055103
[2015.10.14-10.07.38:960][344]LogBlueprintUserMessages: 0.054
[2015.10.14-10.07.39:060][347]LogBlueprintUserMessages: 0.050551
[2015.10.14-10.07.39:160][350]LogBlueprintUserMessages: 0.056469
[2015.10.14-10.07.39:260][353]LogBlueprintUserMessages: 0.05229
[2015.10.14-10.07.39:377][357]LogBlueprintUserMessages: 0.055456
[2015.10.14-10.07.39:476][360]LogBlueprintUserMessages: 0.052797
[2015.10.14-10.07.39:576][363]LogBlueprintUserMessages: 0.05704
[2015.10.14-10.07.39:677][366]LogBlueprintUserMessages: 0.058359
[2015.10.14-10.07.39:777][369]LogBlueprintUserMessages: 0.05259
[2015.10.14-10.07.39:877][372]LogBlueprintUserMessages: 0.054476
[2015.10.14-10.07.39:977][375]LogBlueprintUserMessages: 0.052913
[2015.10.14-10.07.40:076][378]LogBlueprintUserMessages: 0.058257
[2015.10.14-10.07.40:177][381]LogBlueprintUserMessages: 0.056639
[2015.10.14-10.07.40:276][384]LogBlueprintUserMessages: 0.052382
[2015.10.14-10.07.40:377][387]LogBlueprintUserMessages: 0.058584
[2015.10.14-10.07.40:443][389]LogBlueprintUserMessages: 0.037766
[2015.10.14-10.07.40:560][393]LogBlueprintUserMessages: 0.055858
[2015.10.14-10.07.40:677][397]LogBlueprintUserMessages: 0.05073
[2015.10.14-10.07.40:777][400]LogBlueprintUserMessages: 0.05899
[2015.10.14-10.07.40:876][403]LogBlueprintUserMessages: 0.051928
[2015.10.14-10.07.40:977][406]LogBlueprintUserMessages: 0.054556
[2015.10.14-10.07.41:077][409]LogBlueprintUserMessages: 0.055294
[2015.10.14-10.07.41:177][412]LogBlueprintUserMessages: 0.053823
[2015.10.14-10.07.41:277][415]LogBlueprintUserMessages: 0.052519
[2015.10.14-10.07.41:377][418]LogBlueprintUserMessages: 0.05294
[2015.10.14-10.07.41:444][420]LogBlueprintUserMessages: 0.040404
[2015.10.14-10.07.41:561][424]LogBlueprintUserMessages: 0.055967
[2015.10.14-10.07.41:660][427]LogBlueprintUserMessages: 0.055451
[2015.10.14-10.07.41:777][431]LogBlueprintUserMessages: 0.053192
[2015.10.14-10.07.41:878][434]LogBlueprintUserMessages: 0.057314
[2015.10.14-10.07.41:977][437]LogBlueprintUserMessages: 0.04928
[2015.10.14-10.07.42:077][440]LogBlueprintUserMessages: 0.053749
[2015.10.14-10.07.42:177][443]LogBlueprintUserMessages: 0.050906
[2015.10.14-10.07.42:277][446]LogBlueprintUserMessages: 0.05874
[2015.10.14-10.07.42:377][449]LogBlueprintUserMessages: 0.052432
[2015.10.14-10.07.42:477][452]LogBlueprintUserMessages: 0.052246
[2015.10.14-10.07.42:594][456]LogBlueprintUserMessages: 0.05496
[2015.10.14-10.07.42:694][459]LogBlueprintUserMessages: 0.052229
[2015.10.14-10.07.42:761][461]LogBlueprintUserMessages: 0.046598
[2015.10.14-10.07.42:880][465]LogBlueprintUserMessages: 0.057489
[2015.10.14-10.07.42:977][468]LogBlueprintUserMessages: 0.051766
[2015.10.14-10.07.43:077][471]LogBlueprintUserMessages: 0.059195
[2015.10.14-10.07.43:161][474]LogBlueprintUserMessages: 0.04484
[2015.10.14-10.07.43:261][477]LogBlueprintUserMessages: 0.060289
[2015.10.14-10.07.43:361][481]LogBlueprintUserMessages: 0.040729
[2015.10.14-10.07.43:461][484]LogBlueprintUserMessages: 0.059421
[2015.10.14-10.07.43:561][487]LogBlueprintUserMessages: 0.060107
[2015.10.14-10.07.43:678][491]LogBlueprintUserMessages: 0.056584
[2015.10.14-10.07.43:777][494]LogBlueprintUserMessages: 0.063408
[2015.10.14-10.07.43:878][497]LogBlueprintUserMessages: 0.060647
[2015.10.14-10.07.43:977][500]LogBlueprintUserMessages: 0.063501
[2015.10.14-10.07.44:077][503]LogBlueprintUserMessages: 0.063711
[2015.10.14-10.07.44:177][506]LogBlueprintUserMessages: 0.062765
[2015.10.14-10.07.44:277][509]LogBlueprintUserMessages: 0.061249
[2015.10.14-10.07.44:378][512]LogBlueprintUserMessages: 0.064383
[2015.10.14-10.07.44:478][515]LogBlueprintUserMessages: 0.063532
[2015.10.14-10.07.44:578][518]LogBlueprintUserMessages: 0.063975
[2015.10.14-10.07.44:677][521]LogBlueprintUserMessages: 0.062624
[2015.10.14-10.07.44:778][524]LogBlueprintUserMessages: 0.06086
[2015.10.14-10.07.44:878][527]LogBlueprintUserMessages: 0.061466
[2015.10.14-10.07.44:978][530]LogBlueprintUserMessages: 0.064044
[2015.10.14-10.07.45:078][533]LogBlueprintUserMessages: 0.059994
[2015.10.14-10.07.45:178][536]LogBlueprintUserMessages: 0.063345
[2015.10.14-10.07.45:278][539]LogBlueprintUserMessages: 0.063017
[2015.10.14-10.07.45:378][542]LogBlueprintUserMessages: 0.062597
[2015.10.14-10.07.45:478][545]LogBlueprintUserMessages: 0.061708
[2015.10.14-10.07.45:578][548]LogBlueprintUserMessages: 0.063502
[2015.10.14-10.07.45:678][551]LogBlueprintUserMessages: 0.060061
[2015.10.14-10.07.45:778][554]LogBlueprintUserMessages: 0.062933
[2015.10.14-10.07.45:878][557]LogBlueprintUserMessages: 0.061329
[2015.10.14-10.07.45:978][560]LogBlueprintUserMessages: 0.060762
[2015.10.14-10.07.46:045][562]LogBlueprintUserMessages: 0.040998
[2015.10.14-10.07.46:161][566]LogBlueprintUserMessages: 0.053063
[2015.10.14-10.07.46:262][569]LogBlueprintUserMessages: 0.056589
[2015.10.14-10.07.46:361][572]LogBlueprintUserMessages: 0.055521
[2015.10.14-10.07.46:462][575]LogBlueprintUserMessages: 0.060858
[2015.10.14-10.07.46:562][578]LogBlueprintUserMessages: 0.054943
[2015.10.14-10.07.46:678][582]LogBlueprintUserMessages: 0.051538
[2015.10.14-10.07.46:778][585]LogBlueprintUserMessages: 0.054603
[2015.10.14-10.07.46:811][586]LogBlueprintUserMessages: 0.032517
[2015.10.14-10.07.46:845][587]LogBlueprintUserMessages: 0.034162
[2015.10.14-10.07.46:962][591]LogBlueprintUserMessages: 0.054368
[2015.10.14-10.07.47:061][594]LogBlueprintUserMessages: 0.052565
[2015.10.14-10.07.47:162][597]LogBlueprintUserMessages: 0.055777
[2015.10.14-10.07.47:262][600]LogBlueprintUserMessages: 0.053652
[2015.10.14-10.07.47:362][603]LogBlueprintUserMessages: 0.05716
[2015.10.14-10.07.47:462][606]LogBlueprintUserMessages: 0.053514
[2015.10.14-10.07.47:562][609]LogBlueprintUserMessages: 0.052866
[2015.10.14-10.07.47:661][612]LogBlueprintUserMessages: 0.054037
[2015.10.14-10.07.47:762][615]LogBlueprintUserMessages: 0.05469
[2015.10.14-10.07.47:862][618]LogBlueprintUserMessages: 0.052695
[2015.10.14-10.07.47:962][621]LogBlueprintUserMessages: 0.057541
[2015.10.14-10.07.48:062][624]LogBlueprintUserMessages: 0.060707
[2015.10.14-10.07.48:163][627]LogBlueprintUserMessages: 0.057075
[2015.10.14-10.07.48:262][630]LogBlueprintUserMessages: 0.058146
[2015.10.14-10.07.48:362][633]LogBlueprintUserMessages: 0.052973
[2015.10.14-10.07.48:479][637]LogBlueprintUserMessages: 0.055705
[2015.10.14-10.07.48:579][640]LogBlueprintUserMessages: 0.057979
[2015.10.14-10.07.48:646][642]LogBlueprintUserMessages: 0.038836
[2015.10.14-10.07.48:762][646]LogBlueprintUserMessages: 0.054952
[2015.10.14-10.07.48:881][650]LogBlueprintUserMessages: 0.056247
[2015.10.14-10.07.48:946][652]LogBlueprintUserMessages: 0.04261
[2015.10.14-10.07.49:063][656]LogBlueprintUserMessages: 0.051097
[2015.10.14-10.07.49:162][659]LogBlueprintUserMessages: 0.054845
[2015.10.14-10.07.49:263][662]LogBlueprintUserMessages: 0.053295
[2015.10.14-10.07.49:362][665]LogBlueprintUserMessages: 0.056431
[2015.10.14-10.07.49:462][668]LogBlueprintUserMessages: 0.060447
[2015.10.14-10.07.49:563][671]LogBlueprintUserMessages: 0.052572
[2015.10.14-10.07.49:662][674]LogBlueprintUserMessages: 0.050864
[2015.10.14-10.07.49:780][678]LogBlueprintUserMessages: 0.055871
[2015.10.14-10.07.49:846][680]LogBlueprintUserMessages: 0.042447
[2015.10.14-10.07.49:964][684]LogBlueprintUserMessages: 0.057125
[2015.10.14-10.07.50:062][687]LogBlueprintUserMessages: 0.04991
[2015.10.14-10.07.50:165][691]LogBlueprintUserMessages: 0.040284
[2015.10.14-10.07.50:297][695]LogBlueprintUserMessages: 0.065346
[2015.10.14-10.07.50:363][697]LogBlueprintUserMessages: 0.045387
[2015.10.14-10.07.50:463][700]LogBlueprintUserMessages: 0.057361
[2015.10.14-10.07.50:563][703]LogBlueprintUserMessages: 0.060402
[2015.10.14-10.07.50:662][706]LogBlueprintUserMessages: 0.058858
[2015.10.14-10.07.50:763][709]LogBlueprintUserMessages: 0.058727
[2015.10.14-10.07.50:862][712]LogBlueprintUserMessages: 0.050001
[2015.10.14-10.07.50:963][715]LogBlueprintUserMessages: 0.053341
[2015.10.14-10.07.51:012][717]LogBlueprintUserMessages: 0.030364
[2015.10.14-10.07.51:062][718]LogBlueprintUserMessages: 0.049973
[2015.10.14-10.07.51:163][721]LogBlueprintUserMessages: 0.060352
[2015.10.14-10.07.51:281][725]LogBlueprintUserMessages: 0.05678
[2015.10.14-10.07.51:379][728]LogBlueprintUserMessages: 0.051322
[2015.10.14-10.07.51:446][730]LogBlueprintUserMessages: 0.039094
[2015.10.14-10.07.51:497][732]LogBlueprintUserMessages: 0.030645
[2015.10.14-10.07.51:563][734]LogBlueprintUserMessages: 0.04939
[2015.10.14-10.07.51:681][738]LogBlueprintUserMessages: 0.056415
[2015.10.14-10.07.51:780][741]LogBlueprintUserMessages: 0.054049
[2015.10.14-10.07.51:880][744]LogBlueprintUserMessages: 0.05609
[2015.10.14-10.07.51:935][746]LogBlueprintUserMessages: 0.031338
[2015.10.14-10.07.51:980][747]LogBlueprintUserMessages: 0.044696
[2015.10.14-10.07.52:047][749]LogBlueprintUserMessages: 0.041962
[2015.10.14-10.07.52:164][753]LogBlueprintUserMessages: 0.056061
[2015.10.14-10.07.52:297][757]LogBlueprintUserMessages: 0.071368
[2015.10.14-10.07.52:363][759]LogBlueprintUserMessages: 0.044439
[2015.10.14-10.07.52:463][762]LogBlueprintUserMessages: 0.049634
[2015.10.14-10.07.52:563][765]LogBlueprintUserMessages: 0.052108
[2015.10.14-10.07.52:680][769]LogBlueprintUserMessages: 0.054873
[2015.10.14-10.07.52:863][775]LogBlueprintUserMessages: 0.061451
[2015.10.14-10.07.52:963][778]LogBlueprintUserMessages: 0.055305
[2015.10.14-10.07.53:080][782]LogBlueprintUserMessages: 0.054934
[2015.10.14-10.07.53:147][784]LogBlueprintUserMessages: 0.041609
[2015.10.14-10.07.53:263][788]LogBlueprintUserMessages: 0.052108
[2015.10.14-10.07.53:380][792]LogBlueprintUserMessages: 0.052155
[2015.10.14-10.07.53:480][795]LogBlueprintUserMessages: 0.05027
[2015.10.14-10.07.53:580][798]LogBlueprintUserMessages: 0.050886
[2015.10.14-10.07.53:680][801]LogBlueprintUserMessages: 0.052011
[2015.10.14-10.07.53:747][803]LogBlueprintUserMessages: 0.03963
[2015.10.14-10.07.53:864][807]LogBlueprintUserMessages: 0.056105
[2015.10.14-10.07.53:963][810]LogBlueprintUserMessages: 0.053855
[2015.10.14-10.07.54:066][813]LogBlueprintUserMessages: 0.051051
[2015.10.14-10.07.54:164][816]LogBlueprintUserMessages: 0.053459
[2015.10.14-10.07.54:264][819]LogBlueprintUserMessages: 0.0564
[2015.10.14-10.07.54:364][822]LogBlueprintUserMessages: 0.050298
[2015.10.14-10.07.54:465][825]LogBlueprintUserMessages: 0.053936
[2015.10.14-10.07.54:563][828]LogBlueprintUserMessages: 0.052314
[2015.10.14-10.07.54:682][832]LogBlueprintUserMessages: 0.054534
[2015.10.14-10.07.54:747][834]LogBlueprintUserMessages: 0.042358
[2015.10.14-10.07.54:864][838]LogBlueprintUserMessages: 0.056272
[2015.10.14-10.07.54:963][841]LogBlueprintUserMessages: 0.057559
[2015.10.14-10.07.55:063][844]LogBlueprintUserMessages: 0.062463
[2015.10.14-10.07.55:164][847]LogBlueprintUserMessages: 0.063473
[2015.10.14-10.07.55:264][850]LogBlueprintUserMessages: 0.06409
[2015.10.14-10.07.55:365][853]LogBlueprintUserMessages: 0.064216
[2015.10.14-10.07.55:464][856]LogBlueprintUserMessages: 0.062737
[2015.10.14-10.07.55:564][859]LogBlueprintUserMessages: 0.057074
[2015.10.14-10.07.55:664][862]LogBlueprintUserMessages: 0.05032
[2015.10.14-10.07.55:764][865]LogBlueprintUserMessages: 0.060481
[2015.10.14-10.07.55:864][868]LogBlueprintUserMessages: 0.056999
[2015.10.14-10.07.55:964][871]LogBlueprintUserMessages: 0.055349
[2015.10.14-10.07.56:082][875]LogBlueprintUserMessages: 0.052209
[2015.10.14-10.07.56:182][878]LogBlueprintUserMessages: 0.052584
[2015.10.14-10.07.56:282][881]LogBlueprintUserMessages: 0.056541
[2015.10.14-10.07.56:382][884]LogBlueprintUserMessages: 0.052204
[2015.10.14-10.07.56:481][887]LogBlueprintUserMessages: 0.049639
[2015.10.14-10.07.56:582][890]LogBlueprintUserMessages: 0.060217
[2015.10.14-10.07.56:682][893]LogBlueprintUserMessages: 0.059956
[2015.10.14-10.07.56:782][896]LogBlueprintUserMessages: 0.052009
[2015.10.14-10.07.56:882][899]LogBlueprintUserMessages: 0.063158
[2015.10.14-10.07.56:982][902]LogBlueprintUserMessages: 0.058812
[2015.10.14-10.07.57:082][905]LogBlueprintUserMessages: 0.052411
[2015.10.14-10.07.57:182][908]LogBlueprintUserMessages: 0.053118
[2015.10.14-10.07.57:300][912]LogBlueprintUserMessages: 0.054122
[2015.10.14-10.07.57:350][914]LogBlueprintUserMessages: 0.030913
[2015.10.14-10.07.57:399][915]LogBlueprintUserMessages: 0.04834
[2015.10.14-10.07.57:465][917]LogBlueprintUserMessages: 0.041456
[2015.10.14-10.07.57:565][920]LogBlueprintUserMessages: 0.050225
[2015.10.14-10.07.57:668][923]LogBlueprintUserMessages: 0.060598
[2015.10.14-10.07.57:766][926]LogBlueprintUserMessages: 0.054015
[2015.10.14-10.07.57:866][929]LogBlueprintUserMessages: 0.056041
[2015.10.14-10.07.57:965][932]LogBlueprintUserMessages: 0.061398
[2015.10.14-10.07.58:066][935]LogBlueprintUserMessages: 0.052867
[2015.10.14-10.07.58:166][938]LogBlueprintUserMessages: 0.05233
[2015.10.14-10.07.58:266][941]LogBlueprintUserMessages: 0.058148
[2015.10.14-10.07.58:383][945]LogBlueprintUserMessages: 0.050849
[2015.10.14-10.07.58:484][948]LogBlueprintUserMessages: 0.051342
[2015.10.14-10.07.58:582][951]LogBlueprintUserMessages: 0.060591
[2015.10.14-10.07.58:682][954]LogBlueprintUserMessages: 0.059415
[2015.10.14-10.07.58:749][956]LogBlueprintUserMessages: 0.040459
[2015.10.14-10.07.58:866][960]LogBlueprintUserMessages: 0.054954
[2015.10.14-10.07.58:966][963]LogBlueprintUserMessages: 0.05786
[2015.10.14-10.07.59:065][966]LogBlueprintUserMessages: 0.061501
[2015.10.14-10.07.59:165][969]LogBlueprintUserMessages: 0.062385
[2015.10.14-10.07.59:249][972]LogBlueprintUserMessages: 0.046994
[2015.10.14-10.07.59:365][976]LogBlueprintUserMessages: 0.051802
[2015.10.14-10.07.59:483][980]LogBlueprintUserMessages: 0.055523
[2015.10.14-10.07.59:583][983]LogBlueprintUserMessages: 0.050032
[2015.10.14-10.07.59:651][985]LogBlueprintUserMessages: 0.038367
[2015.10.14-10.07.59:766][989]LogBlueprintUserMessages: 0.049487
[2015.10.14-10.07.59:799][990]LogBlueprintUserMessages: 0.032337
[2015.10.14-10.07.59:866][992]LogBlueprintUserMessages: 0.048329
[2015.10.14-10.07.59:983][996]LogBlueprintUserMessages: 0.054935
[2015.10.14-10.08.00:183][  3]LogBlueprintUserMessages: 0.058288
[2015.10.14-10.08.00:250][  5]LogBlueprintUserMessages: 0.044327
[2015.10.14-10.08.00:303][  7]LogBlueprintUserMessages: 0.032321
[2015.10.14-10.08.00:351][  8]LogBlueprintUserMessages: 0.047311
[2015.10.14-10.08.00:466][ 12]LogBlueprintUserMessages: 0.052343
[2015.10.14-10.08.00:566][ 15]LogBlueprintUserMessages: 0.059647
[2015.10.14-10.08.00:666][ 18]LogBlueprintUserMessages: 0.052944
[2015.10.14-10.08.00:767][ 21]LogBlueprintUserMessages: 0.053459
[2015.10.14-10.08.00:883][ 25]LogBlueprintUserMessages: 0.055258
[2015.10.14-10.08.00:983][ 28]LogBlueprintUserMessages: 0.059156
[2015.10.14-10.08.01:017][ 29]LogBlueprintUserMessages: 0.033713
[2015.10.14-10.08.01:050][ 30]LogBlueprintUserMessages: 0.032838
[2015.10.14-10.08.01:166][ 34]LogBlueprintUserMessages: 0.052786
[2015.10.14-10.08.01:266][ 37]LogBlueprintUserMessages: 0.052546
[2015.10.14-10.08.01:367][ 40]LogBlueprintUserMessages: 0.058504
[2015.10.14-10.08.01:470][ 43]LogBlueprintUserMessages: 0.049232
[2015.10.14-10.08.01:567][ 46]LogBlueprintUserMessages: 0.050915
[2015.10.14-10.08.01:667][ 49]LogBlueprintUserMessages: 0.057095
[2015.10.14-10.08.01:767][ 52]LogBlueprintUserMessages: 0.050264
[2015.10.14-10.08.01:866][ 55]LogBlueprintUserMessages: 0.054566
[2015.10.14-10.08.01:967][ 58]LogBlueprintUserMessages: 0.049394
[2015.10.14-10.08.02:083][ 62]LogBlueprintUserMessages: 0.054124
[2015.10.14-10.08.02:150][ 64]LogBlueprintUserMessages: 0.037879
[2015.10.14-10.08.02:266][ 68]LogBlueprintUserMessages: 0.055587
[2015.10.14-10.08.02:367][ 71]LogBlueprintUserMessages: 0.05444
[2015.10.14-10.08.02:483][ 75]LogBlueprintUserMessages: 0.055429
[2015.10.14-10.08.02:550][ 77]LogBlueprintUserMessages: 0.042306
[2015.10.14-10.08.02:666][ 81]LogBlueprintUserMessages: 0.054205
[2015.10.14-10.08.02:767][ 84]LogBlueprintUserMessages: 0.060714
[2015.10.14-10.08.02:866][ 87]LogBlueprintUserMessages: 0.061869
[2015.10.14-10.08.02:967][ 90]LogBlueprintUserMessages: 0.061277
[2015.10.14-10.08.03:066][ 93]LogBlueprintUserMessages: 0.063826
[2015.10.14-10.08.03:150][ 96]LogBlueprintUserMessages: 0.047745
[2015.10.14-10.08.03:267][100]LogBlueprintUserMessages: 0.057359
[2015.10.14-10.08.03:367][103]LogBlueprintUserMessages: 0.063341
[2015.10.14-10.08.03:467][106]LogBlueprintUserMessages: 0.06318
[2015.10.14-10.08.03:567][109]LogBlueprintUserMessages: 0.063263
[2015.10.14-10.08.03:666][112]LogBlueprintUserMessages: 0.061976
[2015.10.14-10.08.03:766][115]LogBlueprintUserMessages: 0.063391
[2015.10.14-10.08.03:866][118]LogBlueprintUserMessages: 0.063215
[2015.10.14-10.08.03:967][121]LogBlueprintUserMessages: 0.064082
[2015.10.14-10.08.04:067][124]LogBlueprintUserMessages: 0.062808
[2015.10.14-10.08.04:167][127]LogBlueprintUserMessages: 0.063114
[2015.10.14-10.08.04:267][130]LogBlueprintUserMessages: 0.064644
[2015.10.14-10.08.04:367][133]LogBlueprintUserMessages: 0.06353
[2015.10.14-10.08.04:467][136]LogBlueprintUserMessages: 0.061596
[2015.10.14-10.08.04:567][139]LogBlueprintUserMessages: 0.062006
[2015.10.14-10.08.04:667][142]LogBlueprintUserMessages: 0.062417
[2015.10.14-10.08.04:767][145]LogBlueprintUserMessages: 0.06383
[2015.10.14-10.08.04:867][148]LogBlueprintUserMessages: 0.062748
[2015.10.14-10.08.04:967][151]LogBlueprintUserMessages: 0.060748
[2015.10.14-10.08.05:068][154]LogBlueprintUserMessages: 0.063444
[2015.10.14-10.08.05:168][157]LogBlueprintUserMessages: 0.062998
[2015.10.14-10.08.05:268][160]LogBlueprintUserMessages: 0.062598
[2015.10.14-10.08.05:367][163]LogBlueprintUserMessages: 0.06155
[2015.10.14-10.08.05:467][166]LogBlueprintUserMessages: 0.063465
[2015.10.14-10.08.05:567][169]LogBlueprintUserMessages: 0.062936
[2015.10.14-10.08.05:667][172]LogBlueprintUserMessages: 0.06253
[2015.10.14-10.08.05:751][175]LogBlueprintUserMessages: 0.045399
[2015.10.14-10.08.05:868][179]LogBlueprintUserMessages: 0.059975
[2015.10.14-10.08.05:968][182]LogBlueprintUserMessages: 0.063819
[2015.10.14-10.08.06:068][185]LogBlueprintUserMessages: 0.061766
[2015.10.14-10.08.06:167][188]LogBlueprintUserMessages: 0.062034
[2015.10.14-10.08.06:268][191]LogBlueprintUserMessages: 0.063677
[2015.10.14-10.08.06:367][194]LogBlueprintUserMessages: 0.061377
[2015.10.14-10.08.06:467][197]LogBlueprintUserMessages: 0.063083
[2015.10.14-10.08.06:567][200]LogBlueprintUserMessages: 0.060447
[2015.10.14-10.08.06:668][203]LogBlueprintUserMessages: 0.063858
[2015.10.14-10.08.06:768][206]LogBlueprintUserMessages: 0.064388
[2015.10.14-10.08.06:870][209]LogBlueprintUserMessages: 0.064345
[2015.10.14-10.08.06:968][212]LogBlueprintUserMessages: 0.059927
[2015.10.14-10.08.07:067][215]LogBlueprintUserMessages: 0.062112
[2015.10.14-10.08.07:168][218]LogBlueprintUserMessages: 0.064094
[2015.10.14-10.08.07:267][221]LogBlueprintUserMessages: 0.062308
[2015.10.14-10.08.07:368][224]LogBlueprintUserMessages: 0.064282
[2015.10.14-10.08.07:468][227]LogBlueprintUserMessages: 0.062407
[2015.10.14-10.08.07:568][230]LogBlueprintUserMessages: 0.063019
[2015.10.14-10.08.07:668][233]LogBlueprintUserMessages: 0.057579
[2015.10.14-10.08.07:768][236]LogBlueprintUserMessages: 0.0564
[2015.10.14-10.08.07:868][239]LogBlueprintUserMessages: 0.058967
[2015.10.14-10.08.07:968][242]LogBlueprintUserMessages: 0.063275
[2015.10.14-10.08.08:067][245]LogBlueprintUserMessages: 0.062378
[2015.10.14-10.08.08:152][248]LogBlueprintUserMessages: 0.048168
[2015.10.14-10.08.08:268][252]LogBlueprintUserMessages: 0.059573
[2015.10.14-10.08.08:368][254]LogBlueprintUserMessages: 0.077349
[2015.10.14-10.08.08:452][257]LogBlueprintUserMessages: 0.045476
[2015.10.14-10.08.08:551][260]LogBlueprintUserMessages: 0.061882
[2015.10.14-10.08.08:573][260]LeapPluginLog: LeapController::CleanupEventData Delete Called
[2015.10.14-10.08.08:574][260]LeapPluginLog: LeapController::CleanupEventData Delete Called
[2015.10.14-10.08.08:665][260]LogParticles: Destroying 0 GPU particle simulations for FXSystem 0x0000000031485C60
[2015.10.14-10.08.39:278][876]LeapPluginLog: LeapController::CleanupEventData Delete Called
[2015.10.14-10.08.44:209][ 17]LogParticles: Destroying 0 GPU particle simulations for FXSystem 0x0000000032B8D3A0
[2015.10.14-10.08.44:502][ 18]Cmd: QUIT_EDITOR
[2015.10.14-10.08.44:891][ 18]LogExit: Preparing to exit.
[2015.10.14-10.08.45:439][ 18]LogExit: Editor shut down
[2015.10.14-10.08.45:439][ 18]LogExit: Transaction tracking system shut down
[2015.10.14-10.08.45:440][ 18]LogParticles: Destroying 0 GPU particle simulations for FXSystem 0x00000000144BC220
[2015.10.14-10.08.45:440][ 18]LogParticles: Destroying 0 GPU particle simulations for FXSystem 0x0000000023BBE0C0
[2015.10.14-10.08.45:444][ 18]LogParticles: Destroying 0 GPU particle simulations for FXSystem 0x000000002B4E67A0
[2015.10.14-10.08.45:650][ 18]LeapPluginLog: LeapController::CleanupEventData Delete Called
[2015.10.14-10.08.45:715][ 18]LeapPluginLog: LeapController::CleanupEventData Delete Called
[2015.10.14-10.08.45:767][ 18]LeapPluginLog: LeapController::CleanupEventData Delete Called
[2015.10.14-10.08.45:780][ 18]LeapPluginLog: LeapController::CleanupEventData Delete Called
[2015.10.14-10.08.45:890][ 18]LogExit: Object subsystem successfully closed.
[2015.10.14-10.08.46:008][ 18]LogD3D11RHI: Shutdown
[2015.10.14-10.08.46:008][ 18]LogD3D11RHI: CleanupD3DDevice
[2015.10.14-10.08.46:083][ 18]LogD3D11RHI: ~FD3D11DynamicRHI
[2015.10.14-10.08.46:117][ 18]LogModuleManager: Shutting down and abandoning module CrashTracker (189)
[2015.10.14-10.08.46:117][ 18]LogModuleManager: Shutting down and abandoning module SceneOutliner (188)
[2015.10.14-10.08.46:117][ 18]LogModuleManager: Shutting down and abandoning module SuperSearch (187)
[2015.10.14-10.08.46:117][ 18]LogModuleManager: Shutting down and abandoning module WidgetCarousel (186)
[2015.10.14-10.08.46:117][ 18]LogModuleManager: Shutting down and abandoning module AddContentDialog (185)
[2015.10.14-10.08.46:120][ 18]LogModuleManager: Shutting down and abandoning module EditorWidgets (184)
[2015.10.14-10.08.46:120][ 18]LogModuleManager: Shutting down and abandoning module CollectionManager (183)
[2015.10.14-10.08.46:120][ 18]LogModuleManager: Shutting down and abandoning module StatsViewer (182)
[2015.10.14-10.08.46:120][ 18]LogModuleManager: Shutting down and abandoning module FoliageEdit (181)
[2015.10.14-10.08.46:120][ 18]LogModuleManager: Shutting down and abandoning module LandscapeEditor (180)
[2015.10.14-10.08.46:128][ 18]LogModuleManager: Shutting down and abandoning module ActorPickerMode (179)
[2015.10.14-10.08.46:128][ 18]LogModuleManager: Shutting down and abandoning module GeometryMode (178)
[2015.10.14-10.08.46:128][ 18]LogModuleManager: Shutting down and abandoning module TextureAlignMode (177)
[2015.10.14-10.08.46:128][ 18]LogModuleManager: Shutting down and abandoning module BspMode (176)
[2015.10.14-10.08.46:128][ 18]LogModuleManager: Shutting down and abandoning module PlacementMode (175)
[2015.10.14-10.08.46:128][ 18]LogModuleManager: Shutting down and abandoning module AutomationWorker (174)
[2015.10.14-10.08.46:128][ 18]LogModuleManager: Shutting down and abandoning module CharacterAI (173)
[2015.10.14-10.08.46:128][ 18]LogModuleManager: Shutting down and abandoning module SmartSnapping (172)
[2015.10.14-10.08.46:128][ 18]LogModuleManager: Shutting down and abandoning module ViewportSnapping (171)
[2015.10.14-10.08.46:128][ 18]LogModuleManager: Shutting down and abandoning module LogVisualizer (170)
[2015.10.14-10.08.46:128][ 18]LogModuleManager: Shutting down and abandoning module GameProjectGeneration (169)
[2015.10.14-10.08.46:137][ 18]LogModuleManager: Shutting down and abandoning module IntroTutorials (168)
[2015.10.14-10.08.46:137][ 18]LogModuleManager: Shutting down and abandoning module EditorLiveStreaming (167)
[2015.10.14-10.08.46:138][ 18]LogModuleManager: Shutting down and abandoning module IOSPlatformEditor (166)
[2015.10.14-10.08.46:138][ 18]LogModuleManager: Shutting down and abandoning module HTML5PlatformEditor (165)
[2015.10.14-10.08.46:138][ 18]LogModuleManager: Shutting down and abandoning module AndroidDeviceDetection (164)
[2015.10.14-10.08.46:525][ 18]LogModuleManager: Shutting down and abandoning module AndroidPlatformEditor (163)
[2015.10.14-10.08.46:525][ 18]LogModuleManager: Shutting down and abandoning module IOSRuntimeSettings (162)
[2015.10.14-10.08.46:525][ 18]LogModuleManager: Shutting down and abandoning module AndroidRuntimeSettings (161)
[2015.10.14-10.08.46:525][ 18]LogModuleManager: Shutting down and abandoning module MergeActors (160)
[2015.10.14-10.08.46:552][ 18]LogModuleManager: Shutting down and abandoning module SizeMap (159)
[2015.10.14-10.08.46:552][ 18]LogModuleManager: Shutting down and abandoning module TreeMap (158)
[2015.10.14-10.08.46:561][ 18]LogModuleManager: Shutting down and abandoning module ReferenceViewer (157)
[2015.10.14-10.08.46:561][ 18]LogModuleManager: Shutting down and abandoning module LocalizationDashboard (156)
[2015.10.14-10.08.46:562][ 18]LogModuleManager: Shutting down and abandoning module HardwareTargeting (155)
[2015.10.14-10.08.46:562][ 18]LogModuleManager: Shutting down and abandoning module DeviceProfileEditor (154)
[2015.10.14-10.08.46:562][ 18]LogModuleManager: Shutting down and abandoning module UndoHistory (153)
[2015.10.14-10.08.46:562][ 18]LogModuleManager: Shutting down and abandoning module GameplayTagsEditor (152)
[2015.10.14-10.08.46:562][ 18]LogModuleManager: Shutting down and abandoning module UserFeedback (151)
[2015.10.14-10.08.46:562][ 18]LogModuleManager: Shutting down and abandoning module XmlParser (150)
[2015.10.14-10.08.46:562][ 18]LogModuleManager: Shutting down and abandoning module Blutility (149)
[2015.10.14-10.08.46:562][ 18]LogModuleManager: Shutting down and abandoning module ProjectTargetPlatformEditor (148)
[2015.10.14-10.08.46:562][ 18]LogModuleManager: Shutting down and abandoning module ProjectSettingsViewer (147)
[2015.10.14-10.08.46:562][ 18]LogModuleManager: Shutting down and abandoning module InputBindingEditor (146)
[2015.10.14-10.08.46:562][ 18]LogModuleManager: Shutting down and abandoning module EditorSettingsViewer (145)
[2015.10.14-10.08.46:562][ 18]LogModuleManager: Shutting down and abandoning module SettingsEditor (144)
[2015.10.14-10.08.46:562][ 18]LogModuleManager: Shutting down and abandoning module ProjectLauncher (143)
[2015.10.14-10.08.46:562][ 18]LogModuleManager: Shutting down and abandoning module SessionFrontend (142)
[2015.10.14-10.08.46:562][ 18]LogModuleManager: Shutting down and abandoning module ProfilerClient (141)
[2015.10.14-10.08.46:568][ 18]LogModuleManager: Shutting down and abandoning module TargetDeviceServices (140)
[2015.10.14-10.08.46:568][ 18]LogModuleManager: Shutting down and abandoning module DeviceManager (139)
[2015.10.14-10.08.46:568][ 18]LogModuleManager: Shutting down and abandoning module AutomationController (138)
[2015.10.14-10.08.46:568][ 18]LogModuleManager: Shutting down and abandoning module AutomationWindow (137)
[2015.10.14-10.08.46:573][ 18]LogModuleManager: Shutting down and abandoning module Layers (136)
[2015.10.14-10.08.46:623][ 18]LogModuleManager: Shutting down and abandoning module ComponentVisualizers (135)
[2015.10.14-10.08.46:623][ 18]LogModuleManager: Shutting down and abandoning module DetailCustomizations (134)
[2015.10.14-10.08.46:623][ 18]LogModuleManager: Shutting down and abandoning module PackagesDialog (133)
[2015.10.14-10.08.46:630][ 18]LogModuleManager: Shutting down and abandoning module AssetRegistry (132)
[2015.10.14-10.08.46:703][ 18]LogModuleManager: Shutting down and abandoning module Persona (131)
[2015.10.14-10.08.46:728][ 18]LogModuleManager: Shutting down and abandoning module Kismet (130)
[2015.10.14-10.08.46:728][ 18]LogModuleManager: Shutting down and abandoning module GraphEditor (129)
[2015.10.14-10.08.46:728][ 18]LogModuleManager: Shutting down and abandoning module ClassViewer (128)
[2015.10.14-10.08.46:728][ 18]LogModuleManager: Shutting down and abandoning module Toolbox (127)
[2015.10.14-10.08.46:728][ 18]LogModuleManager: Shutting down and abandoning module ModuleUI (126)
[2015.10.14-10.08.46:736][ 18]LogModuleManager: Shutting down and abandoning module MovieSceneTools (125)
[2015.10.14-10.08.46:745][ 18]LogModuleManager: Shutting down and abandoning module OutputLog (124)
[2015.10.14-10.08.46:745][ 18]LogModuleManager: Shutting down and abandoning module GammaUI (123)
[2015.10.14-10.08.46:751][ 18]LogModuleManager: Shutting down and abandoning module Documentation (122)
[2015.10.14-10.08.46:751][ 18]LogModuleManager: Shutting down and abandoning module GameLiveStreaming (121)
[2015.10.14-10.08.46:751][ 18]LogModuleManager: Shutting down and abandoning module StreamingPauseRendering (120)
[2015.10.14-10.08.46:751][ 18]LogModuleManager: Shutting down and abandoning module AnalyticsET (119)
[2015.10.14-10.08.46:751][ 18]LogModuleManager: Shutting down and abandoning module Analytics (118)
[2015.10.14-10.08.46:751][ 18]LogModuleManager: Shutting down and abandoning module AITestSuite (117)
[2015.10.14-10.08.46:751][ 18]LogModuleManager: Shutting down and abandoning module GameplayDebugger (116)
[2015.10.14-10.08.46:751][ 18]LogModuleManager: Shutting down and abandoning module AIModule (115)
[2015.10.14-10.08.46:751][ 18]LogModuleManager: Shutting down and abandoning module ProfilerService (114)
[2015.10.14-10.08.46:811][ 18]LogModuleManager: Shutting down and abandoning module TaskGraph (113)
[2015.10.14-10.08.46:825][ 18]LogModuleManager: Shutting down and abandoning module LeapMotion (112)
[2015.10.14-10.08.46:839][ 18]LogModuleManager: Shutting down and abandoning module SlateRemote (111)
[2015.10.14-10.08.46:839][ 18]LogModuleManager: Shutting down and abandoning module SteamVRController (110)
[2015.10.14-10.08.46:839][ 18]LogModuleManager: Shutting down and abandoning module SteamVR (109)
[2015.10.14-10.08.46:839][ 18]LogModuleManager: Shutting down and abandoning module ProceduralMeshComponent (108)
[2015.10.14-10.08.46:839][ 18]LogModuleManager: Shutting down and abandoning module OculusRift (107)
[2015.10.14-10.08.46:839][ 18]LogModuleManager: Shutting down and abandoning module LeapMotionController (106)
[2015.10.14-10.08.46:876][ 18]LogModuleManager: Shutting down and abandoning module CustomMeshComponent (105)
[2015.10.14-10.08.46:876][ 18]LogModuleManager: Shutting down and abandoning module CableComponent (104)
[2015.10.14-10.08.46:876][ 18]LogModuleManager: Shutting down and abandoning module MessagingDebugger (103)
[2015.10.14-10.08.46:889][ 18]LogModuleManager: Shutting down and abandoning module MediaPlayerEditor (102)
[2015.10.14-10.08.46:894][ 18]LogModuleManager: Shutting down and abandoning module SpeedTreeImporter (101)
[2015.10.14-10.08.46:894][ 18]LogModuleManager: Shutting down and abandoning module PluginBrowser (100)
[2015.10.14-10.08.46:894][ 18]LogModuleManager: Shutting down and abandoning module EpicSurvey (99)
[2015.10.14-10.08.46:894][ 18]LogModuleManager: Shutting down and abandoning module DesktopPlatform (98)
[2015.10.14-10.08.46:894][ 18]LogModuleManager: Shutting down and abandoning module VisualStudioSourceCodeAccess (97)
[2015.10.14-10.08.46:894][ 18]LogModuleManager: Shutting down and abandoning module UObjectPlugin (96)
[2015.10.14-10.08.46:894][ 18]LogModuleManager: Shutting down and abandoning module SubversionSourceControl (95)
[2015.10.14-10.08.46:894][ 18]LogModuleManager: Shutting down and abandoning module PerforceSourceControl (94)
[2015.10.14-10.08.46:904][ 18]LogModuleManager: Shutting down and abandoning module SourceControl (93)
[2015.10.14-10.08.46:912][ 18]LogModuleManager: Shutting down and abandoning module GitSourceControl (92)
[2015.10.14-10.08.46:912][ 18]LogModuleManager: Shutting down and abandoning module BlankPlugin (91)
[2015.10.14-10.08.46:912][ 18]LogModuleManager: Shutting down and abandoning module PaperTiledImporter (90)
[2015.10.14-10.08.46:912][ 18]LogModuleManager: Shutting down and abandoning module PaperSpriteSheetImporter (89)
[2015.10.14-10.08.46:912][ 18]LogModuleManager: Shutting down and abandoning module MeshPaint (88)
[2015.10.14-10.08.46:912][ 18]LogModuleManager: Shutting down and abandoning module SlateReflector (87)
[2015.10.14-10.08.46:916][ 18]LogModuleManager: Shutting down and abandoning module DirectoryWatcher (86)
[2015.10.14-10.08.46:917][ 18]LogModuleManager: Shutting down and abandoning module HotReload (85)
[2015.10.14-10.08.46:917][ 18]LogModuleManager: Shutting down and abandoning module MainFrame (84)
[2015.10.14-10.08.46:917][ 18]LogModuleManager: Shutting down and abandoning module LevelEditor (83)
[2015.10.14-10.08.46:918][ 18]LogModuleManager: Shutting down and abandoning module ContentBrowser (82)
[2015.10.14-10.08.46:918][ 18]LogModuleManager: Shutting down and abandoning module Paper2DEditor (81)
[2015.10.14-10.08.46:927][ 18]LogModuleManager: Shutting down and abandoning module UdpMessaging (80)
[2015.10.14-10.08.47:027][ 18]LogModuleManager: Shutting down and abandoning module Paper2D (79)
[2015.10.14-10.08.47:027][ 18]LogModuleManager: Shutting down and abandoning module WindowsMoviePlayer (78)
[2015.10.14-10.08.47:031][ 18]LogModuleManager: Shutting down and abandoning module Media (77)
[2015.10.14-10.08.47:031][ 18]LogModuleManager: Shutting down and abandoning module WmfMedia (76)
[2015.10.14-10.08.47:064][ 18]LogModuleManager: Shutting down and abandoning module OnlineBlueprintSupport (75)
[2015.10.14-10.08.47:064][ 18]LogModuleManager: Shutting down and abandoning module PropertyEditor (74)
[2015.10.14-10.08.47:064][ 18]LogModuleManager: Shutting down and abandoning module BehaviorTreeEditor (73)
[2015.10.14-10.08.47:073][ 18]LogModuleManager: Shutting down and abandoning module FunctionalTesting (72)
[2015.10.14-10.08.47:073][ 18]LogModuleManager: Shutting down and abandoning module CollisionAnalyzer (71)
[2015.10.14-10.08.47:077][ 18]LogModuleManager: Shutting down and abandoning module WorkspaceMenuStructure (70)
[2015.10.14-10.08.47:077][ 18]LogModuleManager: Shutting down and abandoning module MessageLog (69)
[2015.10.14-10.08.47:077][ 18]LogModuleManager: Shutting down and abandoning module Sequencer (68)
[2015.10.14-10.08.47:079][ 18]LogModuleManager: Shutting down and abandoning module AssetTools (67)
[2015.10.14-10.08.47:095][ 18]LogModuleManager: Shutting down and abandoning module UMGEditor (66)
[2015.10.14-10.08.47:105][ 18]LogModuleManager: Shutting down and abandoning module UMG (65)
[2015.10.14-10.08.47:114][ 18]LogModuleManager: Shutting down and abandoning module Slate (64)
[2015.10.14-10.08.47:114][ 18]LogModuleManager: Shutting down and abandoning module EditorStyle (63)
[2015.10.14-10.08.47:116][ 18]LogModuleManager: Shutting down and abandoning module SessionServices (62)
[2015.10.14-10.08.47:116][ 18]LogModuleManager: Shutting down and abandoning module SourceCodeAccess (61)
[2015.10.14-10.08.47:116][ 18]LogModuleManager: Shutting down and abandoning module HeadMountedDisplay (60)
[2015.10.14-10.08.47:116][ 18]LogModuleManager: Shutting down and abandoning module XAudio2 (59)
[2015.10.14-10.08.47:116][ 18]LogModuleManager: Shutting down and abandoning module Networking (57)
[2015.10.14-10.08.47:117][ 18]LogModuleManager: Shutting down and abandoning module Core (56)
[2015.10.14-10.08.47:117][ 18]LogModuleManager: Shutting down and abandoning module KismetCompiler (55)
[2015.10.14-10.08.47:117][ 18]LogModuleManager: Shutting down and abandoning module PhysXFormats (54)
[2015.10.14-10.08.47:117][ 18]LogModuleManager: Shutting down and abandoning module MeshUtilities (53)
[2015.10.14-10.08.47:123][ 18]LogModuleManager: Shutting down and abandoning module DerivedDataCache (52)
[2015.10.14-10.08.47:197][ 18]LogDerivedDataCache: Shutdown
[2015.10.14-10.08.47:197][ 18]LogModuleManager: Shutting down and abandoning module ShaderFormatOpenGL (51)
[2015.10.14-10.08.47:206][ 18]LogModuleManager: Shutting down and abandoning module ShaderFormatD3D (50)
[2015.10.14-10.08.47:206][ 18]LogModuleManager: Shutting down and abandoning module MetalShaderFormat (49)
[2015.10.14-10.08.47:211][ 18]LogModuleManager: Shutting down and abandoning module TextureFormatUncompressed (48)
[2015.10.14-10.08.47:211][ 18]LogModuleManager: Shutting down and abandoning module TextureFormatPVR (47)
[2015.10.14-10.08.47:211][ 18]LogModuleManager: Shutting down and abandoning module TextureFormatIntelISPCTexComp (46)
[2015.10.14-10.08.47:211][ 18]LogModuleManager: Shutting down and abandoning module TextureFormatDXT (45)
[2015.10.14-10.08.47:211][ 18]LogModuleManager: Shutting down and abandoning module ImageWrapper (44)
[2015.10.14-10.08.47:211][ 18]LogModuleManager: Shutting down and abandoning module TextureFormatASTC (43)
[2015.10.14-10.08.47:211][ 18]LogModuleManager: Shutting down and abandoning module TextureFormatAndroid (42)
[2015.10.14-10.08.47:211][ 18]LogModuleManager: Shutting down and abandoning module AudioFormatOpus (41)
[2015.10.14-10.08.47:211][ 18]LogModuleManager: Shutting down and abandoning module AudioFormatOgg (40)
[2015.10.14-10.08.47:211][ 18]LogModuleManager: Shutting down and abandoning module AudioFormatADPCM (39)
[2015.10.14-10.08.47:211][ 18]LogModuleManager: Shutting down and abandoning module LinuxTargetPlatform (38)
[2015.10.14-10.08.47:211][ 18]LogModuleManager: Shutting down and abandoning module LinuxServerTargetPlatform (37)
[2015.10.14-10.08.47:211][ 18]LogModuleManager: Shutting down and abandoning module LinuxNoEditorTargetPlatform (36)
[2015.10.14-10.08.47:211][ 18]LogModuleManager: Shutting down and abandoning module Messaging (35)
[2015.10.14-10.08.47:211][ 18]LogModuleManager: Shutting down and abandoning module IOSTargetPlatform (34)
[2015.10.14-10.08.47:211][ 18]LogModuleManager: Shutting down and abandoning module HTML5TargetPlatform (33)
[2015.10.14-10.08.47:211][ 18]LogModuleManager: Shutting down and abandoning module Android_PVRTCTargetPlatform (32)
[2015.10.14-10.08.47:211][ 18]LogModuleManager: Shutting down and abandoning module Android_ETC2TargetPlatform (31)
[2015.10.14-10.08.47:211][ 18]LogModuleManager: Shutting down and abandoning module Android_ETC1TargetPlatform (30)
[2015.10.14-10.08.47:211][ 18]LogModuleManager: Shutting down and abandoning module Android_DXTTargetPlatform (29)
[2015.10.14-10.08.47:211][ 18]LogModuleManager: Shutting down and abandoning module Android_ATCTargetPlatform (28)
[2015.10.14-10.08.47:211][ 18]LogModuleManager: Shutting down and abandoning module Android_ASTCTargetPlatform (27)
[2015.10.14-10.08.47:211][ 18]LogModuleManager: Shutting down and abandoning module AndroidTargetPlatform (26)
[2015.10.14-10.08.47:211][ 18]LogModuleManager: Shutting down and abandoning module WindowsTargetPlatform (25)
[2015.10.14-10.08.47:211][ 18]LogModuleManager: Shutting down and abandoning module WindowsServerTargetPlatform (24)
[2015.10.14-10.08.47:211][ 18]LogModuleManager: Shutting down and abandoning module WindowsNoEditorTargetPlatform (23)
[2015.10.14-10.08.47:211][ 18]LogModuleManager: Shutting down and abandoning module WindowsClientTargetPlatform (22)
[2015.10.14-10.08.47:211][ 18]LogModuleManager: Shutting down and abandoning module DesktopTargetPlatform (21)
[2015.10.14-10.08.47:211][ 18]LogModuleManager: Shutting down and abandoning module TargetPlatform (20)
[2015.10.14-10.08.47:211][ 18]LogModuleManager: Shutting down and abandoning module InputCore (19)
[2015.10.14-10.08.47:211][ 18]LogModuleManager: Shutting down and abandoning module Settings (18)
[2015.10.14-10.08.47:211][ 18]LogModuleManager: Shutting down and abandoning module OnlineSubsystem (16)
[2015.10.14-10.08.47:211][ 18]LogModuleManager: Shutting down and abandoning module HTTP (15)
[2015.10.14-10.08.47:212][ 18]LogModuleManager: Shutting down and abandoning module ExampleDeviceProfileSelector (14)
[2015.10.14-10.08.47:212][ 18]LogModuleManager: Shutting down and abandoning module TextureCompressor (13)
[2015.10.14-10.08.47:212][ 18]LogModuleManager: Shutting down and abandoning module ShaderCore (12)
[2015.10.14-10.08.47:212][ 18]LogModuleManager: Shutting down and abandoning module Landscape (11)
[2015.10.14-10.08.47:212][ 18]LogModuleManager: Shutting down and abandoning module SlateRHIRenderer (10)
[2015.10.14-10.08.47:214][ 18]LogModuleManager: Shutting down and abandoning module OpenGLDrv (9)
[2015.10.14-10.08.47:222][ 18]LogModuleManager: Shutting down and abandoning module D3D11RHI (8)
[2015.10.14-10.08.47:222][ 18]LogModuleManager: Shutting down and abandoning module Renderer (7)
[2015.10.14-10.08.47:222][ 18]LogModuleManager: Shutting down and abandoning module Engine (6)
[2015.10.14-10.08.47:222][ 18]LogModuleManager: Shutting down and abandoning module CoreUObject (5)
[2015.10.14-10.08.47:222][ 18]LogModuleManager: Shutting down and abandoning module NetworkFile (4)
[2015.10.14-10.08.47:222][ 18]LogModuleManager: Shutting down and abandoning module StreamingFile (3)
[2015.10.14-10.08.47:222][ 18]LogModuleManager: Shutting down and abandoning module SandboxFile (2)
[2015.10.14-10.08.47:222][ 18]LogModuleManager: Shutting down and abandoning module PakFile (1)
[2015.10.14-10.08.47:226][ 18]LogExit: Exiting.
[2015.10.14-10.08.47:227][ 18]Log file closed, 10/14/15 19:08:47
