[2015.10.15-01.58.58:073][  0]Log file open, 10/15/15 10:58:58
[2015.10.15-01.58.58:073][  0]LogInit:Display: Running engine for game: LeftRight_Push
[2015.10.15-01.58.58:073][  0]LogInit:Display: RandInit(2079466125) SRandInit(2079466125).
[2015.10.15-01.58.58:073][  0]LogTaskGraph: Started task graph with 4 named threads and 7 total threads.
[2015.10.15-01.58.58:073][  0]LogStats: Stats thread started
[2015.10.15-01.58.58:073][  0]LogInit: Version: 4.8.3-2634408+++depot+UE4-Releases+4.8
[2015.10.15-01.58.58:073][  0]LogInit: API Version: 2579680
[2015.10.15-01.58.58:073][  0]LogInit: Compiled (64-bit): Jul 27 2015 16:24:33
[2015.10.15-01.58.58:073][  0]LogInit: Compiled with Visual C++: 18.00.21005.01
[2015.10.15-01.58.58:073][  0]LogInit: Build Configuration: Development
[2015.10.15-01.58.58:073][  0]LogInit: Branch Name: ++depot+UE4-Releases+4.8
[2015.10.15-01.58.58:073][  0]LogInit: Command line:  
[2015.10.15-01.58.58:073][  0]LogInit: Base directory: D:/Program Files/Epic Games/4.8/Engine/Binaries/Win64/
[2015.10.15-01.58.58:073][  0]LogInit: Rocket: 1
[2015.10.15-01.58.58:084][  0]LogInit: Using libcurl 7.41.0
[2015.10.15-01.58.58:084][  0]LogInit:  - built for x86_64-pc-win32
[2015.10.15-01.58.58:084][  0]LogInit:  - supports SSL with WinSSL
[2015.10.15-01.58.58:084][  0]LogInit:  - other features:
[2015.10.15-01.58.58:084][  0]LogInit:      CURL_VERSION_SSL
[2015.10.15-01.58.58:084][  0]LogInit:      CURL_VERSION_IPV6
[2015.10.15-01.58.58:084][  0]LogInit:      CURL_VERSION_ASYNCHDNS
[2015.10.15-01.58.58:084][  0]LogInit:      CURL_VERSION_LARGEFILE
[2015.10.15-01.58.58:084][  0]LogInit:      CURL_VERSION_IDN
[2015.10.15-01.58.58:084][  0]LogInit:  CurlRequestOptions (configurable via config and command line):
[2015.10.15-01.58.58:084][  0]LogInit:  - bVerifyPeer = true  - Libcurl will verify peer certificate
[2015.10.15-01.58.58:084][  0]LogInit:  - bUseHttpProxy = false  - Libcurl will NOT use HTTP proxy
[2015.10.15-01.58.58:084][  0]LogInit:  - bDontReuseConnections = false  - Libcurl will reuse connections
[2015.10.15-01.58.58:084][  0]LogInit:  - CertBundlePath = nullptr  - Libcurl will use whatever was configured at build time.
[2015.10.15-01.58.58:095][  0]LogOnline:Warning: No default platform service specified for OnlineSubsystem
[2015.10.15-01.58.58:108][  0]LogInit: Presizing for 0 objects not considered by GC, pre-allocating 0 bytes.
[2015.10.15-01.58.58:114][  0]LogInit: Object subsystem initialized
[2015.10.15-01.58.58:115][  0]LogConsoleResponse:Warning: Skipping Unknown console variable: 'TranslucentSortAxis = (X=0.000000,Y=-1.000000,Z=0.000000)'
[2015.10.15-01.58.58:115][  0]LogConsoleResponse:Warning:   Found in ini file 'D:/Desktop/LeftRight_Push/LeftRight_Push/Saved/Config/Windows/Engine.ini', in section '[/Script/Engine.RendererSettings]'
[2015.10.15-01.58.58:115][  0]LogConsoleResponse:Warning: Skipping Unknown console variable: 'UIScaleRule = ShortestSide'
[2015.10.15-01.58.58:115][  0]LogConsoleResponse:Warning:   Found in ini file 'D:/Desktop/LeftRight_Push/LeftRight_Push/Saved/Config/Windows/Engine.ini', in section '[/Script/Engine.RendererSettings]'
[2015.10.15-01.58.58:115][  0]LogConsoleResponse:Warning: Skipping Unknown console variable: 'UIScaleCurve = (EditorCurveData=(Keys=),ExternalCurve=None)'
[2015.10.15-01.58.58:115][  0]LogConsoleResponse:Warning:   Found in ini file 'D:/Desktop/LeftRight_Push/LeftRight_Push/Saved/Config/Windows/Engine.ini', in section '[/Script/Engine.RendererSettings]'
[2015.10.15-01.58.58:115][  0]LogInit: Selected Device Profile: [Windows]
[2015.10.15-01.58.58:115][  0]LogInit: Applying CVar settings loaded from the selected device profile: [Windows]
[2015.10.15-01.58.58:122][  0]LogInit: Computer: DESKTOP-E7GQ0KF
[2015.10.15-01.58.58:122][  0]LogInit: User: davis
[2015.10.15-01.58.58:122][  0]LogInit: CPU Page size=4096, Cores=4
[2015.10.15-01.58.58:122][  0]LogInit: High frequency timer resolution =2.435768 MHz
[2015.10.15-01.58.58:122][  0]LogMemory: Memory total: Physical=15.8GB (16GB approx)
[2015.10.15-01.58.58:122][  0]LogMemory: Platform Memory Stats for Windows
[2015.10.15-01.58.58:122][  0]LogMemory: Process Physical Memory: 50.86 MB used, 50.86 MB peak
[2015.10.15-01.58.58:122][  0]LogMemory: Process Virtual Memory: 22.35 MB used, 23.21 MB peak
[2015.10.15-01.58.58:122][  0]LogMemory: Physical Memory: 4311.24 MB used, 16211.04 MB total
[2015.10.15-01.58.58:122][  0]LogMemory: Virtual Memory: 307.59 MB used, 134217728.00 MB total
[2015.10.15-01.58.58:384][  0]LogTextLocalizationManager:Warning: Loaded localization resources contain conflicting entries for (Namespace:ContentBrowser, Key:ImportAssetToolTip):
Localization Resource: (D:/Program Files/Epic Games/4.8/Engine/Content/Localization/Editor/en/Editor.locres) Source String Hash: (-630476809) Localized String: (Import to {0}...)
Localization Resource: (D:/Program Files/Epic Games/4.8/Engine/Content/Localization/Editor/en/Editor.locres) Source String Hash: (1271782899) Localized String: (Imports an asset from file to this folder.)
[2015.10.15-01.58.58:838][  0]LogD3D11RHI: Found D3D11 adapter 0: NVIDIA GeForce GTX 860M     (Feature Level 11_0)
[2015.10.15-01.58.58:838][  0]LogD3D11RHI: Adapter has 1995MB of dedicated video memory, 0MB of dedicated system memory, and 8105MB of shared system memory, 2 output[s]
[2015.10.15-01.58.58:845][  0]LogD3D11RHI: Found D3D11 adapter 1: Intel(R) HD Graphics 4600 (Feature Level 11_0)
[2015.10.15-01.58.58:845][  0]LogD3D11RHI: Adapter has 112MB of dedicated video memory, 0MB of dedicated system memory, and 8105MB of shared system memory, 0 output[s]
[2015.10.15-01.58.58:846][  0]LogD3D11RHI: Found D3D11 adapter 2: Microsoft Basic Render Driver (Feature Level 11_0)
[2015.10.15-01.58.58:846][  0]LogD3D11RHI: Adapter has 0MB of dedicated video memory, 0MB of dedicated system memory, and 8105MB of shared system memory, 0 output[s]
[2015.10.15-01.58.58:846][  0]LogD3D11RHI: Chosen D3D11 Adapter Id = 0
[2015.10.15-01.58.58:851][  0]LogD3D11RHI: InitD3DDevice
[2015.10.15-01.58.58:851][  0]LogD3D11RHI: !Direct3DDevice
[2015.10.15-01.58.58:851][  0]LogRHI: Texture pool is 1361 MB (70% of 1945 MB)
[2015.10.15-01.58.58:866][  0]LogD3D11RHI: Async texture creation enabled
[2015.10.15-01.58.58:884][  0]LogShaderCompilers:Display: Using Local Shader Compiler.
[2015.10.15-01.58.59:583][  0]LogTemp:Display: Loaded TP DesktopTargetPlatform
[2015.10.15-01.58.59:595][  0]LogTemp:Display: Loaded TP WindowsClientTargetPlatform
[2015.10.15-01.58.59:607][  0]LogTemp:Display: Loaded TP WindowsNoEditorTargetPlatform
[2015.10.15-01.58.59:618][  0]LogTemp:Display: Loaded TP WindowsServerTargetPlatform
[2015.10.15-01.58.59:631][  0]LogTemp:Display: Loaded TP WindowsTargetPlatform
[2015.10.15-01.58.59:640][  0]LogTemp:Display: Loaded TP AndroidTargetPlatform
[2015.10.15-01.58.59:650][  0]LogTemp:Display: Loaded TP Android_ASTCTargetPlatform
[2015.10.15-01.58.59:659][  0]LogTemp:Display: Loaded TP Android_ATCTargetPlatform
[2015.10.15-01.58.59:670][  0]LogTemp:Display: Loaded TP Android_DXTTargetPlatform
[2015.10.15-01.58.59:680][  0]LogTemp:Display: Loaded TP Android_ETC1TargetPlatform
[2015.10.15-01.58.59:691][  0]LogTemp:Display: Loaded TP Android_ETC2TargetPlatform
[2015.10.15-01.58.59:702][  0]LogTemp:Display: Loaded TP Android_PVRTCTargetPlatform
[2015.10.15-01.58.59:743][  0]LogTemp:Display: Loaded TP IOSTargetPlatform
[2015.10.15-01.58.59:754][  0]LogTemp:Display: Loaded TP LinuxNoEditorTargetPlatform
[2015.10.15-01.58.59:764][  0]LogTemp:Display: Loaded TP LinuxServerTargetPlatform
[2015.10.15-01.58.59:777][  0]LogTemp:Display: Loaded TP LinuxTargetPlatform
[2015.10.15-01.58.59:777][  0]LogTargetPlatformManager:Display: Building Assets For Windows
[2015.10.15-01.58.59:941][  0]LogDerivedDataCache:Display: Max Cache Size: 512 MB
[2015.10.15-01.58.59:999][  0]LogDerivedDataCache: Loaded boot cache 0.06s 53MB C:/Users/davis/AppData/Local/UnrealEngine/4.8/DerivedDataCache/Boot.ddc.
[2015.10.15-01.58.59:999][  0]LogDerivedDataCache:Display: Loaded Boot cache: C:/Users/davis/AppData/Local/UnrealEngine/4.8/DerivedDataCache/Boot.ddc
[2015.10.15-01.58.59:999][  0]LogDerivedDataCache: FDerivedDataBackendGraph:  Pak pak cache file ../../../../../../Desktop/LeftRight_Push/LeftRight_Push/DerivedDataCache/DDC.ddp not found, will not use a pak cache.
[2015.10.15-01.58.59:999][  0]LogDerivedDataCache: Unable to find inner node Pak for hierarchical cache Hierarchy.
[2015.10.15-01.58.59:999][  0]LogDerivedDataCache: FDerivedDataBackendGraph:  CompressedPak pak cache file ../../../../../../Desktop/LeftRight_Push/LeftRight_Push/DerivedDataCache/Compressed.ddp not found, will not use a pak cache.
[2015.10.15-01.58.59:999][  0]LogDerivedDataCache: Unable to find inner node CompressedPak for hierarchical cache Hierarchy.
[2015.10.15-01.59.00:133][  0]LogDerivedDataCache:Display: Pak cache opened for reading ../../../Engine/DerivedDataCache/Compressed.ddp.
[2015.10.15-01.59.00:147][  0]LogDerivedDataCache: Using Local data cache path C:/Users/davis/AppData/Local/UnrealEngine/Common/DerivedDataCache: Writable
[2015.10.15-01.59.00:338][  0]LogInit: Selected Device Profile: [Windows]
[2015.10.15-01.59.00:419][  0]ImportText (ComponentSweepMultiTests): Missing closing parenthesis: (RootShapeAsset="/Engine/BasicShapes/Cube.Cube",ShapeType="TriggerCapsule",HitResult=(Time=0.50,Location=(X=-100.000015,Y=0.0,Z=100.000015),ImpactPoint=(X=-50.0,Y=0.0,Z=50.0),Normal=(X=-1.0,Y=-0.0,Z=0.0),ImpactNormal=(X=0.0,Y=0.0,Z=1.0),TraceStart=(X=-200.0,Y=0.0,Z=200.0),TraceEnd=(X=0.0,Y=0.0,Z=0.0))
[2015.10.15-01.59.00:419][  0]ImportText (LineTraceSingleByChannelTests): Missing closing parenthesis: (RootShapeAsset="/Engine/BasicShapes/Cube.Cube",HitResult=(Time=0.50,Location=(X=-100.000015,Y=0.0,Z=100.000015),ImpactPoint=(X=-50.0,Y=0.0,Z=50.0),Normal=(X=-1.0,Y=-0.0,Z=0.0),ImpactNormal=(X=0.0,Y=0.0,Z=1.0),TraceStart=(X=-200.0,Y=0.0,Z=200.0),TraceEnd=(X=0.0,Y=0.0,Z=0.0))
[2015.10.15-01.59.00:442][  0]LogMeshUtilities: No automatic mesh reduction module available
[2015.10.15-01.59.00:442][  0]LogMeshUtilities: No automatic mesh merging module available
[2015.10.15-01.59.00:724][  0]LogInit: WinSock: version 1.1 (2.2), MaxSocks=32767, MaxUdp=65467
[2015.10.15-01.59.01:519][  0]UdpMessaging: Initializing bridge on interface 0.0.0.0:0 to multicast group 230.0.0.1:6666.
[2015.10.15-01.59.01:794][  0]SourceControl: Info Source control is disabled
[2015.10.15-01.59.01:836][  0]SourceControl: Info Source control is disabled
[2015.10.15-01.59.01:844][  0]SourceControl: Info Source control is disabled
[2015.10.15-01.59.01:852][  0]SourceControl: Info Source control is disabled
[2015.10.15-01.59.02:071][  0]LeapPluginLog: Using LeapPlugin version 0.9.5
[2015.10.15-01.59.02:075][  0]LogObj: 26891 objects as part of root set at end of initial load.
[2015.10.15-01.59.02:075][  0]LogUObjectAllocator: 5510376 out of 0 bytes used by permanent object pool.
[2015.10.15-01.59.02:139][  0]LogEngine: Initializing Engine...
[2015.10.15-01.59.02:141][  0]OCULUS: Info: [CAPI] LibOVR module is located at C:\WINDOWS\SYSTEM32\LibOVRRT64_0_6.dll

[2015.10.15-01.59.02:742][  0]OCULUS: Error: [CAPI] ovrHmd_Create failed to complete within the timeout period.
[2015.10.15-01.59.02:847][  0]LogHMD:Warning: SteamVR failed to initialize.  Error: 110
[2015.10.15-01.59.03:005][  0]LogAIModule: Creating AISystem for world NewWorld
[2015.10.15-01.59.03:012][  0]LogInit: XAudio2 using 'スピーカー (Logicool G430 Gaming Headset)' : 8 channels at 48 kHz using 16 bits per sample (channel mask 0x63f)
[2015.10.15-01.59.03:048][  0]LogInit: FAudioDevice initialized.
[2015.10.15-01.59.03:076][  0]LogDerivedDataCache: Saved boot cache 0.03s 53MB C:/Users/davis/AppData/Local/UnrealEngine/4.8/DerivedDataCache/Boot.ddc.
[2015.10.15-01.59.03:079][  0]LogInit: Texture streaming: Disabled
[2015.10.15-01.59.03:098][  0]LogAnalytics: Creating configured Analytics provider AnalyticsET
[2015.10.15-01.59.03:099][  0]LogAnalytics: [UEEditor.Rocket.Release] APIServer = http://et2.epicgames.com/ET2/. AppVersion = 4.8.3-2634408+++depot+UE4-Releases+4.8
[2015.10.15-01.59.03:099][  0]LogAnalytics: [UEEditor.Rocket.Release] SetUserId deef9a964707c777c45f94843d0183f3|a11a2bbafe684e7f8452a9fa32728a52|05e64c4f-a5dd-4c96-91ac-6b573ea93332
[2015.10.15-01.59.03:099][  0]LogAnalytics: [UEEditor.Rocket.Release] AnalyticsET::StartSession
[2015.10.15-01.59.03:125][  0]LogInit: Transaction tracking system initialized
[2015.10.15-01.59.03:227][  0]BlueprintLog: New page: Editor Load
[2015.10.15-01.59.03:256][  0]LogAssetRegistry: FAssetRegistry took 0.0111 seconds to start up
[2015.10.15-01.59.03:256][  0]LogDirectoryWatcher:Warning: Failed to begin reading directory changes for ../../../Engine/Plugins/Experimental/CharacterAI/Content/. Error: 0
[2015.10.15-01.59.03:787][  0]LogConsoleManager:Warning: Console variable 'r.VSync' wasn't set ('GameSetting' has a lower priority than 'SystemSettingsIni')
[2015.10.15-01.59.03:788][  0]LogConsoleResponse:Display: 
[2015.10.15-01.59.03:878][  0]LogCook:Display: Done creating registry. It took  0.00s.
[2015.10.15-01.59.04:026][  0]SourceControl: Info Source control is disabled
[2015.10.15-01.59.04:026][  0]Cmd: MAP LOAD FILE="../../../../../../Desktop/LeftRight_Push/LeftRight_Push/Content/StarterContent/Maps/Minimal_Default.umap" TEMPLATE=0 SHOWPROGRESS=1 FEATURELEVEL=3
[2015.10.15-01.59.04:027][  0]LightingResults: New page: Lighting Build
[2015.10.15-01.59.04:036][  0]MapCheck: New page: Map Check
[2015.10.15-01.59.04:036][  0]LightingResults: New page: Lighting Build
[2015.10.15-01.59.04:045][  0]LogParticles: Destroying 0 GPU particle simulations for FXSystem 0x000000C71E7123E0
[2015.10.15-01.59.04:906][  0]LogAIModule: Creating AISystem for world Minimal_Default
[2015.10.15-01.59.04:913][  0]LogEditorServer: Finished looking for orphan Actors (0.000 secs)
[2015.10.15-01.59.04:928][  0]Cmd: MAP CHECKDEP NOCLEARLOG
[2015.10.15-01.59.04:968][  0]MapCheck: Info Map check complete: 0 Error(s), 0 Warning(s), took 39.709ms to complete.
[2015.10.15-01.59.04:968][  0]LogFileHelpers: Loading map 'Minimal_Default' took 0.941
[2015.10.15-01.59.05:093][  0]LogCollectionManager: Loaded 0 collections in 0.001419 seconds
[2015.10.15-01.59.05:100][  0]LogContentBrowser: Native class hierarchy populated in 0.0066 seconds. Added 1818 classes and 305 folders.
[2015.10.15-01.59.05:137][  0]LogContentBrowser: Native class hierarchy updated for 'WidgetCarousel' in 0.0003 seconds. Added 0 classes and 0 folders.
[2015.10.15-01.59.05:159][  0]LogContentBrowser: Native class hierarchy updated for 'AddContentDialog' in 0.0003 seconds. Added 0 classes and 0 folders.
[2015.10.15-01.59.05:171][  0]LogContentBrowser: Native class hierarchy updated for 'SceneOutliner' in 0.0003 seconds. Added 1 classes and 2 folders.
[2015.10.15-01.59.05:221][  0]LogCrashTracker: Crashtracker disabled due to settings.
[2015.10.15-01.59.05:222][  0]LogD3D11RHI: InitD3DDevice
[2015.10.15-01.59.05:225][  0]LogUObjectGlobals:Warning: Failed to find object 'Class None.'
[2015.10.15-01.59.05:248][  0]LogLoad: Full Startup: 8.37 seconds (BP compile: 0.12 seconds)
[2015.10.15-01.59.05:293][  0]LogWindowsTextInputMethodSystem:Display: IME system now activated using TSF (Microsoft IME).
[2015.10.15-01.59.05:349][  0]LogContentStreaming: Texture pool size is 0.000000MB
[2015.10.15-01.59.05:393][  0]LogContentStreaming: Texture pool size now 1000 MB
[2015.10.15-01.59.05:512][  0]LogRenderer: Reallocating scene render targets to support 968x440 (Frame:2).
[2015.10.15-01.59.06:940][ 77]LogAssetRegistry: Asset discovery search completed in 3.6954 seconds
[2015.10.15-01.59.15:696][200]LogD3D11RHI: InitD3DDevice
[2015.10.15-01.59.16:272][233]LogPlayLevel: PIE:  No blueprints needed recompiling
[2015.10.15-01.59.16:274][233]PIE: New page: PIE session: Minimal_Default (Oct 15, 2015, 7:59:16 PM)
[2015.10.15-01.59.16:275][233]LogPlayLevel: Creating play world package: /Game/StarterContent/Maps/UEDPIE_0_Minimal_Default
[2015.10.15-01.59.16:280][233]LogPlayLevel: PIE: StaticDuplicateObject took: (0.004819s)
[2015.10.15-01.59.16:280][233]LogAIModule: Creating AISystem for world Minimal_Default
[2015.10.15-01.59.16:281][233]LogPlayLevel: PIE: World Init took: (0.001277s)
[2015.10.15-01.59.16:281][233]LogPlayLevel: PIE: Created PIE world by copying editor world from /Game/StarterContent/Maps/Minimal_Default.Minimal_Default to /Game/StarterContent/Maps/UEDPIE_0_Minimal_Default.Minimal_Default (0.006409s)
[2015.10.15-01.59.16:319][233]LogInit: XAudio2 using 'スピーカー (Logicool G430 Gaming Headset)' : 8 channels at 48 kHz using 16 bits per sample (channel mask 0x63f)
[2015.10.15-01.59.16:322][233]LogInit: FAudioDevice initialized.
[2015.10.15-01.59.17:581][233]LogBlueprint:Warning: [compiler LeapBasicRiggedCharacter] Warning InputAction Event references unknown Action 'Jump' for  InputAction Jump 
[2015.10.15-01.59.17:582][233]LogBlueprint:Warning: [compiler LeapBasicRiggedCharacter] Warning Input Axis Event references unknown Axis 'LookUpRate' for  InputAxis LookUpRate 
[2015.10.15-01.59.17:582][233]LogBlueprint:Warning: [compiler LeapBasicRiggedCharacter] Warning Input Axis Event references unknown Axis 'TurnRate' for  InputAxis TurnRate 
[2015.10.15-01.59.17:582][233]LogBlueprint:Warning: [compiler LeapBasicRiggedCharacter] Warning Input Axis Event references unknown Axis 'Turn' for  InputAxis Turn 
[2015.10.15-01.59.17:583][233]LogBlueprint:Warning: [compiler LeapBasicRiggedCharacter] Warning Input Axis Event references unknown Axis 'LookUp' for  InputAxis LookUp 
[2015.10.15-01.59.17:583][233]LogBlueprint:Warning: [compiler LeapBasicRiggedCharacter] Warning Input Axis Event references unknown Axis 'MoveRight' for  InputAxis MoveRight 
[2015.10.15-01.59.17:583][233]LogBlueprint:Warning: [compiler LeapBasicRiggedCharacter] Warning Input Axis Event references unknown Axis 'MoveForward' for  InputAxis MoveForward 
[2015.10.15-01.59.17:587][233]LogBlueprint:Warning: [compiler LeapBasicRiggedCharacter] Warning [0020.71] Compile of LeapBasicRiggedCharacter successful, but with 7 Warning(s) [in 29 ms]
[2015.10.15-01.59.17:587][233]LogBlueprint:Warning: [compiler LeapBasicRiggedCharacter] Warning [0020.71] Compile of LeapBasicRiggedCharacter successful, but with 8 Warning(s) [in 0 ms]
[2015.10.15-01.59.17:587][233]LogBlueprint:Warning: [compiler LeapBasicRiggedCharacter] Warning [0020.71] Compile of LeapBasicRiggedCharacter successful, but with 9 Warning(s) [in 0 ms]
[2015.10.15-01.59.17:616][233]LogBlueprint:Warning: [compiler LeapBasicRiggedCharacter] Warning InputAction Event references unknown Action 'Jump' for  InputAction Jump 
[2015.10.15-01.59.17:616][233]LogBlueprint:Warning: [compiler LeapBasicRiggedCharacter] Warning Input Axis Event references unknown Axis 'LookUpRate' for  InputAxis LookUpRate 
[2015.10.15-01.59.17:617][233]LogBlueprint:Warning: [compiler LeapBasicRiggedCharacter] Warning Input Axis Event references unknown Axis 'TurnRate' for  InputAxis TurnRate 
[2015.10.15-01.59.17:617][233]LogBlueprint:Warning: [compiler LeapBasicRiggedCharacter] Warning Input Axis Event references unknown Axis 'Turn' for  InputAxis Turn 
[2015.10.15-01.59.17:617][233]LogBlueprint:Warning: [compiler LeapBasicRiggedCharacter] Warning Input Axis Event references unknown Axis 'LookUp' for  InputAxis LookUp 
[2015.10.15-01.59.17:618][233]LogBlueprint:Warning: [compiler LeapBasicRiggedCharacter] Warning Input Axis Event references unknown Axis 'MoveRight' for  InputAxis MoveRight 
[2015.10.15-01.59.17:618][233]LogBlueprint:Warning: [compiler LeapBasicRiggedCharacter] Warning Input Axis Event references unknown Axis 'MoveForward' for  InputAxis MoveForward 
[2015.10.15-01.59.17:623][233]LogBlueprint:Warning: [compiler LeapBasicRiggedCharacter] Warning [0020.74] Compile of LeapBasicRiggedCharacter successful, but with 7 Warning(s) [in 27 ms]
[2015.10.15-01.59.17:623][233]LogBlueprint:Warning: [compiler LeapBasicRiggedCharacter] Warning [0020.74] Compile of LeapBasicRiggedCharacter successful, but with 8 Warning(s) [in 0 ms]
[2015.10.15-01.59.18:039][233]LogWorld: Game class is 'NewBlueprint_C'
[2015.10.15-01.59.18:040][233]LeapPluginLog: InterfaceObject: NewBlueprint_C_0
[2015.10.15-01.59.18:044][233]LogWorld: Bringing World /Game/StarterContent/Maps/UEDPIE_0_Minimal_Default.Minimal_Default up for play (max tick rate 60) at 2015.10.15-10.59.18
[2015.10.15-01.59.18:044][233]LogActor:Warning: GameSession /Game/StarterContent/Maps/UEDPIE_0_Minimal_Default.Minimal_Default:PersistentLevel.GameSession_0 has natively added scene component(s), but none of them were set as the actor's RootComponent - picking one arbitrarily
[2015.10.15-01.59.18:045][233]LogActor:Warning: GameNetworkManager /Game/StarterContent/Maps/UEDPIE_0_Minimal_Default.Minimal_Default:PersistentLevel.GameNetworkManager_0 has natively added scene component(s), but none of them were set as the actor's RootComponent - picking one arbitrarily
[2015.10.15-01.59.18:045][233]LogWorld: Bringing up level for play took: 0.003154
[2015.10.15-01.59.18:049][233]LeapPluginLog: InterfaceObject: LeapAnimBodyConnector_C_0
[2015.10.15-01.59.18:049][233]LeapPluginLog:Warning: Warning! More than one (2) Leap Controller Component detected! Duplication of work and output may result (inefficiency warning).
[2015.10.15-01.59.18:051][233]PIE: Info Play in editor start time for /Game/StarterContent/Maps/UEDPIE_0_Minimal_Default 1.198
[2015.10.15-01.59.18:117][234]LogBlueprintUserMessages: 0.4
[2015.10.15-01.59.18:129][235]LogBlueprintUserMessages: 0.033495
[2015.10.15-01.59.18:235][237]LogBlueprintUserMessages: 0.089178
[2015.10.15-01.59.18:285][238]LogBlueprintUserMessages: 0.050275
[2015.10.15-01.59.18:317][239]LogBlueprintUserMessages: 0.032048
[2015.10.15-01.59.31:463][ 23]LogBlueprintUserMessages: 0.05633
[2015.10.15-01.59.32:688][ 94]LeapPluginLog: LeapController::CleanupEventData Delete Called
[2015.10.15-01.59.32:688][ 94]LeapPluginLog: LeapController::CleanupEventData Delete Called
[2015.10.15-01.59.32:771][ 94]LogParticles: Destroying 0 GPU particle simulations for FXSystem 0x000000C70CF16660
[2015.10.15-01.59.32:821][ 94]LeapPluginLog: LeapController::CleanupEventData Delete Called
[2015.10.15-01.59.32:843][ 94]LeapPluginLog: LeapController::CleanupEventData Delete Called
[2015.10.15-01.59.32:892][ 94]LeapPluginLog: LeapController::CleanupEventData Delete Called
[2015.10.15-01.59.32:913][ 94]LeapPluginLog: LeapController::CleanupEventData Delete Called
[2015.10.15-01.59.38:669][419]LogD3D11RHI: InitD3DDevice
[2015.10.15-01.59.38:727][419]LogD3D11RHI: InitD3DDevice
[2015.10.15-01.59.38:750][419]LogLinker:Warning: Asset '../../../Engine/Content/ArtTools/RenderToTexture/Macros/RenderToTextureMacros.uasset' has been saved with empty engine version. The asset will be loaded but may be incompatible.
[2015.10.15-01.59.38:818][419]LogLinker:Warning: Asset '../../../Engine/Content/ArtTools/RenderToTexture/Enums/RenderToTexture_Enum.uasset' has been saved with empty engine version. The asset will be loaded but may be incompatible.
[2015.10.15-01.59.39:701][419]LeapPluginLog: InterfaceObject: NewBlueprint_C_1
[2015.10.15-01.59.39:701][419]LogActor:Warning: GameNetworkManager /Engine/Transient.World_2:PersistentLevel.GameNetworkManager_1 has natively added scene component(s), but none of them were set as the actor's RootComponent - picking one arbitrarily
[2015.10.15-02.00.11:938][314]LeapPluginLog: LeapController::CleanupEventData Delete Called
[2015.10.15-02.00.11:938][314]LeapPluginLog: InterfaceObject: NewBlueprint_C_1
[2015.10.15-02.00.11:938][314]LeapPluginLog: LeapController::CleanupEventData Delete Called
[2015.10.15-02.00.11:939][314]LeapPluginLog: InterfaceObject: NewBlueprint_C_1
[2015.10.15-02.00.11:939][314]LeapPluginLog: LeapController::CleanupEventData Delete Called
[2015.10.15-02.00.11:939][314]LeapPluginLog: InterfaceObject: NewBlueprint_C_1
[2015.10.15-02.00.11:972][315]LogRenderer: Reallocating scene render targets to support 968x688 (Frame:2727).
[2015.10.15-02.00.34:808][678]LogPlayLevel: PIE:  No blueprints needed recompiling
[2015.10.15-02.00.34:808][678]PIE: New page: PIE session: Minimal_Default (Oct 15, 2015, 8:00:34 PM)
[2015.10.15-02.00.34:808][678]LogPlayLevel: Creating play world package: /Game/StarterContent/Maps/UEDPIE_0_Minimal_Default
[2015.10.15-02.00.34:813][678]LogPlayLevel: PIE: StaticDuplicateObject took: (0.004749s)
[2015.10.15-02.00.34:814][678]LogAIModule: Creating AISystem for world Minimal_Default
[2015.10.15-02.00.34:814][678]LogPlayLevel: PIE: World Init took: (0.001200s)
[2015.10.15-02.00.34:815][678]LogPlayLevel: PIE: Created PIE world by copying editor world from /Game/StarterContent/Maps/Minimal_Default.Minimal_Default to /Game/StarterContent/Maps/UEDPIE_0_Minimal_Default.Minimal_Default (0.006207s)
[2015.10.15-02.00.34:879][678]LogInit: XAudio2 using 'スピーカー (Logicool G430 Gaming Headset)' : 8 channels at 48 kHz using 16 bits per sample (channel mask 0x63f)
[2015.10.15-02.00.34:882][678]LogInit: FAudioDevice initialized.
[2015.10.15-02.00.34:915][678]LogWorld: Game class is 'NewBlueprint_C'
[2015.10.15-02.00.34:915][678]LeapPluginLog: InterfaceObject: NewBlueprint_C_5
[2015.10.15-02.00.34:915][678]LeapPluginLog:Warning: Warning! More than one (2) Leap Controller Component detected! Duplication of work and output may result (inefficiency warning).
[2015.10.15-02.00.34:919][678]LogWorld: Bringing World /Game/StarterContent/Maps/UEDPIE_0_Minimal_Default.Minimal_Default up for play (max tick rate 60) at 2015.10.15-11.00.34
[2015.10.15-02.00.34:919][678]LogActor:Warning: GameSession /Game/StarterContent/Maps/UEDPIE_0_Minimal_Default.Minimal_Default:PersistentLevel.GameSession_1 has natively added scene component(s), but none of them were set as the actor's RootComponent - picking one arbitrarily
[2015.10.15-02.00.34:920][678]LogActor:Warning: GameNetworkManager /Game/StarterContent/Maps/UEDPIE_0_Minimal_Default.Minimal_Default:PersistentLevel.GameNetworkManager_2 has natively added scene component(s), but none of them were set as the actor's RootComponent - picking one arbitrarily
[2015.10.15-02.00.34:920][678]LogWorld: Bringing up level for play took: 0.003160
[2015.10.15-02.00.34:923][678]LeapPluginLog: InterfaceObject: LeapAnimBodyConnector_C_1
[2015.10.15-02.00.34:923][678]LeapPluginLog:Warning: Warning! More than one (3) Leap Controller Component detected! Duplication of work and output may result (inefficiency warning).
[2015.10.15-02.00.34:925][678]PIE: Info Play in editor start time for /Game/StarterContent/Maps/UEDPIE_0_Minimal_Default 0.072
[2015.10.15-02.00.34:965][679]LogBlueprintUserMessages: 0.180303
[2015.10.15-02.00.36:109][747]LeapPluginLog: LeapController::CleanupEventData Delete Called
[2015.10.15-02.00.36:109][747]LeapPluginLog: LeapController::CleanupEventData Delete Called
[2015.10.15-02.00.36:163][747]LogParticles: Destroying 0 GPU particle simulations for FXSystem 0x000000C712DBF600
[2015.10.15-02.00.55:005][724]LeapPluginLog: LeapController::CleanupEventData Delete Called
[2015.10.15-02.00.57:054][763]LogD3D11RHI: InitD3DDevice
[2015.10.15-02.00.57:123][763]LogD3D11RHI: InitD3DDevice
[2015.10.15-02.00.57:512][763]LeapPluginLog: InterfaceObject: NewBlueprint_C_0
[2015.10.15-02.00.57:513][763]LogActor:Warning: GameNetworkManager /Engine/Transient.World_3:PersistentLevel.GameNetworkManager_3 has natively added scene component(s), but none of them were set as the actor's RootComponent - picking one arbitrarily
[2015.10.15-02.01.46:891][536]LogD3D11RHI: InitD3DDevice
[2015.10.15-02.03.16:642][572]LeapPluginLog: LeapController::CleanupEventData Delete Called
[2015.10.15-02.03.18:667][688]LogPlayLevel: PIE:  No blueprints needed recompiling
[2015.10.15-02.03.18:667][688]PIE: New page: PIE session: Minimal_Default (Oct 15, 2015, 8:03:18 PM)
[2015.10.15-02.03.18:667][688]LogPlayLevel: Creating play world package: /Game/StarterContent/Maps/UEDPIE_0_Minimal_Default
[2015.10.15-02.03.18:672][688]LogPlayLevel: PIE: StaticDuplicateObject took: (0.005061s)
[2015.10.15-02.03.18:673][688]LogAIModule: Creating AISystem for world Minimal_Default
[2015.10.15-02.03.18:674][688]LogPlayLevel: PIE: World Init took: (0.001119s)
[2015.10.15-02.03.18:674][688]LogPlayLevel: PIE: Created PIE world by copying editor world from /Game/StarterContent/Maps/Minimal_Default.Minimal_Default to /Game/StarterContent/Maps/UEDPIE_0_Minimal_Default.Minimal_Default (0.006372s)
[2015.10.15-02.03.18:697][688]LogParticles: Destroying 0 GPU particle simulations for FXSystem 0x000000C716665620
[2015.10.15-02.03.18:720][688]LogParticles: Destroying 0 GPU particle simulations for FXSystem 0x000000C745C83560
[2015.10.15-02.03.18:720][688]LeapPluginLog: LeapController::CleanupEventData Delete Called
[2015.10.15-02.03.18:741][688]LeapPluginLog: LeapController::CleanupEventData Delete Called
[2015.10.15-02.03.18:796][688]LogInit: XAudio2 using 'スピーカー (Logicool G430 Gaming Headset)' : 8 channels at 48 kHz using 16 bits per sample (channel mask 0x63f)
[2015.10.15-02.03.18:800][688]LogInit: FAudioDevice initialized.
[2015.10.15-02.03.18:832][688]LogWorld: Game class is 'NewBlueprint_C'
[2015.10.15-02.03.18:833][688]LeapPluginLog: InterfaceObject: NewBlueprint_C_6
[2015.10.15-02.03.18:837][688]LogWorld: Bringing World /Game/StarterContent/Maps/UEDPIE_0_Minimal_Default.Minimal_Default up for play (max tick rate 60) at 2015.10.15-11.03.18
[2015.10.15-02.03.18:837][688]LogActor:Warning: GameSession /Game/StarterContent/Maps/UEDPIE_0_Minimal_Default.Minimal_Default:PersistentLevel.GameSession_2 has natively added scene component(s), but none of them were set as the actor's RootComponent - picking one arbitrarily
[2015.10.15-02.03.18:837][688]LogActor:Warning: GameNetworkManager /Game/StarterContent/Maps/UEDPIE_0_Minimal_Default.Minimal_Default:PersistentLevel.GameNetworkManager_4 has natively added scene component(s), but none of them were set as the actor's RootComponent - picking one arbitrarily
[2015.10.15-02.03.18:837][688]LogWorld: Bringing up level for play took: 0.003062
[2015.10.15-02.03.18:843][688]LeapPluginLog: InterfaceObject: LeapAnimBodyConnector_C_2
[2015.10.15-02.03.18:843][688]LeapPluginLog:Warning: Warning! More than one (2) Leap Controller Component detected! Duplication of work and output may result (inefficiency warning).
[2015.10.15-02.03.18:847][688]PIE: Info Play in editor start time for /Game/StarterContent/Maps/UEDPIE_0_Minimal_Default -0.006
[2015.10.15-02.03.18:904][689]LogBlueprintUserMessages: 0.250385
[2015.10.15-02.03.18:965][691]LogBlueprintUserMessages: 0.044723
[2015.10.15-02.03.19:012][692]LogBlueprintUserMessages: 0.046854
[2015.10.15-02.03.19:057][693]LogBlueprintUserMessages: 0.045357
[2015.10.15-02.03.19:101][694]LogBlueprintUserMessages: 0.044012
[2015.10.15-02.03.19:133][695]LogBlueprintUserMessages: 0.032011
[2015.10.15-02.04.18:681][264]LogBlueprintUserMessages: 0.042954
[2015.10.15-02.04.26:624][740]LeapPluginLog: LeapController::CleanupEventData Delete Called
[2015.10.15-02.04.26:624][740]LeapPluginLog: LeapController::CleanupEventData Delete Called
[2015.10.15-02.04.26:677][740]LogParticles: Destroying 0 GPU particle simulations for FXSystem 0x000000C7352A9DA0
[2015.10.15-02.04.29:928][921]LogD3D11RHI: InitD3DDevice
[2015.10.15-02.04.29:981][921]LogD3D11RHI: InitD3DDevice
[2015.10.15-02.04.30:241][921]LeapPluginLog: InterfaceObject: NewBlueprint_C_7
[2015.10.15-02.04.30:241][921]LogActor:Warning: GameNetworkManager /Engine/Transient.World_4:PersistentLevel.GameNetworkManager_5 has natively added scene component(s), but none of them were set as the actor's RootComponent - picking one arbitrarily
[2015.10.15-02.04.55:309][894]LogD3D11RHI: InitD3DDevice
[2015.10.15-02.05.07:428][288]LeapPluginLog: LeapController::CleanupEventData Delete Called
[2015.10.15-02.05.10:920][489]LogParticles: Destroying 0 GPU particle simulations for FXSystem 0x000000C746D5AC00
[2015.10.15-02.05.10:925][489]LogD3D11RHI: InitD3DDevice
[2015.10.15-02.05.13:133][489]LogD3D11RHI: InitD3DDevice
[2015.10.15-02.05.13:174][489]Cmd: OBJ SAVEPACKAGE PACKAGE="/Game/New" FILE="../../../../../../Desktop/LeftRight_Push/LeftRight_Push/Content/New.uasset" SILENT=true
[2015.10.15-02.05.13:288][489]LogSavePackage: Save=101.902153ms
[2015.10.15-02.05.13:288][489]LogSavePackage: Moving '../../../../../../Desktop/LeftRight_Push/LeftRight_Push/Saved/NewDE514C3346D4091666DF1EACB995FA32.tmp' to '../../../../../../Desktop/LeftRight_Push/LeftRight_Push/Content/New.uasset'
[2015.10.15-02.05.13:363][489]LogWindowsTextInputMethodSystem:Display: IME system now activated using TSF (Microsoft IME).
[2015.10.15-02.05.13:608][490]Cmd: QUIT_EDITOR
[2015.10.15-02.05.14:720][490]LogExit: Preparing to exit.
[2015.10.15-02.05.15:839][490]LogExit: Editor shut down
[2015.10.15-02.05.15:840][490]LogExit: Transaction tracking system shut down
[2015.10.15-02.05.15:841][490]LogParticles: Destroying 0 GPU particle simulations for FXSystem 0x000000C724B93F60
[2015.10.15-02.05.15:841][490]LogParticles: Destroying 0 GPU particle simulations for FXSystem 0x000000C7263F5A80
[2015.10.15-02.05.15:846][490]LogParticles: Destroying 0 GPU particle simulations for FXSystem 0x000000C744D1F7E0
[2015.10.15-02.05.15:857][490]LeapPluginLog: LeapController::CleanupEventData Delete Called
[2015.10.15-02.05.15:889][490]LeapPluginLog: LeapController::CleanupEventData Delete Called
[2015.10.15-02.05.15:929][490]LeapPluginLog: LeapController::CleanupEventData Delete Called
[2015.10.15-02.05.15:956][490]LeapPluginLog: LeapController::CleanupEventData Delete Called
[2015.10.15-02.05.16:074][490]LogExit: Object subsystem successfully closed.
[2015.10.15-02.05.16:094][490]LogD3D11RHI: Shutdown
[2015.10.15-02.05.16:094][490]LogD3D11RHI: CleanupD3DDevice
[2015.10.15-02.05.16:143][490]LogD3D11RHI: ~FD3D11DynamicRHI
[2015.10.15-02.05.16:159][490]LogModuleManager: Shutting down and abandoning module CrashTracker (189)
[2015.10.15-02.05.16:159][490]LogModuleManager: Shutting down and abandoning module SceneOutliner (188)
[2015.10.15-02.05.16:159][490]LogModuleManager: Shutting down and abandoning module SuperSearch (187)
[2015.10.15-02.05.16:159][490]LogModuleManager: Shutting down and abandoning module WidgetCarousel (186)
[2015.10.15-02.05.16:159][490]LogModuleManager: Shutting down and abandoning module AddContentDialog (185)
[2015.10.15-02.05.16:160][490]LogModuleManager: Shutting down and abandoning module EditorWidgets (184)
[2015.10.15-02.05.16:160][490]LogModuleManager: Shutting down and abandoning module CollectionManager (183)
[2015.10.15-02.05.16:160][490]LogModuleManager: Shutting down and abandoning module StatsViewer (182)
[2015.10.15-02.05.16:160][490]LogModuleManager: Shutting down and abandoning module FoliageEdit (181)
[2015.10.15-02.05.16:160][490]LogModuleManager: Shutting down and abandoning module LandscapeEditor (180)
[2015.10.15-02.05.16:160][490]LogModuleManager: Shutting down and abandoning module ActorPickerMode (179)
[2015.10.15-02.05.16:160][490]LogModuleManager: Shutting down and abandoning module GeometryMode (178)
[2015.10.15-02.05.16:160][490]LogModuleManager: Shutting down and abandoning module TextureAlignMode (177)
[2015.10.15-02.05.16:160][490]LogModuleManager: Shutting down and abandoning module BspMode (176)
[2015.10.15-02.05.16:160][490]LogModuleManager: Shutting down and abandoning module PlacementMode (175)
[2015.10.15-02.05.16:160][490]LogModuleManager: Shutting down and abandoning module AutomationWorker (174)
[2015.10.15-02.05.16:160][490]LogModuleManager: Shutting down and abandoning module CharacterAI (173)
[2015.10.15-02.05.16:160][490]LogModuleManager: Shutting down and abandoning module SmartSnapping (172)
[2015.10.15-02.05.16:160][490]LogModuleManager: Shutting down and abandoning module ViewportSnapping (171)
[2015.10.15-02.05.16:160][490]LogModuleManager: Shutting down and abandoning module LogVisualizer (170)
[2015.10.15-02.05.16:160][490]LogModuleManager: Shutting down and abandoning module GameProjectGeneration (169)
[2015.10.15-02.05.16:160][490]LogModuleManager: Shutting down and abandoning module IntroTutorials (168)
[2015.10.15-02.05.16:160][490]LogModuleManager: Shutting down and abandoning module EditorLiveStreaming (167)
[2015.10.15-02.05.16:160][490]LogModuleManager: Shutting down and abandoning module IOSPlatformEditor (166)
[2015.10.15-02.05.16:160][490]LogModuleManager: Shutting down and abandoning module HTML5PlatformEditor (165)
[2015.10.15-02.05.16:160][490]LogModuleManager: Shutting down and abandoning module AndroidDeviceDetection (164)
[2015.10.15-02.05.16:816][490]LogModuleManager: Shutting down and abandoning module AndroidPlatformEditor (163)
[2015.10.15-02.05.16:816][490]LogModuleManager: Shutting down and abandoning module IOSRuntimeSettings (162)
[2015.10.15-02.05.16:816][490]LogModuleManager: Shutting down and abandoning module AndroidRuntimeSettings (161)
[2015.10.15-02.05.16:816][490]LogModuleManager: Shutting down and abandoning module MergeActors (160)
[2015.10.15-02.05.16:816][490]LogModuleManager: Shutting down and abandoning module SizeMap (159)
[2015.10.15-02.05.16:816][490]LogModuleManager: Shutting down and abandoning module TreeMap (158)
[2015.10.15-02.05.16:816][490]LogModuleManager: Shutting down and abandoning module ReferenceViewer (157)
[2015.10.15-02.05.16:816][490]LogModuleManager: Shutting down and abandoning module LocalizationDashboard (156)
[2015.10.15-02.05.16:816][490]LogModuleManager: Shutting down and abandoning module HardwareTargeting (155)
[2015.10.15-02.05.16:816][490]LogModuleManager: Shutting down and abandoning module DeviceProfileEditor (154)
[2015.10.15-02.05.16:816][490]LogModuleManager: Shutting down and abandoning module UndoHistory (153)
[2015.10.15-02.05.16:816][490]LogModuleManager: Shutting down and abandoning module GameplayTagsEditor (152)
[2015.10.15-02.05.16:816][490]LogModuleManager: Shutting down and abandoning module UserFeedback (151)
[2015.10.15-02.05.16:816][490]LogModuleManager: Shutting down and abandoning module XmlParser (150)
[2015.10.15-02.05.16:816][490]LogModuleManager: Shutting down and abandoning module Blutility (149)
[2015.10.15-02.05.16:816][490]LogModuleManager: Shutting down and abandoning module ProjectTargetPlatformEditor (148)
[2015.10.15-02.05.16:816][490]LogModuleManager: Shutting down and abandoning module ProjectSettingsViewer (147)
[2015.10.15-02.05.16:816][490]LogModuleManager: Shutting down and abandoning module InputBindingEditor (146)
[2015.10.15-02.05.16:816][490]LogModuleManager: Shutting down and abandoning module EditorSettingsViewer (145)
[2015.10.15-02.05.16:816][490]LogModuleManager: Shutting down and abandoning module SettingsEditor (144)
[2015.10.15-02.05.16:817][490]LogModuleManager: Shutting down and abandoning module ProjectLauncher (143)
[2015.10.15-02.05.16:817][490]LogModuleManager: Shutting down and abandoning module SessionFrontend (142)
[2015.10.15-02.05.16:817][490]LogModuleManager: Shutting down and abandoning module ProfilerClient (141)
[2015.10.15-02.05.16:817][490]LogModuleManager: Shutting down and abandoning module TargetDeviceServices (140)
[2015.10.15-02.05.16:817][490]LogModuleManager: Shutting down and abandoning module DeviceManager (139)
[2015.10.15-02.05.16:817][490]LogModuleManager: Shutting down and abandoning module AutomationController (138)
[2015.10.15-02.05.16:817][490]LogModuleManager: Shutting down and abandoning module AutomationWindow (137)
[2015.10.15-02.05.16:817][490]LogModuleManager: Shutting down and abandoning module Layers (136)
[2015.10.15-02.05.16:817][490]LogModuleManager: Shutting down and abandoning module ComponentVisualizers (135)
[2015.10.15-02.05.16:817][490]LogModuleManager: Shutting down and abandoning module DetailCustomizations (134)
[2015.10.15-02.05.16:817][490]LogModuleManager: Shutting down and abandoning module PackagesDialog (133)
[2015.10.15-02.05.16:817][490]LogModuleManager: Shutting down and abandoning module AssetRegistry (132)
[2015.10.15-02.05.16:986][490]LogModuleManager: Shutting down and abandoning module Persona (131)
[2015.10.15-02.05.16:986][490]LogModuleManager: Shutting down and abandoning module Kismet (130)
[2015.10.15-02.05.16:986][490]LogModuleManager: Shutting down and abandoning module GraphEditor (129)
[2015.10.15-02.05.16:986][490]LogModuleManager: Shutting down and abandoning module ClassViewer (128)
[2015.10.15-02.05.16:986][490]LogModuleManager: Shutting down and abandoning module Toolbox (127)
[2015.10.15-02.05.16:986][490]LogModuleManager: Shutting down and abandoning module ModuleUI (126)
[2015.10.15-02.05.16:986][490]LogModuleManager: Shutting down and abandoning module MovieSceneTools (125)
[2015.10.15-02.05.16:986][490]LogModuleManager: Shutting down and abandoning module OutputLog (124)
[2015.10.15-02.05.16:986][490]LogModuleManager: Shutting down and abandoning module GammaUI (123)
[2015.10.15-02.05.16:986][490]LogModuleManager: Shutting down and abandoning module Documentation (122)
[2015.10.15-02.05.16:986][490]LogModuleManager: Shutting down and abandoning module GameLiveStreaming (121)
[2015.10.15-02.05.16:986][490]LogModuleManager: Shutting down and abandoning module StreamingPauseRendering (120)
[2015.10.15-02.05.16:986][490]LogModuleManager: Shutting down and abandoning module AnalyticsET (119)
[2015.10.15-02.05.16:986][490]LogModuleManager: Shutting down and abandoning module Analytics (118)
[2015.10.15-02.05.16:986][490]LogModuleManager: Shutting down and abandoning module AITestSuite (117)
[2015.10.15-02.05.16:986][490]LogModuleManager: Shutting down and abandoning module GameplayDebugger (116)
[2015.10.15-02.05.16:986][490]LogModuleManager: Shutting down and abandoning module AIModule (115)
[2015.10.15-02.05.16:986][490]LogModuleManager: Shutting down and abandoning module ProfilerService (114)
[2015.10.15-02.05.17:018][490]LogModuleManager: Shutting down and abandoning module TaskGraph (113)
[2015.10.15-02.05.17:018][490]LogModuleManager: Shutting down and abandoning module LeapMotion (112)
[2015.10.15-02.05.17:036][490]LogModuleManager: Shutting down and abandoning module SlateRemote (111)
[2015.10.15-02.05.17:036][490]LogModuleManager: Shutting down and abandoning module SteamVRController (110)
[2015.10.15-02.05.17:036][490]LogModuleManager: Shutting down and abandoning module SteamVR (109)
[2015.10.15-02.05.17:036][490]LogModuleManager: Shutting down and abandoning module ProceduralMeshComponent (108)
[2015.10.15-02.05.17:036][490]LogModuleManager: Shutting down and abandoning module OculusRift (107)
[2015.10.15-02.05.17:036][490]LogModuleManager: Shutting down and abandoning module LeapMotionController (106)
[2015.10.15-02.05.17:105][490]LogModuleManager: Shutting down and abandoning module CustomMeshComponent (105)
[2015.10.15-02.05.17:105][490]LogModuleManager: Shutting down and abandoning module CableComponent (104)
[2015.10.15-02.05.17:105][490]LogModuleManager: Shutting down and abandoning module MessagingDebugger (103)
[2015.10.15-02.05.17:106][490]LogModuleManager: Shutting down and abandoning module MediaPlayerEditor (102)
[2015.10.15-02.05.17:106][490]LogModuleManager: Shutting down and abandoning module SpeedTreeImporter (101)
[2015.10.15-02.05.17:106][490]LogModuleManager: Shutting down and abandoning module PluginBrowser (100)
[2015.10.15-02.05.17:106][490]LogModuleManager: Shutting down and abandoning module EpicSurvey (99)
[2015.10.15-02.05.17:106][490]LogModuleManager: Shutting down and abandoning module DesktopPlatform (98)
[2015.10.15-02.05.17:106][490]LogModuleManager: Shutting down and abandoning module VisualStudioSourceCodeAccess (97)
[2015.10.15-02.05.17:106][490]LogModuleManager: Shutting down and abandoning module UObjectPlugin (96)
[2015.10.15-02.05.17:106][490]LogModuleManager: Shutting down and abandoning module SubversionSourceControl (95)
[2015.10.15-02.05.17:106][490]LogModuleManager: Shutting down and abandoning module PerforceSourceControl (94)
[2015.10.15-02.05.17:106][490]LogModuleManager: Shutting down and abandoning module SourceControl (93)
[2015.10.15-02.05.17:106][490]LogModuleManager: Shutting down and abandoning module GitSourceControl (92)
[2015.10.15-02.05.17:106][490]LogModuleManager: Shutting down and abandoning module BlankPlugin (91)
[2015.10.15-02.05.17:106][490]LogModuleManager: Shutting down and abandoning module PaperTiledImporter (90)
[2015.10.15-02.05.17:106][490]LogModuleManager: Shutting down and abandoning module PaperSpriteSheetImporter (89)
[2015.10.15-02.05.17:106][490]LogModuleManager: Shutting down and abandoning module MeshPaint (88)
[2015.10.15-02.05.17:107][490]LogModuleManager: Shutting down and abandoning module SlateReflector (87)
[2015.10.15-02.05.17:107][490]LogModuleManager: Shutting down and abandoning module DirectoryWatcher (86)
[2015.10.15-02.05.17:108][490]LogModuleManager: Shutting down and abandoning module HotReload (85)
[2015.10.15-02.05.17:108][490]LogModuleManager: Shutting down and abandoning module MainFrame (84)
[2015.10.15-02.05.17:108][490]LogModuleManager: Shutting down and abandoning module LevelEditor (83)
[2015.10.15-02.05.17:111][490]LogModuleManager: Shutting down and abandoning module ContentBrowser (82)
[2015.10.15-02.05.17:113][490]LogModuleManager: Shutting down and abandoning module Paper2DEditor (81)
[2015.10.15-02.05.17:114][490]LogModuleManager: Shutting down and abandoning module UdpMessaging (80)
[2015.10.15-02.05.17:214][490]LogModuleManager: Shutting down and abandoning module Paper2D (79)
[2015.10.15-02.05.17:214][490]LogModuleManager: Shutting down and abandoning module WindowsMoviePlayer (78)
[2015.10.15-02.05.17:221][490]LogModuleManager: Shutting down and abandoning module Media (77)
[2015.10.15-02.05.17:221][490]LogModuleManager: Shutting down and abandoning module WmfMedia (76)
[2015.10.15-02.05.17:221][490]LogModuleManager: Shutting down and abandoning module OnlineBlueprintSupport (75)
[2015.10.15-02.05.17:221][490]LogModuleManager: Shutting down and abandoning module PropertyEditor (74)
[2015.10.15-02.05.17:221][490]LogModuleManager: Shutting down and abandoning module BehaviorTreeEditor (73)
[2015.10.15-02.05.17:221][490]LogModuleManager: Shutting down and abandoning module FunctionalTesting (72)
[2015.10.15-02.05.17:221][490]LogModuleManager: Shutting down and abandoning module CollisionAnalyzer (71)
[2015.10.15-02.05.17:222][490]LogModuleManager: Shutting down and abandoning module WorkspaceMenuStructure (70)
[2015.10.15-02.05.17:222][490]LogModuleManager: Shutting down and abandoning module MessageLog (69)
[2015.10.15-02.05.17:222][490]LogModuleManager: Shutting down and abandoning module Sequencer (68)
[2015.10.15-02.05.17:222][490]LogModuleManager: Shutting down and abandoning module AssetTools (67)
[2015.10.15-02.05.17:222][490]LogModuleManager: Shutting down and abandoning module UMGEditor (66)
[2015.10.15-02.05.17:222][490]LogModuleManager: Shutting down and abandoning module UMG (65)
[2015.10.15-02.05.17:222][490]LogModuleManager: Shutting down and abandoning module Slate (64)
[2015.10.15-02.05.17:222][490]LogModuleManager: Shutting down and abandoning module EditorStyle (63)
[2015.10.15-02.05.17:225][490]LogModuleManager: Shutting down and abandoning module SessionServices (62)
[2015.10.15-02.05.17:225][490]LogModuleManager: Shutting down and abandoning module SourceCodeAccess (61)
[2015.10.15-02.05.17:225][490]LogModuleManager: Shutting down and abandoning module HeadMountedDisplay (60)
[2015.10.15-02.05.17:225][490]LogModuleManager: Shutting down and abandoning module XAudio2 (59)
[2015.10.15-02.05.17:225][490]LogModuleManager: Shutting down and abandoning module Networking (57)
[2015.10.15-02.05.17:225][490]LogModuleManager: Shutting down and abandoning module Core (56)
[2015.10.15-02.05.17:225][490]LogModuleManager: Shutting down and abandoning module KismetCompiler (55)
[2015.10.15-02.05.17:225][490]LogModuleManager: Shutting down and abandoning module PhysXFormats (54)
[2015.10.15-02.05.17:225][490]LogModuleManager: Shutting down and abandoning module MeshUtilities (53)
[2015.10.15-02.05.17:225][490]LogModuleManager: Shutting down and abandoning module DerivedDataCache (52)
[2015.10.15-02.05.17:250][490]LogDerivedDataCache: Shutdown
[2015.10.15-02.05.17:250][490]LogModuleManager: Shutting down and abandoning module ShaderFormatOpenGL (51)
[2015.10.15-02.05.17:250][490]LogModuleManager: Shutting down and abandoning module ShaderFormatD3D (50)
[2015.10.15-02.05.17:250][490]LogModuleManager: Shutting down and abandoning module MetalShaderFormat (49)
[2015.10.15-02.05.17:250][490]LogModuleManager: Shutting down and abandoning module TextureFormatUncompressed (48)
[2015.10.15-02.05.17:250][490]LogModuleManager: Shutting down and abandoning module TextureFormatPVR (47)
[2015.10.15-02.05.17:250][490]LogModuleManager: Shutting down and abandoning module TextureFormatIntelISPCTexComp (46)
[2015.10.15-02.05.17:250][490]LogModuleManager: Shutting down and abandoning module TextureFormatDXT (45)
[2015.10.15-02.05.17:250][490]LogModuleManager: Shutting down and abandoning module ImageWrapper (44)
[2015.10.15-02.05.17:250][490]LogModuleManager: Shutting down and abandoning module TextureFormatASTC (43)
[2015.10.15-02.05.17:250][490]LogModuleManager: Shutting down and abandoning module TextureFormatAndroid (42)
[2015.10.15-02.05.17:250][490]LogModuleManager: Shutting down and abandoning module AudioFormatOpus (41)
[2015.10.15-02.05.17:250][490]LogModuleManager: Shutting down and abandoning module AudioFormatOgg (40)
[2015.10.15-02.05.17:250][490]LogModuleManager: Shutting down and abandoning module AudioFormatADPCM (39)
[2015.10.15-02.05.17:250][490]LogModuleManager: Shutting down and abandoning module LinuxTargetPlatform (38)
[2015.10.15-02.05.17:250][490]LogModuleManager: Shutting down and abandoning module LinuxServerTargetPlatform (37)
[2015.10.15-02.05.17:250][490]LogModuleManager: Shutting down and abandoning module LinuxNoEditorTargetPlatform (36)
[2015.10.15-02.05.17:250][490]LogModuleManager: Shutting down and abandoning module Messaging (35)
[2015.10.15-02.05.17:250][490]LogModuleManager: Shutting down and abandoning module IOSTargetPlatform (34)
[2015.10.15-02.05.17:250][490]LogModuleManager: Shutting down and abandoning module HTML5TargetPlatform (33)
[2015.10.15-02.05.17:250][490]LogModuleManager: Shutting down and abandoning module Android_PVRTCTargetPlatform (32)
[2015.10.15-02.05.17:250][490]LogModuleManager: Shutting down and abandoning module Android_ETC2TargetPlatform (31)
[2015.10.15-02.05.17:250][490]LogModuleManager: Shutting down and abandoning module Android_ETC1TargetPlatform (30)
[2015.10.15-02.05.17:250][490]LogModuleManager: Shutting down and abandoning module Android_DXTTargetPlatform (29)
[2015.10.15-02.05.17:250][490]LogModuleManager: Shutting down and abandoning module Android_ATCTargetPlatform (28)
[2015.10.15-02.05.17:250][490]LogModuleManager: Shutting down and abandoning module Android_ASTCTargetPlatform (27)
[2015.10.15-02.05.17:250][490]LogModuleManager: Shutting down and abandoning module AndroidTargetPlatform (26)
[2015.10.15-02.05.17:250][490]LogModuleManager: Shutting down and abandoning module WindowsTargetPlatform (25)
[2015.10.15-02.05.17:250][490]LogModuleManager: Shutting down and abandoning module WindowsServerTargetPlatform (24)
[2015.10.15-02.05.17:250][490]LogModuleManager: Shutting down and abandoning module WindowsNoEditorTargetPlatform (23)
[2015.10.15-02.05.17:250][490]LogModuleManager: Shutting down and abandoning module WindowsClientTargetPlatform (22)
[2015.10.15-02.05.17:250][490]LogModuleManager: Shutting down and abandoning module DesktopTargetPlatform (21)
[2015.10.15-02.05.17:250][490]LogModuleManager: Shutting down and abandoning module TargetPlatform (20)
[2015.10.15-02.05.17:250][490]LogModuleManager: Shutting down and abandoning module InputCore (19)
[2015.10.15-02.05.17:250][490]LogModuleManager: Shutting down and abandoning module Settings (18)
[2015.10.15-02.05.17:250][490]LogModuleManager: Shutting down and abandoning module OnlineSubsystem (16)
[2015.10.15-02.05.17:250][490]LogModuleManager: Shutting down and abandoning module HTTP (15)
[2015.10.15-02.05.17:251][490]LogModuleManager: Shutting down and abandoning module ExampleDeviceProfileSelector (14)
[2015.10.15-02.05.17:251][490]LogModuleManager: Shutting down and abandoning module TextureCompressor (13)
[2015.10.15-02.05.17:251][490]LogModuleManager: Shutting down and abandoning module ShaderCore (12)
[2015.10.15-02.05.17:251][490]LogModuleManager: Shutting down and abandoning module Landscape (11)
[2015.10.15-02.05.17:251][490]LogModuleManager: Shutting down and abandoning module SlateRHIRenderer (10)
[2015.10.15-02.05.17:254][490]LogModuleManager: Shutting down and abandoning module OpenGLDrv (9)
[2015.10.15-02.05.17:254][490]LogModuleManager: Shutting down and abandoning module D3D11RHI (8)
[2015.10.15-02.05.17:254][490]LogModuleManager: Shutting down and abandoning module Renderer (7)
[2015.10.15-02.05.17:254][490]LogModuleManager: Shutting down and abandoning module Engine (6)
[2015.10.15-02.05.17:254][490]LogModuleManager: Shutting down and abandoning module CoreUObject (5)
[2015.10.15-02.05.17:254][490]LogModuleManager: Shutting down and abandoning module NetworkFile (4)
[2015.10.15-02.05.17:254][490]LogModuleManager: Shutting down and abandoning module StreamingFile (3)
[2015.10.15-02.05.17:254][490]LogModuleManager: Shutting down and abandoning module SandboxFile (2)
[2015.10.15-02.05.17:254][490]LogModuleManager: Shutting down and abandoning module PakFile (1)
[2015.10.15-02.05.17:255][490]LogExit: Exiting.
[2015.10.15-02.05.17:271][490]Log file closed, 10/15/15 11:05:17
