[2015.10.15-02.20.01:705][  0]Log file open, 10/15/15 11:20:01
[2015.10.15-02.20.01:705][  0]LogInit:Display: Running engine for game: LeftRight_Push
[2015.10.15-02.20.01:705][  0]LogInit:Display: RandInit(862443130) SRandInit(862443130).
[2015.10.15-02.20.01:705][  0]LogTaskGraph: Started task graph with 4 named threads and 7 total threads.
[2015.10.15-02.20.01:705][  0]LogStats: Stats thread started
[2015.10.15-02.20.01:705][  0]LogInit: Version: 4.8.3-2634408+++depot+UE4-Releases+4.8
[2015.10.15-02.20.01:705][  0]LogInit: API Version: 2579680
[2015.10.15-02.20.01:705][  0]LogInit: Compiled (64-bit): Jul 27 2015 16:24:33
[2015.10.15-02.20.01:705][  0]LogInit: Compiled with Visual C++: 18.00.21005.01
[2015.10.15-02.20.01:705][  0]LogInit: Build Configuration: Development
[2015.10.15-02.20.01:705][  0]LogInit: Branch Name: ++depot+UE4-Releases+4.8
[2015.10.15-02.20.01:705][  0]LogInit: Command line:  
[2015.10.15-02.20.01:705][  0]LogInit: Base directory: D:/Program Files/Epic Games/4.8/Engine/Binaries/Win64/
[2015.10.15-02.20.01:705][  0]LogInit: Rocket: 1
[2015.10.15-02.20.01:718][  0]LogInit: Using libcurl 7.41.0
[2015.10.15-02.20.01:718][  0]LogInit:  - built for x86_64-pc-win32
[2015.10.15-02.20.01:718][  0]LogInit:  - supports SSL with WinSSL
[2015.10.15-02.20.01:718][  0]LogInit:  - other features:
[2015.10.15-02.20.01:718][  0]LogInit:      CURL_VERSION_SSL
[2015.10.15-02.20.01:718][  0]LogInit:      CURL_VERSION_IPV6
[2015.10.15-02.20.01:718][  0]LogInit:      CURL_VERSION_ASYNCHDNS
[2015.10.15-02.20.01:718][  0]LogInit:      CURL_VERSION_LARGEFILE
[2015.10.15-02.20.01:718][  0]LogInit:      CURL_VERSION_IDN
[2015.10.15-02.20.01:718][  0]LogInit:  CurlRequestOptions (configurable via config and command line):
[2015.10.15-02.20.01:718][  0]LogInit:  - bVerifyPeer = true  - Libcurl will verify peer certificate
[2015.10.15-02.20.01:718][  0]LogInit:  - bUseHttpProxy = false  - Libcurl will NOT use HTTP proxy
[2015.10.15-02.20.01:718][  0]LogInit:  - bDontReuseConnections = false  - Libcurl will reuse connections
[2015.10.15-02.20.01:718][  0]LogInit:  - CertBundlePath = nullptr  - Libcurl will use whatever was configured at build time.
[2015.10.15-02.20.01:729][  0]LogOnline:Warning: No default platform service specified for OnlineSubsystem
[2015.10.15-02.20.01:742][  0]LogInit: Presizing for 0 objects not considered by GC, pre-allocating 0 bytes.
[2015.10.15-02.20.01:749][  0]LogInit: Object subsystem initialized
[2015.10.15-02.20.01:750][  0]LogConsoleResponse:Warning: Skipping Unknown console variable: 'TranslucentSortAxis = (X=0.000000,Y=-1.000000,Z=0.000000)'
[2015.10.15-02.20.01:750][  0]LogConsoleResponse:Warning:   Found in ini file 'D:/Documents/GitHub/LeapUI/LeftRight_Push/Saved/Config/Windows/Engine.ini', in section '[/Script/Engine.RendererSettings]'
[2015.10.15-02.20.01:750][  0]LogConsoleResponse:Warning: Skipping Unknown console variable: 'UIScaleRule = ShortestSide'
[2015.10.15-02.20.01:750][  0]LogConsoleResponse:Warning:   Found in ini file 'D:/Documents/GitHub/LeapUI/LeftRight_Push/Saved/Config/Windows/Engine.ini', in section '[/Script/Engine.RendererSettings]'
[2015.10.15-02.20.01:750][  0]LogConsoleResponse:Warning: Skipping Unknown console variable: 'UIScaleCurve = (EditorCurveData=(Keys=),ExternalCurve=None)'
[2015.10.15-02.20.01:750][  0]LogConsoleResponse:Warning:   Found in ini file 'D:/Documents/GitHub/LeapUI/LeftRight_Push/Saved/Config/Windows/Engine.ini', in section '[/Script/Engine.RendererSettings]'
[2015.10.15-02.20.01:751][  0]LogInit: Selected Device Profile: [Windows]
[2015.10.15-02.20.01:751][  0]LogInit: Applying CVar settings loaded from the selected device profile: [Windows]
[2015.10.15-02.20.01:758][  0]LogInit: Computer: DESKTOP-E7GQ0KF
[2015.10.15-02.20.01:758][  0]LogInit: User: davis
[2015.10.15-02.20.01:758][  0]LogInit: CPU Page size=4096, Cores=4
[2015.10.15-02.20.01:758][  0]LogInit: High frequency timer resolution =2.435768 MHz
[2015.10.15-02.20.01:758][  0]LogMemory: Memory total: Physical=15.8GB (16GB approx)
[2015.10.15-02.20.01:758][  0]LogMemory: Platform Memory Stats for Windows
[2015.10.15-02.20.01:758][  0]LogMemory: Process Physical Memory: 51.02 MB used, 51.02 MB peak
[2015.10.15-02.20.01:758][  0]LogMemory: Process Virtual Memory: 22.35 MB used, 23.21 MB peak
[2015.10.15-02.20.01:758][  0]LogMemory: Physical Memory: 4462.91 MB used, 16211.04 MB total
[2015.10.15-02.20.01:758][  0]LogMemory: Virtual Memory: 307.59 MB used, 134217728.00 MB total
[2015.10.15-02.20.02:018][  0]LogTextLocalizationManager:Warning: Loaded localization resources contain conflicting entries for (Namespace:ContentBrowser, Key:ImportAssetToolTip):
Localization Resource: (D:/Program Files/Epic Games/4.8/Engine/Content/Localization/Editor/en/Editor.locres) Source String Hash: (-630476809) Localized String: (Import to {0}...)
Localization Resource: (D:/Program Files/Epic Games/4.8/Engine/Content/Localization/Editor/en/Editor.locres) Source String Hash: (1271782899) Localized String: (Imports an asset from file to this folder.)
[2015.10.15-02.20.02:487][  0]LogD3D11RHI: Found D3D11 adapter 0: NVIDIA GeForce GTX 860M     (Feature Level 11_0)
[2015.10.15-02.20.02:487][  0]LogD3D11RHI: Adapter has 1995MB of dedicated video memory, 0MB of dedicated system memory, and 8105MB of shared system memory, 2 output[s]
[2015.10.15-02.20.02:494][  0]LogD3D11RHI: Found D3D11 adapter 1: Intel(R) HD Graphics 4600 (Feature Level 11_0)
[2015.10.15-02.20.02:494][  0]LogD3D11RHI: Adapter has 112MB of dedicated video memory, 0MB of dedicated system memory, and 8105MB of shared system memory, 0 output[s]
[2015.10.15-02.20.02:496][  0]LogD3D11RHI: Found D3D11 adapter 2: Microsoft Basic Render Driver (Feature Level 11_0)
[2015.10.15-02.20.02:496][  0]LogD3D11RHI: Adapter has 0MB of dedicated video memory, 0MB of dedicated system memory, and 8105MB of shared system memory, 0 output[s]
[2015.10.15-02.20.02:496][  0]LogD3D11RHI: Chosen D3D11 Adapter Id = 0
[2015.10.15-02.20.02:501][  0]LogD3D11RHI: InitD3DDevice
[2015.10.15-02.20.02:501][  0]LogD3D11RHI: !Direct3DDevice
[2015.10.15-02.20.02:501][  0]LogRHI: Texture pool is 1361 MB (70% of 1945 MB)
[2015.10.15-02.20.02:516][  0]LogD3D11RHI: Async texture creation enabled
[2015.10.15-02.20.02:527][  0]LogShaderCompilers:Display: Using Local Shader Compiler.
[2015.10.15-02.20.03:272][  0]LogTemp:Display: Loaded TP DesktopTargetPlatform
[2015.10.15-02.20.03:285][  0]LogTemp:Display: Loaded TP WindowsClientTargetPlatform
[2015.10.15-02.20.03:297][  0]LogTemp:Display: Loaded TP WindowsNoEditorTargetPlatform
[2015.10.15-02.20.03:309][  0]LogTemp:Display: Loaded TP WindowsServerTargetPlatform
[2015.10.15-02.20.03:323][  0]LogTemp:Display: Loaded TP WindowsTargetPlatform
[2015.10.15-02.20.03:333][  0]LogTemp:Display: Loaded TP AndroidTargetPlatform
[2015.10.15-02.20.03:344][  0]LogTemp:Display: Loaded TP Android_ASTCTargetPlatform
[2015.10.15-02.20.03:355][  0]LogTemp:Display: Loaded TP Android_ATCTargetPlatform
[2015.10.15-02.20.03:365][  0]LogTemp:Display: Loaded TP Android_DXTTargetPlatform
[2015.10.15-02.20.03:375][  0]LogTemp:Display: Loaded TP Android_ETC1TargetPlatform
[2015.10.15-02.20.03:387][  0]LogTemp:Display: Loaded TP Android_ETC2TargetPlatform
[2015.10.15-02.20.03:398][  0]LogTemp:Display: Loaded TP Android_PVRTCTargetPlatform
[2015.10.15-02.20.03:442][  0]LogTemp:Display: Loaded TP IOSTargetPlatform
[2015.10.15-02.20.03:454][  0]LogTemp:Display: Loaded TP LinuxNoEditorTargetPlatform
[2015.10.15-02.20.03:466][  0]LogTemp:Display: Loaded TP LinuxServerTargetPlatform
[2015.10.15-02.20.03:479][  0]LogTemp:Display: Loaded TP LinuxTargetPlatform
[2015.10.15-02.20.03:479][  0]LogTargetPlatformManager:Display: Building Assets For Windows
[2015.10.15-02.20.03:659][  0]LogDerivedDataCache:Display: Max Cache Size: 512 MB
[2015.10.15-02.20.03:714][  0]LogDerivedDataCache: Loaded boot cache 0.05s 53MB C:/Users/davis/AppData/Local/UnrealEngine/4.8/DerivedDataCache/Boot.ddc.
[2015.10.15-02.20.03:714][  0]LogDerivedDataCache:Display: Loaded Boot cache: C:/Users/davis/AppData/Local/UnrealEngine/4.8/DerivedDataCache/Boot.ddc
[2015.10.15-02.20.03:714][  0]LogDerivedDataCache: FDerivedDataBackendGraph:  Pak pak cache file ../../../../../../Documents/GitHub/LeapUI/LeftRight_Push/DerivedDataCache/DDC.ddp not found, will not use a pak cache.
[2015.10.15-02.20.03:714][  0]LogDerivedDataCache: Unable to find inner node Pak for hierarchical cache Hierarchy.
[2015.10.15-02.20.03:714][  0]LogDerivedDataCache: FDerivedDataBackendGraph:  CompressedPak pak cache file ../../../../../../Documents/GitHub/LeapUI/LeftRight_Push/DerivedDataCache/Compressed.ddp not found, will not use a pak cache.
[2015.10.15-02.20.03:714][  0]LogDerivedDataCache: Unable to find inner node CompressedPak for hierarchical cache Hierarchy.
[2015.10.15-02.20.03:860][  0]LogDerivedDataCache:Display: Pak cache opened for reading ../../../Engine/DerivedDataCache/Compressed.ddp.
[2015.10.15-02.20.03:872][  0]LogDerivedDataCache: Using Local data cache path C:/Users/davis/AppData/Local/UnrealEngine/Common/DerivedDataCache: Writable
[2015.10.15-02.20.04:066][  0]LogInit: Selected Device Profile: [Windows]
[2015.10.15-02.20.04:148][  0]ImportText (ComponentSweepMultiTests): Missing closing parenthesis: (RootShapeAsset="/Engine/BasicShapes/Cube.Cube",ShapeType="TriggerCapsule",HitResult=(Time=0.50,Location=(X=-100.000015,Y=0.0,Z=100.000015),ImpactPoint=(X=-50.0,Y=0.0,Z=50.0),Normal=(X=-1.0,Y=-0.0,Z=0.0),ImpactNormal=(X=0.0,Y=0.0,Z=1.0),TraceStart=(X=-200.0,Y=0.0,Z=200.0),TraceEnd=(X=0.0,Y=0.0,Z=0.0))
[2015.10.15-02.20.04:149][  0]ImportText (LineTraceSingleByChannelTests): Missing closing parenthesis: (RootShapeAsset="/Engine/BasicShapes/Cube.Cube",HitResult=(Time=0.50,Location=(X=-100.000015,Y=0.0,Z=100.000015),ImpactPoint=(X=-50.0,Y=0.0,Z=50.0),Normal=(X=-1.0,Y=-0.0,Z=0.0),ImpactNormal=(X=0.0,Y=0.0,Z=1.0),TraceStart=(X=-200.0,Y=0.0,Z=200.0),TraceEnd=(X=0.0,Y=0.0,Z=0.0))
[2015.10.15-02.20.04:173][  0]LogMeshUtilities: No automatic mesh reduction module available
[2015.10.15-02.20.04:173][  0]LogMeshUtilities: No automatic mesh merging module available
[2015.10.15-02.20.04:457][  0]LogInit: WinSock: version 1.1 (2.2), MaxSocks=32767, MaxUdp=65467
[2015.10.15-02.20.05:312][  0]UdpMessaging: Initializing bridge on interface 0.0.0.0:0 to multicast group 230.0.0.1:6666.
[2015.10.15-02.20.05:605][  0]SourceControl: Info Source control is disabled
[2015.10.15-02.20.05:649][  0]SourceControl: Info Source control is disabled
[2015.10.15-02.20.05:658][  0]SourceControl: Info Source control is disabled
[2015.10.15-02.20.05:666][  0]SourceControl: Info Source control is disabled
[2015.10.15-02.20.05:901][  0]LeapPluginLog: Using LeapPlugin version 0.9.5
[2015.10.15-02.20.05:906][  0]LogObj: 26891 objects as part of root set at end of initial load.
[2015.10.15-02.20.05:906][  0]LogUObjectAllocator: 5510376 out of 0 bytes used by permanent object pool.
[2015.10.15-02.20.05:990][  0]LogEngine: Initializing Engine...
[2015.10.15-02.20.05:992][  0]OCULUS: Info: [CAPI] LibOVR module is located at C:\WINDOWS\SYSTEM32\LibOVRRT64_0_6.dll

[2015.10.15-02.20.06:593][  0]OCULUS: Error: [CAPI] ovrHmd_Create failed to complete within the timeout period.
[2015.10.15-02.20.06:698][  0]LogHMD:Warning: SteamVR failed to initialize.  Error: 110
[2015.10.15-02.20.06:857][  0]LogAIModule: Creating AISystem for world NewWorld
[2015.10.15-02.20.06:863][  0]LogInit: XAudio2 using 'スピーカー (Logicool G430 Gaming Headset)' : 8 channels at 48 kHz using 16 bits per sample (channel mask 0x63f)
[2015.10.15-02.20.06:876][  0]LogInit: FAudioDevice initialized.
[2015.10.15-02.20.06:902][  0]LogDerivedDataCache: Saved boot cache 0.03s 53MB C:/Users/davis/AppData/Local/UnrealEngine/4.8/DerivedDataCache/Boot.ddc.
[2015.10.15-02.20.06:906][  0]LogInit: Texture streaming: Disabled
[2015.10.15-02.20.06:925][  0]LogAnalytics: Creating configured Analytics provider AnalyticsET
[2015.10.15-02.20.06:925][  0]LogAnalytics: [UEEditor.Rocket.Release] APIServer = http://et2.epicgames.com/ET2/. AppVersion = 4.8.3-2634408+++depot+UE4-Releases+4.8
[2015.10.15-02.20.06:925][  0]LogAnalytics: [UEEditor.Rocket.Release] SetUserId deef9a964707c777c45f94843d0183f3|a11a2bbafe684e7f8452a9fa32728a52|05e64c4f-a5dd-4c96-91ac-6b573ea93332
[2015.10.15-02.20.06:925][  0]LogAnalytics: [UEEditor.Rocket.Release] AnalyticsET::StartSession
[2015.10.15-02.20.06:956][  0]LogInit: Transaction tracking system initialized
[2015.10.15-02.20.07:061][  0]BlueprintLog: New page: Editor Load
[2015.10.15-02.20.07:091][  0]LogAssetRegistry: FAssetRegistry took 0.0109 seconds to start up
[2015.10.15-02.20.07:091][  0]LogDirectoryWatcher:Warning: Failed to begin reading directory changes for ../../../Engine/Plugins/Experimental/CharacterAI/Content/. Error: 0
[2015.10.15-02.20.07:661][  0]LogConsoleManager:Warning: Console variable 'r.VSync' wasn't set ('GameSetting' has a lower priority than 'SystemSettingsIni')
[2015.10.15-02.20.07:661][  0]LogConsoleResponse:Display: 
[2015.10.15-02.20.07:753][  0]LogCook:Display: Done creating registry. It took  0.00s.
[2015.10.15-02.20.07:897][  0]SourceControl: Info Source control is disabled
[2015.10.15-02.20.07:897][  0]Cmd: MAP LOAD FILE="../../../../../../Documents/GitHub/LeapUI/LeftRight_Push/Content/StarterContent/Maps/Minimal_Default.umap" TEMPLATE=0 SHOWPROGRESS=1 FEATURELEVEL=3
[2015.10.15-02.20.07:898][  0]LightingResults: New page: Lighting Build
[2015.10.15-02.20.07:908][  0]MapCheck: New page: Map Check
[2015.10.15-02.20.07:908][  0]LightingResults: New page: Lighting Build
[2015.10.15-02.20.07:916][  0]LogParticles: Destroying 0 GPU particle simulations for FXSystem 0x00000063266363E0
[2015.10.15-02.20.08:555][  0]LogAIModule: Creating AISystem for world Minimal_Default
[2015.10.15-02.20.08:562][  0]LogEditorServer: Finished looking for orphan Actors (0.000 secs)
[2015.10.15-02.20.08:577][  0]Cmd: MAP CHECKDEP NOCLEARLOG
[2015.10.15-02.20.08:621][  0]MapCheck: Info Map check complete: 0 Error(s), 0 Warning(s), took 44.151ms to complete.
[2015.10.15-02.20.08:621][  0]LogFileHelpers: Loading map 'Minimal_Default' took 0.723
[2015.10.15-02.20.08:751][  0]LogCollectionManager: Loaded 0 collections in 0.001368 seconds
[2015.10.15-02.20.08:758][  0]LogContentBrowser: Native class hierarchy populated in 0.0069 seconds. Added 1818 classes and 305 folders.
[2015.10.15-02.20.08:798][  0]LogContentBrowser: Native class hierarchy updated for 'WidgetCarousel' in 0.0005 seconds. Added 0 classes and 0 folders.
[2015.10.15-02.20.08:826][  0]LogContentBrowser: Native class hierarchy updated for 'AddContentDialog' in 0.0003 seconds. Added 0 classes and 0 folders.
[2015.10.15-02.20.08:839][  0]LogContentBrowser: Native class hierarchy updated for 'SceneOutliner' in 0.0004 seconds. Added 1 classes and 2 folders.
[2015.10.15-02.20.08:889][  0]LogCrashTracker: Crashtracker disabled due to settings.
[2015.10.15-02.20.08:890][  0]LogD3D11RHI: InitD3DDevice
[2015.10.15-02.20.08:893][  0]LogUObjectGlobals:Warning: Failed to find object 'Class None.'
[2015.10.15-02.20.08:916][  0]LogLoad: Full Startup: 8.39 seconds (BP compile: 0.13 seconds)
[2015.10.15-02.20.08:963][  0]LogWindowsTextInputMethodSystem:Display: IME system now activated using TSF (Microsoft IME).
[2015.10.15-02.20.09:017][  0]LogContentStreaming: Texture pool size is 0.000000MB
[2015.10.15-02.20.09:059][  0]LogContentStreaming: Texture pool size now 1000 MB
[2015.10.15-02.20.09:177][  0]LogRenderer: Reallocating scene render targets to support 968x440 (Frame:2).
[2015.10.15-02.20.09:468][  7]LogAssetRegistry: Asset discovery search completed in 2.3872 seconds
[2015.10.15-02.20.14:521][174]LogD3D11RHI: InitD3DDevice
[2015.10.15-02.20.17:246][182]LogBlueprint:Warning: [compiler LeapBasicRiggedCharacter] Warning InputAction Event references unknown Action 'Jump' for  InputAction Jump 
[2015.10.15-02.20.17:246][182]LogBlueprint:Warning: [compiler LeapBasicRiggedCharacter] Warning Input Axis Event references unknown Axis 'LookUpRate' for  InputAxis LookUpRate 
[2015.10.15-02.20.17:247][182]LogBlueprint:Warning: [compiler LeapBasicRiggedCharacter] Warning Input Axis Event references unknown Axis 'TurnRate' for  InputAxis TurnRate 
[2015.10.15-02.20.17:247][182]LogBlueprint:Warning: [compiler LeapBasicRiggedCharacter] Warning Input Axis Event references unknown Axis 'Turn' for  InputAxis Turn 
[2015.10.15-02.20.17:247][182]LogBlueprint:Warning: [compiler LeapBasicRiggedCharacter] Warning Input Axis Event references unknown Axis 'LookUp' for  InputAxis LookUp 
[2015.10.15-02.20.17:248][182]LogBlueprint:Warning: [compiler LeapBasicRiggedCharacter] Warning Input Axis Event references unknown Axis 'MoveRight' for  InputAxis MoveRight 
[2015.10.15-02.20.17:248][182]LogBlueprint:Warning: [compiler LeapBasicRiggedCharacter] Warning Input Axis Event references unknown Axis 'MoveForward' for  InputAxis MoveForward 
[2015.10.15-02.20.17:252][182]LogBlueprint:Warning: [compiler LeapBasicRiggedCharacter] Warning [0016.73] Compile of LeapBasicRiggedCharacter successful, but with 7 Warning(s) [in 32 ms]
[2015.10.15-02.20.17:252][182]LogBlueprint:Warning: [compiler LeapBasicRiggedCharacter] Warning [0016.73] Compile of LeapBasicRiggedCharacter successful, but with 8 Warning(s) [in 0 ms]
[2015.10.15-02.20.17:252][182]LogBlueprint:Warning: [compiler LeapBasicRiggedCharacter] Warning [0016.73] Compile of LeapBasicRiggedCharacter successful, but with 9 Warning(s) [in 0 ms]
[2015.10.15-02.20.17:299][182]LogBlueprint:Warning: [compiler LeapBasicRiggedCharacter] Warning InputAction Event references unknown Action 'Jump' for  InputAction Jump 
[2015.10.15-02.20.17:299][182]LogBlueprint:Warning: [compiler LeapBasicRiggedCharacter] Warning Input Axis Event references unknown Axis 'LookUpRate' for  InputAxis LookUpRate 
[2015.10.15-02.20.17:300][182]LogBlueprint:Warning: [compiler LeapBasicRiggedCharacter] Warning Input Axis Event references unknown Axis 'TurnRate' for  InputAxis TurnRate 
[2015.10.15-02.20.17:300][182]LogBlueprint:Warning: [compiler LeapBasicRiggedCharacter] Warning Input Axis Event references unknown Axis 'Turn' for  InputAxis Turn 
[2015.10.15-02.20.17:301][182]LogBlueprint:Warning: [compiler LeapBasicRiggedCharacter] Warning Input Axis Event references unknown Axis 'LookUp' for  InputAxis LookUp 
[2015.10.15-02.20.17:301][182]LogBlueprint:Warning: [compiler LeapBasicRiggedCharacter] Warning Input Axis Event references unknown Axis 'MoveRight' for  InputAxis MoveRight 
[2015.10.15-02.20.17:302][182]LogBlueprint:Warning: [compiler LeapBasicRiggedCharacter] Warning Input Axis Event references unknown Axis 'MoveForward' for  InputAxis MoveForward 
[2015.10.15-02.20.17:307][182]LogBlueprint:Warning: [compiler LeapBasicRiggedCharacter] Warning [0016.78] Compile of LeapBasicRiggedCharacter successful, but with 7 Warning(s) [in 42 ms]
[2015.10.15-02.20.17:307][182]LogBlueprint:Warning: [compiler LeapBasicRiggedCharacter] Warning [0016.78] Compile of LeapBasicRiggedCharacter successful, but with 8 Warning(s) [in 0 ms]
[2015.10.15-02.20.17:800][182]LogD3D11RHI: InitD3DDevice
[2015.10.15-02.20.17:881][182]LogD3D11RHI: InitD3DDevice
[2015.10.15-02.20.17:943][182]LogLinker:Warning: Asset '../../../Engine/Content/ArtTools/RenderToTexture/Macros/RenderToTextureMacros.uasset' has been saved with empty engine version. The asset will be loaded but may be incompatible.
[2015.10.15-02.20.17:993][182]LogLinker:Warning: Asset '../../../Engine/Content/ArtTools/RenderToTexture/Enums/RenderToTexture_Enum.uasset' has been saved with empty engine version. The asset will be loaded but may be incompatible.
[2015.10.15-02.20.18:939][182]LeapPluginLog: InterfaceObject: NewBlueprint_C_0
[2015.10.15-02.20.18:940][182]LogActor:Warning: GameNetworkManager /Engine/Transient.World_1:PersistentLevel.GameNetworkManager_0 has natively added scene component(s), but none of them were set as the actor's RootComponent - picking one arbitrarily
[2015.10.15-02.20.34:373][ 86]LeapPluginLog: LeapController::CleanupEventData Delete Called
[2015.10.15-02.20.35:832][159]LogD3D11RHI: InitD3DDevice
[2015.10.15-02.20.35:883][159]LogD3D11RHI: InitD3DDevice
[2015.10.15-02.20.36:128][159]LeapPluginLog: InterfaceObject: NewBlueprint_C_0
[2015.10.15-02.20.36:128][159]LogActor:Warning: GameNetworkManager /Engine/Transient.World_3:PersistentLevel.GameNetworkManager_1 has natively added scene component(s), but none of them were set as the actor's RootComponent - picking one arbitrarily
[2015.10.15-02.20.55:499][303]LeapPluginLog: LeapController::CleanupEventData Delete Called
[2015.10.15-02.20.57:135][391]LogParticles: Destroying 0 GPU particle simulations for FXSystem 0x000000634CD12A20
[2015.10.15-02.20.57:137][391]LogParticles: Destroying 0 GPU particle simulations for FXSystem 0x000000634FA08540
[2015.10.15-02.20.57:187][391]LeapPluginLog: LeapController::CleanupEventData Delete Called
[2015.10.15-02.20.57:209][391]LeapPluginLog: LeapController::CleanupEventData Delete Called
[2015.10.15-02.20.57:255][391]LeapPluginLog: LeapController::CleanupEventData Delete Called
[2015.10.15-02.20.57:277][391]LeapPluginLog: LeapController::CleanupEventData Delete Called
[2015.10.15-02.20.57:325][391]LeapPluginLog: LeapController::CleanupEventData Delete Called
[2015.10.15-02.20.57:347][391]LeapPluginLog: LeapController::CleanupEventData Delete Called
[2015.10.15-02.20.57:478][391]LogWindowsTextInputMethodSystem:Display: IME system now activated using TSF (Microsoft IME).
[2015.10.15-02.20.57:720][392]Cmd: QUIT_EDITOR
[2015.10.15-02.20.58:063][392]LogExit: Preparing to exit.
[2015.10.15-02.20.58:426][392]LogExit: Editor shut down
[2015.10.15-02.20.58:426][392]LogExit: Transaction tracking system shut down
[2015.10.15-02.20.58:427][392]LogParticles: Destroying 0 GPU particle simulations for FXSystem 0x000000632A8AC7C0
[2015.10.15-02.20.58:427][392]LogParticles: Destroying 0 GPU particle simulations for FXSystem 0x000000632E2CCEA0
[2015.10.15-02.20.58:430][392]LogParticles: Destroying 0 GPU particle simulations for FXSystem 0x000000634F817740
[2015.10.15-02.20.58:445][392]LeapPluginLog: LeapController::CleanupEventData Delete Called
[2015.10.15-02.20.58:469][392]LeapPluginLog: LeapController::CleanupEventData Delete Called
[2015.10.15-02.20.58:488][392]LeapPluginLog: LeapController::CleanupEventData Delete Called
[2015.10.15-02.20.58:544][392]LeapPluginLog: LeapController::CleanupEventData Delete Called
[2015.10.15-02.20.58:661][392]LogExit: Object subsystem successfully closed.
[2015.10.15-02.20.58:673][392]LogD3D11RHI: Shutdown
[2015.10.15-02.20.58:673][392]LogD3D11RHI: CleanupD3DDevice
[2015.10.15-02.20.58:720][392]LogD3D11RHI: ~FD3D11DynamicRHI
[2015.10.15-02.20.58:734][392]LogModuleManager: Shutting down and abandoning module CrashTracker (189)
[2015.10.15-02.20.58:734][392]LogModuleManager: Shutting down and abandoning module SceneOutliner (188)
[2015.10.15-02.20.58:734][392]LogModuleManager: Shutting down and abandoning module SuperSearch (187)
[2015.10.15-02.20.58:734][392]LogModuleManager: Shutting down and abandoning module WidgetCarousel (186)
[2015.10.15-02.20.58:734][392]LogModuleManager: Shutting down and abandoning module AddContentDialog (185)
[2015.10.15-02.20.58:734][392]LogModuleManager: Shutting down and abandoning module EditorWidgets (184)
[2015.10.15-02.20.58:734][392]LogModuleManager: Shutting down and abandoning module CollectionManager (183)
[2015.10.15-02.20.58:734][392]LogModuleManager: Shutting down and abandoning module StatsViewer (182)
[2015.10.15-02.20.58:734][392]LogModuleManager: Shutting down and abandoning module FoliageEdit (181)
[2015.10.15-02.20.58:734][392]LogModuleManager: Shutting down and abandoning module LandscapeEditor (180)
[2015.10.15-02.20.58:735][392]LogModuleManager: Shutting down and abandoning module ActorPickerMode (179)
[2015.10.15-02.20.58:735][392]LogModuleManager: Shutting down and abandoning module GeometryMode (178)
[2015.10.15-02.20.58:735][392]LogModuleManager: Shutting down and abandoning module TextureAlignMode (177)
[2015.10.15-02.20.58:735][392]LogModuleManager: Shutting down and abandoning module BspMode (176)
[2015.10.15-02.20.58:735][392]LogModuleManager: Shutting down and abandoning module PlacementMode (175)
[2015.10.15-02.20.58:735][392]LogModuleManager: Shutting down and abandoning module AutomationWorker (174)
[2015.10.15-02.20.58:735][392]LogModuleManager: Shutting down and abandoning module CharacterAI (173)
[2015.10.15-02.20.58:735][392]LogModuleManager: Shutting down and abandoning module SmartSnapping (172)
[2015.10.15-02.20.58:735][392]LogModuleManager: Shutting down and abandoning module ViewportSnapping (171)
[2015.10.15-02.20.58:735][392]LogModuleManager: Shutting down and abandoning module LogVisualizer (170)
[2015.10.15-02.20.58:735][392]LogModuleManager: Shutting down and abandoning module GameProjectGeneration (169)
[2015.10.15-02.20.58:735][392]LogModuleManager: Shutting down and abandoning module IntroTutorials (168)
[2015.10.15-02.20.58:735][392]LogModuleManager: Shutting down and abandoning module EditorLiveStreaming (167)
[2015.10.15-02.20.58:735][392]LogModuleManager: Shutting down and abandoning module IOSPlatformEditor (166)
[2015.10.15-02.20.58:735][392]LogModuleManager: Shutting down and abandoning module HTML5PlatformEditor (165)
[2015.10.15-02.20.58:735][392]LogModuleManager: Shutting down and abandoning module AndroidDeviceDetection (164)
[2015.10.15-02.20.59:511][392]LogModuleManager: Shutting down and abandoning module AndroidPlatformEditor (163)
[2015.10.15-02.20.59:511][392]LogModuleManager: Shutting down and abandoning module IOSRuntimeSettings (162)
[2015.10.15-02.20.59:511][392]LogModuleManager: Shutting down and abandoning module AndroidRuntimeSettings (161)
[2015.10.15-02.20.59:511][392]LogModuleManager: Shutting down and abandoning module MergeActors (160)
[2015.10.15-02.20.59:511][392]LogModuleManager: Shutting down and abandoning module SizeMap (159)
[2015.10.15-02.20.59:511][392]LogModuleManager: Shutting down and abandoning module TreeMap (158)
[2015.10.15-02.20.59:511][392]LogModuleManager: Shutting down and abandoning module ReferenceViewer (157)
[2015.10.15-02.20.59:511][392]LogModuleManager: Shutting down and abandoning module LocalizationDashboard (156)
[2015.10.15-02.20.59:511][392]LogModuleManager: Shutting down and abandoning module HardwareTargeting (155)
[2015.10.15-02.20.59:511][392]LogModuleManager: Shutting down and abandoning module DeviceProfileEditor (154)
[2015.10.15-02.20.59:511][392]LogModuleManager: Shutting down and abandoning module UndoHistory (153)
[2015.10.15-02.20.59:512][392]LogModuleManager: Shutting down and abandoning module GameplayTagsEditor (152)
[2015.10.15-02.20.59:512][392]LogModuleManager: Shutting down and abandoning module UserFeedback (151)
[2015.10.15-02.20.59:512][392]LogModuleManager: Shutting down and abandoning module XmlParser (150)
[2015.10.15-02.20.59:512][392]LogModuleManager: Shutting down and abandoning module Blutility (149)
[2015.10.15-02.20.59:512][392]LogModuleManager: Shutting down and abandoning module ProjectTargetPlatformEditor (148)
[2015.10.15-02.20.59:512][392]LogModuleManager: Shutting down and abandoning module ProjectSettingsViewer (147)
[2015.10.15-02.20.59:512][392]LogModuleManager: Shutting down and abandoning module InputBindingEditor (146)
[2015.10.15-02.20.59:512][392]LogModuleManager: Shutting down and abandoning module EditorSettingsViewer (145)
[2015.10.15-02.20.59:512][392]LogModuleManager: Shutting down and abandoning module SettingsEditor (144)
[2015.10.15-02.20.59:512][392]LogModuleManager: Shutting down and abandoning module ProjectLauncher (143)
[2015.10.15-02.20.59:513][392]LogModuleManager: Shutting down and abandoning module SessionFrontend (142)
[2015.10.15-02.20.59:513][392]LogModuleManager: Shutting down and abandoning module ProfilerClient (141)
[2015.10.15-02.20.59:513][392]LogModuleManager: Shutting down and abandoning module TargetDeviceServices (140)
[2015.10.15-02.20.59:513][392]LogModuleManager: Shutting down and abandoning module DeviceManager (139)
[2015.10.15-02.20.59:513][392]LogModuleManager: Shutting down and abandoning module AutomationController (138)
[2015.10.15-02.20.59:513][392]LogModuleManager: Shutting down and abandoning module AutomationWindow (137)
[2015.10.15-02.20.59:513][392]LogModuleManager: Shutting down and abandoning module Layers (136)
[2015.10.15-02.20.59:513][392]LogModuleManager: Shutting down and abandoning module ComponentVisualizers (135)
[2015.10.15-02.20.59:513][392]LogModuleManager: Shutting down and abandoning module DetailCustomizations (134)
[2015.10.15-02.20.59:513][392]LogModuleManager: Shutting down and abandoning module PackagesDialog (133)
[2015.10.15-02.20.59:513][392]LogModuleManager: Shutting down and abandoning module AssetRegistry (132)
[2015.10.15-02.20.59:647][392]LogModuleManager: Shutting down and abandoning module Persona (131)
[2015.10.15-02.20.59:647][392]LogModuleManager: Shutting down and abandoning module Kismet (130)
[2015.10.15-02.20.59:647][392]LogModuleManager: Shutting down and abandoning module GraphEditor (129)
[2015.10.15-02.20.59:647][392]LogModuleManager: Shutting down and abandoning module ClassViewer (128)
[2015.10.15-02.20.59:647][392]LogModuleManager: Shutting down and abandoning module Toolbox (127)
[2015.10.15-02.20.59:647][392]LogModuleManager: Shutting down and abandoning module ModuleUI (126)
[2015.10.15-02.20.59:647][392]LogModuleManager: Shutting down and abandoning module MovieSceneTools (125)
[2015.10.15-02.20.59:647][392]LogModuleManager: Shutting down and abandoning module OutputLog (124)
[2015.10.15-02.20.59:647][392]LogModuleManager: Shutting down and abandoning module GammaUI (123)
[2015.10.15-02.20.59:647][392]LogModuleManager: Shutting down and abandoning module Documentation (122)
[2015.10.15-02.20.59:647][392]LogModuleManager: Shutting down and abandoning module GameLiveStreaming (121)
[2015.10.15-02.20.59:648][392]LogModuleManager: Shutting down and abandoning module StreamingPauseRendering (120)
[2015.10.15-02.20.59:648][392]LogModuleManager: Shutting down and abandoning module AnalyticsET (119)
[2015.10.15-02.20.59:648][392]LogModuleManager: Shutting down and abandoning module Analytics (118)
[2015.10.15-02.20.59:648][392]LogModuleManager: Shutting down and abandoning module AITestSuite (117)
[2015.10.15-02.20.59:648][392]LogModuleManager: Shutting down and abandoning module GameplayDebugger (116)
[2015.10.15-02.20.59:648][392]LogModuleManager: Shutting down and abandoning module AIModule (115)
[2015.10.15-02.20.59:648][392]LogModuleManager: Shutting down and abandoning module ProfilerService (114)
[2015.10.15-02.20.59:768][392]LogModuleManager: Shutting down and abandoning module TaskGraph (113)
[2015.10.15-02.20.59:768][392]LogModuleManager: Shutting down and abandoning module LeapMotion (112)
[2015.10.15-02.20.59:813][392]LogModuleManager: Shutting down and abandoning module SlateRemote (111)
[2015.10.15-02.20.59:813][392]LogModuleManager: Shutting down and abandoning module SteamVRController (110)
[2015.10.15-02.20.59:813][392]LogModuleManager: Shutting down and abandoning module SteamVR (109)
[2015.10.15-02.20.59:813][392]LogModuleManager: Shutting down and abandoning module ProceduralMeshComponent (108)
[2015.10.15-02.20.59:813][392]LogModuleManager: Shutting down and abandoning module OculusRift (107)
[2015.10.15-02.20.59:813][392]LogModuleManager: Shutting down and abandoning module LeapMotionController (106)
[2015.10.15-02.20.59:835][392]LogModuleManager: Shutting down and abandoning module CustomMeshComponent (105)
[2015.10.15-02.20.59:835][392]LogModuleManager: Shutting down and abandoning module CableComponent (104)
[2015.10.15-02.20.59:835][392]LogModuleManager: Shutting down and abandoning module MessagingDebugger (103)
[2015.10.15-02.20.59:835][392]LogModuleManager: Shutting down and abandoning module MediaPlayerEditor (102)
[2015.10.15-02.20.59:835][392]LogModuleManager: Shutting down and abandoning module SpeedTreeImporter (101)
[2015.10.15-02.20.59:835][392]LogModuleManager: Shutting down and abandoning module PluginBrowser (100)
[2015.10.15-02.20.59:836][392]LogModuleManager: Shutting down and abandoning module EpicSurvey (99)
[2015.10.15-02.20.59:836][392]LogModuleManager: Shutting down and abandoning module DesktopPlatform (98)
[2015.10.15-02.20.59:836][392]LogModuleManager: Shutting down and abandoning module VisualStudioSourceCodeAccess (97)
[2015.10.15-02.20.59:836][392]LogModuleManager: Shutting down and abandoning module UObjectPlugin (96)
[2015.10.15-02.20.59:836][392]LogModuleManager: Shutting down and abandoning module SubversionSourceControl (95)
[2015.10.15-02.20.59:836][392]LogModuleManager: Shutting down and abandoning module PerforceSourceControl (94)
[2015.10.15-02.20.59:836][392]LogModuleManager: Shutting down and abandoning module SourceControl (93)
[2015.10.15-02.20.59:836][392]LogModuleManager: Shutting down and abandoning module GitSourceControl (92)
[2015.10.15-02.20.59:836][392]LogModuleManager: Shutting down and abandoning module BlankPlugin (91)
[2015.10.15-02.20.59:836][392]LogModuleManager: Shutting down and abandoning module PaperTiledImporter (90)
[2015.10.15-02.20.59:836][392]LogModuleManager: Shutting down and abandoning module PaperSpriteSheetImporter (89)
[2015.10.15-02.20.59:836][392]LogModuleManager: Shutting down and abandoning module MeshPaint (88)
[2015.10.15-02.20.59:836][392]LogModuleManager: Shutting down and abandoning module SlateReflector (87)
[2015.10.15-02.20.59:836][392]LogModuleManager: Shutting down and abandoning module DirectoryWatcher (86)
[2015.10.15-02.20.59:836][392]LogModuleManager: Shutting down and abandoning module HotReload (85)
[2015.10.15-02.20.59:836][392]LogModuleManager: Shutting down and abandoning module MainFrame (84)
[2015.10.15-02.20.59:836][392]LogModuleManager: Shutting down and abandoning module LevelEditor (83)
[2015.10.15-02.20.59:837][392]LogModuleManager: Shutting down and abandoning module ContentBrowser (82)
[2015.10.15-02.20.59:838][392]LogModuleManager: Shutting down and abandoning module Paper2DEditor (81)
[2015.10.15-02.20.59:838][392]LogModuleManager: Shutting down and abandoning module UdpMessaging (80)
[2015.10.15-02.20.59:938][392]LogModuleManager: Shutting down and abandoning module Paper2D (79)
[2015.10.15-02.20.59:938][392]LogModuleManager: Shutting down and abandoning module WindowsMoviePlayer (78)
[2015.10.15-02.20.59:944][392]LogModuleManager: Shutting down and abandoning module Media (77)
[2015.10.15-02.20.59:944][392]LogModuleManager: Shutting down and abandoning module WmfMedia (76)
[2015.10.15-02.20.59:945][392]LogModuleManager: Shutting down and abandoning module OnlineBlueprintSupport (75)
[2015.10.15-02.20.59:945][392]LogModuleManager: Shutting down and abandoning module PropertyEditor (74)
[2015.10.15-02.20.59:945][392]LogModuleManager: Shutting down and abandoning module BehaviorTreeEditor (73)
[2015.10.15-02.20.59:945][392]LogModuleManager: Shutting down and abandoning module FunctionalTesting (72)
[2015.10.15-02.20.59:945][392]LogModuleManager: Shutting down and abandoning module CollisionAnalyzer (71)
[2015.10.15-02.20.59:945][392]LogModuleManager: Shutting down and abandoning module WorkspaceMenuStructure (70)
[2015.10.15-02.20.59:945][392]LogModuleManager: Shutting down and abandoning module MessageLog (69)
[2015.10.15-02.20.59:945][392]LogModuleManager: Shutting down and abandoning module Sequencer (68)
[2015.10.15-02.20.59:945][392]LogModuleManager: Shutting down and abandoning module AssetTools (67)
[2015.10.15-02.20.59:945][392]LogModuleManager: Shutting down and abandoning module UMGEditor (66)
[2015.10.15-02.20.59:946][392]LogModuleManager: Shutting down and abandoning module UMG (65)
[2015.10.15-02.20.59:946][392]LogModuleManager: Shutting down and abandoning module Slate (64)
[2015.10.15-02.20.59:946][392]LogModuleManager: Shutting down and abandoning module EditorStyle (63)
[2015.10.15-02.20.59:952][392]LogModuleManager: Shutting down and abandoning module SessionServices (62)
[2015.10.15-02.20.59:952][392]LogModuleManager: Shutting down and abandoning module SourceCodeAccess (61)
[2015.10.15-02.20.59:952][392]LogModuleManager: Shutting down and abandoning module HeadMountedDisplay (60)
[2015.10.15-02.20.59:952][392]LogModuleManager: Shutting down and abandoning module XAudio2 (59)
[2015.10.15-02.20.59:952][392]LogModuleManager: Shutting down and abandoning module Networking (57)
[2015.10.15-02.20.59:952][392]LogModuleManager: Shutting down and abandoning module Core (56)
[2015.10.15-02.20.59:952][392]LogModuleManager: Shutting down and abandoning module KismetCompiler (55)
[2015.10.15-02.20.59:952][392]LogModuleManager: Shutting down and abandoning module PhysXFormats (54)
[2015.10.15-02.20.59:952][392]LogModuleManager: Shutting down and abandoning module MeshUtilities (53)
[2015.10.15-02.20.59:952][392]LogModuleManager: Shutting down and abandoning module DerivedDataCache (52)
[2015.10.15-02.21.00:419][392]LogDerivedDataCache: Shutdown
[2015.10.15-02.21.00:419][392]LogModuleManager: Shutting down and abandoning module ShaderFormatOpenGL (51)
[2015.10.15-02.21.00:419][392]LogModuleManager: Shutting down and abandoning module ShaderFormatD3D (50)
[2015.10.15-02.21.00:419][392]LogModuleManager: Shutting down and abandoning module MetalShaderFormat (49)
[2015.10.15-02.21.00:419][392]LogModuleManager: Shutting down and abandoning module TextureFormatUncompressed (48)
[2015.10.15-02.21.00:419][392]LogModuleManager: Shutting down and abandoning module TextureFormatPVR (47)
[2015.10.15-02.21.00:419][392]LogModuleManager: Shutting down and abandoning module TextureFormatIntelISPCTexComp (46)
[2015.10.15-02.21.00:420][392]LogModuleManager: Shutting down and abandoning module TextureFormatDXT (45)
[2015.10.15-02.21.00:420][392]LogModuleManager: Shutting down and abandoning module ImageWrapper (44)
[2015.10.15-02.21.00:420][392]LogModuleManager: Shutting down and abandoning module TextureFormatASTC (43)
[2015.10.15-02.21.00:420][392]LogModuleManager: Shutting down and abandoning module TextureFormatAndroid (42)
[2015.10.15-02.21.00:420][392]LogModuleManager: Shutting down and abandoning module AudioFormatOpus (41)
[2015.10.15-02.21.00:420][392]LogModuleManager: Shutting down and abandoning module AudioFormatOgg (40)
[2015.10.15-02.21.00:420][392]LogModuleManager: Shutting down and abandoning module AudioFormatADPCM (39)
[2015.10.15-02.21.00:420][392]LogModuleManager: Shutting down and abandoning module LinuxTargetPlatform (38)
[2015.10.15-02.21.00:420][392]LogModuleManager: Shutting down and abandoning module LinuxServerTargetPlatform (37)
[2015.10.15-02.21.00:420][392]LogModuleManager: Shutting down and abandoning module LinuxNoEditorTargetPlatform (36)
[2015.10.15-02.21.00:420][392]LogModuleManager: Shutting down and abandoning module Messaging (35)
[2015.10.15-02.21.00:420][392]LogModuleManager: Shutting down and abandoning module IOSTargetPlatform (34)
[2015.10.15-02.21.00:420][392]LogModuleManager: Shutting down and abandoning module HTML5TargetPlatform (33)
[2015.10.15-02.21.00:420][392]LogModuleManager: Shutting down and abandoning module Android_PVRTCTargetPlatform (32)
[2015.10.15-02.21.00:420][392]LogModuleManager: Shutting down and abandoning module Android_ETC2TargetPlatform (31)
[2015.10.15-02.21.00:420][392]LogModuleManager: Shutting down and abandoning module Android_ETC1TargetPlatform (30)
[2015.10.15-02.21.00:420][392]LogModuleManager: Shutting down and abandoning module Android_DXTTargetPlatform (29)
[2015.10.15-02.21.00:420][392]LogModuleManager: Shutting down and abandoning module Android_ATCTargetPlatform (28)
[2015.10.15-02.21.00:420][392]LogModuleManager: Shutting down and abandoning module Android_ASTCTargetPlatform (27)
[2015.10.15-02.21.00:420][392]LogModuleManager: Shutting down and abandoning module AndroidTargetPlatform (26)
[2015.10.15-02.21.00:420][392]LogModuleManager: Shutting down and abandoning module WindowsTargetPlatform (25)
[2015.10.15-02.21.00:420][392]LogModuleManager: Shutting down and abandoning module WindowsServerTargetPlatform (24)
[2015.10.15-02.21.00:420][392]LogModuleManager: Shutting down and abandoning module WindowsNoEditorTargetPlatform (23)
[2015.10.15-02.21.00:420][392]LogModuleManager: Shutting down and abandoning module WindowsClientTargetPlatform (22)
[2015.10.15-02.21.00:420][392]LogModuleManager: Shutting down and abandoning module DesktopTargetPlatform (21)
[2015.10.15-02.21.00:420][392]LogModuleManager: Shutting down and abandoning module TargetPlatform (20)
[2015.10.15-02.21.00:420][392]LogModuleManager: Shutting down and abandoning module InputCore (19)
[2015.10.15-02.21.00:420][392]LogModuleManager: Shutting down and abandoning module Settings (18)
[2015.10.15-02.21.00:420][392]LogModuleManager: Shutting down and abandoning module OnlineSubsystem (16)
[2015.10.15-02.21.00:421][392]LogModuleManager: Shutting down and abandoning module HTTP (15)
[2015.10.15-02.21.00:421][392]LogModuleManager: Shutting down and abandoning module ExampleDeviceProfileSelector (14)
[2015.10.15-02.21.00:421][392]LogModuleManager: Shutting down and abandoning module TextureCompressor (13)
[2015.10.15-02.21.00:421][392]LogModuleManager: Shutting down and abandoning module ShaderCore (12)
[2015.10.15-02.21.00:421][392]LogModuleManager: Shutting down and abandoning module Landscape (11)
[2015.10.15-02.21.00:421][392]LogModuleManager: Shutting down and abandoning module SlateRHIRenderer (10)
[2015.10.15-02.21.00:426][392]LogModuleManager: Shutting down and abandoning module OpenGLDrv (9)
[2015.10.15-02.21.00:426][392]LogModuleManager: Shutting down and abandoning module D3D11RHI (8)
[2015.10.15-02.21.00:426][392]LogModuleManager: Shutting down and abandoning module Renderer (7)
[2015.10.15-02.21.00:426][392]LogModuleManager: Shutting down and abandoning module Engine (6)
[2015.10.15-02.21.00:426][392]LogModuleManager: Shutting down and abandoning module CoreUObject (5)
[2015.10.15-02.21.00:426][392]LogModuleManager: Shutting down and abandoning module NetworkFile (4)
[2015.10.15-02.21.00:426][392]LogModuleManager: Shutting down and abandoning module StreamingFile (3)
[2015.10.15-02.21.00:426][392]LogModuleManager: Shutting down and abandoning module SandboxFile (2)
[2015.10.15-02.21.00:426][392]LogModuleManager: Shutting down and abandoning module PakFile (1)
[2015.10.15-02.21.00:428][392]LogExit: Exiting.
[2015.10.15-02.21.00:430][392]Log file closed, 10/15/15 11:21:00
