[2015.10.05-12.47.48:529][  0]Log file open, 10/05/15 21:47:48
[2015.10.05-12.47.48:529][  0]LogInit:Display: Running engine for game: leap03
[2015.10.05-12.47.48:529][  0]LogInit:Display: RandInit(524944549) SRandInit(524944550).
[2015.10.05-12.47.48:529][  0]LogTaskGraph: Started task graph with 4 named threads and 7 total threads.
[2015.10.05-12.47.48:529][  0]LogStats: Stats thread started
[2015.10.05-12.47.48:529][  0]LogInit: Version: 4.8.3-2634408+++depot+UE4-Releases+4.8
[2015.10.05-12.47.48:529][  0]LogInit: API Version: 2579680
[2015.10.05-12.47.48:529][  0]LogInit: Compiled (64-bit): Jul 27 2015 16:24:33
[2015.10.05-12.47.48:529][  0]LogInit: Compiled with Visual C++: 18.00.21005.01
[2015.10.05-12.47.48:529][  0]LogInit: Build Configuration: Development
[2015.10.05-12.47.48:529][  0]LogInit: Branch Name: ++depot+UE4-Releases+4.8
[2015.10.05-12.47.48:529][  0]LogInit: Command line:  
[2015.10.05-12.47.48:529][  0]LogInit: Base directory: C:/Program Files/Epic Games/4.8/Engine/Binaries/Win64/
[2015.10.05-12.47.48:529][  0]LogInit: Rocket: 1
[2015.10.05-12.47.48:544][  0]LogInit: Using libcurl 7.41.0
[2015.10.05-12.47.48:544][  0]LogInit:  - built for x86_64-pc-win32
[2015.10.05-12.47.48:544][  0]LogInit:  - supports SSL with WinSSL
[2015.10.05-12.47.48:544][  0]LogInit:  - other features:
[2015.10.05-12.47.48:544][  0]LogInit:      CURL_VERSION_SSL
[2015.10.05-12.47.48:544][  0]LogInit:      CURL_VERSION_IPV6
[2015.10.05-12.47.48:544][  0]LogInit:      CURL_VERSION_ASYNCHDNS
[2015.10.05-12.47.48:544][  0]LogInit:      CURL_VERSION_LARGEFILE
[2015.10.05-12.47.48:544][  0]LogInit:      CURL_VERSION_IDN
[2015.10.05-12.47.48:545][  0]LogInit:  CurlRequestOptions (configurable via config and command line):
[2015.10.05-12.47.48:545][  0]LogInit:  - bVerifyPeer = true  - Libcurl will verify peer certificate
[2015.10.05-12.47.48:545][  0]LogInit:  - bUseHttpProxy = false  - Libcurl will NOT use HTTP proxy
[2015.10.05-12.47.48:545][  0]LogInit:  - bDontReuseConnections = false  - Libcurl will reuse connections
[2015.10.05-12.47.48:545][  0]LogInit:  - CertBundlePath = nullptr  - Libcurl will use whatever was configured at build time.
[2015.10.05-12.47.48:557][  0]LogOnline:Warning: No default platform service specified for OnlineSubsystem
[2015.10.05-12.47.48:570][  0]LogInit: Presizing for 0 objects not considered by GC, pre-allocating 0 bytes.
[2015.10.05-12.47.48:576][  0]LogInit: Object subsystem initialized
[2015.10.05-12.47.48:577][  0]LogConsoleResponse:Warning: Skipping Unknown console variable: 'TranslucentSortAxis = (X=0.000000,Y=-1.000000,Z=0.000000)'
[2015.10.05-12.47.48:577][  0]LogConsoleResponse:Warning:   Found in ini file 'C:/Users/reiri/Documents/Unreal Projects/Swipegesture/Saved/Config/Windows/Engine.ini', in section '[/Script/Engine.RendererSettings]'
[2015.10.05-12.47.48:577][  0]LogConsoleResponse:Warning: Skipping Unknown console variable: 'UIScaleRule = ShortestSide'
[2015.10.05-12.47.48:577][  0]LogConsoleResponse:Warning:   Found in ini file 'C:/Users/reiri/Documents/Unreal Projects/Swipegesture/Saved/Config/Windows/Engine.ini', in section '[/Script/Engine.RendererSettings]'
[2015.10.05-12.47.48:577][  0]LogConsoleResponse:Warning: Skipping Unknown console variable: 'UIScaleCurve = (EditorCurveData=(Keys=),ExternalCurve=None)'
[2015.10.05-12.47.48:577][  0]LogConsoleResponse:Warning:   Found in ini file 'C:/Users/reiri/Documents/Unreal Projects/Swipegesture/Saved/Config/Windows/Engine.ini', in section '[/Script/Engine.RendererSettings]'
[2015.10.05-12.47.48:577][  0]LogInit: Selected Device Profile: [Windows]
[2015.10.05-12.47.48:577][  0]LogInit: Applying CVar settings loaded from the selected device profile: [Windows]
[2015.10.05-12.47.48:585][  0]LogInit: Computer: REIRI-PC
[2015.10.05-12.47.48:585][  0]LogInit: User: reiri
[2015.10.05-12.47.48:585][  0]LogInit: CPU Page size=4096, Cores=4
[2015.10.05-12.47.48:585][  0]LogInit: High frequency timer resolution =3.312675 MHz
[2015.10.05-12.47.48:585][  0]LogMemory: Memory total: Physical=7.9GB (8GB approx)
[2015.10.05-12.47.48:585][  0]LogMemory: Platform Memory Stats for Windows
[2015.10.05-12.47.48:585][  0]LogMemory: Process Physical Memory: 51.02 MB used, 51.02 MB peak
[2015.10.05-12.47.48:585][  0]LogMemory: Process Virtual Memory: 23.38 MB used, 24.21 MB peak
[2015.10.05-12.47.48:585][  0]LogMemory: Physical Memory: 4570.62 MB used, 8086.11 MB total
[2015.10.05-12.47.48:585][  0]LogMemory: Virtual Memory: 294.80 MB used, 8388608.00 MB total
[2015.10.05-12.47.48:626][  0]LogTextLocalizationManager: The requested culture ('ja_JP') has no localization data; parent culture's ('ja') localization data will be used.
[2015.10.05-12.47.48:720][  0]LogTextLocalizationManager:Warning: Loaded localization resources contain conflicting entries for (Namespace:ContentBrowser, Key:ImportAssetToolTip):
Localization Resource: (C:/Program Files/Epic Games/4.8/Engine/Content/Localization/Editor/ja/Editor.locres) Source String Hash: (-630476809) Localized String: ({0} にインポート...)
Localization Resource: (C:/Program Files/Epic Games/4.8/Engine/Content/Localization/Editor/ja/Editor.locres) Source String Hash: (1271782899) Localized String: (このフォルダへファイルからアセットをインポート)
[2015.10.05-12.47.49:035][  0]LogD3D11RHI: Found D3D11 adapter 0: Intel(R) HD Graphics 4600 (Feature Level 11_0)
[2015.10.05-12.47.49:035][  0]LogD3D11RHI: Adapter has 64MB of dedicated video memory, 0MB of dedicated system memory, and 1632MB of shared system memory, 2 output[s]
[2015.10.05-12.47.49:035][  0]LogD3D11RHI: Chosen D3D11 Adapter Id = 0
[2015.10.05-12.47.49:040][  0]LogD3D11RHI: InitD3DDevice
[2015.10.05-12.47.49:040][  0]LogD3D11RHI: !Direct3DDevice
[2015.10.05-12.47.49:040][  0]LogRHI: Texture pool is 616 MB (70% of 880 MB)
[2015.10.05-12.47.49:047][  0]LogD3D11RHI: Async texture creation enabled
[2015.10.05-12.47.49:054][  0]LogShaderCompilers:Display: Using Local Shader Compiler.
[2015.10.05-12.47.49:794][  0]LogTemp:Display: Loaded TP DesktopTargetPlatform
[2015.10.05-12.47.49:806][  0]LogTemp:Display: Loaded TP WindowsClientTargetPlatform
[2015.10.05-12.47.49:820][  0]LogTemp:Display: Loaded TP WindowsNoEditorTargetPlatform
[2015.10.05-12.47.49:835][  0]LogTemp:Display: Loaded TP WindowsServerTargetPlatform
[2015.10.05-12.47.49:849][  0]LogTemp:Display: Loaded TP WindowsTargetPlatform
[2015.10.05-12.47.49:860][  0]LogTemp:Display: Loaded TP AndroidTargetPlatform
[2015.10.05-12.47.49:871][  0]LogTemp:Display: Loaded TP Android_ASTCTargetPlatform
[2015.10.05-12.47.49:882][  0]LogTemp:Display: Loaded TP Android_ATCTargetPlatform
[2015.10.05-12.47.49:894][  0]LogTemp:Display: Loaded TP Android_DXTTargetPlatform
[2015.10.05-12.47.49:907][  0]LogTemp:Display: Loaded TP Android_ETC1TargetPlatform
[2015.10.05-12.47.49:920][  0]LogTemp:Display: Loaded TP Android_ETC2TargetPlatform
[2015.10.05-12.47.49:932][  0]LogTemp:Display: Loaded TP Android_PVRTCTargetPlatform
[2015.10.05-12.47.49:975][  0]LogTemp:Display: Loaded TP IOSTargetPlatform
[2015.10.05-12.47.49:986][  0]LogTemp:Display: Loaded TP LinuxNoEditorTargetPlatform
[2015.10.05-12.47.49:997][  0]LogTemp:Display: Loaded TP LinuxServerTargetPlatform
[2015.10.05-12.47.50:012][  0]LogTemp:Display: Loaded TP LinuxTargetPlatform
[2015.10.05-12.47.50:012][  0]LogTargetPlatformManager:Display: Building Assets For Windows
[2015.10.05-12.47.50:199][  0]LogDerivedDataCache:Display: Max Cache Size: 512 MB
[2015.10.05-12.47.50:256][  0]LogDerivedDataCache: Loaded boot cache 0.06s 53MB C:/Users/reiri/AppData/Local/UnrealEngine/4.8/DerivedDataCache/Boot.ddc.
[2015.10.05-12.47.50:256][  0]LogDerivedDataCache:Display: Loaded Boot cache: C:/Users/reiri/AppData/Local/UnrealEngine/4.8/DerivedDataCache/Boot.ddc
[2015.10.05-12.47.50:256][  0]LogDerivedDataCache: FDerivedDataBackendGraph:  Pak pak cache file ../../../../../../Users/reiri/Documents/Unreal Projects/Swipegesture/DerivedDataCache/DDC.ddp not found, will not use a pak cache.
[2015.10.05-12.47.50:256][  0]LogDerivedDataCache: Unable to find inner node Pak for hierarchical cache Hierarchy.
[2015.10.05-12.47.50:257][  0]LogDerivedDataCache: FDerivedDataBackendGraph:  CompressedPak pak cache file ../../../../../../Users/reiri/Documents/Unreal Projects/Swipegesture/DerivedDataCache/Compressed.ddp not found, will not use a pak cache.
[2015.10.05-12.47.50:257][  0]LogDerivedDataCache: Unable to find inner node CompressedPak for hierarchical cache Hierarchy.
[2015.10.05-12.47.50:395][  0]LogDerivedDataCache:Display: Pak cache opened for reading ../../../Engine/DerivedDataCache/Compressed.ddp.
[2015.10.05-12.47.50:406][  0]LogDerivedDataCache: Using Local data cache path C:/Users/reiri/AppData/Local/UnrealEngine/Common/DerivedDataCache: Writable
[2015.10.05-12.47.50:583][  0]LogInit: Selected Device Profile: [Windows]
[2015.10.05-12.47.50:589][  0]ImportText (ComponentSweepMultiTests): Missing closing parenthesis: (RootShapeAsset="/Engine/BasicShapes/Cube.Cube",ShapeType="TriggerCapsule",HitResult=(Time=0.50,Location=(X=-100.000015,Y=0.0,Z=100.000015),ImpactPoint=(X=-50.0,Y=0.0,Z=50.0),Normal=(X=-1.0,Y=-0.0,Z=0.0),ImpactNormal=(X=0.0,Y=0.0,Z=1.0),TraceStart=(X=-200.0,Y=0.0,Z=200.0),TraceEnd=(X=0.0,Y=0.0,Z=0.0))
[2015.10.05-12.47.50:589][  0]ImportText (LineTraceSingleByChannelTests): Missing closing parenthesis: (RootShapeAsset="/Engine/BasicShapes/Cube.Cube",HitResult=(Time=0.50,Location=(X=-100.000015,Y=0.0,Z=100.000015),ImpactPoint=(X=-50.0,Y=0.0,Z=50.0),Normal=(X=-1.0,Y=-0.0,Z=0.0),ImpactNormal=(X=0.0,Y=0.0,Z=1.0),TraceStart=(X=-200.0,Y=0.0,Z=200.0),TraceEnd=(X=0.0,Y=0.0,Z=0.0))
[2015.10.05-12.47.50:622][  0]LogMeshUtilities: No automatic mesh reduction module available
[2015.10.05-12.47.50:622][  0]LogMeshUtilities: No automatic mesh merging module available
[2015.10.05-12.47.51:194][  0]LogInit: WinSock: version 1.1 (2.2), MaxSocks=32767, MaxUdp=65467
[2015.10.05-12.47.52:035][  0]UdpMessaging: Initializing bridge on interface 0.0.0.0:0 to multicast group 230.0.0.1:6666.
[2015.10.05-12.47.52:339][  0]SourceControl: 情報 ソースコントロールは無効です
[2015.10.05-12.47.52:377][  0]SourceControl: 情報 ソースコントロールは無効です
[2015.10.05-12.47.52:386][  0]SourceControl: 情報 ソースコントロールは無効です
[2015.10.05-12.47.52:395][  0]SourceControl: 情報 ソースコントロールは無効です
[2015.10.05-12.47.52:637][  0]LeapPluginLog: Using LeapPlugin version 0.9.5
[2015.10.05-12.47.52:642][  0]LogObj: 26891 objects as part of root set at end of initial load.
[2015.10.05-12.47.52:642][  0]LogUObjectAllocator: 5510376 out of 0 bytes used by permanent object pool.
[2015.10.05-12.47.52:703][  0]LogEngine: Initializing Engine...
[2015.10.05-12.47.52:705][  0]LogHMD: Can't find Oculus library dev build: is proper Runtime installed? Version: 0.6.0.0
[2015.10.05-12.47.52:707][  0]LogHMD:Warning: SteamVR failed to initialize.  Error: 110
[2015.10.05-12.47.52:848][  0]LogAIModule: Creating AISystem for world NewWorld
[2015.10.05-12.47.52:851][  0]LogInit: XAudio2 using 'スピーカー (Realtek High Definition Audio)' : 2 channels at 48 kHz using 32 bits per sample (channel mask 0x3)
[2015.10.05-12.47.52:860][  0]LogInit: FAudioDevice initialized.
[2015.10.05-12.47.52:893][  0]LogDerivedDataCache: Saved boot cache 0.03s 53MB C:/Users/reiri/AppData/Local/UnrealEngine/4.8/DerivedDataCache/Boot.ddc.
[2015.10.05-12.47.52:897][  0]LogInit: Texture streaming: Disabled
[2015.10.05-12.47.52:919][  0]LogAnalytics: Creating configured Analytics provider AnalyticsET
[2015.10.05-12.47.52:919][  0]LogAnalytics: [UEEditor.Rocket.Release] APIServer = http://et2.epicgames.com/ET2/. AppVersion = 4.8.3-2634408+++depot+UE4-Releases+4.8
[2015.10.05-12.47.52:919][  0]LogAnalytics: [UEEditor.Rocket.Release] SetUserId ed73aad848adf9034585f78783adeb8b|d2c3928a2eb2491182358b97942b7f26|5f94e41e-b00f-4026-95ac-baa792c13146
[2015.10.05-12.47.52:919][  0]LogAnalytics: [UEEditor.Rocket.Release] AnalyticsET::StartSession
[2015.10.05-12.47.52:950][  0]LogInit: Transaction tracking system initialized
[2015.10.05-12.47.53:070][  0]BlueprintLog: New page: エディタの読み込み
[2015.10.05-12.47.53:100][  0]LogAssetRegistry: FAssetRegistry took 0.0096 seconds to start up
[2015.10.05-12.47.53:100][  0]LogDirectoryWatcher:Warning: Failed to begin reading directory changes for ../../../Engine/Plugins/Experimental/CharacterAI/Content/. Error: 0
[2015.10.05-12.47.53:737][  0]LogConsoleManager:Warning: Console variable 'r.VSync' wasn't set ('GameSetting' has a lower priority than 'SystemSettingsIni')
[2015.10.05-12.47.53:737][  0]LogConsoleResponse:Display: 
[2015.10.05-12.47.53:839][  0]LogCook:Display: Done creating registry. It took  0.00s.
[2015.10.05-12.47.53:987][  0]SourceControl: 情報 ソースコントロールは無効です
[2015.10.05-12.47.53:987][  0]Cmd: MAP LOAD FILE="../../../../../../Users/reiri/Documents/Unreal Projects/Swipegesture/Content/StarterContent/Maps/Minimal_Default.umap" TEMPLATE=0 SHOWPROGRESS=1 FEATURELEVEL=3
[2015.10.05-12.47.53:988][  0]LightingResults: New page: ライティングのビルド
[2015.10.05-12.47.53:999][  0]MapCheck: New page: マップをチェック
[2015.10.05-12.47.53:999][  0]LightingResults: New page: <何も選択されていません>
[2015.10.05-12.47.55:031][  0]LogParticles: Destroying 0 GPU particle simulations for FXSystem 0x000000001E56EF20
[2015.10.05-12.47.55:452][  0]LogBlueprint:Warning: [compiler LeapBasicRiggedCharacter] 警告 インプットアクション イベントは  インプットアクション Jump  に不明なアクション 'Jump'' を参照しています
[2015.10.05-12.47.55:452][  0]LogBlueprint:Warning: [compiler LeapBasicRiggedCharacter] 警告 インプット軸イベントは  インプットAxis LookUpRate  に不明な軸 'LookUpRate' を参照しています
[2015.10.05-12.47.55:452][  0]LogBlueprint:Warning: [compiler LeapBasicRiggedCharacter] 警告 インプット軸イベントは  インプットAxis TurnRate  に不明な軸 'TurnRate' を参照しています
[2015.10.05-12.47.55:453][  0]LogBlueprint:Warning: [compiler LeapBasicRiggedCharacter] 警告 インプット軸イベントは  インプットAxis Turn  に不明な軸 'Turn' を参照しています
[2015.10.05-12.47.55:453][  0]LogBlueprint:Warning: [compiler LeapBasicRiggedCharacter] 警告 インプット軸イベントは  インプットAxis LookUp  に不明な軸 'LookUp' を参照しています
[2015.10.05-12.47.55:453][  0]LogBlueprint:Warning: [compiler LeapBasicRiggedCharacter] 警告 インプット軸イベントは  インプットAxis MoveRight  に不明な軸 'MoveRight' を参照しています
[2015.10.05-12.47.55:454][  0]LogBlueprint:Warning: [compiler LeapBasicRiggedCharacter] 警告 インプット軸イベントは  インプットAxis MoveForward  に不明な軸 'MoveForward' を参照しています
[2015.10.05-12.47.55:457][  0]LogBlueprint:Warning: [compiler LeapBasicRiggedCharacter] 警告 [0008.09] LeapBasicRiggedCharacter のコンパイルに成功しましたが、7 個の警告が出ました [ 23 ミリ秒]
[2015.10.05-12.47.55:457][  0]LogBlueprint:Warning: [compiler LeapBasicRiggedCharacter] 警告 [0008.09] LeapBasicRiggedCharacter のコンパイルに成功しましたが、8 個の警告が出ました [ 0 ミリ秒]
[2015.10.05-12.47.55:457][  0]LogBlueprint:Warning: [compiler LeapBasicRiggedCharacter] 警告 [0008.09] LeapBasicRiggedCharacter のコンパイルに成功しましたが、9 個の警告が出ました [ 0 ミリ秒]
[2015.10.05-12.47.55:485][  0]LogBlueprint:Warning: [compiler LeapBasicRiggedCharacter] 警告 インプットアクション イベントは  インプットアクション Jump  に不明なアクション 'Jump'' を参照しています
[2015.10.05-12.47.55:485][  0]LogBlueprint:Warning: [compiler LeapBasicRiggedCharacter] 警告 インプット軸イベントは  インプットAxis LookUpRate  に不明な軸 'LookUpRate' を参照しています
[2015.10.05-12.47.55:485][  0]LogBlueprint:Warning: [compiler LeapBasicRiggedCharacter] 警告 インプット軸イベントは  インプットAxis TurnRate  に不明な軸 'TurnRate' を参照しています
[2015.10.05-12.47.55:486][  0]LogBlueprint:Warning: [compiler LeapBasicRiggedCharacter] 警告 インプット軸イベントは  インプットAxis Turn  に不明な軸 'Turn' を参照しています
[2015.10.05-12.47.55:486][  0]LogBlueprint:Warning: [compiler LeapBasicRiggedCharacter] 警告 インプット軸イベントは  インプットAxis LookUp  に不明な軸 'LookUp' を参照しています
[2015.10.05-12.47.55:486][  0]LogBlueprint:Warning: [compiler LeapBasicRiggedCharacter] 警告 インプット軸イベントは  インプットAxis MoveRight  に不明な軸 'MoveRight' を参照しています
[2015.10.05-12.47.55:487][  0]LogBlueprint:Warning: [compiler LeapBasicRiggedCharacter] 警告 インプット軸イベントは  インプットAxis MoveForward  に不明な軸 'MoveForward' を参照しています
[2015.10.05-12.47.55:492][  0]LogBlueprint:Warning: [compiler LeapBasicRiggedCharacter] 警告 [0008.12] LeapBasicRiggedCharacter のコンパイルに成功しましたが、7 個の警告が出ました [ 28 ミリ秒]
[2015.10.05-12.47.55:492][  0]LogBlueprint:Warning: [compiler LeapBasicRiggedCharacter] 警告 [0008.12] LeapBasicRiggedCharacter のコンパイルに成功しましたが、8 個の警告が出ました [ 0 ミリ秒]
[2015.10.05-12.47.57:817][  0]LogAIModule: Creating AISystem for world Minimal_Default
[2015.10.05-12.47.57:824][  0]LogEditorServer: Finished looking for orphan Actors (0.000 secs)
[2015.10.05-12.47.57:847][  0]Cmd: MAP CHECKDEP NOCLEARLOG
[2015.10.05-12.47.57:887][  0]MapCheck: 情報 マップチェックが完了: 0 エラー、 0 警告、完了に 40.326ミリ秒かかりました。
[2015.10.05-12.47.57:887][  0]LogFileHelpers: Loading map 'Minimal_Default' took 3.900
[2015.10.05-12.47.58:040][  0]LogCollectionManager: Loaded 0 collections in 0.001954 seconds
[2015.10.05-12.47.58:046][  0]LogContentBrowser: Native class hierarchy populated in 0.0066 seconds. Added 1818 classes and 305 folders.
[2015.10.05-12.47.58:087][  0]LogContentBrowser: Native class hierarchy updated for 'WidgetCarousel' in 0.0003 seconds. Added 0 classes and 0 folders.
[2015.10.05-12.47.58:115][  0]LogContentBrowser: Native class hierarchy updated for 'AddContentDialog' in 0.0005 seconds. Added 0 classes and 0 folders.
[2015.10.05-12.47.58:171][  0]LogContentBrowser: Native class hierarchy updated for 'SceneOutliner' in 0.0003 seconds. Added 1 classes and 2 folders.
[2015.10.05-12.47.58:185][  0]LogCrashTracker: Crashtracker disabled due to settings.
[2015.10.05-12.47.58:187][  0]LogD3D11RHI: InitD3DDevice
[2015.10.05-12.47.58:190][  0]LogUObjectGlobals:Warning: オブジェクト 'Class なし.' が見つかりませんでした
[2015.10.05-12.47.58:211][  0]LogLoad: Full Startup: 10.84 seconds (BP compile: 1.22 seconds)
[2015.10.05-12.47.58:290][  0]LogContentStreaming: Texture pool size is 0.000000MB
[2015.10.05-12.47.58:370][  0]LogContentStreaming: Texture pool size now 400 MB
[2015.10.05-12.47.58:500][  0]LogRenderer: Reallocating scene render targets to support 1120x576 (Frame:2).
[2015.10.05-12.48.00:892][ 13]LogAssetRegistry: Asset discovery search completed in 7.8017 seconds
[2015.10.05-12.48.01:679][ 32]LogD3D11RHI: InitD3DDevice
[2015.10.05-12.48.04:331][ 86]LogD3D11RHI: InitD3DDevice
[2015.10.05-12.48.07:885][166]LogD3D11RHI: InitD3DDevice
[2015.10.05-12.48.08:764][186]LogD3D11RHI: InitD3DDevice
[2015.10.05-12.48.11:065][230]LogD3D11RHI: InitD3DDevice
[2015.10.05-12.48.14:556][294]LogD3D11RHI: InitD3DDevice
[2015.10.05-12.48.16:883][334]LogD3D11RHI: InitD3DDevice
[2015.10.05-12.48.18:306][356]LogD3D11RHI: InitD3DDevice
[2015.10.05-12.48.24:879][472]LeapPluginLog: LeapController::CleanupEventData Delete Called
[2015.10.05-12.48.24:893][472]LeapPluginLog: LeapController::CleanupEventData Delete Called
[2015.10.05-12.48.24:931][472]LeapPluginLog: LeapController::CleanupEventData Delete Called
[2015.10.05-12.48.24:946][472]LeapPluginLog: LeapController::CleanupEventData Delete Called
[2015.10.05-12.48.25:305][473]Cmd: QUIT_EDITOR
[2015.10.05-12.48.25:557][473]LogExit: Preparing to exit.
[2015.10.05-12.48.26:141][473]LogExit: Editor shut down
[2015.10.05-12.48.26:141][473]LogExit: Transaction tracking system shut down
[2015.10.05-12.48.26:143][473]LogParticles: Destroying 0 GPU particle simulations for FXSystem 0x0000000025B5AA20
[2015.10.05-12.48.26:143][473]LogParticles: Destroying 0 GPU particle simulations for FXSystem 0x000000002AC49B20
[2015.10.05-12.48.26:143][473]LogParticles: Destroying 0 GPU particle simulations for FXSystem 0x000000002A9BF1A0
[2015.10.05-12.48.26:143][473]LogParticles: Destroying 0 GPU particle simulations for FXSystem 0x000000002AD791C0
[2015.10.05-12.48.26:154][473]LeapPluginLog: LeapController::CleanupEventData Delete Called
[2015.10.05-12.48.26:171][473]LeapPluginLog: LeapController::CleanupEventData Delete Called
[2015.10.05-12.48.26:182][473]LeapPluginLog: LeapController::CleanupEventData Delete Called
[2015.10.05-12.48.26:299][473]LogExit: Object subsystem successfully closed.
[2015.10.05-12.48.26:314][473]LogD3D11RHI: Shutdown
[2015.10.05-12.48.26:314][473]LogD3D11RHI: CleanupD3DDevice
[2015.10.05-12.48.26:347][473]LogD3D11RHI: ~FD3D11DynamicRHI
[2015.10.05-12.48.26:359][473]LogModuleManager: Shutting down and abandoning module ExternalImagePicker (190)
[2015.10.05-12.48.26:359][473]LogModuleManager: Shutting down and abandoning module CrashTracker (189)
[2015.10.05-12.48.26:359][473]LogModuleManager: Shutting down and abandoning module SceneOutliner (188)
[2015.10.05-12.48.26:359][473]LogModuleManager: Shutting down and abandoning module SuperSearch (187)
[2015.10.05-12.48.26:359][473]LogModuleManager: Shutting down and abandoning module WidgetCarousel (186)
[2015.10.05-12.48.26:359][473]LogModuleManager: Shutting down and abandoning module AddContentDialog (185)
[2015.10.05-12.48.26:360][473]LogModuleManager: Shutting down and abandoning module EditorWidgets (184)
[2015.10.05-12.48.26:360][473]LogModuleManager: Shutting down and abandoning module CollectionManager (183)
[2015.10.05-12.48.26:360][473]LogModuleManager: Shutting down and abandoning module StatsViewer (182)
[2015.10.05-12.48.26:360][473]LogModuleManager: Shutting down and abandoning module FoliageEdit (181)
[2015.10.05-12.48.26:360][473]LogModuleManager: Shutting down and abandoning module LandscapeEditor (180)
[2015.10.05-12.48.26:360][473]LogModuleManager: Shutting down and abandoning module ActorPickerMode (179)
[2015.10.05-12.48.26:360][473]LogModuleManager: Shutting down and abandoning module GeometryMode (178)
[2015.10.05-12.48.26:360][473]LogModuleManager: Shutting down and abandoning module TextureAlignMode (177)
[2015.10.05-12.48.26:360][473]LogModuleManager: Shutting down and abandoning module BspMode (176)
[2015.10.05-12.48.26:360][473]LogModuleManager: Shutting down and abandoning module PlacementMode (175)
[2015.10.05-12.48.26:360][473]LogModuleManager: Shutting down and abandoning module AutomationWorker (174)
[2015.10.05-12.48.26:360][473]LogModuleManager: Shutting down and abandoning module CharacterAI (173)
[2015.10.05-12.48.26:360][473]LogModuleManager: Shutting down and abandoning module SmartSnapping (172)
[2015.10.05-12.48.26:360][473]LogModuleManager: Shutting down and abandoning module ViewportSnapping (171)
[2015.10.05-12.48.26:360][473]LogModuleManager: Shutting down and abandoning module LogVisualizer (170)
[2015.10.05-12.48.26:360][473]LogModuleManager: Shutting down and abandoning module GameProjectGeneration (169)
[2015.10.05-12.48.26:360][473]LogModuleManager: Shutting down and abandoning module IntroTutorials (168)
[2015.10.05-12.48.26:360][473]LogModuleManager: Shutting down and abandoning module EditorLiveStreaming (167)
[2015.10.05-12.48.26:360][473]LogModuleManager: Shutting down and abandoning module IOSPlatformEditor (166)
[2015.10.05-12.48.26:360][473]LogModuleManager: Shutting down and abandoning module HTML5PlatformEditor (165)
[2015.10.05-12.48.26:360][473]LogModuleManager: Shutting down and abandoning module AndroidDeviceDetection (164)
[2015.10.05-12.48.26:524][473]LogModuleManager: Shutting down and abandoning module AndroidPlatformEditor (163)
[2015.10.05-12.48.26:524][473]LogModuleManager: Shutting down and abandoning module IOSRuntimeSettings (162)
[2015.10.05-12.48.26:524][473]LogModuleManager: Shutting down and abandoning module AndroidRuntimeSettings (161)
[2015.10.05-12.48.26:524][473]LogModuleManager: Shutting down and abandoning module MergeActors (160)
[2015.10.05-12.48.26:524][473]LogModuleManager: Shutting down and abandoning module SizeMap (159)
[2015.10.05-12.48.26:524][473]LogModuleManager: Shutting down and abandoning module TreeMap (158)
[2015.10.05-12.48.26:524][473]LogModuleManager: Shutting down and abandoning module ReferenceViewer (157)
[2015.10.05-12.48.26:524][473]LogModuleManager: Shutting down and abandoning module LocalizationDashboard (156)
[2015.10.05-12.48.26:524][473]LogModuleManager: Shutting down and abandoning module HardwareTargeting (155)
[2015.10.05-12.48.26:524][473]LogModuleManager: Shutting down and abandoning module DeviceProfileEditor (154)
[2015.10.05-12.48.26:524][473]LogModuleManager: Shutting down and abandoning module UndoHistory (153)
[2015.10.05-12.48.26:524][473]LogModuleManager: Shutting down and abandoning module GameplayTagsEditor (152)
[2015.10.05-12.48.26:524][473]LogModuleManager: Shutting down and abandoning module UserFeedback (151)
[2015.10.05-12.48.26:524][473]LogModuleManager: Shutting down and abandoning module XmlParser (150)
[2015.10.05-12.48.26:524][473]LogModuleManager: Shutting down and abandoning module Blutility (149)
[2015.10.05-12.48.26:524][473]LogModuleManager: Shutting down and abandoning module ProjectTargetPlatformEditor (148)
[2015.10.05-12.48.26:525][473]LogModuleManager: Shutting down and abandoning module ProjectSettingsViewer (147)
[2015.10.05-12.48.26:525][473]LogModuleManager: Shutting down and abandoning module InputBindingEditor (146)
[2015.10.05-12.48.26:525][473]LogModuleManager: Shutting down and abandoning module EditorSettingsViewer (145)
[2015.10.05-12.48.26:525][473]LogModuleManager: Shutting down and abandoning module SettingsEditor (144)
[2015.10.05-12.48.26:525][473]LogModuleManager: Shutting down and abandoning module ProjectLauncher (143)
[2015.10.05-12.48.26:525][473]LogModuleManager: Shutting down and abandoning module SessionFrontend (142)
[2015.10.05-12.48.26:525][473]LogModuleManager: Shutting down and abandoning module ProfilerClient (141)
[2015.10.05-12.48.26:525][473]LogModuleManager: Shutting down and abandoning module TargetDeviceServices (140)
[2015.10.05-12.48.26:525][473]LogModuleManager: Shutting down and abandoning module DeviceManager (139)
[2015.10.05-12.48.26:526][473]LogModuleManager: Shutting down and abandoning module AutomationController (138)
[2015.10.05-12.48.26:526][473]LogModuleManager: Shutting down and abandoning module AutomationWindow (137)
[2015.10.05-12.48.26:526][473]LogModuleManager: Shutting down and abandoning module Layers (136)
[2015.10.05-12.48.26:526][473]LogModuleManager: Shutting down and abandoning module ComponentVisualizers (135)
[2015.10.05-12.48.26:526][473]LogModuleManager: Shutting down and abandoning module DetailCustomizations (134)
[2015.10.05-12.48.26:526][473]LogModuleManager: Shutting down and abandoning module PackagesDialog (133)
[2015.10.05-12.48.26:526][473]LogModuleManager: Shutting down and abandoning module AssetRegistry (132)
[2015.10.05-12.48.26:627][473]LogModuleManager: Shutting down and abandoning module Persona (131)
[2015.10.05-12.48.26:627][473]LogModuleManager: Shutting down and abandoning module Kismet (130)
[2015.10.05-12.48.26:627][473]LogModuleManager: Shutting down and abandoning module GraphEditor (129)
[2015.10.05-12.48.26:628][473]LogModuleManager: Shutting down and abandoning module ClassViewer (128)
[2015.10.05-12.48.26:628][473]LogModuleManager: Shutting down and abandoning module Toolbox (127)
[2015.10.05-12.48.26:628][473]LogModuleManager: Shutting down and abandoning module ModuleUI (126)
[2015.10.05-12.48.26:628][473]LogModuleManager: Shutting down and abandoning module MovieSceneTools (125)
[2015.10.05-12.48.26:628][473]LogModuleManager: Shutting down and abandoning module OutputLog (124)
[2015.10.05-12.48.26:628][473]LogModuleManager: Shutting down and abandoning module GammaUI (123)
[2015.10.05-12.48.26:628][473]LogModuleManager: Shutting down and abandoning module Documentation (122)
[2015.10.05-12.48.26:628][473]LogModuleManager: Shutting down and abandoning module GameLiveStreaming (121)
[2015.10.05-12.48.26:628][473]LogModuleManager: Shutting down and abandoning module StreamingPauseRendering (120)
[2015.10.05-12.48.26:628][473]LogModuleManager: Shutting down and abandoning module AnalyticsET (119)
[2015.10.05-12.48.26:628][473]LogModuleManager: Shutting down and abandoning module Analytics (118)
[2015.10.05-12.48.26:628][473]LogModuleManager: Shutting down and abandoning module AITestSuite (117)
[2015.10.05-12.48.26:628][473]LogModuleManager: Shutting down and abandoning module GameplayDebugger (116)
[2015.10.05-12.48.26:628][473]LogModuleManager: Shutting down and abandoning module AIModule (115)
[2015.10.05-12.48.26:628][473]LogModuleManager: Shutting down and abandoning module ProfilerService (114)
[2015.10.05-12.48.26:695][473]LogModuleManager: Shutting down and abandoning module TaskGraph (113)
[2015.10.05-12.48.26:695][473]LogModuleManager: Shutting down and abandoning module LeapMotion (112)
[2015.10.05-12.48.26:717][473]LogModuleManager: Shutting down and abandoning module SlateRemote (111)
[2015.10.05-12.48.26:718][473]LogModuleManager: Shutting down and abandoning module SteamVRController (110)
[2015.10.05-12.48.26:718][473]LogModuleManager: Shutting down and abandoning module SteamVR (109)
[2015.10.05-12.48.26:718][473]LogModuleManager: Shutting down and abandoning module ProceduralMeshComponent (108)
[2015.10.05-12.48.26:718][473]LogModuleManager: Shutting down and abandoning module OculusRift (107)
[2015.10.05-12.48.26:718][473]LogModuleManager: Shutting down and abandoning module LeapMotionController (106)
[2015.10.05-12.48.26:779][473]LogModuleManager: Shutting down and abandoning module CustomMeshComponent (105)
[2015.10.05-12.48.26:779][473]LogModuleManager: Shutting down and abandoning module CableComponent (104)
[2015.10.05-12.48.26:779][473]LogModuleManager: Shutting down and abandoning module MessagingDebugger (103)
[2015.10.05-12.48.26:779][473]LogModuleManager: Shutting down and abandoning module MediaPlayerEditor (102)
[2015.10.05-12.48.26:779][473]LogModuleManager: Shutting down and abandoning module SpeedTreeImporter (101)
[2015.10.05-12.48.26:779][473]LogModuleManager: Shutting down and abandoning module PluginBrowser (100)
[2015.10.05-12.48.26:779][473]LogModuleManager: Shutting down and abandoning module EpicSurvey (99)
[2015.10.05-12.48.26:779][473]LogModuleManager: Shutting down and abandoning module DesktopPlatform (98)
[2015.10.05-12.48.26:779][473]LogModuleManager: Shutting down and abandoning module VisualStudioSourceCodeAccess (97)
[2015.10.05-12.48.26:779][473]LogModuleManager: Shutting down and abandoning module UObjectPlugin (96)
[2015.10.05-12.48.26:779][473]LogModuleManager: Shutting down and abandoning module SubversionSourceControl (95)
[2015.10.05-12.48.26:779][473]LogModuleManager: Shutting down and abandoning module PerforceSourceControl (94)
[2015.10.05-12.48.26:780][473]LogModuleManager: Shutting down and abandoning module SourceControl (93)
[2015.10.05-12.48.26:780][473]LogModuleManager: Shutting down and abandoning module GitSourceControl (92)
[2015.10.05-12.48.26:780][473]LogModuleManager: Shutting down and abandoning module BlankPlugin (91)
[2015.10.05-12.48.26:780][473]LogModuleManager: Shutting down and abandoning module PaperTiledImporter (90)
[2015.10.05-12.48.26:780][473]LogModuleManager: Shutting down and abandoning module PaperSpriteSheetImporter (89)
[2015.10.05-12.48.26:780][473]LogModuleManager: Shutting down and abandoning module MeshPaint (88)
[2015.10.05-12.48.26:780][473]LogModuleManager: Shutting down and abandoning module SlateReflector (87)
[2015.10.05-12.48.26:780][473]LogModuleManager: Shutting down and abandoning module DirectoryWatcher (86)
[2015.10.05-12.48.26:780][473]LogModuleManager: Shutting down and abandoning module HotReload (85)
[2015.10.05-12.48.26:780][473]LogModuleManager: Shutting down and abandoning module MainFrame (84)
[2015.10.05-12.48.26:780][473]LogModuleManager: Shutting down and abandoning module LevelEditor (83)
[2015.10.05-12.48.26:781][473]LogModuleManager: Shutting down and abandoning module ContentBrowser (82)
[2015.10.05-12.48.26:781][473]LogModuleManager: Shutting down and abandoning module Paper2DEditor (81)
[2015.10.05-12.48.26:781][473]LogModuleManager: Shutting down and abandoning module UdpMessaging (80)
[2015.10.05-12.48.26:881][473]LogModuleManager: Shutting down and abandoning module Paper2D (79)
[2015.10.05-12.48.26:881][473]LogModuleManager: Shutting down and abandoning module WindowsMoviePlayer (78)
[2015.10.05-12.48.26:883][473]LogModuleManager: Shutting down and abandoning module Media (77)
[2015.10.05-12.48.26:883][473]LogModuleManager: Shutting down and abandoning module WmfMedia (76)
[2015.10.05-12.48.26:883][473]LogModuleManager: Shutting down and abandoning module OnlineBlueprintSupport (75)
[2015.10.05-12.48.26:883][473]LogModuleManager: Shutting down and abandoning module PropertyEditor (74)
[2015.10.05-12.48.26:883][473]LogModuleManager: Shutting down and abandoning module BehaviorTreeEditor (73)
[2015.10.05-12.48.26:883][473]LogModuleManager: Shutting down and abandoning module FunctionalTesting (72)
[2015.10.05-12.48.26:883][473]LogModuleManager: Shutting down and abandoning module CollisionAnalyzer (71)
[2015.10.05-12.48.26:883][473]LogModuleManager: Shutting down and abandoning module WorkspaceMenuStructure (70)
[2015.10.05-12.48.26:883][473]LogModuleManager: Shutting down and abandoning module MessageLog (69)
[2015.10.05-12.48.26:883][473]LogModuleManager: Shutting down and abandoning module Sequencer (68)
[2015.10.05-12.48.26:883][473]LogModuleManager: Shutting down and abandoning module AssetTools (67)
[2015.10.05-12.48.26:884][473]LogModuleManager: Shutting down and abandoning module UMGEditor (66)
[2015.10.05-12.48.26:884][473]LogModuleManager: Shutting down and abandoning module UMG (65)
[2015.10.05-12.48.26:884][473]LogModuleManager: Shutting down and abandoning module Slate (64)
[2015.10.05-12.48.26:884][473]LogModuleManager: Shutting down and abandoning module EditorStyle (63)
[2015.10.05-12.48.26:885][473]LogModuleManager: Shutting down and abandoning module SessionServices (62)
[2015.10.05-12.48.26:885][473]LogModuleManager: Shutting down and abandoning module SourceCodeAccess (61)
[2015.10.05-12.48.26:885][473]LogModuleManager: Shutting down and abandoning module HeadMountedDisplay (60)
[2015.10.05-12.48.26:885][473]LogModuleManager: Shutting down and abandoning module XAudio2 (59)
[2015.10.05-12.48.26:885][473]LogModuleManager: Shutting down and abandoning module Networking (57)
[2015.10.05-12.48.26:885][473]LogModuleManager: Shutting down and abandoning module Core (56)
[2015.10.05-12.48.26:885][473]LogModuleManager: Shutting down and abandoning module KismetCompiler (55)
[2015.10.05-12.48.26:885][473]LogModuleManager: Shutting down and abandoning module PhysXFormats (54)
[2015.10.05-12.48.26:886][473]LogModuleManager: Shutting down and abandoning module MeshUtilities (53)
[2015.10.05-12.48.26:886][473]LogModuleManager: Shutting down and abandoning module DerivedDataCache (52)
[2015.10.05-12.48.26:918][473]LogDerivedDataCache: Shutdown
[2015.10.05-12.48.26:918][473]LogModuleManager: Shutting down and abandoning module ShaderFormatOpenGL (51)
[2015.10.05-12.48.26:918][473]LogModuleManager: Shutting down and abandoning module ShaderFormatD3D (50)
[2015.10.05-12.48.26:918][473]LogModuleManager: Shutting down and abandoning module MetalShaderFormat (49)
[2015.10.05-12.48.26:918][473]LogModuleManager: Shutting down and abandoning module TextureFormatUncompressed (48)
[2015.10.05-12.48.26:918][473]LogModuleManager: Shutting down and abandoning module TextureFormatPVR (47)
[2015.10.05-12.48.26:918][473]LogModuleManager: Shutting down and abandoning module TextureFormatIntelISPCTexComp (46)
[2015.10.05-12.48.26:918][473]LogModuleManager: Shutting down and abandoning module TextureFormatDXT (45)
[2015.10.05-12.48.26:918][473]LogModuleManager: Shutting down and abandoning module ImageWrapper (44)
[2015.10.05-12.48.26:918][473]LogModuleManager: Shutting down and abandoning module TextureFormatASTC (43)
[2015.10.05-12.48.26:918][473]LogModuleManager: Shutting down and abandoning module TextureFormatAndroid (42)
[2015.10.05-12.48.26:918][473]LogModuleManager: Shutting down and abandoning module AudioFormatOpus (41)
[2015.10.05-12.48.26:918][473]LogModuleManager: Shutting down and abandoning module AudioFormatOgg (40)
[2015.10.05-12.48.26:918][473]LogModuleManager: Shutting down and abandoning module AudioFormatADPCM (39)
[2015.10.05-12.48.26:918][473]LogModuleManager: Shutting down and abandoning module LinuxTargetPlatform (38)
[2015.10.05-12.48.26:918][473]LogModuleManager: Shutting down and abandoning module LinuxServerTargetPlatform (37)
[2015.10.05-12.48.26:918][473]LogModuleManager: Shutting down and abandoning module LinuxNoEditorTargetPlatform (36)
[2015.10.05-12.48.26:918][473]LogModuleManager: Shutting down and abandoning module Messaging (35)
[2015.10.05-12.48.26:918][473]LogModuleManager: Shutting down and abandoning module IOSTargetPlatform (34)
[2015.10.05-12.48.26:918][473]LogModuleManager: Shutting down and abandoning module HTML5TargetPlatform (33)
[2015.10.05-12.48.26:918][473]LogModuleManager: Shutting down and abandoning module Android_PVRTCTargetPlatform (32)
[2015.10.05-12.48.26:918][473]LogModuleManager: Shutting down and abandoning module Android_ETC2TargetPlatform (31)
[2015.10.05-12.48.26:918][473]LogModuleManager: Shutting down and abandoning module Android_ETC1TargetPlatform (30)
[2015.10.05-12.48.26:918][473]LogModuleManager: Shutting down and abandoning module Android_DXTTargetPlatform (29)
[2015.10.05-12.48.26:918][473]LogModuleManager: Shutting down and abandoning module Android_ATCTargetPlatform (28)
[2015.10.05-12.48.26:919][473]LogModuleManager: Shutting down and abandoning module Android_ASTCTargetPlatform (27)
[2015.10.05-12.48.26:919][473]LogModuleManager: Shutting down and abandoning module AndroidTargetPlatform (26)
[2015.10.05-12.48.26:919][473]LogModuleManager: Shutting down and abandoning module WindowsTargetPlatform (25)
[2015.10.05-12.48.26:919][473]LogModuleManager: Shutting down and abandoning module WindowsServerTargetPlatform (24)
[2015.10.05-12.48.26:919][473]LogModuleManager: Shutting down and abandoning module WindowsNoEditorTargetPlatform (23)
[2015.10.05-12.48.26:919][473]LogModuleManager: Shutting down and abandoning module WindowsClientTargetPlatform (22)
[2015.10.05-12.48.26:919][473]LogModuleManager: Shutting down and abandoning module DesktopTargetPlatform (21)
[2015.10.05-12.48.26:919][473]LogModuleManager: Shutting down and abandoning module TargetPlatform (20)
[2015.10.05-12.48.26:919][473]LogModuleManager: Shutting down and abandoning module InputCore (19)
[2015.10.05-12.48.26:919][473]LogModuleManager: Shutting down and abandoning module Settings (18)
[2015.10.05-12.48.26:919][473]LogModuleManager: Shutting down and abandoning module OnlineSubsystem (16)
[2015.10.05-12.48.26:919][473]LogModuleManager: Shutting down and abandoning module HTTP (15)
[2015.10.05-12.48.26:919][473]LogModuleManager: Shutting down and abandoning module ExampleDeviceProfileSelector (14)
[2015.10.05-12.48.26:919][473]LogModuleManager: Shutting down and abandoning module TextureCompressor (13)
[2015.10.05-12.48.26:919][473]LogModuleManager: Shutting down and abandoning module ShaderCore (12)
[2015.10.05-12.48.26:919][473]LogModuleManager: Shutting down and abandoning module Landscape (11)
[2015.10.05-12.48.26:919][473]LogModuleManager: Shutting down and abandoning module SlateRHIRenderer (10)
[2015.10.05-12.48.26:920][473]LogModuleManager: Shutting down and abandoning module OpenGLDrv (9)
[2015.10.05-12.48.26:920][473]LogModuleManager: Shutting down and abandoning module D3D11RHI (8)
[2015.10.05-12.48.26:920][473]LogModuleManager: Shutting down and abandoning module Renderer (7)
[2015.10.05-12.48.26:920][473]LogModuleManager: Shutting down and abandoning module Engine (6)
[2015.10.05-12.48.26:920][473]LogModuleManager: Shutting down and abandoning module CoreUObject (5)
[2015.10.05-12.48.26:920][473]LogModuleManager: Shutting down and abandoning module NetworkFile (4)
[2015.10.05-12.48.26:920][473]LogModuleManager: Shutting down and abandoning module StreamingFile (3)
[2015.10.05-12.48.26:920][473]LogModuleManager: Shutting down and abandoning module SandboxFile (2)
[2015.10.05-12.48.26:920][473]LogModuleManager: Shutting down and abandoning module PakFile (1)
[2015.10.05-12.48.26:921][473]LogExit: Exiting.
[2015.10.05-12.48.26:923][473]Log file closed, 10/05/15 21:48:26
