[2015.10.14-11.25.00:321][  0]Log file open, 10/14/15 20:25:00
[2015.10.14-11.25.00:321][  0]LogInit:Display: Running engine for game: leap03
[2015.10.14-11.25.00:321][  0]LogInit:Display: RandInit(-1129970330) SRandInit(-1129970330).
[2015.10.14-11.25.00:321][  0]LogTaskGraph: Started task graph with 4 named threads and 7 total threads.
[2015.10.14-11.25.00:321][  0]LogStats: Stats thread started
[2015.10.14-11.25.00:321][  0]LogInit: Version: 4.8.3-2634408+++depot+UE4-Releases+4.8
[2015.10.14-11.25.00:321][  0]LogInit: API Version: 2579680
[2015.10.14-11.25.00:321][  0]LogInit: Compiled (64-bit): Jul 27 2015 16:24:33
[2015.10.14-11.25.00:321][  0]LogInit: Compiled with Visual C++: 18.00.21005.01
[2015.10.14-11.25.00:321][  0]LogInit: Build Configuration: Development
[2015.10.14-11.25.00:321][  0]LogInit: Branch Name: ++depot+UE4-Releases+4.8
[2015.10.14-11.25.00:321][  0]LogInit: Command line: 
[2015.10.14-11.25.00:321][  0]LogInit: Base directory: D:/Program Files/Epic Games/4.8/Engine/Binaries/Win64/
[2015.10.14-11.25.00:321][  0]LogInit: Rocket: 1
[2015.10.14-11.25.00:335][  0]LogInit: Using libcurl 7.41.0
[2015.10.14-11.25.00:335][  0]LogInit:  - built for x86_64-pc-win32
[2015.10.14-11.25.00:335][  0]LogInit:  - supports SSL with WinSSL
[2015.10.14-11.25.00:335][  0]LogInit:  - other features:
[2015.10.14-11.25.00:335][  0]LogInit:      CURL_VERSION_SSL
[2015.10.14-11.25.00:335][  0]LogInit:      CURL_VERSION_IPV6
[2015.10.14-11.25.00:335][  0]LogInit:      CURL_VERSION_ASYNCHDNS
[2015.10.14-11.25.00:335][  0]LogInit:      CURL_VERSION_LARGEFILE
[2015.10.14-11.25.00:335][  0]LogInit:      CURL_VERSION_IDN
[2015.10.14-11.25.00:335][  0]LogInit:  CurlRequestOptions (configurable via config and command line):
[2015.10.14-11.25.00:335][  0]LogInit:  - bVerifyPeer = true  - Libcurl will verify peer certificate
[2015.10.14-11.25.00:335][  0]LogInit:  - bUseHttpProxy = false  - Libcurl will NOT use HTTP proxy
[2015.10.14-11.25.00:335][  0]LogInit:  - bDontReuseConnections = false  - Libcurl will reuse connections
[2015.10.14-11.25.00:335][  0]LogInit:  - CertBundlePath = nullptr  - Libcurl will use whatever was configured at build time.
[2015.10.14-11.25.00:348][  0]LogOnline:Warning: No default platform service specified for OnlineSubsystem
[2015.10.14-11.25.00:364][  0]LogInit: Presizing for 0 objects not considered by GC, pre-allocating 0 bytes.
[2015.10.14-11.25.00:371][  0]LogInit: Object subsystem initialized
[2015.10.14-11.25.00:371][  0]LogConsoleResponse:Warning: Skipping Unknown console variable: 'TranslucentSortAxis = (X=0.000000,Y=-1.000000,Z=0.000000)'
[2015.10.14-11.25.00:371][  0]LogConsoleResponse:Warning:   Found in ini file 'D:/Desktop/Swipegesture/Saved/Config/Windows/Engine.ini', in section '[/Script/Engine.RendererSettings]'
[2015.10.14-11.25.00:371][  0]LogConsoleResponse:Warning: Skipping Unknown console variable: 'UIScaleRule = ShortestSide'
[2015.10.14-11.25.00:371][  0]LogConsoleResponse:Warning:   Found in ini file 'D:/Desktop/Swipegesture/Saved/Config/Windows/Engine.ini', in section '[/Script/Engine.RendererSettings]'
[2015.10.14-11.25.00:371][  0]LogConsoleResponse:Warning: Skipping Unknown console variable: 'UIScaleCurve = (EditorCurveData=(Keys=),ExternalCurve=None)'
[2015.10.14-11.25.00:371][  0]LogConsoleResponse:Warning:   Found in ini file 'D:/Desktop/Swipegesture/Saved/Config/Windows/Engine.ini', in section '[/Script/Engine.RendererSettings]'
[2015.10.14-11.25.00:372][  0]LogInit: Selected Device Profile: [Windows]
[2015.10.14-11.25.00:372][  0]LogInit: Applying CVar settings loaded from the selected device profile: [Windows]
[2015.10.14-11.25.00:380][  0]LogInit: Computer: DESKTOP-E7GQ0KF
[2015.10.14-11.25.00:380][  0]LogInit: User: davis
[2015.10.14-11.25.00:380][  0]LogInit: CPU Page size=4096, Cores=4
[2015.10.14-11.25.00:380][  0]LogInit: High frequency timer resolution =2.435768 MHz
[2015.10.14-11.25.00:380][  0]LogMemory: Memory total: Physical=15.8GB (16GB approx)
[2015.10.14-11.25.00:380][  0]LogMemory: Platform Memory Stats for Windows
[2015.10.14-11.25.00:380][  0]LogMemory: Process Physical Memory: 50.63 MB used, 50.63 MB peak
[2015.10.14-11.25.00:380][  0]LogMemory: Process Virtual Memory: 25.52 MB used, 25.52 MB peak
[2015.10.14-11.25.00:380][  0]LogMemory: Physical Memory: 6479.83 MB used, 16211.04 MB total
[2015.10.14-11.25.00:380][  0]LogMemory: Virtual Memory: 312.12 MB used, 134217728.00 MB total
[2015.10.14-11.25.00:667][  0]LogTextLocalizationManager:Warning: Loaded localization resources contain conflicting entries for (Namespace:ContentBrowser, Key:ImportAssetToolTip):
Localization Resource: (D:/Program Files/Epic Games/4.8/Engine/Content/Localization/Editor/en/Editor.locres) Source String Hash: (-630476809) Localized String: (Import to {0}...)
Localization Resource: (D:/Program Files/Epic Games/4.8/Engine/Content/Localization/Editor/en/Editor.locres) Source String Hash: (1271782899) Localized String: (Imports an asset from file to this folder.)
[2015.10.14-11.25.01:154][  0]LogD3D11RHI: Found D3D11 adapter 0: NVIDIA GeForce GTX 860M     (Feature Level 11_0)
[2015.10.14-11.25.01:154][  0]LogD3D11RHI: Adapter has 1995MB of dedicated video memory, 0MB of dedicated system memory, and 8105MB of shared system memory, 2 output[s]
[2015.10.14-11.25.01:160][  0]LogD3D11RHI: Found D3D11 adapter 1: Intel(R) HD Graphics 4600 (Feature Level 11_0)
[2015.10.14-11.25.01:161][  0]LogD3D11RHI: Adapter has 112MB of dedicated video memory, 0MB of dedicated system memory, and 8105MB of shared system memory, 0 output[s]
[2015.10.14-11.25.01:165][  0]LogD3D11RHI: Found D3D11 adapter 2: Microsoft Basic Render Driver (Feature Level 11_0)
[2015.10.14-11.25.01:165][  0]LogD3D11RHI: Adapter has 0MB of dedicated video memory, 0MB of dedicated system memory, and 8105MB of shared system memory, 0 output[s]
[2015.10.14-11.25.01:165][  0]LogD3D11RHI: Chosen D3D11 Adapter Id = 0
[2015.10.14-11.25.01:170][  0]LogD3D11RHI: InitD3DDevice
[2015.10.14-11.25.01:170][  0]LogD3D11RHI: !Direct3DDevice
[2015.10.14-11.25.01:170][  0]LogRHI: Texture pool is 1361 MB (70% of 1945 MB)
[2015.10.14-11.25.01:185][  0]LogD3D11RHI: Async texture creation enabled
[2015.10.14-11.25.01:203][  0]LogShaderCompilers:Display: Using Local Shader Compiler.
[2015.10.14-11.25.01:986][  0]LogTemp:Display: Loaded TP DesktopTargetPlatform
[2015.10.14-11.25.01:999][  0]LogTemp:Display: Loaded TP WindowsClientTargetPlatform
[2015.10.14-11.25.02:011][  0]LogTemp:Display: Loaded TP WindowsNoEditorTargetPlatform
[2015.10.14-11.25.02:023][  0]LogTemp:Display: Loaded TP WindowsServerTargetPlatform
[2015.10.14-11.25.02:036][  0]LogTemp:Display: Loaded TP WindowsTargetPlatform
[2015.10.14-11.25.02:047][  0]LogTemp:Display: Loaded TP AndroidTargetPlatform
[2015.10.14-11.25.02:058][  0]LogTemp:Display: Loaded TP Android_ASTCTargetPlatform
[2015.10.14-11.25.02:076][  0]LogTemp:Display: Loaded TP Android_ATCTargetPlatform
[2015.10.14-11.25.02:088][  0]LogTemp:Display: Loaded TP Android_DXTTargetPlatform
[2015.10.14-11.25.02:099][  0]LogTemp:Display: Loaded TP Android_ETC1TargetPlatform
[2015.10.14-11.25.02:109][  0]LogTemp:Display: Loaded TP Android_ETC2TargetPlatform
[2015.10.14-11.25.02:121][  0]LogTemp:Display: Loaded TP Android_PVRTCTargetPlatform
[2015.10.14-11.25.02:166][  0]LogTemp:Display: Loaded TP IOSTargetPlatform
[2015.10.14-11.25.02:177][  0]LogTemp:Display: Loaded TP LinuxNoEditorTargetPlatform
[2015.10.14-11.25.02:188][  0]LogTemp:Display: Loaded TP LinuxServerTargetPlatform
[2015.10.14-11.25.02:200][  0]LogTemp:Display: Loaded TP LinuxTargetPlatform
[2015.10.14-11.25.02:200][  0]LogTargetPlatformManager:Display: Building Assets For Windows
[2015.10.14-11.25.02:381][  0]LogDerivedDataCache:Display: Max Cache Size: 512 MB
[2015.10.14-11.25.02:432][  0]LogDerivedDataCache: Loaded boot cache 0.05s 53MB C:/Users/davis/AppData/Local/UnrealEngine/4.8/DerivedDataCache/Boot.ddc.
[2015.10.14-11.25.02:432][  0]LogDerivedDataCache:Display: Loaded Boot cache: C:/Users/davis/AppData/Local/UnrealEngine/4.8/DerivedDataCache/Boot.ddc
[2015.10.14-11.25.02:432][  0]LogDerivedDataCache: FDerivedDataBackendGraph:  Pak pak cache file ../../../../../../Desktop/Swipegesture/DerivedDataCache/DDC.ddp not found, will not use a pak cache.
[2015.10.14-11.25.02:432][  0]LogDerivedDataCache: Unable to find inner node Pak for hierarchical cache Hierarchy.
[2015.10.14-11.25.02:432][  0]LogDerivedDataCache: FDerivedDataBackendGraph:  CompressedPak pak cache file ../../../../../../Desktop/Swipegesture/DerivedDataCache/Compressed.ddp not found, will not use a pak cache.
[2015.10.14-11.25.02:432][  0]LogDerivedDataCache: Unable to find inner node CompressedPak for hierarchical cache Hierarchy.
[2015.10.14-11.25.02:580][  0]LogDerivedDataCache:Display: Pak cache opened for reading ../../../Engine/DerivedDataCache/Compressed.ddp.
[2015.10.14-11.25.02:592][  0]LogDerivedDataCache: Using Local data cache path C:/Users/davis/AppData/Local/UnrealEngine/Common/DerivedDataCache: Writable
[2015.10.14-11.25.02:790][  0]LogInit: Selected Device Profile: [Windows]
[2015.10.14-11.25.02:883][  0]ImportText (ComponentSweepMultiTests): Missing closing parenthesis: (RootShapeAsset="/Engine/BasicShapes/Cube.Cube",ShapeType="TriggerCapsule",HitResult=(Time=0.50,Location=(X=-100.000015,Y=0.0,Z=100.000015),ImpactPoint=(X=-50.0,Y=0.0,Z=50.0),Normal=(X=-1.0,Y=-0.0,Z=0.0),ImpactNormal=(X=0.0,Y=0.0,Z=1.0),TraceStart=(X=-200.0,Y=0.0,Z=200.0),TraceEnd=(X=0.0,Y=0.0,Z=0.0))
[2015.10.14-11.25.02:883][  0]ImportText (LineTraceSingleByChannelTests): Missing closing parenthesis: (RootShapeAsset="/Engine/BasicShapes/Cube.Cube",HitResult=(Time=0.50,Location=(X=-100.000015,Y=0.0,Z=100.000015),ImpactPoint=(X=-50.0,Y=0.0,Z=50.0),Normal=(X=-1.0,Y=-0.0,Z=0.0),ImpactNormal=(X=0.0,Y=0.0,Z=1.0),TraceStart=(X=-200.0,Y=0.0,Z=200.0),TraceEnd=(X=0.0,Y=0.0,Z=0.0))
[2015.10.14-11.25.02:911][  0]LogMeshUtilities: No automatic mesh reduction module available
[2015.10.14-11.25.02:911][  0]LogMeshUtilities: No automatic mesh merging module available
[2015.10.14-11.25.03:228][  0]LogInit: WinSock: version 1.1 (2.2), MaxSocks=32767, MaxUdp=65467
[2015.10.14-11.25.04:110][  0]UdpMessaging: Initializing bridge on interface 0.0.0.0:0 to multicast group 230.0.0.1:6666.
[2015.10.14-11.25.04:408][  0]SourceControl: Info Source control is disabled
[2015.10.14-11.25.04:460][  0]SourceControl: Info Source control is disabled
[2015.10.14-11.25.04:468][  0]SourceControl: Info Source control is disabled
[2015.10.14-11.25.04:476][  0]SourceControl: Info Source control is disabled
[2015.10.14-11.25.04:734][  0]LeapPluginLog: Using LeapPlugin version 0.9.5
[2015.10.14-11.25.04:740][  0]LogObj: 26891 objects as part of root set at end of initial load.
[2015.10.14-11.25.04:740][  0]LogUObjectAllocator: 5510376 out of 0 bytes used by permanent object pool.
[2015.10.14-11.25.04:810][  0]LogEngine: Initializing Engine...
[2015.10.14-11.25.04:812][  0]OCULUS: Info: [CAPI] LibOVR module is located at C:\WINDOWS\SYSTEM32\LibOVRRT64_0_6.dll

[2015.10.14-11.25.05:414][  0]OCULUS: Error: [CAPI] ovrHmd_Create failed to complete within the timeout period.
[2015.10.14-11.25.05:515][  0]LogHMD:Warning: SteamVR failed to initialize.  Error: 110
[2015.10.14-11.25.05:663][  0]LogAIModule: Creating AISystem for world NewWorld
[2015.10.14-11.25.05:671][  0]LogInit: XAudio2 using 'スピーカー (Logicool G430 Gaming Headset)' : 8 channels at 48 kHz using 16 bits per sample (channel mask 0x63f)
[2015.10.14-11.25.05:678][  0]LogInit: FAudioDevice initialized.
[2015.10.14-11.25.05:707][  0]LogDerivedDataCache: Saved boot cache 0.03s 53MB C:/Users/davis/AppData/Local/UnrealEngine/4.8/DerivedDataCache/Boot.ddc.
[2015.10.14-11.25.05:711][  0]LogInit: Texture streaming: Disabled
[2015.10.14-11.25.05:731][  0]LogAnalytics: Creating configured Analytics provider AnalyticsET
[2015.10.14-11.25.05:731][  0]LogAnalytics: [UEEditor.Rocket.Release] APIServer = http://et2.epicgames.com/ET2/. AppVersion = 4.8.3-2634408+++depot+UE4-Releases+4.8
[2015.10.14-11.25.05:731][  0]LogAnalytics: [UEEditor.Rocket.Release] SetUserId deef9a964707c777c45f94843d0183f3|a11a2bbafe684e7f8452a9fa32728a52|05e64c4f-a5dd-4c96-91ac-6b573ea93332
[2015.10.14-11.25.05:732][  0]LogAnalytics: [UEEditor.Rocket.Release] AnalyticsET::StartSession
[2015.10.14-11.25.05:827][  0]LogInit: Transaction tracking system initialized
[2015.10.14-11.25.05:952][  0]BlueprintLog: New page: Editor Load
[2015.10.14-11.25.05:984][  0]LogAssetRegistry: FAssetRegistry took 0.0109 seconds to start up
[2015.10.14-11.25.05:984][  0]LogDirectoryWatcher:Warning: Failed to begin reading directory changes for ../../../Engine/Plugins/Experimental/CharacterAI/Content/. Error: 0
[2015.10.14-11.25.06:622][  0]LogConsoleManager:Warning: Console variable 'r.VSync' wasn't set ('GameSetting' has a lower priority than 'SystemSettingsIni')
[2015.10.14-11.25.06:623][  0]LogConsoleResponse:Display: 
[2015.10.14-11.25.06:878][  0]LogCook:Display: Done creating registry. It took  0.00s.
[2015.10.14-11.25.07:076][  0]SourceControl: Info Source control is disabled
[2015.10.14-11.25.07:076][  0]Cmd: MAP LOAD FILE="../../../../../../Desktop/Swipegesture/Content/StarterContent/Maps/Minimal_Default.umap" TEMPLATE=0 SHOWPROGRESS=1 FEATURELEVEL=3
[2015.10.14-11.25.07:076][  0]LightingResults: New page: Lighting Build
[2015.10.14-11.25.07:087][  0]MapCheck: New page: Map Check
[2015.10.14-11.25.07:087][  0]LightingResults: New page: Lighting Build
[2015.10.14-11.25.07:100][  0]LogParticles: Destroying 0 GPU particle simulations for FXSystem 0x00000015CA126200
[2015.10.14-11.25.10:015][  0]LogBlueprint:Warning: [compiler LeapBasicRiggedCharacter] Warning InputAction Event references unknown Action 'Jump' for  InputAction Jump 
[2015.10.14-11.25.10:016][  0]LogBlueprint:Warning: [compiler LeapBasicRiggedCharacter] Warning Input Axis Event references unknown Axis 'LookUpRate' for  InputAxis LookUpRate 
[2015.10.14-11.25.10:016][  0]LogBlueprint:Warning: [compiler LeapBasicRiggedCharacter] Warning Input Axis Event references unknown Axis 'TurnRate' for  InputAxis TurnRate 
[2015.10.14-11.25.10:017][  0]LogBlueprint:Warning: [compiler LeapBasicRiggedCharacter] Warning Input Axis Event references unknown Axis 'Turn' for  InputAxis Turn 
[2015.10.14-11.25.10:017][  0]LogBlueprint:Warning: [compiler LeapBasicRiggedCharacter] Warning Input Axis Event references unknown Axis 'LookUp' for  InputAxis LookUp 
[2015.10.14-11.25.10:018][  0]LogBlueprint:Warning: [compiler LeapBasicRiggedCharacter] Warning Input Axis Event references unknown Axis 'MoveRight' for  InputAxis MoveRight 
[2015.10.14-11.25.10:018][  0]LogBlueprint:Warning: [compiler LeapBasicRiggedCharacter] Warning Input Axis Event references unknown Axis 'MoveForward' for  InputAxis MoveForward 
[2015.10.14-11.25.10:023][  0]LogBlueprint:Warning: [compiler LeapBasicRiggedCharacter] Warning [0010.99] Compile of LeapBasicRiggedCharacter successful, but with 7 Warning(s) [in 65 ms]
[2015.10.14-11.25.10:024][  0]LogBlueprint:Warning: [compiler LeapBasicRiggedCharacter] Warning [0010.99] Compile of LeapBasicRiggedCharacter successful, but with 8 Warning(s) [in 0 ms]
[2015.10.14-11.25.10:024][  0]LogBlueprint:Warning: [compiler LeapBasicRiggedCharacter] Warning [0010.99] Compile of LeapBasicRiggedCharacter successful, but with 9 Warning(s) [in 0 ms]
[2015.10.14-11.25.10:069][  0]LogBlueprint:Warning: [compiler LeapBasicRiggedCharacter] Warning InputAction Event references unknown Action 'Jump' for  InputAction Jump 
[2015.10.14-11.25.10:069][  0]LogBlueprint:Warning: [compiler LeapBasicRiggedCharacter] Warning Input Axis Event references unknown Axis 'LookUpRate' for  InputAxis LookUpRate 
[2015.10.14-11.25.10:070][  0]LogBlueprint:Warning: [compiler LeapBasicRiggedCharacter] Warning Input Axis Event references unknown Axis 'TurnRate' for  InputAxis TurnRate 
[2015.10.14-11.25.10:070][  0]LogBlueprint:Warning: [compiler LeapBasicRiggedCharacter] Warning Input Axis Event references unknown Axis 'Turn' for  InputAxis Turn 
[2015.10.14-11.25.10:071][  0]LogBlueprint:Warning: [compiler LeapBasicRiggedCharacter] Warning Input Axis Event references unknown Axis 'LookUp' for  InputAxis LookUp 
[2015.10.14-11.25.10:071][  0]LogBlueprint:Warning: [compiler LeapBasicRiggedCharacter] Warning Input Axis Event references unknown Axis 'MoveRight' for  InputAxis MoveRight 
[2015.10.14-11.25.10:071][  0]LogBlueprint:Warning: [compiler LeapBasicRiggedCharacter] Warning Input Axis Event references unknown Axis 'MoveForward' for  InputAxis MoveForward 
[2015.10.14-11.25.10:078][  0]LogBlueprint:Warning: [compiler LeapBasicRiggedCharacter] Warning [0011.05] Compile of LeapBasicRiggedCharacter successful, but with 7 Warning(s) [in 41 ms]
[2015.10.14-11.25.10:078][  0]LogBlueprint:Warning: [compiler LeapBasicRiggedCharacter] Warning [0011.05] Compile of LeapBasicRiggedCharacter successful, but with 8 Warning(s) [in 0 ms]
[2015.10.14-11.25.12:295][  0]LogAIModule: Creating AISystem for world Minimal_Default
[2015.10.14-11.25.12:379][  0]LogEditorServer: Finished looking for orphan Actors (0.000 secs)
[2015.10.14-11.25.12:397][  0]Cmd: MAP CHECKDEP NOCLEARLOG
[2015.10.14-11.25.12:444][  0]MapCheck: Info Map check complete: 0 Error(s), 0 Warning(s), took 47.059ms to complete.
[2015.10.14-11.25.12:444][  0]LogFileHelpers: Loading map 'Minimal_Default' took 5.368
[2015.10.14-11.25.13:055][  0]LogCollectionManager: Loaded 0 collections in 0.001686 seconds
[2015.10.14-11.25.13:130][  0]LogContentBrowser: Native class hierarchy populated in 0.0738 seconds. Added 1818 classes and 305 folders.
[2015.10.14-11.25.13:728][  0]LogContentBrowser: Native class hierarchy updated for 'WidgetCarousel' in 0.0004 seconds. Added 0 classes and 0 folders.
[2015.10.14-11.25.14:164][  0]LogContentBrowser: Native class hierarchy updated for 'AddContentDialog' in 0.0005 seconds. Added 0 classes and 0 folders.
[2015.10.14-11.25.14:299][  0]LogContentBrowser: Native class hierarchy updated for 'SceneOutliner' in 0.0005 seconds. Added 1 classes and 2 folders.
[2015.10.14-11.25.15:779][  0]LogCrashTracker: Crashtracker disabled due to settings.
[2015.10.14-11.25.15:943][  0]LogD3D11RHI: InitD3DDevice
[2015.10.14-11.25.15:980][  0]LogUObjectGlobals:Warning: Failed to find object 'Class None.'
[2015.10.14-11.25.16:022][  0]LogLoad: Full Startup: 16.99 seconds (BP compile: 2.23 seconds)
[2015.10.14-11.25.16:094][  0]LogWindowsTextInputMethodSystem:Display: IME system now activated using TSF (Microsoft IME).
[2015.10.14-11.25.16:391][  0]LogContentStreaming: Texture pool size is 0.000000MB
[2015.10.14-11.25.16:438][  0]LogContentStreaming: Texture pool size now 1000 MB
[2015.10.14-11.25.16:852][  0]LogRenderer: Reallocating scene render targets to support 1208x568 (Frame:2).
[2015.10.14-11.25.17:535][ 13]LogAssetRegistry: Asset discovery search completed in 11.5615 seconds
[2015.10.14-11.25.19:812][138]LogD3D11RHI: InitD3DDevice
[2015.10.14-11.25.20:647][183]BlueprintLog: New page: Pre-PIE auto-recompile
[2015.10.14-11.25.20:647][183]LogPlayLevel: [PIE] Compiling Minimal_Default before PIE...
[2015.10.14-11.25.20:899][183]LeapPluginLog: LeapController::CleanupEventData Delete Called
[2015.10.14-11.25.20:925][183]LeapPluginLog: LeapController::CleanupEventData Delete Called
[2015.10.14-11.25.20:977][183]LeapPluginLog: LeapController::CleanupEventData Delete Called
[2015.10.14-11.25.21:001][183]LeapPluginLog: LeapController::CleanupEventData Delete Called
[2015.10.14-11.25.21:038][183]LogPlayLevel: PIE:  Blueprint regeneration took 451 ms (1 blueprints)
[2015.10.14-11.25.21:161][183]PIE: New page: PIE session: Minimal_Default (Oct 15, 2015, 5:25:21 AM)
[2015.10.14-11.25.21:162][183]LogPlayLevel: Creating play world package: /Game/StarterContent/Maps/UEDPIE_0_Minimal_Default
[2015.10.14-11.25.21:175][183]LogPlayLevel: PIE: StaticDuplicateObject took: (0.013487s)
[2015.10.14-11.25.21:188][183]LogAIModule: Creating AISystem for world Minimal_Default
[2015.10.14-11.25.21:188][183]LogPlayLevel: PIE: World Init took: (0.001310s)
[2015.10.14-11.25.21:188][183]LogPlayLevel: PIE: Created PIE world by copying editor world from /Game/StarterContent/Maps/Minimal_Default.Minimal_Default to /Game/StarterContent/Maps/UEDPIE_0_Minimal_Default.Minimal_Default (0.026787s)
[2015.10.14-11.25.21:216][183]LogInit: XAudio2 using 'スピーカー (Logicool G430 Gaming Headset)' : 8 channels at 48 kHz using 16 bits per sample (channel mask 0x63f)
[2015.10.14-11.25.21:220][183]LogInit: FAudioDevice initialized.
[2015.10.14-11.25.21:315][183]LogWorld: Game class is 'NewBlueprint_C'
[2015.10.14-11.25.21:328][183]LeapPluginLog: InterfaceObject: NewBlueprint_C_0
[2015.10.14-11.25.21:427][183]LogWorld: Bringing World /Game/StarterContent/Maps/UEDPIE_0_Minimal_Default.Minimal_Default up for play (max tick rate 60) at 2015.10.14-20.25.21
[2015.10.14-11.25.21:427][183]LogActor:Warning: GameSession /Game/StarterContent/Maps/UEDPIE_0_Minimal_Default.Minimal_Default:PersistentLevel.GameSession_0 has natively added scene component(s), but none of them were set as the actor's RootComponent - picking one arbitrarily
[2015.10.14-11.25.21:437][183]LogActor:Warning: GameNetworkManager /Game/StarterContent/Maps/UEDPIE_0_Minimal_Default.Minimal_Default:PersistentLevel.GameNetworkManager_0 has natively added scene component(s), but none of them were set as the actor's RootComponent - picking one arbitrarily
[2015.10.14-11.25.21:437][183]LogWorld: Bringing up level for play took: 0.012770
[2015.10.14-11.25.21:616][183]LeapPluginLog: InterfaceObject: LeapAnimBodyConnector_C_0
[2015.10.14-11.25.21:616][183]LeapPluginLog:Warning: Warning! More than one (2) Leap Controller Component detected! Duplication of work and output may result (inefficiency warning).
[2015.10.14-11.25.21:677][183]PIE: Info Play in editor start time for /Game/StarterContent/Maps/UEDPIE_0_Minimal_Default 1.605
[2015.10.14-11.25.24:673][338]LogBlueprintUserMessages: RightHandLeft
[2015.10.14-11.25.25:673][395]LogBlueprintUserMessages: RightHandRight
[2015.10.14-11.25.25:690][396]LogBlueprintUserMessages: RightHandRight
[2015.10.14-11.25.25:706][397]LogBlueprintUserMessages: RightHandRight
[2015.10.14-11.25.25:706][397]LogBlueprintUserMessages: RightHandRight
[2015.10.14-11.25.25:723][398]LogBlueprintUserMessages: RightHandRight
[2015.10.14-11.25.25:723][398]LogBlueprintUserMessages: RightHandRight
[2015.10.14-11.25.25:740][399]LogBlueprintUserMessages: RightHandRight
[2015.10.14-11.25.25:740][399]LogBlueprintUserMessages: RightHandRight
[2015.10.14-11.25.25:756][400]LogBlueprintUserMessages: RightHandRight
[2015.10.14-11.25.25:756][400]LogBlueprintUserMessages: RightHandRight
[2015.10.14-11.25.25:773][401]LogBlueprintUserMessages: RightHandRight
[2015.10.14-11.25.25:790][402]LogBlueprintUserMessages: RightHandRight
[2015.10.14-11.25.25:806][403]LogBlueprintUserMessages: RightHandRight
[2015.10.14-11.25.26:006][415]LogBlueprintUserMessages: RightHandLeft
[2015.10.14-11.25.26:022][416]LogBlueprintUserMessages: RightHandLeft
[2015.10.14-11.25.26:039][417]LogBlueprintUserMessages: RightHandLeft
[2015.10.14-11.25.26:057][418]LogBlueprintUserMessages: RightHandLeft
[2015.10.14-11.25.26:072][419]LogBlueprintUserMessages: RightHandLeft
[2015.10.14-11.25.26:090][420]LogBlueprintUserMessages: RightHandLeft
[2015.10.14-11.25.26:823][464]LogBlueprintUserMessages: RightHandRight
[2015.10.14-11.25.26:823][464]LogBlueprintUserMessages: RightHandRight
[2015.10.14-11.25.26:839][465]LogBlueprintUserMessages: RightHandRight
[2015.10.14-11.25.26:839][465]LogBlueprintUserMessages: RightHandRight
[2015.10.14-11.25.26:839][465]LogBlueprintUserMessages: RightHandRight
[2015.10.14-11.25.26:856][466]LogBlueprintUserMessages: RightHandRight
[2015.10.14-11.25.26:856][466]LogBlueprintUserMessages: RightHandRight
[2015.10.14-11.25.26:873][467]LogBlueprintUserMessages: RightHandRight
[2015.10.14-11.25.26:873][467]LogBlueprintUserMessages: RightHandRight
[2015.10.14-11.25.26:889][468]LogBlueprintUserMessages: RightHandRight
[2015.10.14-11.25.26:889][468]LogBlueprintUserMessages: RightHandRight
[2015.10.14-11.25.26:906][469]LogBlueprintUserMessages: RightHandRight
[2015.10.14-11.25.26:906][469]LogBlueprintUserMessages: RightHandRight
[2015.10.14-11.25.26:922][470]LogBlueprintUserMessages: RightHandRight
[2015.10.14-11.25.26:922][470]LogBlueprintUserMessages: RightHandRight
[2015.10.14-11.25.27:206][487]LogBlueprintUserMessages: RightHandLeft
[2015.10.14-11.25.27:222][488]LogBlueprintUserMessages: RightHandLeft
[2015.10.14-11.25.27:222][488]LogBlueprintUserMessages: RightHandLeft
[2015.10.14-11.25.27:239][489]LogBlueprintUserMessages: RightHandLeft
[2015.10.14-11.25.27:239][489]LogBlueprintUserMessages: RightHandLeft
[2015.10.14-11.25.27:256][490]LogBlueprintUserMessages: RightHandLeft
[2015.10.14-11.25.27:256][490]LogBlueprintUserMessages: RightHandLeft
[2015.10.14-11.25.27:273][491]LogBlueprintUserMessages: RightHandLeft
[2015.10.14-11.25.27:289][492]LogBlueprintUserMessages: RightHandLeft
[2015.10.14-11.25.27:306][493]LogBlueprintUserMessages: RightHandLeft
[2015.10.14-11.25.27:323][494]LogBlueprintUserMessages: RightHandLeft
[2015.10.14-11.25.28:306][553]LogBlueprintUserMessages: RightHandLeft
[2015.10.14-11.25.28:324][554]LogBlueprintUserMessages: RightHandLeft
[2015.10.14-11.25.28:324][554]LogBlueprintUserMessages: RightHandLeft
[2015.10.14-11.25.28:341][555]LogBlueprintUserMessages: RightHandLeft
[2015.10.14-11.25.28:341][555]LogBlueprintUserMessages: RightHandLeft
[2015.10.14-11.25.28:357][556]LogBlueprintUserMessages: RightHandLeft
[2015.10.14-11.25.28:357][556]LogBlueprintUserMessages: RightHandLeft
[2015.10.14-11.25.28:374][557]LogBlueprintUserMessages: RightHandLeft
[2015.10.14-11.25.28:374][557]LogBlueprintUserMessages: RightHandLeft
[2015.10.14-11.25.28:390][558]LogBlueprintUserMessages: RightHandLeft
[2015.10.14-11.25.28:391][558]LogBlueprintUserMessages: RightHandLeft
[2015.10.14-11.25.28:407][559]LogBlueprintUserMessages: RightHandLeft
[2015.10.14-11.25.30:158][664]LogBlueprintUserMessages: RightHandLeft
[2015.10.14-11.25.31:611][750]LogBlueprintUserMessages: RightHandRight
[2015.10.14-11.25.31:627][751]LogBlueprintUserMessages: RightHandRight
[2015.10.14-11.25.31:644][752]LogBlueprintUserMessages: RightHandRight
[2015.10.14-11.25.31:660][753]LogBlueprintUserMessages: RightHandRight
[2015.10.14-11.25.31:678][754]LogBlueprintUserMessages: RightHandRight
[2015.10.14-11.25.31:694][755]LogBlueprintUserMessages: RightHandRight
[2015.10.14-11.25.31:711][756]LogBlueprintUserMessages: RightHandRight
[2015.10.14-11.25.31:728][757]LogBlueprintUserMessages: RightHandRight
[2015.10.14-11.25.32:044][776]LogBlueprintUserMessages: RightHandLeft
[2015.10.14-11.25.32:061][777]LogBlueprintUserMessages: RightHandLeft
[2015.10.14-11.25.32:078][778]LogBlueprintUserMessages: RightHandLeft
[2015.10.14-11.25.32:078][778]LogBlueprintUserMessages: RightHandLeft
[2015.10.14-11.25.32:094][779]LogBlueprintUserMessages: RightHandLeft
[2015.10.14-11.25.32:094][779]LogBlueprintUserMessages: RightHandLeft
[2015.10.14-11.25.32:111][780]LogBlueprintUserMessages: RightHandLeft
[2015.10.14-11.25.33:394][857]LogBlueprintUserMessages: RightHandLeft
[2015.10.14-11.25.33:394][857]LogBlueprintUserMessages: RightHandLeft
[2015.10.14-11.25.33:411][858]LogBlueprintUserMessages: RightHandLeft
[2015.10.14-11.25.33:411][858]LogBlueprintUserMessages: RightHandLeft
[2015.10.14-11.25.33:428][859]LogBlueprintUserMessages: RightHandLeft
[2015.10.14-11.25.33:428][859]LogBlueprintUserMessages: RightHandLeft
[2015.10.14-11.25.33:444][860]LogBlueprintUserMessages: RightHandLeft
[2015.10.14-11.25.33:444][860]LogBlueprintUserMessages: RightHandLeft
[2015.10.14-11.25.33:461][861]LogBlueprintUserMessages: RightHandLeft
[2015.10.14-11.25.33:461][861]LogBlueprintUserMessages: RightHandLeft
[2015.10.14-11.25.33:478][862]LogBlueprintUserMessages: RightHandLeft
[2015.10.14-11.25.33:478][862]LogBlueprintUserMessages: RightHandLeft
[2015.10.14-11.25.33:495][863]LogBlueprintUserMessages: RightHandLeft
[2015.10.14-11.25.33:495][863]LogBlueprintUserMessages: RightHandLeft
[2015.10.14-11.25.33:511][864]LogBlueprintUserMessages: RightHandLeft
[2015.10.14-11.25.33:511][864]LogBlueprintUserMessages: RightHandLeft
[2015.10.14-11.25.33:527][865]LogBlueprintUserMessages: RightHandLeft
[2015.10.14-11.25.35:011][954]LogBlueprintUserMessages: RightHandLeft
[2015.10.14-11.25.35:027][955]LogBlueprintUserMessages: RightHandLeft
[2015.10.14-11.25.35:044][956]LogBlueprintUserMessages: RightHandLeft
[2015.10.14-11.25.36:878][ 66]LogBlueprintUserMessages: RightHandRight
[2015.10.14-11.25.36:878][ 66]LogBlueprintUserMessages: RightHandRight
[2015.10.14-11.25.36:879][ 66]LogBlueprintUserMessages: RightHandRight
[2015.10.14-11.25.36:895][ 67]LogBlueprintUserMessages: RightHandRight
[2015.10.14-11.25.36:895][ 67]LogBlueprintUserMessages: RightHandRight
[2015.10.14-11.25.36:895][ 67]LogBlueprintUserMessages: RightHandRight
[2015.10.14-11.25.36:912][ 68]LogBlueprintUserMessages: RightHandRight
[2015.10.14-11.25.36:912][ 68]LogBlueprintUserMessages: RightHandRight
[2015.10.14-11.25.36:912][ 68]LogBlueprintUserMessages: RightHandRight
[2015.10.14-11.25.36:928][ 69]LogBlueprintUserMessages: RightHandRight
[2015.10.14-11.25.36:928][ 69]LogBlueprintUserMessages: RightHandRight
[2015.10.14-11.25.36:945][ 70]LogBlueprintUserMessages: RightHandRight
[2015.10.14-11.25.36:945][ 70]LogBlueprintUserMessages: RightHandRight
[2015.10.14-11.25.36:962][ 71]LogBlueprintUserMessages: RightHandRight
[2015.10.14-11.25.36:962][ 71]LogBlueprintUserMessages: RightHandRight
[2015.10.14-11.25.36:978][ 72]LogBlueprintUserMessages: RightHandRight
[2015.10.14-11.25.36:978][ 72]LogBlueprintUserMessages: RightHandRight
[2015.10.14-11.25.37:812][122]LogBlueprintUserMessages: RightHandRight
[2015.10.14-11.25.37:829][123]LogBlueprintUserMessages: RightHandRight
[2015.10.14-11.25.37:846][124]LogBlueprintUserMessages: RightHandRight
[2015.10.14-11.25.37:862][125]LogBlueprintUserMessages: RightHandRight
[2015.10.14-11.25.39:462][221]LogBlueprintUserMessages: RightHandRight
[2015.10.14-11.25.39:479][222]LogBlueprintUserMessages: RightHandRight
[2015.10.14-11.25.39:479][222]LogBlueprintUserMessages: RightHandRight
[2015.10.14-11.25.39:496][223]LogBlueprintUserMessages: RightHandRight
[2015.10.14-11.25.39:496][223]LogBlueprintUserMessages: RightHandRight
[2015.10.14-11.25.39:512][224]LogBlueprintUserMessages: RightHandRight
[2015.10.14-11.25.39:512][224]LogBlueprintUserMessages: RightHandRight
[2015.10.14-11.25.39:528][225]LogBlueprintUserMessages: RightHandRight
[2015.10.14-11.25.39:528][225]LogBlueprintUserMessages: RightHandRight
[2015.10.14-11.25.39:545][226]LogBlueprintUserMessages: RightHandRight
[2015.10.14-11.25.39:545][226]LogBlueprintUserMessages: RightHandRight
[2015.10.14-11.25.39:628][231]LogBlueprintUserMessages: RightHandLeft
[2015.10.14-11.25.39:645][232]LogBlueprintUserMessages: RightHandLeft
[2015.10.14-11.25.39:661][233]LogBlueprintUserMessages: RightHandLeft
[2015.10.14-11.25.39:680][234]LogBlueprintUserMessages: RightHandLeft
[2015.10.14-11.25.39:680][234]LogBlueprintUserMessages: RightHandLeft
[2015.10.14-11.25.39:696][235]LogBlueprintUserMessages: RightHandLeft
[2015.10.14-11.25.39:696][235]LogBlueprintUserMessages: RightHandLeft
[2015.10.14-11.25.39:712][236]LogBlueprintUserMessages: RightHandLeft
[2015.10.14-11.25.39:713][236]LogBlueprintUserMessages: RightHandLeft
[2015.10.14-11.25.39:732][237]LogBlueprintUserMessages: RightHandLeft
[2015.10.14-11.25.39:732][237]LogBlueprintUserMessages: RightHandLeft
[2015.10.14-11.25.39:746][238]LogBlueprintUserMessages: RightHandLeft
[2015.10.14-11.25.39:746][238]LogBlueprintUserMessages: RightHandLeft
[2015.10.14-11.25.39:762][239]LogBlueprintUserMessages: RightHandLeft
[2015.10.14-11.25.39:762][239]LogBlueprintUserMessages: RightHandLeft
[2015.10.14-11.25.39:779][240]LogBlueprintUserMessages: RightHandLeft
[2015.10.14-11.25.39:779][240]LogBlueprintUserMessages: RightHandLeft
[2015.10.14-11.25.39:795][241]LogBlueprintUserMessages: RightHandLeft
[2015.10.14-11.25.39:795][241]LogBlueprintUserMessages: RightHandLeft
[2015.10.14-11.25.39:812][242]LogBlueprintUserMessages: RightHandLeft
[2015.10.14-11.25.39:829][243]LogBlueprintUserMessages: RightHandLeft
[2015.10.14-11.25.39:845][244]LogBlueprintUserMessages: RightHandLeft
[2015.10.14-11.25.46:331][633]LogBlueprintUserMessages: RightHandLeft
[2015.10.14-11.25.46:347][634]LogBlueprintUserMessages: RightHandLeft
[2015.10.14-11.25.46:364][635]LogBlueprintUserMessages: RightHandLeft
[2015.10.14-11.25.47:015][674]LogBlueprintUserMessages: RightHandLeft
[2015.10.14-11.25.47:031][675]LogBlueprintUserMessages: RightHandLeft
[2015.10.14-11.25.48:815][782]LogBlueprintUserMessages: RightHandLeft
[2015.10.14-11.25.48:832][783]LogBlueprintUserMessages: RightHandLeft
[2015.10.14-11.25.48:849][784]LogBlueprintUserMessages: RightHandLeft
[2015.10.14-11.25.48:865][785]LogBlueprintUserMessages: RightHandLeft
[2015.10.14-11.25.48:881][786]LogBlueprintUserMessages: RightHandLeft
[2015.10.14-11.25.48:898][787]LogBlueprintUserMessages: RightHandLeft
[2015.10.14-11.25.48:919][788]LogBlueprintUserMessages: RightHandLeft
[2015.10.14-11.25.48:931][789]LogBlueprintUserMessages: RightHandLeft
[2015.10.14-11.25.48:948][790]LogBlueprintUserMessages: RightHandLeft
[2015.10.14-11.26.43:011][773]LogWindowsTextInputMethodSystem:Display: IME system now activated using TSF (Microsoft IME).
[2015.10.14-11.26.43:217][773]LeapPluginLog: LeapController::CleanupEventData Delete Called
[2015.10.14-11.26.43:218][773]LeapPluginLog: LeapController::CleanupEventData Delete Called
[2015.10.14-11.26.43:347][773]LogParticles: Destroying 0 GPU particle simulations for FXSystem 0x00000015830F5D00
[2015.10.14-11.26.43:523][774]Cmd: QUIT_EDITOR
[2015.10.14-11.26.43:896][774]LogExit: Preparing to exit.
[2015.10.14-11.26.44:259][774]LogExit: Editor shut down
[2015.10.14-11.26.44:259][774]LogExit: Transaction tracking system shut down
[2015.10.14-11.26.44:261][774]LogParticles: Destroying 0 GPU particle simulations for FXSystem 0x00000015C1939DA0
[2015.10.14-11.26.44:261][774]LogParticles: Destroying 0 GPU particle simulations for FXSystem 0x00000015E3DEB380
[2015.10.14-11.26.44:261][774]LogParticles: Destroying 0 GPU particle simulations for FXSystem 0x00000015E3D68FE0
[2015.10.14-11.26.44:261][774]LogParticles: Destroying 0 GPU particle simulations for FXSystem 0x00000015EB0BCA40
[2015.10.14-11.26.44:274][774]LeapPluginLog: LeapController::CleanupEventData Delete Called
[2015.10.14-11.26.44:298][774]LeapPluginLog: LeapController::CleanupEventData Delete Called
[2015.10.14-11.26.44:317][774]LeapPluginLog: LeapController::CleanupEventData Delete Called
[2015.10.14-11.26.44:438][774]LogExit: Object subsystem successfully closed.
[2015.10.14-11.26.44:448][774]LogD3D11RHI: Shutdown
[2015.10.14-11.26.44:448][774]LogD3D11RHI: CleanupD3DDevice
[2015.10.14-11.26.44:504][774]LogD3D11RHI: ~FD3D11DynamicRHI
[2015.10.14-11.26.44:520][774]LogModuleManager: Shutting down and abandoning module CrashTracker (189)
[2015.10.14-11.26.44:520][774]LogModuleManager: Shutting down and abandoning module SceneOutliner (188)
[2015.10.14-11.26.44:520][774]LogModuleManager: Shutting down and abandoning module SuperSearch (187)
[2015.10.14-11.26.44:520][774]LogModuleManager: Shutting down and abandoning module WidgetCarousel (186)
[2015.10.14-11.26.44:520][774]LogModuleManager: Shutting down and abandoning module AddContentDialog (185)
[2015.10.14-11.26.44:531][774]LogModuleManager: Shutting down and abandoning module EditorWidgets (184)
[2015.10.14-11.26.44:531][774]LogModuleManager: Shutting down and abandoning module CollectionManager (183)
[2015.10.14-11.26.44:531][774]LogModuleManager: Shutting down and abandoning module StatsViewer (182)
[2015.10.14-11.26.44:531][774]LogModuleManager: Shutting down and abandoning module FoliageEdit (181)
[2015.10.14-11.26.44:531][774]LogModuleManager: Shutting down and abandoning module LandscapeEditor (180)
[2015.10.14-11.26.44:531][774]LogModuleManager: Shutting down and abandoning module ActorPickerMode (179)
[2015.10.14-11.26.44:531][774]LogModuleManager: Shutting down and abandoning module GeometryMode (178)
[2015.10.14-11.26.44:531][774]LogModuleManager: Shutting down and abandoning module TextureAlignMode (177)
[2015.10.14-11.26.44:531][774]LogModuleManager: Shutting down and abandoning module BspMode (176)
[2015.10.14-11.26.44:531][774]LogModuleManager: Shutting down and abandoning module PlacementMode (175)
[2015.10.14-11.26.44:531][774]LogModuleManager: Shutting down and abandoning module AutomationWorker (174)
[2015.10.14-11.26.44:531][774]LogModuleManager: Shutting down and abandoning module CharacterAI (173)
[2015.10.14-11.26.44:531][774]LogModuleManager: Shutting down and abandoning module SmartSnapping (172)
[2015.10.14-11.26.44:531][774]LogModuleManager: Shutting down and abandoning module ViewportSnapping (171)
[2015.10.14-11.26.44:531][774]LogModuleManager: Shutting down and abandoning module LogVisualizer (170)
[2015.10.14-11.26.44:531][774]LogModuleManager: Shutting down and abandoning module GameProjectGeneration (169)
[2015.10.14-11.26.44:531][774]LogModuleManager: Shutting down and abandoning module IntroTutorials (168)
[2015.10.14-11.26.44:532][774]LogModuleManager: Shutting down and abandoning module EditorLiveStreaming (167)
[2015.10.14-11.26.44:532][774]LogModuleManager: Shutting down and abandoning module IOSPlatformEditor (166)
[2015.10.14-11.26.44:532][774]LogModuleManager: Shutting down and abandoning module HTML5PlatformEditor (165)
[2015.10.14-11.26.44:532][774]LogModuleManager: Shutting down and abandoning module AndroidDeviceDetection (164)
[2015.10.14-11.26.45:473][774]LogModuleManager: Shutting down and abandoning module AndroidPlatformEditor (163)
[2015.10.14-11.26.45:473][774]LogModuleManager: Shutting down and abandoning module IOSRuntimeSettings (162)
[2015.10.14-11.26.45:473][774]LogModuleManager: Shutting down and abandoning module AndroidRuntimeSettings (161)
[2015.10.14-11.26.45:473][774]LogModuleManager: Shutting down and abandoning module MergeActors (160)
[2015.10.14-11.26.45:473][774]LogModuleManager: Shutting down and abandoning module SizeMap (159)
[2015.10.14-11.26.45:473][774]LogModuleManager: Shutting down and abandoning module TreeMap (158)
[2015.10.14-11.26.45:473][774]LogModuleManager: Shutting down and abandoning module ReferenceViewer (157)
[2015.10.14-11.26.45:473][774]LogModuleManager: Shutting down and abandoning module LocalizationDashboard (156)
[2015.10.14-11.26.45:473][774]LogModuleManager: Shutting down and abandoning module HardwareTargeting (155)
[2015.10.14-11.26.45:473][774]LogModuleManager: Shutting down and abandoning module DeviceProfileEditor (154)
[2015.10.14-11.26.45:473][774]LogModuleManager: Shutting down and abandoning module UndoHistory (153)
[2015.10.14-11.26.45:473][774]LogModuleManager: Shutting down and abandoning module GameplayTagsEditor (152)
[2015.10.14-11.26.45:473][774]LogModuleManager: Shutting down and abandoning module UserFeedback (151)
[2015.10.14-11.26.45:473][774]LogModuleManager: Shutting down and abandoning module XmlParser (150)
[2015.10.14-11.26.45:473][774]LogModuleManager: Shutting down and abandoning module Blutility (149)
[2015.10.14-11.26.45:473][774]LogModuleManager: Shutting down and abandoning module ProjectTargetPlatformEditor (148)
[2015.10.14-11.26.45:473][774]LogModuleManager: Shutting down and abandoning module ProjectSettingsViewer (147)
[2015.10.14-11.26.45:473][774]LogModuleManager: Shutting down and abandoning module InputBindingEditor (146)
[2015.10.14-11.26.45:473][774]LogModuleManager: Shutting down and abandoning module EditorSettingsViewer (145)
[2015.10.14-11.26.45:473][774]LogModuleManager: Shutting down and abandoning module SettingsEditor (144)
[2015.10.14-11.26.45:473][774]LogModuleManager: Shutting down and abandoning module ProjectLauncher (143)
[2015.10.14-11.26.45:473][774]LogModuleManager: Shutting down and abandoning module SessionFrontend (142)
[2015.10.14-11.26.45:473][774]LogModuleManager: Shutting down and abandoning module ProfilerClient (141)
[2015.10.14-11.26.45:473][774]LogModuleManager: Shutting down and abandoning module TargetDeviceServices (140)
[2015.10.14-11.26.45:473][774]LogModuleManager: Shutting down and abandoning module DeviceManager (139)
[2015.10.14-11.26.45:473][774]LogModuleManager: Shutting down and abandoning module AutomationController (138)
[2015.10.14-11.26.45:473][774]LogModuleManager: Shutting down and abandoning module AutomationWindow (137)
[2015.10.14-11.26.45:473][774]LogModuleManager: Shutting down and abandoning module Layers (136)
[2015.10.14-11.26.45:474][774]LogModuleManager: Shutting down and abandoning module ComponentVisualizers (135)
[2015.10.14-11.26.45:474][774]LogModuleManager: Shutting down and abandoning module DetailCustomizations (134)
[2015.10.14-11.26.45:474][774]LogModuleManager: Shutting down and abandoning module PackagesDialog (133)
[2015.10.14-11.26.45:474][774]LogModuleManager: Shutting down and abandoning module AssetRegistry (132)
[2015.10.14-11.26.45:533][774]LogModuleManager: Shutting down and abandoning module Persona (131)
[2015.10.14-11.26.45:533][774]LogModuleManager: Shutting down and abandoning module Kismet (130)
[2015.10.14-11.26.45:533][774]LogModuleManager: Shutting down and abandoning module GraphEditor (129)
[2015.10.14-11.26.45:533][774]LogModuleManager: Shutting down and abandoning module ClassViewer (128)
[2015.10.14-11.26.45:533][774]LogModuleManager: Shutting down and abandoning module Toolbox (127)
[2015.10.14-11.26.45:533][774]LogModuleManager: Shutting down and abandoning module ModuleUI (126)
[2015.10.14-11.26.45:533][774]LogModuleManager: Shutting down and abandoning module MovieSceneTools (125)
[2015.10.14-11.26.45:533][774]LogModuleManager: Shutting down and abandoning module OutputLog (124)
[2015.10.14-11.26.45:533][774]LogModuleManager: Shutting down and abandoning module GammaUI (123)
[2015.10.14-11.26.45:533][774]LogModuleManager: Shutting down and abandoning module Documentation (122)
[2015.10.14-11.26.45:533][774]LogModuleManager: Shutting down and abandoning module GameLiveStreaming (121)
[2015.10.14-11.26.45:533][774]LogModuleManager: Shutting down and abandoning module StreamingPauseRendering (120)
[2015.10.14-11.26.45:533][774]LogModuleManager: Shutting down and abandoning module AnalyticsET (119)
[2015.10.14-11.26.45:533][774]LogModuleManager: Shutting down and abandoning module Analytics (118)
[2015.10.14-11.26.45:533][774]LogModuleManager: Shutting down and abandoning module AITestSuite (117)
[2015.10.14-11.26.45:533][774]LogModuleManager: Shutting down and abandoning module GameplayDebugger (116)
[2015.10.14-11.26.45:533][774]LogModuleManager: Shutting down and abandoning module AIModule (115)
[2015.10.14-11.26.45:533][774]LogModuleManager: Shutting down and abandoning module ProfilerService (114)
[2015.10.14-11.26.45:673][774]LogModuleManager: Shutting down and abandoning module TaskGraph (113)
[2015.10.14-11.26.45:673][774]LogModuleManager: Shutting down and abandoning module LeapMotion (112)
[2015.10.14-11.26.45:692][774]LogModuleManager: Shutting down and abandoning module SlateRemote (111)
[2015.10.14-11.26.45:692][774]LogModuleManager: Shutting down and abandoning module SteamVRController (110)
[2015.10.14-11.26.45:692][774]LogModuleManager: Shutting down and abandoning module SteamVR (109)
[2015.10.14-11.26.45:692][774]LogModuleManager: Shutting down and abandoning module ProceduralMeshComponent (108)
[2015.10.14-11.26.45:692][774]LogModuleManager: Shutting down and abandoning module OculusRift (107)
[2015.10.14-11.26.45:692][774]LogModuleManager: Shutting down and abandoning module LeapMotionController (106)
[2015.10.14-11.26.45:764][774]LogModuleManager: Shutting down and abandoning module CustomMeshComponent (105)
[2015.10.14-11.26.45:764][774]LogModuleManager: Shutting down and abandoning module CableComponent (104)
[2015.10.14-11.26.45:764][774]LogModuleManager: Shutting down and abandoning module MessagingDebugger (103)
[2015.10.14-11.26.45:764][774]LogModuleManager: Shutting down and abandoning module MediaPlayerEditor (102)
[2015.10.14-11.26.45:764][774]LogModuleManager: Shutting down and abandoning module SpeedTreeImporter (101)
[2015.10.14-11.26.45:764][774]LogModuleManager: Shutting down and abandoning module PluginBrowser (100)
[2015.10.14-11.26.45:764][774]LogModuleManager: Shutting down and abandoning module EpicSurvey (99)
[2015.10.14-11.26.45:764][774]LogModuleManager: Shutting down and abandoning module DesktopPlatform (98)
[2015.10.14-11.26.45:764][774]LogModuleManager: Shutting down and abandoning module VisualStudioSourceCodeAccess (97)
[2015.10.14-11.26.45:764][774]LogModuleManager: Shutting down and abandoning module UObjectPlugin (96)
[2015.10.14-11.26.45:764][774]LogModuleManager: Shutting down and abandoning module SubversionSourceControl (95)
[2015.10.14-11.26.45:764][774]LogModuleManager: Shutting down and abandoning module PerforceSourceControl (94)
[2015.10.14-11.26.45:764][774]LogModuleManager: Shutting down and abandoning module SourceControl (93)
[2015.10.14-11.26.45:764][774]LogModuleManager: Shutting down and abandoning module GitSourceControl (92)
[2015.10.14-11.26.45:764][774]LogModuleManager: Shutting down and abandoning module BlankPlugin (91)
[2015.10.14-11.26.45:764][774]LogModuleManager: Shutting down and abandoning module PaperTiledImporter (90)
[2015.10.14-11.26.45:764][774]LogModuleManager: Shutting down and abandoning module PaperSpriteSheetImporter (89)
[2015.10.14-11.26.45:764][774]LogModuleManager: Shutting down and abandoning module MeshPaint (88)
[2015.10.14-11.26.45:764][774]LogModuleManager: Shutting down and abandoning module SlateReflector (87)
[2015.10.14-11.26.45:764][774]LogModuleManager: Shutting down and abandoning module DirectoryWatcher (86)
[2015.10.14-11.26.45:765][774]LogModuleManager: Shutting down and abandoning module HotReload (85)
[2015.10.14-11.26.45:765][774]LogModuleManager: Shutting down and abandoning module MainFrame (84)
[2015.10.14-11.26.45:765][774]LogModuleManager: Shutting down and abandoning module LevelEditor (83)
[2015.10.14-11.26.45:766][774]LogModuleManager: Shutting down and abandoning module ContentBrowser (82)
[2015.10.14-11.26.45:766][774]LogModuleManager: Shutting down and abandoning module Paper2DEditor (81)
[2015.10.14-11.26.45:766][774]LogModuleManager: Shutting down and abandoning module UdpMessaging (80)
[2015.10.14-11.26.45:867][774]LogModuleManager: Shutting down and abandoning module Paper2D (79)
[2015.10.14-11.26.45:867][774]LogModuleManager: Shutting down and abandoning module WindowsMoviePlayer (78)
[2015.10.14-11.26.45:872][774]LogModuleManager: Shutting down and abandoning module Media (77)
[2015.10.14-11.26.45:872][774]LogModuleManager: Shutting down and abandoning module WmfMedia (76)
[2015.10.14-11.26.45:872][774]LogModuleManager: Shutting down and abandoning module OnlineBlueprintSupport (75)
[2015.10.14-11.26.45:872][774]LogModuleManager: Shutting down and abandoning module PropertyEditor (74)
[2015.10.14-11.26.45:872][774]LogModuleManager: Shutting down and abandoning module BehaviorTreeEditor (73)
[2015.10.14-11.26.45:872][774]LogModuleManager: Shutting down and abandoning module FunctionalTesting (72)
[2015.10.14-11.26.45:872][774]LogModuleManager: Shutting down and abandoning module CollisionAnalyzer (71)
[2015.10.14-11.26.45:872][774]LogModuleManager: Shutting down and abandoning module WorkspaceMenuStructure (70)
[2015.10.14-11.26.45:872][774]LogModuleManager: Shutting down and abandoning module MessageLog (69)
[2015.10.14-11.26.45:872][774]LogModuleManager: Shutting down and abandoning module Sequencer (68)
[2015.10.14-11.26.45:872][774]LogModuleManager: Shutting down and abandoning module AssetTools (67)
[2015.10.14-11.26.45:872][774]LogModuleManager: Shutting down and abandoning module UMGEditor (66)
[2015.10.14-11.26.45:873][774]LogModuleManager: Shutting down and abandoning module UMG (65)
[2015.10.14-11.26.45:873][774]LogModuleManager: Shutting down and abandoning module Slate (64)
[2015.10.14-11.26.45:873][774]LogModuleManager: Shutting down and abandoning module EditorStyle (63)
[2015.10.14-11.26.45:878][774]LogModuleManager: Shutting down and abandoning module SessionServices (62)
[2015.10.14-11.26.45:878][774]LogModuleManager: Shutting down and abandoning module SourceCodeAccess (61)
[2015.10.14-11.26.45:878][774]LogModuleManager: Shutting down and abandoning module HeadMountedDisplay (60)
[2015.10.14-11.26.45:878][774]LogModuleManager: Shutting down and abandoning module XAudio2 (59)
[2015.10.14-11.26.45:878][774]LogModuleManager: Shutting down and abandoning module Networking (57)
[2015.10.14-11.26.45:878][774]LogModuleManager: Shutting down and abandoning module Core (56)
[2015.10.14-11.26.45:878][774]LogModuleManager: Shutting down and abandoning module KismetCompiler (55)
[2015.10.14-11.26.45:878][774]LogModuleManager: Shutting down and abandoning module PhysXFormats (54)
[2015.10.14-11.26.45:878][774]LogModuleManager: Shutting down and abandoning module MeshUtilities (53)
[2015.10.14-11.26.45:878][774]LogModuleManager: Shutting down and abandoning module DerivedDataCache (52)
[2015.10.14-11.26.46:178][774]LogDerivedDataCache: Shutdown
[2015.10.14-11.26.46:178][774]LogModuleManager: Shutting down and abandoning module ShaderFormatOpenGL (51)
[2015.10.14-11.26.46:178][774]LogModuleManager: Shutting down and abandoning module ShaderFormatD3D (50)
[2015.10.14-11.26.46:178][774]LogModuleManager: Shutting down and abandoning module MetalShaderFormat (49)
[2015.10.14-11.26.46:178][774]LogModuleManager: Shutting down and abandoning module TextureFormatUncompressed (48)
[2015.10.14-11.26.46:178][774]LogModuleManager: Shutting down and abandoning module TextureFormatPVR (47)
[2015.10.14-11.26.46:178][774]LogModuleManager: Shutting down and abandoning module TextureFormatIntelISPCTexComp (46)
[2015.10.14-11.26.46:178][774]LogModuleManager: Shutting down and abandoning module TextureFormatDXT (45)
[2015.10.14-11.26.46:178][774]LogModuleManager: Shutting down and abandoning module ImageWrapper (44)
[2015.10.14-11.26.46:178][774]LogModuleManager: Shutting down and abandoning module TextureFormatASTC (43)
[2015.10.14-11.26.46:178][774]LogModuleManager: Shutting down and abandoning module TextureFormatAndroid (42)
[2015.10.14-11.26.46:178][774]LogModuleManager: Shutting down and abandoning module AudioFormatOpus (41)
[2015.10.14-11.26.46:178][774]LogModuleManager: Shutting down and abandoning module AudioFormatOgg (40)
[2015.10.14-11.26.46:178][774]LogModuleManager: Shutting down and abandoning module AudioFormatADPCM (39)
[2015.10.14-11.26.46:178][774]LogModuleManager: Shutting down and abandoning module LinuxTargetPlatform (38)
[2015.10.14-11.26.46:178][774]LogModuleManager: Shutting down and abandoning module LinuxServerTargetPlatform (37)
[2015.10.14-11.26.46:178][774]LogModuleManager: Shutting down and abandoning module LinuxNoEditorTargetPlatform (36)
[2015.10.14-11.26.46:178][774]LogModuleManager: Shutting down and abandoning module Messaging (35)
[2015.10.14-11.26.46:179][774]LogModuleManager: Shutting down and abandoning module IOSTargetPlatform (34)
[2015.10.14-11.26.46:179][774]LogModuleManager: Shutting down and abandoning module HTML5TargetPlatform (33)
[2015.10.14-11.26.46:179][774]LogModuleManager: Shutting down and abandoning module Android_PVRTCTargetPlatform (32)
[2015.10.14-11.26.46:179][774]LogModuleManager: Shutting down and abandoning module Android_ETC2TargetPlatform (31)
[2015.10.14-11.26.46:179][774]LogModuleManager: Shutting down and abandoning module Android_ETC1TargetPlatform (30)
[2015.10.14-11.26.46:179][774]LogModuleManager: Shutting down and abandoning module Android_DXTTargetPlatform (29)
[2015.10.14-11.26.46:179][774]LogModuleManager: Shutting down and abandoning module Android_ATCTargetPlatform (28)
[2015.10.14-11.26.46:179][774]LogModuleManager: Shutting down and abandoning module Android_ASTCTargetPlatform (27)
[2015.10.14-11.26.46:179][774]LogModuleManager: Shutting down and abandoning module AndroidTargetPlatform (26)
[2015.10.14-11.26.46:179][774]LogModuleManager: Shutting down and abandoning module WindowsTargetPlatform (25)
[2015.10.14-11.26.46:179][774]LogModuleManager: Shutting down and abandoning module WindowsServerTargetPlatform (24)
[2015.10.14-11.26.46:179][774]LogModuleManager: Shutting down and abandoning module WindowsNoEditorTargetPlatform (23)
[2015.10.14-11.26.46:179][774]LogModuleManager: Shutting down and abandoning module WindowsClientTargetPlatform (22)
[2015.10.14-11.26.46:179][774]LogModuleManager: Shutting down and abandoning module DesktopTargetPlatform (21)
[2015.10.14-11.26.46:179][774]LogModuleManager: Shutting down and abandoning module TargetPlatform (20)
[2015.10.14-11.26.46:179][774]LogModuleManager: Shutting down and abandoning module InputCore (19)
[2015.10.14-11.26.46:179][774]LogModuleManager: Shutting down and abandoning module Settings (18)
[2015.10.14-11.26.46:179][774]LogModuleManager: Shutting down and abandoning module OnlineSubsystem (16)
[2015.10.14-11.26.46:179][774]LogModuleManager: Shutting down and abandoning module HTTP (15)
[2015.10.14-11.26.46:179][774]LogModuleManager: Shutting down and abandoning module ExampleDeviceProfileSelector (14)
[2015.10.14-11.26.46:179][774]LogModuleManager: Shutting down and abandoning module TextureCompressor (13)
[2015.10.14-11.26.46:180][774]LogModuleManager: Shutting down and abandoning module ShaderCore (12)
[2015.10.14-11.26.46:180][774]LogModuleManager: Shutting down and abandoning module Landscape (11)
[2015.10.14-11.26.46:180][774]LogModuleManager: Shutting down and abandoning module SlateRHIRenderer (10)
[2015.10.14-11.26.46:181][774]LogModuleManager: Shutting down and abandoning module OpenGLDrv (9)
[2015.10.14-11.26.46:181][774]LogModuleManager: Shutting down and abandoning module D3D11RHI (8)
[2015.10.14-11.26.46:181][774]LogModuleManager: Shutting down and abandoning module Renderer (7)
[2015.10.14-11.26.46:181][774]LogModuleManager: Shutting down and abandoning module Engine (6)
[2015.10.14-11.26.46:181][774]LogModuleManager: Shutting down and abandoning module CoreUObject (5)
[2015.10.14-11.26.46:181][774]LogModuleManager: Shutting down and abandoning module NetworkFile (4)
[2015.10.14-11.26.46:181][774]LogModuleManager: Shutting down and abandoning module StreamingFile (3)
[2015.10.14-11.26.46:181][774]LogModuleManager: Shutting down and abandoning module SandboxFile (2)
[2015.10.14-11.26.46:181][774]LogModuleManager: Shutting down and abandoning module PakFile (1)
[2015.10.14-11.26.46:182][774]LogExit: Exiting.
[2015.10.14-11.26.46:208][774]Log file closed, 10/14/15 20:26:46
