[2015.10.05-12.31.30:591][  0]Log file open, 10/05/15 21:31:30
[2015.10.05-12.31.30:591][  0]LogInit:Display: Running engine for game: leap03
[2015.10.05-12.31.30:591][  0]LogInit:Display: RandInit(1580062329) SRandInit(1580062329).
[2015.10.05-12.31.30:591][  0]LogTaskGraph: Started task graph with 4 named threads and 7 total threads.
[2015.10.05-12.31.30:591][  0]LogStats: Stats thread started
[2015.10.05-12.31.30:591][  0]LogInit: Version: 4.8.3-2634408+++depot+UE4-Releases+4.8
[2015.10.05-12.31.30:591][  0]LogInit: API Version: 2579680
[2015.10.05-12.31.30:591][  0]LogInit: Compiled (64-bit): Jul 27 2015 16:24:33
[2015.10.05-12.31.30:591][  0]LogInit: Compiled with Visual C++: 18.00.21005.01
[2015.10.05-12.31.30:591][  0]LogInit: Build Configuration: Development
[2015.10.05-12.31.30:591][  0]LogInit: Branch Name: ++depot+UE4-Releases+4.8
[2015.10.05-12.31.30:591][  0]LogInit: Command line:  
[2015.10.05-12.31.30:591][  0]LogInit: Base directory: C:/Program Files/Epic Games/4.8/Engine/Binaries/Win64/
[2015.10.05-12.31.30:591][  0]LogInit: Rocket: 1
[2015.10.05-12.31.30:606][  0]LogInit: Using libcurl 7.41.0
[2015.10.05-12.31.30:606][  0]LogInit:  - built for x86_64-pc-win32
[2015.10.05-12.31.30:606][  0]LogInit:  - supports SSL with WinSSL
[2015.10.05-12.31.30:606][  0]LogInit:  - other features:
[2015.10.05-12.31.30:606][  0]LogInit:      CURL_VERSION_SSL
[2015.10.05-12.31.30:606][  0]LogInit:      CURL_VERSION_IPV6
[2015.10.05-12.31.30:606][  0]LogInit:      CURL_VERSION_ASYNCHDNS
[2015.10.05-12.31.30:606][  0]LogInit:      CURL_VERSION_LARGEFILE
[2015.10.05-12.31.30:606][  0]LogInit:      CURL_VERSION_IDN
[2015.10.05-12.31.30:606][  0]LogInit:  CurlRequestOptions (configurable via config and command line):
[2015.10.05-12.31.30:606][  0]LogInit:  - bVerifyPeer = true  - Libcurl will verify peer certificate
[2015.10.05-12.31.30:606][  0]LogInit:  - bUseHttpProxy = false  - Libcurl will NOT use HTTP proxy
[2015.10.05-12.31.30:606][  0]LogInit:  - bDontReuseConnections = false  - Libcurl will reuse connections
[2015.10.05-12.31.30:606][  0]LogInit:  - CertBundlePath = nullptr  - Libcurl will use whatever was configured at build time.
[2015.10.05-12.31.30:623][  0]LogOnline:Warning: No default platform service specified for OnlineSubsystem
[2015.10.05-12.31.30:642][  0]LogInit: Presizing for 0 objects not considered by GC, pre-allocating 0 bytes.
[2015.10.05-12.31.30:648][  0]LogInit: Object subsystem initialized
[2015.10.05-12.31.30:649][  0]LogConsoleResponse:Warning: Skipping Unknown console variable: 'TranslucentSortAxis = (X=0.000000,Y=-1.000000,Z=0.000000)'
[2015.10.05-12.31.30:649][  0]LogConsoleResponse:Warning:   Found in ini file 'C:/Users/reiri/Documents/Unreal Projects/leap03/Saved/Config/Windows/Engine.ini', in section '[/Script/Engine.RendererSettings]'
[2015.10.05-12.31.30:649][  0]LogConsoleResponse:Warning: Skipping Unknown console variable: 'UIScaleRule = ShortestSide'
[2015.10.05-12.31.30:649][  0]LogConsoleResponse:Warning:   Found in ini file 'C:/Users/reiri/Documents/Unreal Projects/leap03/Saved/Config/Windows/Engine.ini', in section '[/Script/Engine.RendererSettings]'
[2015.10.05-12.31.30:649][  0]LogConsoleResponse:Warning: Skipping Unknown console variable: 'UIScaleCurve = (EditorCurveData=(Keys=),ExternalCurve=None)'
[2015.10.05-12.31.30:649][  0]LogConsoleResponse:Warning:   Found in ini file 'C:/Users/reiri/Documents/Unreal Projects/leap03/Saved/Config/Windows/Engine.ini', in section '[/Script/Engine.RendererSettings]'
[2015.10.05-12.31.30:650][  0]LogInit: Selected Device Profile: [Windows]
[2015.10.05-12.31.30:650][  0]LogInit: Applying CVar settings loaded from the selected device profile: [Windows]
[2015.10.05-12.31.30:658][  0]LogInit: Computer: REIRI-PC
[2015.10.05-12.31.30:658][  0]LogInit: User: reiri
[2015.10.05-12.31.30:658][  0]LogInit: CPU Page size=4096, Cores=4
[2015.10.05-12.31.30:658][  0]LogInit: High frequency timer resolution =3.312675 MHz
[2015.10.05-12.31.30:658][  0]LogMemory: Memory total: Physical=7.9GB (8GB approx)
[2015.10.05-12.31.30:658][  0]LogMemory: Platform Memory Stats for Windows
[2015.10.05-12.31.30:658][  0]LogMemory: Process Physical Memory: 50.98 MB used, 50.98 MB peak
[2015.10.05-12.31.30:658][  0]LogMemory: Process Virtual Memory: 23.38 MB used, 24.22 MB peak
[2015.10.05-12.31.30:658][  0]LogMemory: Physical Memory: 5959.17 MB used, 8086.11 MB total
[2015.10.05-12.31.30:658][  0]LogMemory: Virtual Memory: 294.80 MB used, 8388608.00 MB total
[2015.10.05-12.31.30:698][  0]LogTextLocalizationManager: The requested culture ('ja_JP') has no localization data; parent culture's ('ja') localization data will be used.
[2015.10.05-12.31.30:797][  0]LogTextLocalizationManager:Warning: Loaded localization resources contain conflicting entries for (Namespace:ContentBrowser, Key:ImportAssetToolTip):
Localization Resource: (C:/Program Files/Epic Games/4.8/Engine/Content/Localization/Editor/ja/Editor.locres) Source String Hash: (-630476809) Localized String: ({0} にインポート...)
Localization Resource: (C:/Program Files/Epic Games/4.8/Engine/Content/Localization/Editor/ja/Editor.locres) Source String Hash: (1271782899) Localized String: (このフォルダへファイルからアセットをインポート)
[2015.10.05-12.31.31:140][  0]LogD3D11RHI: Found D3D11 adapter 0: Intel(R) HD Graphics 4600 (Feature Level 11_0)
[2015.10.05-12.31.31:140][  0]LogD3D11RHI: Adapter has 64MB of dedicated video memory, 0MB of dedicated system memory, and 1632MB of shared system memory, 2 output[s]
[2015.10.05-12.31.31:140][  0]LogD3D11RHI: Chosen D3D11 Adapter Id = 0
[2015.10.05-12.31.31:145][  0]LogD3D11RHI: InitD3DDevice
[2015.10.05-12.31.31:145][  0]LogD3D11RHI: !Direct3DDevice
[2015.10.05-12.31.31:145][  0]LogRHI: Texture pool is 616 MB (70% of 880 MB)
[2015.10.05-12.31.31:151][  0]LogD3D11RHI: Async texture creation enabled
[2015.10.05-12.31.31:155][  0]LogShaderCompilers:Display: Using Local Shader Compiler.
[2015.10.05-12.31.32:437][  0]LogTemp:Display: Loaded TP DesktopTargetPlatform
[2015.10.05-12.31.32:457][  0]LogTemp:Display: Loaded TP WindowsClientTargetPlatform
[2015.10.05-12.31.32:476][  0]LogTemp:Display: Loaded TP WindowsNoEditorTargetPlatform
[2015.10.05-12.31.32:492][  0]LogTemp:Display: Loaded TP WindowsServerTargetPlatform
[2015.10.05-12.31.32:521][  0]LogTemp:Display: Loaded TP WindowsTargetPlatform
[2015.10.05-12.31.32:544][  0]LogTemp:Display: Loaded TP AndroidTargetPlatform
[2015.10.05-12.31.32:560][  0]LogTemp:Display: Loaded TP Android_ASTCTargetPlatform
[2015.10.05-12.31.32:575][  0]LogTemp:Display: Loaded TP Android_ATCTargetPlatform
[2015.10.05-12.31.32:593][  0]LogTemp:Display: Loaded TP Android_DXTTargetPlatform
[2015.10.05-12.31.32:633][  0]LogTemp:Display: Loaded TP Android_ETC1TargetPlatform
[2015.10.05-12.31.32:647][  0]LogTemp:Display: Loaded TP Android_ETC2TargetPlatform
[2015.10.05-12.31.32:662][  0]LogTemp:Display: Loaded TP Android_PVRTCTargetPlatform
[2015.10.05-12.31.32:737][  0]LogTemp:Display: Loaded TP IOSTargetPlatform
[2015.10.05-12.31.32:752][  0]LogTemp:Display: Loaded TP LinuxNoEditorTargetPlatform
[2015.10.05-12.31.32:765][  0]LogTemp:Display: Loaded TP LinuxServerTargetPlatform
[2015.10.05-12.31.32:779][  0]LogTemp:Display: Loaded TP LinuxTargetPlatform
[2015.10.05-12.31.32:779][  0]LogTargetPlatformManager:Display: Building Assets For Windows
[2015.10.05-12.31.33:042][  0]LogDerivedDataCache:Display: Max Cache Size: 512 MB
[2015.10.05-12.31.33:132][  0]LogDerivedDataCache: Loaded boot cache 0.09s 53MB C:/Users/reiri/AppData/Local/UnrealEngine/4.8/DerivedDataCache/Boot.ddc.
[2015.10.05-12.31.33:132][  0]LogDerivedDataCache:Display: Loaded Boot cache: C:/Users/reiri/AppData/Local/UnrealEngine/4.8/DerivedDataCache/Boot.ddc
[2015.10.05-12.31.33:132][  0]LogDerivedDataCache: FDerivedDataBackendGraph:  Pak pak cache file ../../../../../../Users/reiri/Documents/Unreal Projects/leap03/DerivedDataCache/DDC.ddp not found, will not use a pak cache.
[2015.10.05-12.31.33:132][  0]LogDerivedDataCache: Unable to find inner node Pak for hierarchical cache Hierarchy.
[2015.10.05-12.31.33:132][  0]LogDerivedDataCache: FDerivedDataBackendGraph:  CompressedPak pak cache file ../../../../../../Users/reiri/Documents/Unreal Projects/leap03/DerivedDataCache/Compressed.ddp not found, will not use a pak cache.
[2015.10.05-12.31.33:132][  0]LogDerivedDataCache: Unable to find inner node CompressedPak for hierarchical cache Hierarchy.
[2015.10.05-12.31.33:344][  0]LogDerivedDataCache:Display: Pak cache opened for reading ../../../Engine/DerivedDataCache/Compressed.ddp.
[2015.10.05-12.31.33:355][  0]LogDerivedDataCache: Using Local data cache path C:/Users/reiri/AppData/Local/UnrealEngine/Common/DerivedDataCache: Writable
[2015.10.05-12.31.33:584][  0]LogInit: Selected Device Profile: [Windows]
[2015.10.05-12.31.33:592][  0]ImportText (ComponentSweepMultiTests): Missing closing parenthesis: (RootShapeAsset="/Engine/BasicShapes/Cube.Cube",ShapeType="TriggerCapsule",HitResult=(Time=0.50,Location=(X=-100.000015,Y=0.0,Z=100.000015),ImpactPoint=(X=-50.0,Y=0.0,Z=50.0),Normal=(X=-1.0,Y=-0.0,Z=0.0),ImpactNormal=(X=0.0,Y=0.0,Z=1.0),TraceStart=(X=-200.0,Y=0.0,Z=200.0),TraceEnd=(X=0.0,Y=0.0,Z=0.0))
[2015.10.05-12.31.33:592][  0]ImportText (LineTraceSingleByChannelTests): Missing closing parenthesis: (RootShapeAsset="/Engine/BasicShapes/Cube.Cube",HitResult=(Time=0.50,Location=(X=-100.000015,Y=0.0,Z=100.000015),ImpactPoint=(X=-50.0,Y=0.0,Z=50.0),Normal=(X=-1.0,Y=-0.0,Z=0.0),ImpactNormal=(X=0.0,Y=0.0,Z=1.0),TraceStart=(X=-200.0,Y=0.0,Z=200.0),TraceEnd=(X=0.0,Y=0.0,Z=0.0))
[2015.10.05-12.31.33:621][  0]LogMeshUtilities: No automatic mesh reduction module available
[2015.10.05-12.31.33:621][  0]LogMeshUtilities: No automatic mesh merging module available
[2015.10.05-12.31.34:368][  0]LogInit: WinSock: version 1.1 (2.2), MaxSocks=32767, MaxUdp=65467
[2015.10.05-12.31.35:379][  0]UdpMessaging: Initializing bridge on interface 0.0.0.0:0 to multicast group 230.0.0.1:6666.
[2015.10.05-12.31.35:725][  0]SourceControl: 情報 ソースコントロールは無効です
[2015.10.05-12.31.35:775][  0]SourceControl: 情報 ソースコントロールは無効です
[2015.10.05-12.31.35:788][  0]SourceControl: 情報 ソースコントロールは無効です
[2015.10.05-12.31.35:799][  0]SourceControl: 情報 ソースコントロールは無効です
[2015.10.05-12.31.36:069][  0]LeapPluginLog: Using LeapPlugin version 0.9.5
[2015.10.05-12.31.36:074][  0]LogObj: 26891 objects as part of root set at end of initial load.
[2015.10.05-12.31.36:074][  0]LogUObjectAllocator: 5510376 out of 0 bytes used by permanent object pool.
[2015.10.05-12.31.36:140][  0]LogEngine: Initializing Engine...
[2015.10.05-12.31.36:142][  0]LogHMD: Can't find Oculus library dev build: is proper Runtime installed? Version: 0.6.0.0
[2015.10.05-12.31.36:144][  0]LogHMD:Warning: SteamVR failed to initialize.  Error: 110
[2015.10.05-12.31.36:300][  0]LogAIModule: Creating AISystem for world NewWorld
[2015.10.05-12.31.36:308][  0]LogInit: XAudio2 using 'スピーカー (Realtek High Definition Audio)' : 2 channels at 48 kHz using 32 bits per sample (channel mask 0x3)
[2015.10.05-12.31.36:318][  0]LogInit: FAudioDevice initialized.
[2015.10.05-12.31.36:349][  0]LogDerivedDataCache: Saved boot cache 0.03s 53MB C:/Users/reiri/AppData/Local/UnrealEngine/4.8/DerivedDataCache/Boot.ddc.
[2015.10.05-12.31.36:357][  0]LogInit: Texture streaming: Disabled
[2015.10.05-12.31.36:386][  0]LogAnalytics: Creating configured Analytics provider AnalyticsET
[2015.10.05-12.31.36:386][  0]LogAnalytics: [UEEditor.Rocket.Release] APIServer = http://et2.epicgames.com/ET2/. AppVersion = 4.8.3-2634408+++depot+UE4-Releases+4.8
[2015.10.05-12.31.36:386][  0]LogAnalytics: [UEEditor.Rocket.Release] SetUserId ed73aad848adf9034585f78783adeb8b|d2c3928a2eb2491182358b97942b7f26|5f94e41e-b00f-4026-95ac-baa792c13146
[2015.10.05-12.31.36:387][  0]LogAnalytics: [UEEditor.Rocket.Release] AnalyticsET::StartSession
[2015.10.05-12.31.36:413][  0]LogInit: Transaction tracking system initialized
[2015.10.05-12.31.36:550][  0]BlueprintLog: New page: エディタの読み込み
[2015.10.05-12.31.36:581][  0]LogAssetRegistry: FAssetRegistry took 0.0097 seconds to start up
[2015.10.05-12.31.36:581][  0]LogDirectoryWatcher:Warning: Failed to begin reading directory changes for ../../../Engine/Plugins/Experimental/CharacterAI/Content/. Error: 0
[2015.10.05-12.31.37:282][  0]LogConsoleManager:Warning: Console variable 'r.VSync' wasn't set ('GameSetting' has a lower priority than 'SystemSettingsIni')
[2015.10.05-12.31.37:282][  0]LogConsoleResponse:Display: 
[2015.10.05-12.31.37:482][  0]LogCook:Display: Done creating registry. It took  0.00s.
[2015.10.05-12.31.37:965][  0]SourceControl: 情報 ソースコントロールは無効です
[2015.10.05-12.31.37:965][  0]Cmd: MAP LOAD FILE="../../../../../../Users/reiri/Documents/Unreal Projects/leap03/Content/StarterContent/Maps/Minimal_Default.umap" TEMPLATE=0 SHOWPROGRESS=1 FEATURELEVEL=3
[2015.10.05-12.31.37:966][  0]LightingResults: New page: ライティングのビルド
[2015.10.05-12.31.37:981][  0]MapCheck: New page: マップをチェック
[2015.10.05-12.31.37:981][  0]LightingResults: New page: <何も選択されていません>
[2015.10.05-12.31.37:991][  0]LogParticles: Destroying 0 GPU particle simulations for FXSystem 0x000000001E4CAF20
[2015.10.05-12.31.39:702][  0]LogBlueprint:Warning: [compiler LeapBasicRiggedCharacter] 警告 インプットアクション イベントは  インプットアクション Jump  に不明なアクション 'Jump'' を参照しています
[2015.10.05-12.31.39:702][  0]LogBlueprint:Warning: [compiler LeapBasicRiggedCharacter] 警告 インプット軸イベントは  インプットAxis LookUpRate  に不明な軸 'LookUpRate' を参照しています
[2015.10.05-12.31.39:702][  0]LogBlueprint:Warning: [compiler LeapBasicRiggedCharacter] 警告 インプット軸イベントは  インプットAxis TurnRate  に不明な軸 'TurnRate' を参照しています
[2015.10.05-12.31.39:703][  0]LogBlueprint:Warning: [compiler LeapBasicRiggedCharacter] 警告 インプット軸イベントは  インプットAxis Turn  に不明な軸 'Turn' を参照しています
[2015.10.05-12.31.39:703][  0]LogBlueprint:Warning: [compiler LeapBasicRiggedCharacter] 警告 インプット軸イベントは  インプットAxis LookUp  に不明な軸 'LookUp' を参照しています
[2015.10.05-12.31.39:703][  0]LogBlueprint:Warning: [compiler LeapBasicRiggedCharacter] 警告 インプット軸イベントは  インプットAxis MoveRight  に不明な軸 'MoveRight' を参照しています
[2015.10.05-12.31.39:704][  0]LogBlueprint:Warning: [compiler LeapBasicRiggedCharacter] 警告 インプット軸イベントは  インプットAxis MoveForward  に不明な軸 'MoveForward' を参照しています
[2015.10.05-12.31.39:707][  0]LogBlueprint:Warning: [compiler LeapBasicRiggedCharacter] 警告 [0010.36] LeapBasicRiggedCharacter のコンパイルに成功しましたが、7 個の警告が出ました [ 25 ミリ秒]
[2015.10.05-12.31.39:708][  0]LogBlueprint:Warning: [compiler LeapBasicRiggedCharacter] 警告 [0010.36] LeapBasicRiggedCharacter のコンパイルに成功しましたが、8 個の警告が出ました [ 0 ミリ秒]
[2015.10.05-12.31.39:708][  0]LogBlueprint:Warning: [compiler LeapBasicRiggedCharacter] 警告 [0010.36] LeapBasicRiggedCharacter のコンパイルに成功しましたが、9 個の警告が出ました [ 0 ミリ秒]
[2015.10.05-12.31.39:748][  0]LogBlueprint:Warning: [compiler LeapBasicRiggedCharacter] 警告 インプットアクション イベントは  インプットアクション Jump  に不明なアクション 'Jump'' を参照しています
[2015.10.05-12.31.39:748][  0]LogBlueprint:Warning: [compiler LeapBasicRiggedCharacter] 警告 インプット軸イベントは  インプットAxis LookUpRate  に不明な軸 'LookUpRate' を参照しています
[2015.10.05-12.31.39:749][  0]LogBlueprint:Warning: [compiler LeapBasicRiggedCharacter] 警告 インプット軸イベントは  インプットAxis TurnRate  に不明な軸 'TurnRate' を参照しています
[2015.10.05-12.31.39:749][  0]LogBlueprint:Warning: [compiler LeapBasicRiggedCharacter] 警告 インプット軸イベントは  インプットAxis Turn  に不明な軸 'Turn' を参照しています
[2015.10.05-12.31.39:749][  0]LogBlueprint:Warning: [compiler LeapBasicRiggedCharacter] 警告 インプット軸イベントは  インプットAxis LookUp  に不明な軸 'LookUp' を参照しています
[2015.10.05-12.31.39:750][  0]LogBlueprint:Warning: [compiler LeapBasicRiggedCharacter] 警告 インプット軸イベントは  インプットAxis MoveRight  に不明な軸 'MoveRight' を参照しています
[2015.10.05-12.31.39:750][  0]LogBlueprint:Warning: [compiler LeapBasicRiggedCharacter] 警告 インプット軸イベントは  インプットAxis MoveForward  に不明な軸 'MoveForward' を参照しています
[2015.10.05-12.31.39:756][  0]LogBlueprint:Warning: [compiler LeapBasicRiggedCharacter] 警告 [0010.41] LeapBasicRiggedCharacter のコンパイルに成功しましたが、7 個の警告が出ました [ 37 ミリ秒]
[2015.10.05-12.31.39:756][  0]LogBlueprint:Warning: [compiler LeapBasicRiggedCharacter] 警告 [0010.41] LeapBasicRiggedCharacter のコンパイルに成功しましたが、8 個の警告が出ました [ 0 ミリ秒]
[2015.10.05-12.31.42:920][  0]LogAIModule: Creating AISystem for world Minimal_Default
[2015.10.05-12.31.42:967][  0]LogEditorServer: Finished looking for orphan Actors (0.000 secs)
[2015.10.05-12.31.43:004][  0]Cmd: MAP CHECKDEP NOCLEARLOG
[2015.10.05-12.31.43:049][  0]MapCheck: 情報 マップチェックが完了: 0 エラー、 0 警告、完了に 44.431ミリ秒かかりました。
[2015.10.05-12.31.43:049][  0]LogFileHelpers: Loading map 'Minimal_Default' took 5.083
[2015.10.05-12.31.43:200][  0]LogCollectionManager: Loaded 0 collections in 0.001710 seconds
[2015.10.05-12.31.43:206][  0]LogContentBrowser: Native class hierarchy populated in 0.0062 seconds. Added 1818 classes and 305 folders.
[2015.10.05-12.31.43:255][  0]LogContentBrowser: Native class hierarchy updated for 'WidgetCarousel' in 0.0003 seconds. Added 0 classes and 0 folders.
[2015.10.05-12.31.43:276][  0]LogContentBrowser: Native class hierarchy updated for 'AddContentDialog' in 0.0003 seconds. Added 0 classes and 0 folders.
[2015.10.05-12.31.43:341][  0]LogContentBrowser: Native class hierarchy updated for 'SceneOutliner' in 0.0004 seconds. Added 1 classes and 2 folders.
[2015.10.05-12.31.43:354][  0]LogCrashTracker: Crashtracker disabled due to settings.
[2015.10.05-12.31.43:355][  0]LogD3D11RHI: InitD3DDevice
[2015.10.05-12.31.43:358][  0]LogUObjectGlobals:Warning: オブジェクト 'Class なし.' が見つかりませんでした
[2015.10.05-12.31.43:378][  0]LogLoad: Full Startup: 14.03 seconds (BP compile: 1.42 seconds)
[2015.10.05-12.31.43:493][  0]LogContentStreaming: Texture pool size is 0.000000MB
[2015.10.05-12.31.43:587][  0]LogContentStreaming: Texture pool size now 400 MB
[2015.10.05-12.31.43:717][  0]LogRenderer: Reallocating scene render targets to support 1120x576 (Frame:2).
[2015.10.05-12.31.44:210][  1]LogEditorViewport: Clicking on Actor (LMB): BP_Sky_Sphere_C (BP_Sky_Sphere)
[2015.10.05-12.31.46:361][ 12]LogAssetRegistry: Asset discovery search completed in 9.7892 seconds
[2015.10.05-12.31.48:276][ 59]LogD3D11RHI: InitD3DDevice
[2015.10.05-12.31.48:834][ 71]LogD3D11RHI: InitD3DDevice
[2015.10.05-12.31.48:879][ 71]LogD3D11RHI: InitD3DDevice
[2015.10.05-12.31.48:924][ 71]LogLinker:Warning: Asset '../../../Engine/Content/ArtTools/RenderToTexture/Macros/RenderToTextureMacros.uasset' has been saved with empty engine version. The asset will be loaded but may be incompatible.
[2015.10.05-12.31.48:978][ 71]LogLinker:Warning: Asset '../../../Engine/Content/ArtTools/RenderToTexture/Enums/RenderToTexture_Enum.uasset' has been saved with empty engine version. The asset will be loaded but may be incompatible.
[2015.10.05-12.31.49:952][ 71]LeapPluginLog: InterfaceObject: NewBlueprint_C_0
[2015.10.05-12.31.49:952][ 71]LogActor:Warning: GameNetworkManager /Engine/Transient.World_3:PersistentLevel.GameNetworkManager_0 has natively added scene component(s), but none of them were set as the actor's RootComponent - picking one arbitrarily
[2015.10.05-12.31.52:129][106]LogD3D11RHI: InitD3DDevice
[2015.10.05-12.31.54:317][134]LogD3D11RHI: InitD3DDevice
[2015.10.05-12.31.55:188][146]LogD3D11RHI: InitD3DDevice
[2015.10.05-12.31.58:301][185]LogD3D11RHI: InitD3DDevice
[2015.10.05-12.31.58:692][190]LogD3D11RHI: InitD3DDevice
[2015.10.05-12.32.01:079][219]LogD3D11RHI: InitD3DDevice
[2015.10.05-12.32.01:217][219]Cmd: OBJ SAVEPACKAGE PACKAGE="/Game/NewBlueprint" FILE="../../../../../../Users/reiri/Documents/Unreal Projects/leap03/Content/NewBlueprint.uasset" SILENT=true
[2015.10.05-12.32.01:405][219]LogSavePackage: Save=180.330399ms
[2015.10.05-12.32.01:405][219]LogSavePackage: Moving '../../../../../../Users/reiri/Documents/Unreal Projects/leap03/Saved/NewBlueprint402AE1C24D12A7CF911063BD4355A684.tmp' to '../../../../../../Users/reiri/Documents/Unreal Projects/leap03/Content/NewBlueprint.uasset'
[2015.10.05-12.32.04:917][269]LeapPluginLog: LeapController::CleanupEventData Delete Called
[2015.10.05-12.32.06:331][300]LogD3D11RHI: InitD3DDevice
[2015.10.05-12.32.06:388][300]LogD3D11RHI: InitD3DDevice
[2015.10.05-12.32.06:696][300]LeapPluginLog: InterfaceObject: NewBlueprint_C_1
[2015.10.05-12.32.06:696][300]LogActor:Warning: GameNetworkManager /Engine/Transient.World_4:PersistentLevel.GameNetworkManager_1 has natively added scene component(s), but none of them were set as the actor's RootComponent - picking one arbitrarily
[2015.10.05-12.32.07:841][316]LogD3D11RHI: InitD3DDevice
[2015.10.05-12.32.10:673][353]LogD3D11RHI: InitD3DDevice
[2015.10.05-12.32.10:811][353]Cmd: OBJ SAVEPACKAGE PACKAGE="/Game/NewBlueprint" FILE="../../../../../../Users/reiri/Documents/Unreal Projects/leap03/Content/NewBlueprint.uasset" SILENT=true
[2015.10.05-12.32.10:994][353]LogSavePackage: Save=175.469376ms
[2015.10.05-12.32.10:994][353]LogSavePackage: Moving '../../../../../../Users/reiri/Documents/Unreal Projects/leap03/Saved/NewBlueprintCE2669154FF5DAE1D541C38759B0920B.tmp' to '../../../../../../Users/reiri/Documents/Unreal Projects/leap03/Content/NewBlueprint.uasset'
[2015.10.05-12.32.12:749][377]LeapPluginLog: LeapController::CleanupEventData Delete Called
[2015.10.05-12.33.00:726][641]LogD3D11RHI: InitD3DDevice
[2015.10.05-12.33.03:422][697]LogD3D11RHI: InitD3DDevice
[2015.10.05-12.33.05:420][725]LogUObjectGlobals:Warning: Guid is in use by StaticMeshComponent /Game/StarterContent/Maps/Minimal_Default.Minimal_Default:PersistentLevel.Cube_3.StaticMeshComponent0 and StaticMeshComponent /Game/Cube_Blueprint.Cube_Blueprint_C:StaticMeshComponent0EADF75CF429CE479638F6C813E6196C6, which should never happen in the editor but could happen at runtime with duplicate level loading or PIE
[2015.10.05-12.33.05:501][725]LogD3D11RHI: InitD3DDevice
[2015.10.05-12.33.05:612][725]LogD3D11RHI: InitD3DDevice
[2015.10.05-12.33.06:068][725]LogRenderer: Reallocating scene render targets to support 1144x712 (Frame:441).
[2015.10.05-12.34.41:222][178]LogD3D11RHI: InitD3DDevice
[2015.10.05-12.35.01:928][583]LogD3D11RHI: InitD3DDevice
[2015.10.05-12.35.02:310][592]LogD3D11RHI: InitD3DDevice
[2015.10.05-12.35.25:187][991]LogD3D11RHI: InitD3DDevice
[2015.10.05-12.35.29:686][ 82]LogD3D11RHI: InitD3DDevice
[2015.10.05-12.35.29:764][ 82]Cmd: OBJ SAVEPACKAGE PACKAGE="/Game/Cube_Blueprint" FILE="../../../../../../Users/reiri/Documents/Unreal Projects/leap03/Content/Cube_Blueprint.uasset" SILENT=true
[2015.10.05-12.35.29:785][ 82]LogSavePackage: Save=19.507498ms
[2015.10.05-12.35.29:785][ 82]LogSavePackage: Moving '../../../../../../Users/reiri/Documents/Unreal Projects/leap03/Saved/Cube_Blueprint45697F8E4BE9EC7811EB308813D64963.tmp' to '../../../../../../Users/reiri/Documents/Unreal Projects/leap03/Content/Cube_Blueprint.uasset'
[2015.10.05-12.35.38:236][272]LogD3D11RHI: InitD3DDevice
[2015.10.05-12.35.40:828][343]LogD3D11RHI: InitD3DDevice
[2015.10.05-12.35.40:856][343]LogD3D11RHI: InitD3DDevice
[2015.10.05-12.35.41:156][343]LeapPluginLog: InterfaceObject: NewBlueprint_C_2
[2015.10.05-12.35.41:157][343]LogActor:Warning: GameNetworkManager /Engine/Transient.World_6:PersistentLevel.GameNetworkManager_2 has natively added scene component(s), but none of them were set as the actor's RootComponent - picking one arbitrarily
[2015.10.05-12.35.42:747][376]LogD3D11RHI: InitD3DDevice
[2015.10.05-12.36.09:908][868]LogEditorTransaction: Undo ノードを移動
[2015.10.05-12.36.09:947][868]LeapPluginLog: LeapController::CleanupEventData Delete Called
[2015.10.05-12.36.09:948][868]LeapPluginLog: InterfaceObject: NewBlueprint_C_2
[2015.10.05-12.36.09:948][868]LeapPluginLog: LeapController::CleanupEventData Delete Called
[2015.10.05-12.36.09:949][868]LeapPluginLog: InterfaceObject: NewBlueprint_C_2
[2015.10.05-12.36.09:949][868]LeapPluginLog: LeapController::CleanupEventData Delete Called
[2015.10.05-12.36.09:949][868]LeapPluginLog: InterfaceObject: NewBlueprint_C_2
[2015.10.05-12.36.09:980][868]LogD3D11RHI: InitD3DDevice
[2015.10.05-12.36.11:849][891]LogD3D11RHI: InitD3DDevice
[2015.10.05-12.36.14:803][931]LogD3D11RHI: InitD3DDevice
[2015.10.05-12.36.15:470][940]LogD3D11RHI: InitD3DDevice
[2015.10.05-12.36.49:670][362]LogD3D11RHI: InitD3DDevice
[2015.10.05-12.36.52:713][413]LogD3D11RHI: InitD3DDevice
[2015.10.05-12.36.52:979][416]LogD3D11RHI: InitD3DDevice
[2015.10.05-12.37.14:397][610]LogD3D11RHI: InitD3DDevice
[2015.10.05-12.37.14:923][619]LogD3D11RHI: InitD3DDevice
[2015.10.05-12.39.55:337][297]LogD3D11RHI: InitD3DDevice
[2015.10.05-12.39.58:663][337]LogD3D11RHI: InitD3DDevice
[2015.10.05-12.42.19:963][143]LogD3D11RHI: InitD3DDevice
[2015.10.05-12.42.29:064][255]LogD3D11RHI: InitD3DDevice
[2015.10.05-12.42.29:342][255]LogParticles: Destroying 0 GPU particle simulations for FXSystem 0x00000000232DD260
[2015.10.05-12.42.29:343][255]LogParticles: Destroying 0 GPU particle simulations for FXSystem 0x0000000027AB4C20
[2015.10.05-12.42.29:344][255]LogParticles: Destroying 0 GPU particle simulations for FXSystem 0x00000000381FF100
[2015.10.05-12.42.29:393][255]LeapPluginLog: LeapController::CleanupEventData Delete Called
[2015.10.05-12.42.29:409][255]LeapPluginLog: LeapController::CleanupEventData Delete Called
[2015.10.05-12.42.29:446][255]LeapPluginLog: LeapController::CleanupEventData Delete Called
[2015.10.05-12.42.29:462][255]LeapPluginLog: LeapController::CleanupEventData Delete Called
[2015.10.05-12.42.29:696][255]LogSavePackage: Save=98.482346ms
[2015.10.05-12.42.29:696][255]LogSavePackage: Moving '../../../../../../Users/reiri/Documents/Unreal Projects/leap03/Saved/Minimal_Default_Auto1417A12D94B306F5FC60B7BADD694ECE2.tmp' to '../../../../../../Users/reiri/Documents/Unreal Projects/leap03/Saved/Autosaves/Game/StarterContent/Maps/Minimal_Default_Auto1.umap'
[2015.10.05-12.42.29:699][255]LogFileHelpers: Editor autosave (incl. sublevels) for '/Game/StarterContent/Maps/Minimal_Default' took 0.443
[2015.10.05-12.42.29:699][255]LogFileHelpers: Editor autosave (incl. sublevels) for all levels took 0.443
[2015.10.05-12.42.29:725][255]OBJ SavePackage: Generating thumbnails for [0] asset(s) in package [/Game/NewBlueprint] ([1] browsable assets)...
[2015.10.05-12.42.29:725][255]OBJ SavePackage: Finished generating thumbnails for package [/Game/NewBlueprint]
[2015.10.05-12.42.29:725][255]Cmd: OBJ SAVEPACKAGE PACKAGE="/Game/NewBlueprint" FILE="../../../../../../Users/reiri/Documents/Unreal Projects/leap03/Saved/Autosaves/Game/NewBlueprint_Auto1.uasset" SILENT=false AUTOSAVING=true
[2015.10.05-12.42.29:890][255]LogSavePackage: Save=156.371811ms
[2015.10.05-12.42.29:890][255]LogSavePackage: Moving '../../../../../../Users/reiri/Documents/Unreal Projects/leap03/Saved/NewBlueprint_Auto1AED2391C4D5F947C2327F3A89DE85185.tmp' to '../../../../../../Users/reiri/Documents/Unreal Projects/leap03/Saved/Autosaves/Game/NewBlueprint_Auto1.uasset'
[2015.10.05-12.42.29:892][255]LogFileHelpers: Auto-saving content packages took 0.173
[2015.10.05-12.42.47:441][495]LogD3D11RHI: InitD3DDevice
[2015.10.05-12.42.49:431][523]LeapPluginLog: LeapController::CleanupEventData Delete Called
[2015.10.05-12.42.49:431][523]LeapPluginLog: InterfaceObject: NewBlueprint_C_2
[2015.10.05-12.42.49:431][523]LeapPluginLog: LeapController::CleanupEventData Delete Called
[2015.10.05-12.42.49:432][523]LeapPluginLog: InterfaceObject: NewBlueprint_C_2
[2015.10.05-12.42.49:432][523]LeapPluginLog: LeapController::CleanupEventData Delete Called
[2015.10.05-12.42.49:432][523]LeapPluginLog: InterfaceObject: NewBlueprint_C_2
[2015.10.05-12.42.51:804][556]LogD3D11RHI: InitD3DDevice
[2015.10.05-12.42.51:899][556]Cmd: OBJ SAVEPACKAGE PACKAGE="/Game/NewBlueprint" FILE="../../../../../../Users/reiri/Documents/Unreal Projects/leap03/Content/NewBlueprint.uasset" SILENT=true
[2015.10.05-12.42.52:065][556]LogSavePackage: Save=158.178818ms
[2015.10.05-12.42.52:065][556]LogSavePackage: Moving '../../../../../../Users/reiri/Documents/Unreal Projects/leap03/Saved/NewBlueprint8D5A3E4E4F58FAC5BE4D89B9C9BD55E4.tmp' to '../../../../../../Users/reiri/Documents/Unreal Projects/leap03/Content/NewBlueprint.uasset'
[2015.10.05-12.42.53:723][578]LeapPluginLog: LeapController::CleanupEventData Delete Called
[2015.10.05-12.42.55:076][602]LogD3D11RHI: InitD3DDevice
[2015.10.05-12.42.55:779][623]LogD3D11RHI: InitD3DDevice
[2015.10.05-12.42.56:545][645]LogD3D11RHI: InitD3DDevice
[2015.10.05-12.42.56:829][645]LogSavePackage: Save=113.034027ms
[2015.10.05-12.42.56:829][645]LogSavePackage: Moving '../../../../../../Users/reiri/Documents/Unreal Projects/leap03/Saved/Minimal_Default9C79D9FC44997FCB33982899A9FB70DB.tmp' to '../../../../../../Users/reiri/Documents/Unreal Projects/leap03/Content/StarterContent/Maps/Minimal_Default.umap'
[2015.10.05-12.42.58:391][673]LogD3D11RHI: InitD3DDevice
[2015.10.05-12.43.03:599][768]LogD3D11RHI: InitD3DDevice
[2015.10.05-12.43.07:352][825]LogD3D11RHI: InitD3DDevice
[2015.10.05-12.43.17:740][841]LogD3D11RHI: InitD3DDevice
[2015.10.05-12.43.19:845][900]LogD3D11RHI: InitD3DDevice
[2015.10.05-12.43.21:741][942]LogD3D11RHI: InitD3DDevice
[2015.10.05-12.43.30:327][ 65]LogD3D11RHI: InitD3DDevice
[2015.10.05-12.43.34:676][119]LogD3D11RHI: InitD3DDevice
[2015.10.05-12.44.07:084][119]LogD3D11RHI: InitD3DDevice
[2015.10.05-12.44.08:489][119]LogParticles: Destroying 0 GPU particle simulations for FXSystem 0x0000000036E15080
[2015.10.05-12.44.08:538][119]Cmd: OBJ SAVEPACKAGE PACKAGE="/Game/SwipeGesture" FILE="../../../../../../Users/reiri/Documents/Unreal Projects/leap03/Content/SwipeGesture.umap" SILENT=true AUTOSAVING=false KEEPDIRTY=false
[2015.10.05-12.44.08:693][119]LogSavePackage: Save=111.425362ms
[2015.10.05-12.44.08:693][119]LogSavePackage: Moving '../../../../../../Users/reiri/Documents/Unreal Projects/leap03/Saved/SwipeGesture5D7958654228AAE6C33419ACCCA3DF5A.tmp' to '../../../../../../Users/reiri/Documents/Unreal Projects/leap03/Content/SwipeGesture.umap'
[2015.10.05-12.44.08:725][119]LogFileHelpers: Saving map 'SwipeGesture' took 1.731
[2015.10.05-12.44.25:872][410]LogD3D11RHI: InitD3DDevice
[2015.10.05-12.44.28:349][461]LogD3D11RHI: InitD3DDevice
[2015.10.05-12.44.30:059][493]LogD3D11RHI: InitD3DDevice
[2015.10.05-12.44.30:831][501]LogD3D11RHI: InitD3DDevice
[2015.10.05-12.44.37:307][540]LogD3D11RHI: InitD3DDevice
[2015.10.05-12.44.39:212][594]LogD3D11RHI: InitD3DDevice
[2015.10.05-12.44.40:711][630]LogD3D11RHI: InitD3DDevice
[2015.10.05-12.44.41:170][638]LogD3D11RHI: InitD3DDevice
[2015.10.05-12.44.44:222][687]LogD3D11RHI: InitD3DDevice
[2015.10.05-12.44.45:033][698]LogD3D11RHI: InitD3DDevice
[2015.10.05-12.44.47:504][722]LogD3D11RHI: InitD3DDevice
[2015.10.05-12.44.49:018][722]LogD3D11RHI: InitD3DDevice
[2015.10.05-12.44.49:032][722]LightingResults: New page: ライティングのビルド
[2015.10.05-12.44.49:034][722]MapCheck: New page: マップをチェック
[2015.10.05-12.44.49:034][722]LightingResults: New page: <何も選択されていません>
[2015.10.05-12.44.49:064][722]LogParticles: Destroying 0 GPU particle simulations for FXSystem 0x0000000022C72F20
[2015.10.05-12.44.49:079][722]LogAIModule: Creating AISystem for world NewWorld
[2015.10.05-12.44.49:184][722]LoadErrors: New page: 新規のマップ
[2015.10.05-12.44.49:379][722]LogAIModule: Creating AISystem for world SwipeGesture
[2015.10.05-12.44.49:945][722]LogAudio:Warning: Detected orphaned looping sound 'Starter_Background_Cue'.
[2015.10.05-12.44.58:005][872]LogD3D11RHI: InitD3DDevice
[2015.10.05-12.44.59:763][873]Cmd: QUIT_EDITOR
[2015.10.05-12.45.00:005][873]LogExit: Preparing to exit.
[2015.10.05-12.45.00:621][873]LogExit: Editor shut down
[2015.10.05-12.45.00:622][873]LogExit: Transaction tracking system shut down
[2015.10.05-12.45.00:624][873]LogParticles: Destroying 0 GPU particle simulations for FXSystem 0x000000002A8D1D00
[2015.10.05-12.45.00:624][873]LogParticles: Destroying 0 GPU particle simulations for FXSystem 0x0000000029ACF880
[2015.10.05-12.45.00:625][873]LogParticles: Destroying 0 GPU particle simulations for FXSystem 0x000000002E66ED40
[2015.10.05-12.45.00:647][873]LogParticles: Destroying 0 GPU particle simulations for FXSystem 0x0000000023B59620
[2015.10.05-12.45.00:647][873]LeapPluginLog: LeapController::CleanupEventData Delete Called
[2015.10.05-12.45.00:668][873]LeapPluginLog: LeapController::CleanupEventData Delete Called
[2015.10.05-12.45.00:682][873]LeapPluginLog: LeapController::CleanupEventData Delete Called
[2015.10.05-12.45.00:853][873]LogExit: Object subsystem successfully closed.
[2015.10.05-12.45.00:868][873]LogD3D11RHI: Shutdown
[2015.10.05-12.45.00:868][873]LogD3D11RHI: CleanupD3DDevice
[2015.10.05-12.45.00:913][873]LogD3D11RHI: ~FD3D11DynamicRHI
[2015.10.05-12.45.00:929][873]LogModuleManager: Shutting down and abandoning module CrashTracker (189)
[2015.10.05-12.45.00:929][873]LogModuleManager: Shutting down and abandoning module SceneOutliner (188)
[2015.10.05-12.45.00:929][873]LogModuleManager: Shutting down and abandoning module SuperSearch (187)
[2015.10.05-12.45.00:929][873]LogModuleManager: Shutting down and abandoning module WidgetCarousel (186)
[2015.10.05-12.45.00:929][873]LogModuleManager: Shutting down and abandoning module AddContentDialog (185)
[2015.10.05-12.45.00:930][873]LogModuleManager: Shutting down and abandoning module EditorWidgets (184)
[2015.10.05-12.45.00:930][873]LogModuleManager: Shutting down and abandoning module CollectionManager (183)
[2015.10.05-12.45.00:930][873]LogModuleManager: Shutting down and abandoning module StatsViewer (182)
[2015.10.05-12.45.00:930][873]LogModuleManager: Shutting down and abandoning module FoliageEdit (181)
[2015.10.05-12.45.00:930][873]LogModuleManager: Shutting down and abandoning module LandscapeEditor (180)
[2015.10.05-12.45.00:930][873]LogModuleManager: Shutting down and abandoning module ActorPickerMode (179)
[2015.10.05-12.45.00:930][873]LogModuleManager: Shutting down and abandoning module GeometryMode (178)
[2015.10.05-12.45.00:930][873]LogModuleManager: Shutting down and abandoning module TextureAlignMode (177)
[2015.10.05-12.45.00:930][873]LogModuleManager: Shutting down and abandoning module BspMode (176)
[2015.10.05-12.45.00:930][873]LogModuleManager: Shutting down and abandoning module PlacementMode (175)
[2015.10.05-12.45.00:930][873]LogModuleManager: Shutting down and abandoning module AutomationWorker (174)
[2015.10.05-12.45.00:930][873]LogModuleManager: Shutting down and abandoning module CharacterAI (173)
[2015.10.05-12.45.00:930][873]LogModuleManager: Shutting down and abandoning module SmartSnapping (172)
[2015.10.05-12.45.00:930][873]LogModuleManager: Shutting down and abandoning module ViewportSnapping (171)
[2015.10.05-12.45.00:930][873]LogModuleManager: Shutting down and abandoning module LogVisualizer (170)
[2015.10.05-12.45.00:930][873]LogModuleManager: Shutting down and abandoning module GameProjectGeneration (169)
[2015.10.05-12.45.00:930][873]LogModuleManager: Shutting down and abandoning module IntroTutorials (168)
[2015.10.05-12.45.00:930][873]LogModuleManager: Shutting down and abandoning module EditorLiveStreaming (167)
[2015.10.05-12.45.00:930][873]LogModuleManager: Shutting down and abandoning module IOSPlatformEditor (166)
[2015.10.05-12.45.00:930][873]LogModuleManager: Shutting down and abandoning module HTML5PlatformEditor (165)
[2015.10.05-12.45.00:930][873]LogModuleManager: Shutting down and abandoning module AndroidDeviceDetection (164)
[2015.10.05-12.45.01:300][873]LogModuleManager: Shutting down and abandoning module AndroidPlatformEditor (163)
[2015.10.05-12.45.01:300][873]LogModuleManager: Shutting down and abandoning module IOSRuntimeSettings (162)
[2015.10.05-12.45.01:300][873]LogModuleManager: Shutting down and abandoning module AndroidRuntimeSettings (161)
[2015.10.05-12.45.01:300][873]LogModuleManager: Shutting down and abandoning module MergeActors (160)
[2015.10.05-12.45.01:300][873]LogModuleManager: Shutting down and abandoning module SizeMap (159)
[2015.10.05-12.45.01:300][873]LogModuleManager: Shutting down and abandoning module TreeMap (158)
[2015.10.05-12.45.01:300][873]LogModuleManager: Shutting down and abandoning module ReferenceViewer (157)
[2015.10.05-12.45.01:300][873]LogModuleManager: Shutting down and abandoning module LocalizationDashboard (156)
[2015.10.05-12.45.01:300][873]LogModuleManager: Shutting down and abandoning module HardwareTargeting (155)
[2015.10.05-12.45.01:300][873]LogModuleManager: Shutting down and abandoning module DeviceProfileEditor (154)
[2015.10.05-12.45.01:300][873]LogModuleManager: Shutting down and abandoning module UndoHistory (153)
[2015.10.05-12.45.01:300][873]LogModuleManager: Shutting down and abandoning module GameplayTagsEditor (152)
[2015.10.05-12.45.01:300][873]LogModuleManager: Shutting down and abandoning module UserFeedback (151)
[2015.10.05-12.45.01:300][873]LogModuleManager: Shutting down and abandoning module XmlParser (150)
[2015.10.05-12.45.01:300][873]LogModuleManager: Shutting down and abandoning module Blutility (149)
[2015.10.05-12.45.01:300][873]LogModuleManager: Shutting down and abandoning module ProjectTargetPlatformEditor (148)
[2015.10.05-12.45.01:300][873]LogModuleManager: Shutting down and abandoning module ProjectSettingsViewer (147)
[2015.10.05-12.45.01:300][873]LogModuleManager: Shutting down and abandoning module InputBindingEditor (146)
[2015.10.05-12.45.01:300][873]LogModuleManager: Shutting down and abandoning module EditorSettingsViewer (145)
[2015.10.05-12.45.01:300][873]LogModuleManager: Shutting down and abandoning module SettingsEditor (144)
[2015.10.05-12.45.01:300][873]LogModuleManager: Shutting down and abandoning module ProjectLauncher (143)
[2015.10.05-12.45.01:300][873]LogModuleManager: Shutting down and abandoning module SessionFrontend (142)
[2015.10.05-12.45.01:300][873]LogModuleManager: Shutting down and abandoning module ProfilerClient (141)
[2015.10.05-12.45.01:300][873]LogModuleManager: Shutting down and abandoning module TargetDeviceServices (140)
[2015.10.05-12.45.01:300][873]LogModuleManager: Shutting down and abandoning module DeviceManager (139)
[2015.10.05-12.45.01:300][873]LogModuleManager: Shutting down and abandoning module AutomationController (138)
[2015.10.05-12.45.01:300][873]LogModuleManager: Shutting down and abandoning module AutomationWindow (137)
[2015.10.05-12.45.01:300][873]LogModuleManager: Shutting down and abandoning module Layers (136)
[2015.10.05-12.45.01:301][873]LogModuleManager: Shutting down and abandoning module ComponentVisualizers (135)
[2015.10.05-12.45.01:301][873]LogModuleManager: Shutting down and abandoning module DetailCustomizations (134)
[2015.10.05-12.45.01:301][873]LogModuleManager: Shutting down and abandoning module PackagesDialog (133)
[2015.10.05-12.45.01:301][873]LogModuleManager: Shutting down and abandoning module AssetRegistry (132)
[2015.10.05-12.45.01:363][873]LogModuleManager: Shutting down and abandoning module Persona (131)
[2015.10.05-12.45.01:363][873]LogModuleManager: Shutting down and abandoning module Kismet (130)
[2015.10.05-12.45.01:363][873]LogModuleManager: Shutting down and abandoning module GraphEditor (129)
[2015.10.05-12.45.01:364][873]LogModuleManager: Shutting down and abandoning module ClassViewer (128)
[2015.10.05-12.45.01:364][873]LogModuleManager: Shutting down and abandoning module Toolbox (127)
[2015.10.05-12.45.01:364][873]LogModuleManager: Shutting down and abandoning module ModuleUI (126)
[2015.10.05-12.45.01:364][873]LogModuleManager: Shutting down and abandoning module MovieSceneTools (125)
[2015.10.05-12.45.01:364][873]LogModuleManager: Shutting down and abandoning module OutputLog (124)
[2015.10.05-12.45.01:364][873]LogModuleManager: Shutting down and abandoning module GammaUI (123)
[2015.10.05-12.45.01:364][873]LogModuleManager: Shutting down and abandoning module Documentation (122)
[2015.10.05-12.45.01:364][873]LogModuleManager: Shutting down and abandoning module GameLiveStreaming (121)
[2015.10.05-12.45.01:364][873]LogModuleManager: Shutting down and abandoning module StreamingPauseRendering (120)
[2015.10.05-12.45.01:364][873]LogModuleManager: Shutting down and abandoning module AnalyticsET (119)
[2015.10.05-12.45.01:364][873]LogModuleManager: Shutting down and abandoning module Analytics (118)
[2015.10.05-12.45.01:364][873]LogModuleManager: Shutting down and abandoning module AITestSuite (117)
[2015.10.05-12.45.01:364][873]LogModuleManager: Shutting down and abandoning module GameplayDebugger (116)
[2015.10.05-12.45.01:364][873]LogModuleManager: Shutting down and abandoning module AIModule (115)
[2015.10.05-12.45.01:364][873]LogModuleManager: Shutting down and abandoning module ProfilerService (114)
[2015.10.05-12.45.01:378][873]LogModuleManager: Shutting down and abandoning module TaskGraph (113)
[2015.10.05-12.45.01:378][873]LogModuleManager: Shutting down and abandoning module LeapMotion (112)
[2015.10.05-12.45.01:396][873]LogModuleManager: Shutting down and abandoning module SlateRemote (111)
[2015.10.05-12.45.01:396][873]LogModuleManager: Shutting down and abandoning module SteamVRController (110)
[2015.10.05-12.45.01:396][873]LogModuleManager: Shutting down and abandoning module SteamVR (109)
[2015.10.05-12.45.01:396][873]LogModuleManager: Shutting down and abandoning module ProceduralMeshComponent (108)
[2015.10.05-12.45.01:396][873]LogModuleManager: Shutting down and abandoning module OculusRift (107)
[2015.10.05-12.45.01:396][873]LogModuleManager: Shutting down and abandoning module LeapMotionController (106)
[2015.10.05-12.45.01:461][873]LogModuleManager: Shutting down and abandoning module CustomMeshComponent (105)
[2015.10.05-12.45.01:461][873]LogModuleManager: Shutting down and abandoning module CableComponent (104)
[2015.10.05-12.45.01:461][873]LogModuleManager: Shutting down and abandoning module MessagingDebugger (103)
[2015.10.05-12.45.01:461][873]LogModuleManager: Shutting down and abandoning module MediaPlayerEditor (102)
[2015.10.05-12.45.01:461][873]LogModuleManager: Shutting down and abandoning module SpeedTreeImporter (101)
[2015.10.05-12.45.01:461][873]LogModuleManager: Shutting down and abandoning module PluginBrowser (100)
[2015.10.05-12.45.01:462][873]LogModuleManager: Shutting down and abandoning module EpicSurvey (99)
[2015.10.05-12.45.01:462][873]LogModuleManager: Shutting down and abandoning module DesktopPlatform (98)
[2015.10.05-12.45.01:462][873]LogModuleManager: Shutting down and abandoning module VisualStudioSourceCodeAccess (97)
[2015.10.05-12.45.01:462][873]LogModuleManager: Shutting down and abandoning module UObjectPlugin (96)
[2015.10.05-12.45.01:462][873]LogModuleManager: Shutting down and abandoning module SubversionSourceControl (95)
[2015.10.05-12.45.01:462][873]LogModuleManager: Shutting down and abandoning module PerforceSourceControl (94)
[2015.10.05-12.45.01:462][873]LogModuleManager: Shutting down and abandoning module SourceControl (93)
[2015.10.05-12.45.01:462][873]LogModuleManager: Shutting down and abandoning module GitSourceControl (92)
[2015.10.05-12.45.01:462][873]LogModuleManager: Shutting down and abandoning module BlankPlugin (91)
[2015.10.05-12.45.01:462][873]LogModuleManager: Shutting down and abandoning module PaperTiledImporter (90)
[2015.10.05-12.45.01:462][873]LogModuleManager: Shutting down and abandoning module PaperSpriteSheetImporter (89)
[2015.10.05-12.45.01:462][873]LogModuleManager: Shutting down and abandoning module MeshPaint (88)
[2015.10.05-12.45.01:462][873]LogModuleManager: Shutting down and abandoning module SlateReflector (87)
[2015.10.05-12.45.01:462][873]LogModuleManager: Shutting down and abandoning module DirectoryWatcher (86)
[2015.10.05-12.45.01:462][873]LogModuleManager: Shutting down and abandoning module HotReload (85)
[2015.10.05-12.45.01:462][873]LogModuleManager: Shutting down and abandoning module MainFrame (84)
[2015.10.05-12.45.01:462][873]LogModuleManager: Shutting down and abandoning module LevelEditor (83)
[2015.10.05-12.45.01:467][873]LogModuleManager: Shutting down and abandoning module ContentBrowser (82)
[2015.10.05-12.45.01:468][873]LogModuleManager: Shutting down and abandoning module Paper2DEditor (81)
[2015.10.05-12.45.01:468][873]LogModuleManager: Shutting down and abandoning module UdpMessaging (80)
[2015.10.05-12.45.01:568][873]LogModuleManager: Shutting down and abandoning module Paper2D (79)
[2015.10.05-12.45.01:568][873]LogModuleManager: Shutting down and abandoning module WindowsMoviePlayer (78)
[2015.10.05-12.45.01:572][873]LogModuleManager: Shutting down and abandoning module Media (77)
[2015.10.05-12.45.01:572][873]LogModuleManager: Shutting down and abandoning module WmfMedia (76)
[2015.10.05-12.45.01:573][873]LogModuleManager: Shutting down and abandoning module OnlineBlueprintSupport (75)
[2015.10.05-12.45.01:573][873]LogModuleManager: Shutting down and abandoning module PropertyEditor (74)
[2015.10.05-12.45.01:573][873]LogModuleManager: Shutting down and abandoning module BehaviorTreeEditor (73)
[2015.10.05-12.45.01:573][873]LogModuleManager: Shutting down and abandoning module FunctionalTesting (72)
[2015.10.05-12.45.01:573][873]LogModuleManager: Shutting down and abandoning module CollisionAnalyzer (71)
[2015.10.05-12.45.01:573][873]LogModuleManager: Shutting down and abandoning module WorkspaceMenuStructure (70)
[2015.10.05-12.45.01:573][873]LogModuleManager: Shutting down and abandoning module MessageLog (69)
[2015.10.05-12.45.01:573][873]LogModuleManager: Shutting down and abandoning module Sequencer (68)
[2015.10.05-12.45.01:573][873]LogModuleManager: Shutting down and abandoning module AssetTools (67)
[2015.10.05-12.45.01:573][873]LogModuleManager: Shutting down and abandoning module UMGEditor (66)
[2015.10.05-12.45.01:573][873]LogModuleManager: Shutting down and abandoning module UMG (65)
[2015.10.05-12.45.01:573][873]LogModuleManager: Shutting down and abandoning module Slate (64)
[2015.10.05-12.45.01:573][873]LogModuleManager: Shutting down and abandoning module EditorStyle (63)
[2015.10.05-12.45.01:576][873]LogModuleManager: Shutting down and abandoning module SessionServices (62)
[2015.10.05-12.45.01:576][873]LogModuleManager: Shutting down and abandoning module SourceCodeAccess (61)
[2015.10.05-12.45.01:576][873]LogModuleManager: Shutting down and abandoning module HeadMountedDisplay (60)
[2015.10.05-12.45.01:576][873]LogModuleManager: Shutting down and abandoning module XAudio2 (59)
[2015.10.05-12.45.01:576][873]LogModuleManager: Shutting down and abandoning module Networking (57)
[2015.10.05-12.45.01:576][873]LogModuleManager: Shutting down and abandoning module Core (56)
[2015.10.05-12.45.01:576][873]LogModuleManager: Shutting down and abandoning module KismetCompiler (55)
[2015.10.05-12.45.01:576][873]LogModuleManager: Shutting down and abandoning module PhysXFormats (54)
[2015.10.05-12.45.01:576][873]LogModuleManager: Shutting down and abandoning module MeshUtilities (53)
[2015.10.05-12.45.01:576][873]LogModuleManager: Shutting down and abandoning module DerivedDataCache (52)
[2015.10.05-12.45.01:622][873]LogDerivedDataCache: Shutdown
[2015.10.05-12.45.01:622][873]LogModuleManager: Shutting down and abandoning module ShaderFormatOpenGL (51)
[2015.10.05-12.45.01:622][873]LogModuleManager: Shutting down and abandoning module ShaderFormatD3D (50)
[2015.10.05-12.45.01:622][873]LogModuleManager: Shutting down and abandoning module MetalShaderFormat (49)
[2015.10.05-12.45.01:622][873]LogModuleManager: Shutting down and abandoning module TextureFormatUncompressed (48)
[2015.10.05-12.45.01:622][873]LogModuleManager: Shutting down and abandoning module TextureFormatPVR (47)
[2015.10.05-12.45.01:622][873]LogModuleManager: Shutting down and abandoning module TextureFormatIntelISPCTexComp (46)
[2015.10.05-12.45.01:622][873]LogModuleManager: Shutting down and abandoning module TextureFormatDXT (45)
[2015.10.05-12.45.01:622][873]LogModuleManager: Shutting down and abandoning module ImageWrapper (44)
[2015.10.05-12.45.01:622][873]LogModuleManager: Shutting down and abandoning module TextureFormatASTC (43)
[2015.10.05-12.45.01:622][873]LogModuleManager: Shutting down and abandoning module TextureFormatAndroid (42)
[2015.10.05-12.45.01:622][873]LogModuleManager: Shutting down and abandoning module AudioFormatOpus (41)
[2015.10.05-12.45.01:622][873]LogModuleManager: Shutting down and abandoning module AudioFormatOgg (40)
[2015.10.05-12.45.01:622][873]LogModuleManager: Shutting down and abandoning module AudioFormatADPCM (39)
[2015.10.05-12.45.01:622][873]LogModuleManager: Shutting down and abandoning module LinuxTargetPlatform (38)
[2015.10.05-12.45.01:622][873]LogModuleManager: Shutting down and abandoning module LinuxServerTargetPlatform (37)
[2015.10.05-12.45.01:622][873]LogModuleManager: Shutting down and abandoning module LinuxNoEditorTargetPlatform (36)
[2015.10.05-12.45.01:622][873]LogModuleManager: Shutting down and abandoning module Messaging (35)
[2015.10.05-12.45.01:622][873]LogModuleManager: Shutting down and abandoning module IOSTargetPlatform (34)
[2015.10.05-12.45.01:622][873]LogModuleManager: Shutting down and abandoning module HTML5TargetPlatform (33)
[2015.10.05-12.45.01:622][873]LogModuleManager: Shutting down and abandoning module Android_PVRTCTargetPlatform (32)
[2015.10.05-12.45.01:622][873]LogModuleManager: Shutting down and abandoning module Android_ETC2TargetPlatform (31)
[2015.10.05-12.45.01:622][873]LogModuleManager: Shutting down and abandoning module Android_ETC1TargetPlatform (30)
[2015.10.05-12.45.01:622][873]LogModuleManager: Shutting down and abandoning module Android_DXTTargetPlatform (29)
[2015.10.05-12.45.01:622][873]LogModuleManager: Shutting down and abandoning module Android_ATCTargetPlatform (28)
[2015.10.05-12.45.01:622][873]LogModuleManager: Shutting down and abandoning module Android_ASTCTargetPlatform (27)
[2015.10.05-12.45.01:622][873]LogModuleManager: Shutting down and abandoning module AndroidTargetPlatform (26)
[2015.10.05-12.45.01:622][873]LogModuleManager: Shutting down and abandoning module WindowsTargetPlatform (25)
[2015.10.05-12.45.01:622][873]LogModuleManager: Shutting down and abandoning module WindowsServerTargetPlatform (24)
[2015.10.05-12.45.01:622][873]LogModuleManager: Shutting down and abandoning module WindowsNoEditorTargetPlatform (23)
[2015.10.05-12.45.01:622][873]LogModuleManager: Shutting down and abandoning module WindowsClientTargetPlatform (22)
[2015.10.05-12.45.01:622][873]LogModuleManager: Shutting down and abandoning module DesktopTargetPlatform (21)
[2015.10.05-12.45.01:622][873]LogModuleManager: Shutting down and abandoning module TargetPlatform (20)
[2015.10.05-12.45.01:622][873]LogModuleManager: Shutting down and abandoning module InputCore (19)
[2015.10.05-12.45.01:622][873]LogModuleManager: Shutting down and abandoning module Settings (18)
[2015.10.05-12.45.01:622][873]LogModuleManager: Shutting down and abandoning module OnlineSubsystem (16)
[2015.10.05-12.45.01:622][873]LogModuleManager: Shutting down and abandoning module HTTP (15)
[2015.10.05-12.45.01:623][873]LogModuleManager: Shutting down and abandoning module ExampleDeviceProfileSelector (14)
[2015.10.05-12.45.01:623][873]LogModuleManager: Shutting down and abandoning module TextureCompressor (13)
[2015.10.05-12.45.01:623][873]LogModuleManager: Shutting down and abandoning module ShaderCore (12)
[2015.10.05-12.45.01:623][873]LogModuleManager: Shutting down and abandoning module Landscape (11)
[2015.10.05-12.45.01:623][873]LogModuleManager: Shutting down and abandoning module SlateRHIRenderer (10)
[2015.10.05-12.45.01:626][873]LogModuleManager: Shutting down and abandoning module OpenGLDrv (9)
[2015.10.05-12.45.01:626][873]LogModuleManager: Shutting down and abandoning module D3D11RHI (8)
[2015.10.05-12.45.01:626][873]LogModuleManager: Shutting down and abandoning module Renderer (7)
[2015.10.05-12.45.01:626][873]LogModuleManager: Shutting down and abandoning module Engine (6)
[2015.10.05-12.45.01:626][873]LogModuleManager: Shutting down and abandoning module CoreUObject (5)
[2015.10.05-12.45.01:626][873]LogModuleManager: Shutting down and abandoning module NetworkFile (4)
[2015.10.05-12.45.01:626][873]LogModuleManager: Shutting down and abandoning module StreamingFile (3)
[2015.10.05-12.45.01:626][873]LogModuleManager: Shutting down and abandoning module SandboxFile (2)
[2015.10.05-12.45.01:626][873]LogModuleManager: Shutting down and abandoning module PakFile (1)
[2015.10.05-12.45.01:627][873]LogExit: Exiting.
[2015.10.05-12.45.01:640][873]Log file closed, 10/05/15 21:45:01
