[2015.11.05-09.04.05:717][  0]Log file open, 11/05/15 18:04:05
[2015.11.05-09.04.05:717][  0]LogInit:Display: Running engine for game: leap03
[2015.11.05-09.04.05:717][  0]LogInit:Display: RandInit(1672195508) SRandInit(1672195509).
[2015.11.05-09.04.05:717][  0]LogTaskGraph: Started task graph with 4 named threads and 7 total threads.
[2015.11.05-09.04.05:717][  0]LogStats: Stats thread started
[2015.11.05-09.04.05:717][  0]LogInit: Version: 4.8.3-2634408+++depot+UE4-Releases+4.8
[2015.11.05-09.04.05:717][  0]LogInit: API Version: 2579680
[2015.11.05-09.04.05:717][  0]LogInit: Compiled (64-bit): Jul 27 2015 16:24:33
[2015.11.05-09.04.05:717][  0]LogInit: Compiled with Visual C++: 18.00.21005.01
[2015.11.05-09.04.05:717][  0]LogInit: Build Configuration: Development
[2015.11.05-09.04.05:717][  0]LogInit: Branch Name: ++depot+UE4-Releases+4.8
[2015.11.05-09.04.05:717][  0]LogInit: Command line:  
[2015.11.05-09.04.05:717][  0]LogInit: Base directory: C:/Program Files/Epic Games/4.8/Engine/Binaries/Win64/
[2015.11.05-09.04.05:717][  0]LogInit: Rocket: 1
[2015.11.05-09.04.05:729][  0]LogInit: Using libcurl 7.41.0
[2015.11.05-09.04.05:729][  0]LogInit:  - built for x86_64-pc-win32
[2015.11.05-09.04.05:729][  0]LogInit:  - supports SSL with WinSSL
[2015.11.05-09.04.05:729][  0]LogInit:  - other features:
[2015.11.05-09.04.05:729][  0]LogInit:      CURL_VERSION_SSL
[2015.11.05-09.04.05:729][  0]LogInit:      CURL_VERSION_IPV6
[2015.11.05-09.04.05:729][  0]LogInit:      CURL_VERSION_ASYNCHDNS
[2015.11.05-09.04.05:729][  0]LogInit:      CURL_VERSION_LARGEFILE
[2015.11.05-09.04.05:729][  0]LogInit:      CURL_VERSION_IDN
[2015.11.05-09.04.05:729][  0]LogInit:  CurlRequestOptions (configurable via config and command line):
[2015.11.05-09.04.05:729][  0]LogInit:  - bVerifyPeer = true  - Libcurl will verify peer certificate
[2015.11.05-09.04.05:729][  0]LogInit:  - bUseHttpProxy = false  - Libcurl will NOT use HTTP proxy
[2015.11.05-09.04.05:729][  0]LogInit:  - bDontReuseConnections = false  - Libcurl will reuse connections
[2015.11.05-09.04.05:729][  0]LogInit:  - CertBundlePath = nullptr  - Libcurl will use whatever was configured at build time.
[2015.11.05-09.04.05:742][  0]LogOnline:Warning: No default platform service specified for OnlineSubsystem
[2015.11.05-09.04.05:757][  0]LogInit: Presizing for 0 objects not considered by GC, pre-allocating 0 bytes.
[2015.11.05-09.04.05:763][  0]LogInit: Object subsystem initialized
[2015.11.05-09.04.05:763][  0]LogConsoleResponse:Warning: Skipping Unknown console variable: 'TranslucentSortAxis = (X=0.000000,Y=-1.000000,Z=0.000000)'
[2015.11.05-09.04.05:763][  0]LogConsoleResponse:Warning:   Found in ini file 'C:/Users/reiri/Documents/GitHub/LeapUI/Swipegesture/Saved/Config/Windows/Engine.ini', in section '[/Script/Engine.RendererSettings]'
[2015.11.05-09.04.05:764][  0]LogConsoleResponse:Warning: Skipping Unknown console variable: 'UIScaleRule = ShortestSide'
[2015.11.05-09.04.05:764][  0]LogConsoleResponse:Warning:   Found in ini file 'C:/Users/reiri/Documents/GitHub/LeapUI/Swipegesture/Saved/Config/Windows/Engine.ini', in section '[/Script/Engine.RendererSettings]'
[2015.11.05-09.04.05:764][  0]LogConsoleResponse:Warning: Skipping Unknown console variable: 'UIScaleCurve = (EditorCurveData=(Keys=),ExternalCurve=None)'
[2015.11.05-09.04.05:764][  0]LogConsoleResponse:Warning:   Found in ini file 'C:/Users/reiri/Documents/GitHub/LeapUI/Swipegesture/Saved/Config/Windows/Engine.ini', in section '[/Script/Engine.RendererSettings]'
[2015.11.05-09.04.05:764][  0]LogInit: Selected Device Profile: [Windows]
[2015.11.05-09.04.05:764][  0]LogInit: Applying CVar settings loaded from the selected device profile: [Windows]
[2015.11.05-09.04.05:772][  0]LogInit: Computer: REIRI-PC
[2015.11.05-09.04.05:772][  0]LogInit: User: reiri
[2015.11.05-09.04.05:772][  0]LogInit: CPU Page size=4096, Cores=4
[2015.11.05-09.04.05:772][  0]LogInit: High frequency timer resolution =3.312666 MHz
[2015.11.05-09.04.05:772][  0]LogMemory: Memory total: Physical=7.9GB (8GB approx)
[2015.11.05-09.04.05:772][  0]LogMemory: Platform Memory Stats for Windows
[2015.11.05-09.04.05:772][  0]LogMemory: Process Physical Memory: 51.41 MB used, 51.41 MB peak
[2015.11.05-09.04.05:772][  0]LogMemory: Process Virtual Memory: 27.56 MB used, 27.56 MB peak
[2015.11.05-09.04.05:772][  0]LogMemory: Physical Memory: 6287.41 MB used, 8086.11 MB total
[2015.11.05-09.04.05:772][  0]LogMemory: Virtual Memory: 299.72 MB used, 8388608.00 MB total
[2015.11.05-09.04.05:813][  0]LogTextLocalizationManager: The requested culture ('ja_JP') has no localization data; parent culture's ('ja') localization data will be used.
[2015.11.05-09.04.05:951][  0]LogTextLocalizationManager:Warning: Loaded localization resources contain conflicting entries for (Namespace:ContentBrowser, Key:ImportAssetToolTip):
Localization Resource: (C:/Program Files/Epic Games/4.8/Engine/Content/Localization/Editor/ja/Editor.locres) Source String Hash: (-630476809) Localized String: ({0} にインポート...)
Localization Resource: (C:/Program Files/Epic Games/4.8/Engine/Content/Localization/Editor/ja/Editor.locres) Source String Hash: (1271782899) Localized String: (このフォルダへファイルからアセットをインポート)
[2015.11.05-09.04.06:269][  0]LogD3D11RHI: Found D3D11 adapter 0: Intel(R) HD Graphics 4600 (Feature Level 11_0)
[2015.11.05-09.04.06:269][  0]LogD3D11RHI: Adapter has 64MB of dedicated video memory, 0MB of dedicated system memory, and 1632MB of shared system memory, 2 output[s]
[2015.11.05-09.04.06:269][  0]LogD3D11RHI: Chosen D3D11 Adapter Id = 0
[2015.11.05-09.04.06:274][  0]LogD3D11RHI: InitD3DDevice
[2015.11.05-09.04.06:274][  0]LogD3D11RHI: !Direct3DDevice
[2015.11.05-09.04.06:274][  0]LogRHI: Texture pool is 616 MB (70% of 880 MB)
[2015.11.05-09.04.06:279][  0]LogD3D11RHI: Async texture creation enabled
[2015.11.05-09.04.06:283][  0]LogShaderCompilers:Display: Using Local Shader Compiler.
[2015.11.05-09.04.07:220][  0]LogTemp:Display: Loaded TP DesktopTargetPlatform
[2015.11.05-09.04.07:233][  0]LogTemp:Display: Loaded TP WindowsClientTargetPlatform
[2015.11.05-09.04.07:247][  0]LogTemp:Display: Loaded TP WindowsNoEditorTargetPlatform
[2015.11.05-09.04.07:260][  0]LogTemp:Display: Loaded TP WindowsServerTargetPlatform
[2015.11.05-09.04.07:274][  0]LogTemp:Display: Loaded TP WindowsTargetPlatform
[2015.11.05-09.04.07:285][  0]LogTemp:Display: Loaded TP AndroidTargetPlatform
[2015.11.05-09.04.07:299][  0]LogTemp:Display: Loaded TP Android_ASTCTargetPlatform
[2015.11.05-09.04.07:313][  0]LogTemp:Display: Loaded TP Android_ATCTargetPlatform
[2015.11.05-09.04.07:328][  0]LogTemp:Display: Loaded TP Android_DXTTargetPlatform
[2015.11.05-09.04.07:340][  0]LogTemp:Display: Loaded TP Android_ETC1TargetPlatform
[2015.11.05-09.04.07:355][  0]LogTemp:Display: Loaded TP Android_ETC2TargetPlatform
[2015.11.05-09.04.07:367][  0]LogTemp:Display: Loaded TP Android_PVRTCTargetPlatform
[2015.11.05-09.04.07:410][  0]LogTemp:Display: Loaded TP IOSTargetPlatform
[2015.11.05-09.04.07:420][  0]LogTemp:Display: Loaded TP LinuxNoEditorTargetPlatform
[2015.11.05-09.04.07:430][  0]LogTemp:Display: Loaded TP LinuxServerTargetPlatform
[2015.11.05-09.04.07:442][  0]LogTemp:Display: Loaded TP LinuxTargetPlatform
[2015.11.05-09.04.07:442][  0]LogTargetPlatformManager:Display: Building Assets For Windows
[2015.11.05-09.04.07:626][  0]LogDerivedDataCache:Display: Max Cache Size: 512 MB
[2015.11.05-09.04.07:901][  0]LogDerivedDataCache: Loaded boot cache 0.27s 53MB C:/Users/reiri/AppData/Local/UnrealEngine/4.8/DerivedDataCache/Boot.ddc.
[2015.11.05-09.04.07:901][  0]LogDerivedDataCache:Display: Loaded Boot cache: C:/Users/reiri/AppData/Local/UnrealEngine/4.8/DerivedDataCache/Boot.ddc
[2015.11.05-09.04.07:902][  0]LogDerivedDataCache: FDerivedDataBackendGraph:  Pak pak cache file ../../../../../../Users/reiri/Documents/GitHub/LeapUI/Swipegesture/DerivedDataCache/DDC.ddp not found, will not use a pak cache.
[2015.11.05-09.04.07:902][  0]LogDerivedDataCache: Unable to find inner node Pak for hierarchical cache Hierarchy.
[2015.11.05-09.04.07:902][  0]LogDerivedDataCache: FDerivedDataBackendGraph:  CompressedPak pak cache file ../../../../../../Users/reiri/Documents/GitHub/LeapUI/Swipegesture/DerivedDataCache/Compressed.ddp not found, will not use a pak cache.
[2015.11.05-09.04.07:902][  0]LogDerivedDataCache: Unable to find inner node CompressedPak for hierarchical cache Hierarchy.
[2015.11.05-09.04.08:043][  0]LogDerivedDataCache:Display: Pak cache opened for reading ../../../Engine/DerivedDataCache/Compressed.ddp.
[2015.11.05-09.04.08:055][  0]LogDerivedDataCache: Using Local data cache path C:/Users/reiri/AppData/Local/UnrealEngine/Common/DerivedDataCache: Writable
[2015.11.05-09.04.08:233][  0]LogInit: Selected Device Profile: [Windows]
[2015.11.05-09.04.08:239][  0]ImportText (ComponentSweepMultiTests): Missing closing parenthesis: (RootShapeAsset="/Engine/BasicShapes/Cube.Cube",ShapeType="TriggerCapsule",HitResult=(Time=0.50,Location=(X=-100.000015,Y=0.0,Z=100.000015),ImpactPoint=(X=-50.0,Y=0.0,Z=50.0),Normal=(X=-1.0,Y=-0.0,Z=0.0),ImpactNormal=(X=0.0,Y=0.0,Z=1.0),TraceStart=(X=-200.0,Y=0.0,Z=200.0),TraceEnd=(X=0.0,Y=0.0,Z=0.0))
[2015.11.05-09.04.08:240][  0]ImportText (LineTraceSingleByChannelTests): Missing closing parenthesis: (RootShapeAsset="/Engine/BasicShapes/Cube.Cube",HitResult=(Time=0.50,Location=(X=-100.000015,Y=0.0,Z=100.000015),ImpactPoint=(X=-50.0,Y=0.0,Z=50.0),Normal=(X=-1.0,Y=-0.0,Z=0.0),ImpactNormal=(X=0.0,Y=0.0,Z=1.0),TraceStart=(X=-200.0,Y=0.0,Z=200.0),TraceEnd=(X=0.0,Y=0.0,Z=0.0))
[2015.11.05-09.04.08:264][  0]LogMeshUtilities: No automatic mesh reduction module available
[2015.11.05-09.04.08:264][  0]LogMeshUtilities: No automatic mesh merging module available
[2015.11.05-09.04.08:821][  0]LogInit: WinSock: version 1.1 (2.2), MaxSocks=32767, MaxUdp=65467
[2015.11.05-09.04.23:367][  0]UdpMessaging: Initializing bridge on interface 0.0.0.0:0 to multicast group 230.0.0.1:6666.
[2015.11.05-09.04.23:862][  0]SourceControl: 情報 ソースコントロールは無効です
[2015.11.05-09.04.24:034][  0]SourceControl: 情報 ソースコントロールは無効です
[2015.11.05-09.04.24:042][  0]SourceControl: 情報 ソースコントロールは無効です
[2015.11.05-09.04.24:051][  0]SourceControl: 情報 ソースコントロールは無効です
[2015.11.05-09.04.24:397][  0]LeapPluginLog: Using LeapPlugin version 0.9.5
[2015.11.05-09.04.24:401][  0]LogObj: 26891 objects as part of root set at end of initial load.
[2015.11.05-09.04.24:401][  0]LogUObjectAllocator: 5510376 out of 0 bytes used by permanent object pool.
[2015.11.05-09.04.24:506][  0]LogEngine: Initializing Engine...
[2015.11.05-09.04.24:509][  0]LogHMD: Can't find Oculus library dev build: is proper Runtime installed? Version: 0.6.0.0
[2015.11.05-09.04.24:510][  0]LogHMD:Warning: SteamVR failed to initialize.  Error: 110
[2015.11.05-09.04.24:638][  0]LogAIModule: Creating AISystem for world NewWorld
[2015.11.05-09.04.24:641][  0]LogInit: XAudio2 using 'スピーカー (Realtek High Definition Audio)' : 2 channels at 48 kHz using 32 bits per sample (channel mask 0x3)
[2015.11.05-09.04.24:653][  0]LogInit: FAudioDevice initialized.
[2015.11.05-09.04.24:681][  0]LogDerivedDataCache: Saved boot cache 0.03s 53MB C:/Users/reiri/AppData/Local/UnrealEngine/4.8/DerivedDataCache/Boot.ddc.
[2015.11.05-09.04.24:685][  0]LogInit: Texture streaming: Disabled
[2015.11.05-09.04.24:707][  0]LogAnalytics: Creating configured Analytics provider AnalyticsET
[2015.11.05-09.04.24:707][  0]LogAnalytics: [UEEditor.Rocket.Release] APIServer = http://et2.epicgames.com/ET2/. AppVersion = 4.8.3-2634408+++depot+UE4-Releases+4.8
[2015.11.05-09.04.24:707][  0]LogAnalytics: [UEEditor.Rocket.Release] SetUserId ed73aad848adf9034585f78783adeb8b|d2c3928a2eb2491182358b97942b7f26|5f94e41e-b00f-4026-95ac-baa792c13146
[2015.11.05-09.04.24:707][  0]LogAnalytics: [UEEditor.Rocket.Release] AnalyticsET::StartSession
[2015.11.05-09.04.24:734][  0]LogInit: Transaction tracking system initialized
[2015.11.05-09.04.24:855][  0]BlueprintLog: New page: エディタの読み込み
[2015.11.05-09.04.24:887][  0]LogAssetRegistry: FAssetRegistry took 0.0103 seconds to start up
[2015.11.05-09.04.24:887][  0]LogDirectoryWatcher:Warning: Failed to begin reading directory changes for ../../../Engine/Plugins/Experimental/CharacterAI/Content/. Error: 0
[2015.11.05-09.04.25:718][  0]LogConsoleManager:Warning: Console variable 'r.VSync' wasn't set ('GameSetting' has a lower priority than 'SystemSettingsIni')
[2015.11.05-09.04.25:718][  0]LogConsoleResponse:Display: 
[2015.11.05-09.04.25:798][  0]LogCook:Display: Done creating registry. It took  0.00s.
[2015.11.05-09.04.26:164][  0]SourceControl: 情報 ソースコントロールは無効です
[2015.11.05-09.04.26:164][  0]Cmd: MAP LOAD FILE="../../../../../../Users/reiri/Documents/GitHub/LeapUI/Swipegesture/Content/StarterContent/Maps/Minimal_Default.umap" TEMPLATE=0 SHOWPROGRESS=1 FEATURELEVEL=3
[2015.11.05-09.04.26:165][  0]LightingResults: New page: ライティングのビルド
[2015.11.05-09.04.26:177][  0]MapCheck: New page: マップをチェック
[2015.11.05-09.04.26:177][  0]LightingResults: New page: <何も選択されていません>
[2015.11.05-09.04.26:191][  0]LogParticles: Destroying 0 GPU particle simulations for FXSystem 0x0000000016016F20
[2015.11.05-09.04.27:585][  0]LogBlueprint:Warning: [compiler LeapBasicRiggedCharacter] 警告 インプットアクション イベントは  インプットアクション Jump  に不明なアクション 'Jump'' を参照しています
[2015.11.05-09.04.27:585][  0]LogBlueprint:Warning: [compiler LeapBasicRiggedCharacter] 警告 インプット軸イベントは  インプットAxis LookUpRate  に不明な軸 'LookUpRate' を参照しています
[2015.11.05-09.04.27:585][  0]LogBlueprint:Warning: [compiler LeapBasicRiggedCharacter] 警告 インプット軸イベントは  インプットAxis TurnRate  に不明な軸 'TurnRate' を参照しています
[2015.11.05-09.04.27:585][  0]LogBlueprint:Warning: [compiler LeapBasicRiggedCharacter] 警告 インプット軸イベントは  インプットAxis Turn  に不明な軸 'Turn' を参照しています
[2015.11.05-09.04.27:586][  0]LogBlueprint:Warning: [compiler LeapBasicRiggedCharacter] 警告 インプット軸イベントは  インプットAxis LookUp  に不明な軸 'LookUp' を参照しています
[2015.11.05-09.04.27:586][  0]LogBlueprint:Warning: [compiler LeapBasicRiggedCharacter] 警告 インプット軸イベントは  インプットAxis MoveRight  に不明な軸 'MoveRight' を参照しています
[2015.11.05-09.04.27:586][  0]LogBlueprint:Warning: [compiler LeapBasicRiggedCharacter] 警告 インプット軸イベントは  インプットAxis MoveForward  に不明な軸 'MoveForward' を参照しています
[2015.11.05-09.04.27:589][  0]LogBlueprint:Warning: [compiler LeapBasicRiggedCharacter] 警告 [0023.18] LeapBasicRiggedCharacter のコンパイルに成功しましたが、7 個の警告が出ました [ 23 ミリ秒]
[2015.11.05-09.04.27:589][  0]LogBlueprint:Warning: [compiler LeapBasicRiggedCharacter] 警告 [0023.18] LeapBasicRiggedCharacter のコンパイルに成功しましたが、8 個の警告が出ました [ 0 ミリ秒]
[2015.11.05-09.04.27:589][  0]LogBlueprint:Warning: [compiler LeapBasicRiggedCharacter] 警告 [0023.18] LeapBasicRiggedCharacter のコンパイルに成功しましたが、9 個の警告が出ました [ 0 ミリ秒]
[2015.11.05-09.04.27:619][  0]LogBlueprint:Warning: [compiler LeapBasicRiggedCharacter] 警告 インプットアクション イベントは  インプットアクション Jump  に不明なアクション 'Jump'' を参照しています
[2015.11.05-09.04.27:619][  0]LogBlueprint:Warning: [compiler LeapBasicRiggedCharacter] 警告 インプット軸イベントは  インプットAxis LookUpRate  に不明な軸 'LookUpRate' を参照しています
[2015.11.05-09.04.27:620][  0]LogBlueprint:Warning: [compiler LeapBasicRiggedCharacter] 警告 インプット軸イベントは  インプットAxis TurnRate  に不明な軸 'TurnRate' を参照しています
[2015.11.05-09.04.27:620][  0]LogBlueprint:Warning: [compiler LeapBasicRiggedCharacter] 警告 インプット軸イベントは  インプットAxis Turn  に不明な軸 'Turn' を参照しています
[2015.11.05-09.04.27:620][  0]LogBlueprint:Warning: [compiler LeapBasicRiggedCharacter] 警告 インプット軸イベントは  インプットAxis LookUp  に不明な軸 'LookUp' を参照しています
[2015.11.05-09.04.27:621][  0]LogBlueprint:Warning: [compiler LeapBasicRiggedCharacter] 警告 インプット軸イベントは  インプットAxis MoveRight  に不明な軸 'MoveRight' を参照しています
[2015.11.05-09.04.27:621][  0]LogBlueprint:Warning: [compiler LeapBasicRiggedCharacter] 警告 インプット軸イベントは  インプットAxis MoveForward  に不明な軸 'MoveForward' を参照しています
[2015.11.05-09.04.27:626][  0]LogBlueprint:Warning: [compiler LeapBasicRiggedCharacter] 警告 [0023.21] LeapBasicRiggedCharacter のコンパイルに成功しましたが、7 個の警告が出ました [ 29 ミリ秒]
[2015.11.05-09.04.27:626][  0]LogBlueprint:Warning: [compiler LeapBasicRiggedCharacter] 警告 [0023.21] LeapBasicRiggedCharacter のコンパイルに成功しましたが、8 個の警告が出ました [ 0 ミリ秒]
[2015.11.05-09.04.29:980][  0]LogAIModule: Creating AISystem for world Minimal_Default
[2015.11.05-09.04.29:987][  0]LogEditorServer: Finished looking for orphan Actors (0.000 secs)
[2015.11.05-09.04.30:025][  0]Cmd: MAP CHECKDEP NOCLEARLOG
[2015.11.05-09.04.30:063][  0]MapCheck: 情報 マップチェックが完了: 0 エラー、 0 警告、完了に 38.155ミリ秒かかりました。
[2015.11.05-09.04.30:063][  0]LogFileHelpers: Loading map 'Minimal_Default' took 3.898
[2015.11.05-09.04.30:216][  0]LogCollectionManager: Loaded 0 collections in 0.001745 seconds
[2015.11.05-09.04.30:222][  0]LogContentBrowser: Native class hierarchy populated in 0.0058 seconds. Added 1818 classes and 305 folders.
[2015.11.05-09.04.30:344][  0]LogContentBrowser: Native class hierarchy updated for 'WidgetCarousel' in 0.0003 seconds. Added 0 classes and 0 folders.
[2015.11.05-09.04.30:410][  0]LogContentBrowser: Native class hierarchy updated for 'AddContentDialog' in 0.0003 seconds. Added 0 classes and 0 folders.
[2015.11.05-09.04.30:467][  0]LogContentBrowser: Native class hierarchy updated for 'SceneOutliner' in 0.0003 seconds. Added 1 classes and 2 folders.
[2015.11.05-09.04.30:497][  0]LogCrashTracker: Crashtracker disabled due to settings.
[2015.11.05-09.04.30:499][  0]LogD3D11RHI: InitD3DDevice
[2015.11.05-09.04.30:502][  0]LogUObjectGlobals:Warning: オブジェクト 'Class なし.' が見つかりませんでした
[2015.11.05-09.04.30:527][  0]LogLoad: Full Startup: 26.12 seconds (BP compile: 1.21 seconds)
[2015.11.05-09.04.30:682][  0]LogContentStreaming: Texture pool size is 0.000000MB
[2015.11.05-09.04.30:771][  0]LogContentStreaming: Texture pool size now 400 MB
[2015.11.05-09.04.30:872][  0]LogRenderer: Reallocating scene render targets to support 608x400 (Frame:2).
[2015.11.05-09.04.33:336][ 12]LogAssetRegistry: Asset discovery search completed in 8.4594 seconds
[2015.11.05-09.04.36:090][206]LogD3D11RHI: InitD3DDevice
[2015.11.05-09.04.37:525][315]LogD3D11RHI: InitD3DDevice
[2015.11.05-09.04.38:216][366]LogD3D11RHI: InitD3DDevice
[2015.11.05-09.04.38:662][394]BlueprintLog: New page: PIE以前の自動再コンパイル
[2015.11.05-09.04.38:662][394]LogPlayLevel: [PIE] Compiling Minimal_Default before PIE...
[2015.11.05-09.04.38:812][394]LeapPluginLog: LeapController::CleanupEventData Delete Called
[2015.11.05-09.04.38:828][394]LeapPluginLog: LeapController::CleanupEventData Delete Called
[2015.11.05-09.04.38:863][394]LeapPluginLog: LeapController::CleanupEventData Delete Called
[2015.11.05-09.04.38:876][394]LeapPluginLog: LeapController::CleanupEventData Delete Called
[2015.11.05-09.04.38:907][394]LogPlayLevel: PIE:  Blueprint regeneration took 244 ms (1 blueprints)
[2015.11.05-09.04.38:909][394]PIE: New page: PIEセッション: Minimal_Default (2015/11/06 3:04:38)
[2015.11.05-09.04.38:909][394]LogPlayLevel: Creating play world package: /Game/StarterContent/Maps/UEDPIE_0_Minimal_Default
[2015.11.05-09.04.38:914][394]LogPlayLevel: PIE: StaticDuplicateObject took: (0.004318s)
[2015.11.05-09.04.38:916][394]LogAIModule: Creating AISystem for world Minimal_Default
[2015.11.05-09.04.38:916][394]LogPlayLevel: PIE: World Init took: (0.002740s)
[2015.11.05-09.04.38:918][394]LogPlayLevel: PIE: Created PIE world by copying editor world from /Game/StarterContent/Maps/Minimal_Default.Minimal_Default to /Game/StarterContent/Maps/UEDPIE_0_Minimal_Default.Minimal_Default (0.008337s)
[2015.11.05-09.04.38:938][394]LogInit: XAudio2 using 'スピーカー (Realtek High Definition Audio)' : 2 channels at 48 kHz using 32 bits per sample (channel mask 0x3)
[2015.11.05-09.04.38:950][394]LogInit: FAudioDevice initialized.
[2015.11.05-09.04.38:992][394]LogWorld: Game class is 'NewBlueprint_C'
[2015.11.05-09.04.38:992][394]LeapPluginLog: InterfaceObject: NewBlueprint_C_0
[2015.11.05-09.04.38:997][394]LogWorld: Bringing World /Game/StarterContent/Maps/UEDPIE_0_Minimal_Default.Minimal_Default up for play (max tick rate 0) at 2015.11.05-18.04.38
[2015.11.05-09.04.38:997][394]LogActor:Warning: GameSession /Game/StarterContent/Maps/UEDPIE_0_Minimal_Default.Minimal_Default:PersistentLevel.GameSession_0 has natively added scene component(s), but none of them were set as the actor's RootComponent - picking one arbitrarily
[2015.11.05-09.04.38:997][394]LogActor:Warning: GameNetworkManager /Game/StarterContent/Maps/UEDPIE_0_Minimal_Default.Minimal_Default:PersistentLevel.GameNetworkManager_0 has natively added scene component(s), but none of them were set as the actor's RootComponent - picking one arbitrarily
[2015.11.05-09.04.38:998][394]LogWorld: Bringing up level for play took: 0.003078
[2015.11.05-09.04.39:001][394]LeapPluginLog: InterfaceObject: LeapAnimBodyConnector_C_0
[2015.11.05-09.04.39:001][394]LeapPluginLog:Warning: Warning! More than one (2) Leap Controller Component detected! Duplication of work and output may result (inefficiency warning).
[2015.11.05-09.04.39:003][394]PIE: 情報 /Game/StarterContent/Maps/UEDPIE_0_Minimal_Default -0.143のプレイ イン エディタの開始時間
[2015.11.05-09.04.40:383][455]LogBlueprintUserMessages: RightHandLeft
[2015.11.05-09.04.40:383][455]LogBlueprintUserMessages: RightHandLeft
[2015.11.05-09.04.40:425][456]LogBlueprintUserMessages: RightHandLeft
[2015.11.05-09.04.40:425][456]LogBlueprintUserMessages: RightHandLeft
[2015.11.05-09.04.40:443][457]LogBlueprintUserMessages: RightHandLeft
[2015.11.05-09.04.40:443][457]LogBlueprintUserMessages: RightHandLeft
[2015.11.05-09.04.40:454][458]LogBlueprintUserMessages: RightHandLeft
[2015.11.05-09.04.40:471][459]LogBlueprintUserMessages: RightHandLeft
[2015.11.05-09.04.40:828][475]LogBlueprintUserMessages: RightHandRight
[2015.11.05-09.04.40:844][476]LogBlueprintUserMessages: RightHandRight
[2015.11.05-09.04.40:844][476]LogBlueprintUserMessages: RightHandRight
[2015.11.05-09.04.40:855][477]LogBlueprintUserMessages: RightHandRight
[2015.11.05-09.04.40:855][477]LogBlueprintUserMessages: RightHandRight
[2015.11.05-09.04.40:855][477]LogBlueprintUserMessages: RightHandRight
[2015.11.05-09.04.40:865][478]LogBlueprintUserMessages: RightHandRight
[2015.11.05-09.04.40:865][478]LogBlueprintUserMessages: RightHandRight
[2015.11.05-09.04.40:865][478]LogBlueprintUserMessages: RightHandRight
[2015.11.05-09.04.40:878][479]LogBlueprintUserMessages: RightHandRight
[2015.11.05-09.04.40:878][479]LogBlueprintUserMessages: RightHandRight
[2015.11.05-09.04.40:878][479]LogBlueprintUserMessages: RightHandRight
[2015.11.05-09.04.40:929][480]LogBlueprintUserMessages: RightHandRight
[2015.11.05-09.04.40:930][480]LogBlueprintUserMessages: RightHandRight
[2015.11.05-09.04.40:930][480]LogBlueprintUserMessages: RightHandRight
[2015.11.05-09.04.40:930][480]LogBlueprintUserMessages: RightHandRight
[2015.11.05-09.04.40:944][481]LogBlueprintUserMessages: RightHandRight
[2015.11.05-09.04.40:944][481]LogBlueprintUserMessages: RightHandRight
[2015.11.05-09.04.40:945][481]LogBlueprintUserMessages: RightHandRight
[2015.11.05-09.04.40:945][481]LogBlueprintUserMessages: RightHandRight
[2015.11.05-09.04.40:957][482]LogBlueprintUserMessages: RightHandRight
[2015.11.05-09.04.40:957][482]LogBlueprintUserMessages: RightHandRight
[2015.11.05-09.04.40:957][482]LogBlueprintUserMessages: RightHandRight
[2015.11.05-09.04.40:969][483]LogBlueprintUserMessages: RightHandRight
[2015.11.05-09.04.40:969][483]LogBlueprintUserMessages: RightHandRight
[2015.11.05-09.04.40:969][483]LogBlueprintUserMessages: RightHandRight
[2015.11.05-09.04.40:981][484]LogBlueprintUserMessages: RightHandRight
[2015.11.05-09.04.40:981][484]LogBlueprintUserMessages: RightHandRight
[2015.11.05-09.04.40:981][484]LogBlueprintUserMessages: RightHandRight
[2015.11.05-09.04.43:331][605]LogD3D11RHI: InitD3DDevice
[2015.11.05-09.04.44:558][690]LogD3D11RHI: InitD3DDevice
[2015.11.05-09.04.45:059][723]LogD3D11RHI: InitD3DDevice
[2015.11.05-09.04.45:139][725]LogD3D11RHI: InitD3DDevice
[2015.11.05-09.04.45:185][727]LogD3D11RHI: InitD3DDevice
[2015.11.05-09.04.46:239][801]LeapPluginLog: LeapController::CleanupEventData Delete Called
[2015.11.05-09.04.46:239][801]LeapPluginLog: LeapController::CleanupEventData Delete Called
[2015.11.05-09.04.46:343][802]LogParticles: Destroying 0 GPU particle simulations for FXSystem 0x00000000218A0AE0
[2015.11.05-09.04.52:944][443]LogD3D11RHI: InitD3DDevice
[2015.11.05-09.04.53:068][443]LogD3D11RHI: InitD3DDevice
[2015.11.05-09.04.53:177][443]LogLinker:Warning: Asset '../../../Engine/Content/ArtTools/RenderToTexture/Macros/RenderToTextureMacros.uasset' has been saved with empty engine version. The asset will be loaded but may be incompatible.
[2015.11.05-09.04.53:283][443]LogLinker:Warning: Asset '../../../Engine/Content/ArtTools/RenderToTexture/Enums/RenderToTexture_Enum.uasset' has been saved with empty engine version. The asset will be loaded but may be incompatible.
[2015.11.05-09.04.54:531][443]LeapPluginLog: InterfaceObject: NewBlueprint_C_1
[2015.11.05-09.04.54:531][443]LogActor:Warning: GameNetworkManager /Engine/Transient.World_3:PersistentLevel.GameNetworkManager_1 has natively added scene component(s), but none of them were set as the actor's RootComponent - picking one arbitrarily
[2015.11.05-09.05.11:541][985]LogD3D11RHI: InitD3DDevice
[2015.11.05-09.06.11:322][ 47]LogD3D11RHI: InitD3DDevice
[2015.11.05-09.06.28:845][886]LogD3D11RHI: InitD3DDevice
[2015.11.05-09.07.11:631][852]LeapPluginLog: LeapController::CleanupEventData Delete Called
[2015.11.05-09.07.12:825][930]LogD3D11RHI: InitD3DDevice
[2015.11.05-09.07.13:305][972]LogD3D11RHI: InitD3DDevice
[2015.11.05-09.07.14:481][ 90]LogD3D11RHI: InitD3DDevice
[2015.11.05-09.07.14:586][ 90]LogD3D11RHI: InitD3DDevice
[2015.11.05-09.07.17:552][230]LogD3D11RHI: InitD3DDevice
[2015.11.05-09.07.18:539][322]LogD3D11RHI: InitD3DDevice
[2015.11.05-09.07.19:359][383]LogD3D11RHI: InitD3DDevice
[2015.11.05-09.07.20:332][446]LogParticles: Destroying 0 GPU particle simulations for FXSystem 0x0000000021919A80
[2015.11.05-09.07.20:337][446]LogD3D11RHI: InitD3DDevice
[2015.11.05-09.07.21:463][446]LogD3D11RHI: InitD3DDevice
[2015.11.05-09.07.21:551][446]LogD3D11RHI: InitD3DDevice
[2015.11.05-09.07.23:013][594]LogD3D11RHI: InitD3DDevice
[2015.11.05-09.07.23:064][594]LogD3D11RHI: InitD3DDevice
[2015.11.05-09.07.23:342][594]LeapPluginLog: InterfaceObject: NewBlueprint_C_2
[2015.11.05-09.07.23:342][594]LogActor:Warning: GameNetworkManager /Engine/Transient.World_4:PersistentLevel.GameNetworkManager_2 has natively added scene component(s), but none of them were set as the actor's RootComponent - picking one arbitrarily
[2015.11.05-09.07.51:413][673]LogD3D11RHI: InitD3DDevice
[2015.11.05-09.08.24:041][765]LeapPluginLog: LeapController::CleanupEventData Delete Called
[2015.11.05-09.08.25:885][941]LogParticles: Destroying 0 GPU particle simulations for FXSystem 0x00000000218EF920
[2015.11.05-09.08.26:236][942]Cmd: QUIT_EDITOR
[2015.11.05-09.08.26:626][942]LogExit: Preparing to exit.
[2015.11.05-09.08.27:514][942]LogExit: Editor shut down
[2015.11.05-09.08.27:514][942]LogExit: Transaction tracking system shut down
[2015.11.05-09.08.27:520][942]LogParticles: Destroying 0 GPU particle simulations for FXSystem 0x0000000022DE96C0
[2015.11.05-09.08.27:520][942]LogParticles: Destroying 0 GPU particle simulations for FXSystem 0x000000002A695C60
[2015.11.05-09.08.27:520][942]LogParticles: Destroying 0 GPU particle simulations for FXSystem 0x000000002A43F7E0
[2015.11.05-09.08.27:520][942]LogParticles: Destroying 0 GPU particle simulations for FXSystem 0x0000000010F75620
[2015.11.05-09.08.27:543][942]LeapPluginLog: LeapController::CleanupEventData Delete Called
[2015.11.05-09.08.27:578][942]LeapPluginLog: LeapController::CleanupEventData Delete Called
[2015.11.05-09.08.27:611][942]LeapPluginLog: LeapController::CleanupEventData Delete Called
[2015.11.05-09.08.27:773][942]LogExit: Object subsystem successfully closed.
[2015.11.05-09.08.27:791][942]LogD3D11RHI: Shutdown
[2015.11.05-09.08.27:791][942]LogD3D11RHI: CleanupD3DDevice
[2015.11.05-09.08.27:839][942]LogD3D11RHI: ~FD3D11DynamicRHI
[2015.11.05-09.08.27:858][942]LogModuleManager: Shutting down and abandoning module CrashTracker (189)
[2015.11.05-09.08.27:858][942]LogModuleManager: Shutting down and abandoning module SceneOutliner (188)
[2015.11.05-09.08.27:858][942]LogModuleManager: Shutting down and abandoning module SuperSearch (187)
[2015.11.05-09.08.27:858][942]LogModuleManager: Shutting down and abandoning module WidgetCarousel (186)
[2015.11.05-09.08.27:858][942]LogModuleManager: Shutting down and abandoning module AddContentDialog (185)
[2015.11.05-09.08.27:859][942]LogModuleManager: Shutting down and abandoning module EditorWidgets (184)
[2015.11.05-09.08.27:859][942]LogModuleManager: Shutting down and abandoning module CollectionManager (183)
[2015.11.05-09.08.27:859][942]LogModuleManager: Shutting down and abandoning module StatsViewer (182)
[2015.11.05-09.08.27:859][942]LogModuleManager: Shutting down and abandoning module FoliageEdit (181)
[2015.11.05-09.08.27:859][942]LogModuleManager: Shutting down and abandoning module LandscapeEditor (180)
[2015.11.05-09.08.27:860][942]LogModuleManager: Shutting down and abandoning module ActorPickerMode (179)
[2015.11.05-09.08.27:860][942]LogModuleManager: Shutting down and abandoning module GeometryMode (178)
[2015.11.05-09.08.27:860][942]LogModuleManager: Shutting down and abandoning module TextureAlignMode (177)
[2015.11.05-09.08.27:860][942]LogModuleManager: Shutting down and abandoning module BspMode (176)
[2015.11.05-09.08.27:860][942]LogModuleManager: Shutting down and abandoning module PlacementMode (175)
[2015.11.05-09.08.27:860][942]LogModuleManager: Shutting down and abandoning module AutomationWorker (174)
[2015.11.05-09.08.27:860][942]LogModuleManager: Shutting down and abandoning module CharacterAI (173)
[2015.11.05-09.08.27:860][942]LogModuleManager: Shutting down and abandoning module SmartSnapping (172)
[2015.11.05-09.08.27:860][942]LogModuleManager: Shutting down and abandoning module ViewportSnapping (171)
[2015.11.05-09.08.27:860][942]LogModuleManager: Shutting down and abandoning module LogVisualizer (170)
[2015.11.05-09.08.27:860][942]LogModuleManager: Shutting down and abandoning module GameProjectGeneration (169)
[2015.11.05-09.08.27:860][942]LogModuleManager: Shutting down and abandoning module IntroTutorials (168)
[2015.11.05-09.08.27:860][942]LogModuleManager: Shutting down and abandoning module EditorLiveStreaming (167)
[2015.11.05-09.08.27:860][942]LogModuleManager: Shutting down and abandoning module IOSPlatformEditor (166)
[2015.11.05-09.08.27:860][942]LogModuleManager: Shutting down and abandoning module HTML5PlatformEditor (165)
[2015.11.05-09.08.27:860][942]LogModuleManager: Shutting down and abandoning module AndroidDeviceDetection (164)
[2015.11.05-09.08.28:464][942]LogModuleManager: Shutting down and abandoning module AndroidPlatformEditor (163)
[2015.11.05-09.08.28:464][942]LogModuleManager: Shutting down and abandoning module IOSRuntimeSettings (162)
[2015.11.05-09.08.28:464][942]LogModuleManager: Shutting down and abandoning module AndroidRuntimeSettings (161)
[2015.11.05-09.08.28:464][942]LogModuleManager: Shutting down and abandoning module MergeActors (160)
[2015.11.05-09.08.28:464][942]LogModuleManager: Shutting down and abandoning module SizeMap (159)
[2015.11.05-09.08.28:464][942]LogModuleManager: Shutting down and abandoning module TreeMap (158)
[2015.11.05-09.08.28:464][942]LogModuleManager: Shutting down and abandoning module ReferenceViewer (157)
[2015.11.05-09.08.28:464][942]LogModuleManager: Shutting down and abandoning module LocalizationDashboard (156)
[2015.11.05-09.08.28:464][942]LogModuleManager: Shutting down and abandoning module HardwareTargeting (155)
[2015.11.05-09.08.28:464][942]LogModuleManager: Shutting down and abandoning module DeviceProfileEditor (154)
[2015.11.05-09.08.28:464][942]LogModuleManager: Shutting down and abandoning module UndoHistory (153)
[2015.11.05-09.08.28:464][942]LogModuleManager: Shutting down and abandoning module GameplayTagsEditor (152)
[2015.11.05-09.08.28:464][942]LogModuleManager: Shutting down and abandoning module UserFeedback (151)
[2015.11.05-09.08.28:464][942]LogModuleManager: Shutting down and abandoning module XmlParser (150)
[2015.11.05-09.08.28:464][942]LogModuleManager: Shutting down and abandoning module Blutility (149)
[2015.11.05-09.08.28:464][942]LogModuleManager: Shutting down and abandoning module ProjectTargetPlatformEditor (148)
[2015.11.05-09.08.28:464][942]LogModuleManager: Shutting down and abandoning module ProjectSettingsViewer (147)
[2015.11.05-09.08.28:464][942]LogModuleManager: Shutting down and abandoning module InputBindingEditor (146)
[2015.11.05-09.08.28:464][942]LogModuleManager: Shutting down and abandoning module EditorSettingsViewer (145)
[2015.11.05-09.08.28:464][942]LogModuleManager: Shutting down and abandoning module SettingsEditor (144)
[2015.11.05-09.08.28:464][942]LogModuleManager: Shutting down and abandoning module ProjectLauncher (143)
[2015.11.05-09.08.28:464][942]LogModuleManager: Shutting down and abandoning module SessionFrontend (142)
[2015.11.05-09.08.28:464][942]LogModuleManager: Shutting down and abandoning module ProfilerClient (141)
[2015.11.05-09.08.28:464][942]LogModuleManager: Shutting down and abandoning module TargetDeviceServices (140)
[2015.11.05-09.08.28:465][942]LogModuleManager: Shutting down and abandoning module DeviceManager (139)
[2015.11.05-09.08.28:465][942]LogModuleManager: Shutting down and abandoning module AutomationController (138)
[2015.11.05-09.08.28:465][942]LogModuleManager: Shutting down and abandoning module AutomationWindow (137)
[2015.11.05-09.08.28:465][942]LogModuleManager: Shutting down and abandoning module Layers (136)
[2015.11.05-09.08.28:465][942]LogModuleManager: Shutting down and abandoning module ComponentVisualizers (135)
[2015.11.05-09.08.28:465][942]LogModuleManager: Shutting down and abandoning module DetailCustomizations (134)
[2015.11.05-09.08.28:465][942]LogModuleManager: Shutting down and abandoning module PackagesDialog (133)
[2015.11.05-09.08.28:465][942]LogModuleManager: Shutting down and abandoning module AssetRegistry (132)
[2015.11.05-09.08.28:553][942]LogModuleManager: Shutting down and abandoning module Persona (131)
[2015.11.05-09.08.28:553][942]LogModuleManager: Shutting down and abandoning module Kismet (130)
[2015.11.05-09.08.28:553][942]LogModuleManager: Shutting down and abandoning module GraphEditor (129)
[2015.11.05-09.08.28:553][942]LogModuleManager: Shutting down and abandoning module ClassViewer (128)
[2015.11.05-09.08.28:554][942]LogModuleManager: Shutting down and abandoning module Toolbox (127)
[2015.11.05-09.08.28:554][942]LogModuleManager: Shutting down and abandoning module ModuleUI (126)
[2015.11.05-09.08.28:554][942]LogModuleManager: Shutting down and abandoning module MovieSceneTools (125)
[2015.11.05-09.08.28:554][942]LogModuleManager: Shutting down and abandoning module OutputLog (124)
[2015.11.05-09.08.28:554][942]LogModuleManager: Shutting down and abandoning module GammaUI (123)
[2015.11.05-09.08.28:554][942]LogModuleManager: Shutting down and abandoning module Documentation (122)
[2015.11.05-09.08.28:554][942]LogModuleManager: Shutting down and abandoning module GameLiveStreaming (121)
[2015.11.05-09.08.28:554][942]LogModuleManager: Shutting down and abandoning module StreamingPauseRendering (120)
[2015.11.05-09.08.28:554][942]LogModuleManager: Shutting down and abandoning module AnalyticsET (119)
[2015.11.05-09.08.28:554][942]LogModuleManager: Shutting down and abandoning module Analytics (118)
[2015.11.05-09.08.28:554][942]LogModuleManager: Shutting down and abandoning module AITestSuite (117)
[2015.11.05-09.08.28:554][942]LogModuleManager: Shutting down and abandoning module GameplayDebugger (116)
[2015.11.05-09.08.28:554][942]LogModuleManager: Shutting down and abandoning module AIModule (115)
[2015.11.05-09.08.28:554][942]LogModuleManager: Shutting down and abandoning module ProfilerService (114)
[2015.11.05-09.08.28:563][942]LogModuleManager: Shutting down and abandoning module TaskGraph (113)
[2015.11.05-09.08.28:563][942]LogModuleManager: Shutting down and abandoning module LeapMotion (112)
[2015.11.05-09.08.28:574][942]LogModuleManager: Shutting down and abandoning module SlateRemote (111)
[2015.11.05-09.08.28:574][942]LogModuleManager: Shutting down and abandoning module SteamVRController (110)
[2015.11.05-09.08.28:574][942]LogModuleManager: Shutting down and abandoning module SteamVR (109)
[2015.11.05-09.08.28:574][942]LogModuleManager: Shutting down and abandoning module ProceduralMeshComponent (108)
[2015.11.05-09.08.28:575][942]LogModuleManager: Shutting down and abandoning module OculusRift (107)
[2015.11.05-09.08.28:575][942]LogModuleManager: Shutting down and abandoning module LeapMotionController (106)
[2015.11.05-09.08.28:638][942]LogModuleManager: Shutting down and abandoning module CustomMeshComponent (105)
[2015.11.05-09.08.28:638][942]LogModuleManager: Shutting down and abandoning module CableComponent (104)
[2015.11.05-09.08.28:638][942]LogModuleManager: Shutting down and abandoning module MessagingDebugger (103)
[2015.11.05-09.08.28:638][942]LogModuleManager: Shutting down and abandoning module MediaPlayerEditor (102)
[2015.11.05-09.08.28:638][942]LogModuleManager: Shutting down and abandoning module SpeedTreeImporter (101)
[2015.11.05-09.08.28:638][942]LogModuleManager: Shutting down and abandoning module PluginBrowser (100)
[2015.11.05-09.08.28:638][942]LogModuleManager: Shutting down and abandoning module EpicSurvey (99)
[2015.11.05-09.08.28:638][942]LogModuleManager: Shutting down and abandoning module DesktopPlatform (98)
[2015.11.05-09.08.28:638][942]LogModuleManager: Shutting down and abandoning module VisualStudioSourceCodeAccess (97)
[2015.11.05-09.08.28:638][942]LogModuleManager: Shutting down and abandoning module UObjectPlugin (96)
[2015.11.05-09.08.28:638][942]LogModuleManager: Shutting down and abandoning module SubversionSourceControl (95)
[2015.11.05-09.08.28:638][942]LogModuleManager: Shutting down and abandoning module PerforceSourceControl (94)
[2015.11.05-09.08.28:638][942]LogModuleManager: Shutting down and abandoning module SourceControl (93)
[2015.11.05-09.08.28:638][942]LogModuleManager: Shutting down and abandoning module GitSourceControl (92)
[2015.11.05-09.08.28:638][942]LogModuleManager: Shutting down and abandoning module BlankPlugin (91)
[2015.11.05-09.08.28:638][942]LogModuleManager: Shutting down and abandoning module PaperTiledImporter (90)
[2015.11.05-09.08.28:638][942]LogModuleManager: Shutting down and abandoning module PaperSpriteSheetImporter (89)
[2015.11.05-09.08.28:638][942]LogModuleManager: Shutting down and abandoning module MeshPaint (88)
[2015.11.05-09.08.28:638][942]LogModuleManager: Shutting down and abandoning module SlateReflector (87)
[2015.11.05-09.08.28:638][942]LogModuleManager: Shutting down and abandoning module DirectoryWatcher (86)
[2015.11.05-09.08.28:638][942]LogModuleManager: Shutting down and abandoning module HotReload (85)
[2015.11.05-09.08.28:638][942]LogModuleManager: Shutting down and abandoning module MainFrame (84)
[2015.11.05-09.08.28:639][942]LogModuleManager: Shutting down and abandoning module LevelEditor (83)
[2015.11.05-09.08.28:639][942]LogModuleManager: Shutting down and abandoning module ContentBrowser (82)
[2015.11.05-09.08.28:640][942]LogModuleManager: Shutting down and abandoning module Paper2DEditor (81)
[2015.11.05-09.08.28:640][942]LogModuleManager: Shutting down and abandoning module UdpMessaging (80)
[2015.11.05-09.08.28:740][942]LogModuleManager: Shutting down and abandoning module Paper2D (79)
[2015.11.05-09.08.28:740][942]LogModuleManager: Shutting down and abandoning module WindowsMoviePlayer (78)
[2015.11.05-09.08.28:742][942]LogModuleManager: Shutting down and abandoning module Media (77)
[2015.11.05-09.08.28:742][942]LogModuleManager: Shutting down and abandoning module WmfMedia (76)
[2015.11.05-09.08.28:743][942]LogModuleManager: Shutting down and abandoning module OnlineBlueprintSupport (75)
[2015.11.05-09.08.28:743][942]LogModuleManager: Shutting down and abandoning module PropertyEditor (74)
[2015.11.05-09.08.28:743][942]LogModuleManager: Shutting down and abandoning module BehaviorTreeEditor (73)
[2015.11.05-09.08.28:743][942]LogModuleManager: Shutting down and abandoning module FunctionalTesting (72)
[2015.11.05-09.08.28:743][942]LogModuleManager: Shutting down and abandoning module CollisionAnalyzer (71)
[2015.11.05-09.08.28:743][942]LogModuleManager: Shutting down and abandoning module WorkspaceMenuStructure (70)
[2015.11.05-09.08.28:743][942]LogModuleManager: Shutting down and abandoning module MessageLog (69)
[2015.11.05-09.08.28:743][942]LogModuleManager: Shutting down and abandoning module Sequencer (68)
[2015.11.05-09.08.28:743][942]LogModuleManager: Shutting down and abandoning module AssetTools (67)
[2015.11.05-09.08.28:743][942]LogModuleManager: Shutting down and abandoning module UMGEditor (66)
[2015.11.05-09.08.28:743][942]LogModuleManager: Shutting down and abandoning module UMG (65)
[2015.11.05-09.08.28:743][942]LogModuleManager: Shutting down and abandoning module Slate (64)
[2015.11.05-09.08.28:743][942]LogModuleManager: Shutting down and abandoning module EditorStyle (63)
[2015.11.05-09.08.28:745][942]LogModuleManager: Shutting down and abandoning module SessionServices (62)
[2015.11.05-09.08.28:745][942]LogModuleManager: Shutting down and abandoning module SourceCodeAccess (61)
[2015.11.05-09.08.28:745][942]LogModuleManager: Shutting down and abandoning module HeadMountedDisplay (60)
[2015.11.05-09.08.28:745][942]LogModuleManager: Shutting down and abandoning module XAudio2 (59)
[2015.11.05-09.08.28:745][942]LogModuleManager: Shutting down and abandoning module Networking (57)
[2015.11.05-09.08.28:745][942]LogModuleManager: Shutting down and abandoning module Core (56)
[2015.11.05-09.08.28:745][942]LogModuleManager: Shutting down and abandoning module KismetCompiler (55)
[2015.11.05-09.08.28:745][942]LogModuleManager: Shutting down and abandoning module PhysXFormats (54)
[2015.11.05-09.08.28:745][942]LogModuleManager: Shutting down and abandoning module MeshUtilities (53)
[2015.11.05-09.08.28:745][942]LogModuleManager: Shutting down and abandoning module DerivedDataCache (52)
[2015.11.05-09.08.28:750][942]LogDerivedDataCache: Shutdown
[2015.11.05-09.08.28:750][942]LogModuleManager: Shutting down and abandoning module ShaderFormatOpenGL (51)
[2015.11.05-09.08.28:750][942]LogModuleManager: Shutting down and abandoning module ShaderFormatD3D (50)
[2015.11.05-09.08.28:750][942]LogModuleManager: Shutting down and abandoning module MetalShaderFormat (49)
[2015.11.05-09.08.28:750][942]LogModuleManager: Shutting down and abandoning module TextureFormatUncompressed (48)
[2015.11.05-09.08.28:750][942]LogModuleManager: Shutting down and abandoning module TextureFormatPVR (47)
[2015.11.05-09.08.28:750][942]LogModuleManager: Shutting down and abandoning module TextureFormatIntelISPCTexComp (46)
[2015.11.05-09.08.28:750][942]LogModuleManager: Shutting down and abandoning module TextureFormatDXT (45)
[2015.11.05-09.08.28:750][942]LogModuleManager: Shutting down and abandoning module ImageWrapper (44)
[2015.11.05-09.08.28:750][942]LogModuleManager: Shutting down and abandoning module TextureFormatASTC (43)
[2015.11.05-09.08.28:750][942]LogModuleManager: Shutting down and abandoning module TextureFormatAndroid (42)
[2015.11.05-09.08.28:750][942]LogModuleManager: Shutting down and abandoning module AudioFormatOpus (41)
[2015.11.05-09.08.28:750][942]LogModuleManager: Shutting down and abandoning module AudioFormatOgg (40)
[2015.11.05-09.08.28:750][942]LogModuleManager: Shutting down and abandoning module AudioFormatADPCM (39)
[2015.11.05-09.08.28:750][942]LogModuleManager: Shutting down and abandoning module LinuxTargetPlatform (38)
[2015.11.05-09.08.28:750][942]LogModuleManager: Shutting down and abandoning module LinuxServerTargetPlatform (37)
[2015.11.05-09.08.28:750][942]LogModuleManager: Shutting down and abandoning module LinuxNoEditorTargetPlatform (36)
[2015.11.05-09.08.28:750][942]LogModuleManager: Shutting down and abandoning module Messaging (35)
[2015.11.05-09.08.28:750][942]LogModuleManager: Shutting down and abandoning module IOSTargetPlatform (34)
[2015.11.05-09.08.28:750][942]LogModuleManager: Shutting down and abandoning module HTML5TargetPlatform (33)
[2015.11.05-09.08.28:750][942]LogModuleManager: Shutting down and abandoning module Android_PVRTCTargetPlatform (32)
[2015.11.05-09.08.28:750][942]LogModuleManager: Shutting down and abandoning module Android_ETC2TargetPlatform (31)
[2015.11.05-09.08.28:750][942]LogModuleManager: Shutting down and abandoning module Android_ETC1TargetPlatform (30)
[2015.11.05-09.08.28:750][942]LogModuleManager: Shutting down and abandoning module Android_DXTTargetPlatform (29)
[2015.11.05-09.08.28:750][942]LogModuleManager: Shutting down and abandoning module Android_ATCTargetPlatform (28)
[2015.11.05-09.08.28:750][942]LogModuleManager: Shutting down and abandoning module Android_ASTCTargetPlatform (27)
[2015.11.05-09.08.28:750][942]LogModuleManager: Shutting down and abandoning module AndroidTargetPlatform (26)
[2015.11.05-09.08.28:750][942]LogModuleManager: Shutting down and abandoning module WindowsTargetPlatform (25)
[2015.11.05-09.08.28:750][942]LogModuleManager: Shutting down and abandoning module WindowsServerTargetPlatform (24)
[2015.11.05-09.08.28:750][942]LogModuleManager: Shutting down and abandoning module WindowsNoEditorTargetPlatform (23)
[2015.11.05-09.08.28:750][942]LogModuleManager: Shutting down and abandoning module WindowsClientTargetPlatform (22)
[2015.11.05-09.08.28:750][942]LogModuleManager: Shutting down and abandoning module DesktopTargetPlatform (21)
[2015.11.05-09.08.28:750][942]LogModuleManager: Shutting down and abandoning module TargetPlatform (20)
[2015.11.05-09.08.28:750][942]LogModuleManager: Shutting down and abandoning module InputCore (19)
[2015.11.05-09.08.28:750][942]LogModuleManager: Shutting down and abandoning module Settings (18)
[2015.11.05-09.08.28:750][942]LogModuleManager: Shutting down and abandoning module OnlineSubsystem (16)
[2015.11.05-09.08.28:750][942]LogModuleManager: Shutting down and abandoning module HTTP (15)
[2015.11.05-09.08.28:750][942]LogModuleManager: Shutting down and abandoning module ExampleDeviceProfileSelector (14)
[2015.11.05-09.08.28:750][942]LogModuleManager: Shutting down and abandoning module TextureCompressor (13)
[2015.11.05-09.08.28:750][942]LogModuleManager: Shutting down and abandoning module ShaderCore (12)
[2015.11.05-09.08.28:750][942]LogModuleManager: Shutting down and abandoning module Landscape (11)
[2015.11.05-09.08.28:750][942]LogModuleManager: Shutting down and abandoning module SlateRHIRenderer (10)
[2015.11.05-09.08.28:753][942]LogModuleManager: Shutting down and abandoning module OpenGLDrv (9)
[2015.11.05-09.08.28:753][942]LogModuleManager: Shutting down and abandoning module D3D11RHI (8)
[2015.11.05-09.08.28:753][942]LogModuleManager: Shutting down and abandoning module Renderer (7)
[2015.11.05-09.08.28:753][942]LogModuleManager: Shutting down and abandoning module Engine (6)
[2015.11.05-09.08.28:753][942]LogModuleManager: Shutting down and abandoning module CoreUObject (5)
[2015.11.05-09.08.28:753][942]LogModuleManager: Shutting down and abandoning module NetworkFile (4)
[2015.11.05-09.08.28:753][942]LogModuleManager: Shutting down and abandoning module StreamingFile (3)
[2015.11.05-09.08.28:753][942]LogModuleManager: Shutting down and abandoning module SandboxFile (2)
[2015.11.05-09.08.28:753][942]LogModuleManager: Shutting down and abandoning module PakFile (1)
[2015.11.05-09.08.28:754][942]LogExit: Exiting.
[2015.11.05-09.08.28:755][942]Log file closed, 11/05/15 18:08:28
