[2015.11.11-07.36.45:536][  0]Log file open, 11/11/15 16:36:45
[2015.11.11-07.36.45:536][  0]LogInit:Display: Running engine for game: leap
[2015.11.11-07.36.45:536][  0]LogInit:Display: RandInit(1497878556) SRandInit(1497878556).
[2015.11.11-07.36.45:536][  0]LogTaskGraph: Started task graph with 4 named threads and 7 total threads.
[2015.11.11-07.36.45:536][  0]LogStats: Stats thread started at 0.123777
[2015.11.11-07.36.45:536][  0]LogInit: Version: 4.9.2-2707645+++depot+UE4-Releases+4.9
[2015.11.11-07.36.45:536][  0]LogInit: API Version: 2672455
[2015.11.11-07.36.45:536][  0]LogInit: Compiled (64-bit): Sep 28 2015 10:25:44
[2015.11.11-07.36.45:536][  0]LogInit: Compiled with Visual C++: 18.00.21005.01
[2015.11.11-07.36.45:536][  0]LogInit: Build Configuration: Development
[2015.11.11-07.36.45:536][  0]LogInit: Branch Name: ++depot+UE4-Releases+4.9
[2015.11.11-07.36.45:536][  0]LogInit: Command line:  
[2015.11.11-07.36.45:536][  0]LogInit: Base directory: D:/Program Files/Epic Games/4.9/Engine/Binaries/Win64/
[2015.11.11-07.36.45:536][  0]LogInit: Rocket: 1
[2015.11.11-07.36.45:564][  0]LogInit: Using libcurl 7.41.0
[2015.11.11-07.36.45:564][  0]LogInit:  - built for x86_64-pc-win32
[2015.11.11-07.36.45:564][  0]LogInit:  - supports SSL with WinSSL
[2015.11.11-07.36.45:564][  0]LogInit:  - other features:
[2015.11.11-07.36.45:564][  0]LogInit:      CURL_VERSION_SSL
[2015.11.11-07.36.45:564][  0]LogInit:      CURL_VERSION_IPV6
[2015.11.11-07.36.45:564][  0]LogInit:      CURL_VERSION_ASYNCHDNS
[2015.11.11-07.36.45:564][  0]LogInit:      CURL_VERSION_LARGEFILE
[2015.11.11-07.36.45:564][  0]LogInit:      CURL_VERSION_IDN
[2015.11.11-07.36.45:564][  0]LogInit:  CurlRequestOptions (configurable via config and command line):
[2015.11.11-07.36.45:564][  0]LogInit:  - bVerifyPeer = true  - Libcurl will verify peer certificate
[2015.11.11-07.36.45:564][  0]LogInit:  - bUseHttpProxy = false  - Libcurl will NOT use HTTP proxy
[2015.11.11-07.36.45:564][  0]LogInit:  - bDontReuseConnections = false  - Libcurl will reuse connections
[2015.11.11-07.36.45:564][  0]LogInit:  - CertBundlePath = nullptr  - Libcurl will use whatever was configured at build time.
[2015.11.11-07.36.45:608][  0]LogInit: Presizing for 0 objects not considered by GC, pre-allocating 0 bytes.
[2015.11.11-07.36.45:615][  0]LogInit: Object subsystem initialized
[2015.11.11-07.36.45:616][  0]LogInit: Selected Device Profile: [Windows]
[2015.11.11-07.36.45:616][  0]LogInit: Applying CVar settings loaded from the selected device profile: [Windows]
[2015.11.11-07.36.45:638][  0]LogInit: Computer: DESKTOP-E7GQ0KF
[2015.11.11-07.36.45:638][  0]LogInit: User: davis
[2015.11.11-07.36.45:638][  0]LogInit: CPU Page size=4096, Cores=4
[2015.11.11-07.36.45:638][  0]LogInit: High frequency timer resolution =2.435767 MHz
[2015.11.11-07.36.45:639][  0]LogMemory: Memory total: Physical=15.8GB (16GB approx)
[2015.11.11-07.36.45:639][  0]LogMemory: Platform Memory Stats for Windows
[2015.11.11-07.36.45:639][  0]LogMemory: Process Physical Memory: 54.78 MB used, 54.78 MB peak
[2015.11.11-07.36.45:639][  0]LogMemory: Process Virtual Memory: 57.27 MB used, 57.27 MB peak
[2015.11.11-07.36.45:639][  0]LogMemory: Physical Memory: 3330.95 MB used, 16211.04 MB total
[2015.11.11-07.36.45:639][  0]LogMemory: Virtual Memory: 364.13 MB used, 134217728.00 MB total
[2015.11.11-07.36.45:898][  0]LogTextLocalizationManager: No specific translations for ('en-US') exist, so ('en') translations will be used.
[2015.11.11-07.36.46:980][  0]LogD3D11RHI: Found D3D11 adapter 0: NVIDIA GeForce GTX 860M     (Feature Level 11_0)
[2015.11.11-07.36.46:980][  0]LogD3D11RHI: Adapter has 1995MB of dedicated video memory, 0MB of dedicated system memory, and 8105MB of shared system memory, 1 output[s]
[2015.11.11-07.36.46:986][  0]LogD3D11RHI: Found D3D11 adapter 1: Intel(R) HD Graphics 4600 (Feature Level 11_0)
[2015.11.11-07.36.46:986][  0]LogD3D11RHI: Adapter has 112MB of dedicated video memory, 0MB of dedicated system memory, and 8105MB of shared system memory, 0 output[s]
[2015.11.11-07.36.46:987][  0]LogD3D11RHI: Found D3D11 adapter 2: Microsoft Basic Render Driver (Feature Level 11_0)
[2015.11.11-07.36.46:987][  0]LogD3D11RHI: Adapter has 0MB of dedicated video memory, 0MB of dedicated system memory, and 8105MB of shared system memory, 0 output[s]
[2015.11.11-07.36.46:987][  0]LogD3D11RHI: Chosen D3D11 Adapter Id = 0
[2015.11.11-07.36.46:991][  0]LogD3D11RHI: !Direct3DDevice
[2015.11.11-07.36.46:991][  0]LogRHI: Texture pool is 1361 MB (70% of 1945 MB)
[2015.11.11-07.36.47:005][  0]LogD3D11RHI: Async texture creation enabled
[2015.11.11-07.36.47:017][  0]LogShaderCompilers: Guid format shader working directory is 15 characters bigger than the processId version (../../../../../../Documents/GitHub/LeapUI/Touch_Action/Intermediate/Shaders/WorkingDirectory/6396/).
[2015.11.11-07.36.47:017][  0]LogShaderCompilers: Cleaned the shader compiler working directory '../../../../../../Documents/GitHub/LeapUI/Touch_Action/Intermediate/Shaders/tmp/CEA114B4423F72B25D72FF85AC32FC28/'.
[2015.11.11-07.36.47:017][  0]LogShaderCompilers:Display: Using Local Shader Compiler.
[2015.11.11-07.36.49:206][  0]LogTemp:Display: Loaded TP AllDesktopTargetPlatform
[2015.11.11-07.36.49:212][  0]LogTemp:Display: Loaded TP WindowsClientTargetPlatform
[2015.11.11-07.36.49:217][  0]LogTemp:Display: Loaded TP WindowsNoEditorTargetPlatform
[2015.11.11-07.36.49:222][  0]LogTemp:Display: Loaded TP WindowsServerTargetPlatform
[2015.11.11-07.36.49:227][  0]LogTemp:Display: Loaded TP WindowsTargetPlatform
[2015.11.11-07.36.49:231][  0]LogTemp:Display: Loaded TP AndroidTargetPlatform
[2015.11.11-07.36.49:234][  0]LogTemp:Display: Loaded TP Android_ASTCTargetPlatform
[2015.11.11-07.36.49:237][  0]LogTemp:Display: Loaded TP Android_ATCTargetPlatform
[2015.11.11-07.36.49:241][  0]LogTemp:Display: Loaded TP Android_DXTTargetPlatform
[2015.11.11-07.36.49:244][  0]LogTemp:Display: Loaded TP Android_ETC1TargetPlatform
[2015.11.11-07.36.49:248][  0]LogTemp:Display: Loaded TP Android_ETC2TargetPlatform
[2015.11.11-07.36.49:251][  0]LogTemp:Display: Loaded TP Android_PVRTCTargetPlatform
[2015.11.11-07.36.49:252][  0]LogTemp:Display: Loaded TP HTML5TargetPlatform
[2015.11.11-07.36.49:305][  0]LogTemp:Display: Loaded TP IOSTargetPlatform
[2015.11.11-07.36.49:309][  0]LogTemp:Display: Loaded TP LinuxNoEditorTargetPlatform
[2015.11.11-07.36.49:312][  0]LogTemp:Display: Loaded TP LinuxServerTargetPlatform
[2015.11.11-07.36.49:316][  0]LogTemp:Display: Loaded TP LinuxTargetPlatform
[2015.11.11-07.36.49:316][  0]LogTargetPlatformManager:Display: Building Assets For Windows
[2015.11.11-07.36.49:643][  0]LogDerivedDataCache:Display: Max Cache Size: 512 MB
[2015.11.11-07.36.49:820][  0]LogDerivedDataCache: Loaded boot cache 0.18s 41MB C:/Users/davis/AppData/Local/UnrealEngine/4.9/DerivedDataCache/Boot.ddc.
[2015.11.11-07.36.49:820][  0]LogDerivedDataCache:Display: Loaded Boot cache: C:/Users/davis/AppData/Local/UnrealEngine/4.9/DerivedDataCache/Boot.ddc
[2015.11.11-07.36.49:829][  0]LogDerivedDataCache: FDerivedDataBackendGraph:  Pak pak cache file ../../../../../../Documents/GitHub/LeapUI/Touch_Action/DerivedDataCache/DDC.ddp not found, will not use a pak cache.
[2015.11.11-07.36.49:829][  0]LogDerivedDataCache: Unable to find inner node Pak for hierarchical cache Hierarchy.
[2015.11.11-07.36.49:829][  0]LogDerivedDataCache: FDerivedDataBackendGraph:  CompressedPak pak cache file ../../../../../../Documents/GitHub/LeapUI/Touch_Action/DerivedDataCache/Compressed.ddp not found, will not use a pak cache.
[2015.11.11-07.36.49:829][  0]LogDerivedDataCache: Unable to find inner node CompressedPak for hierarchical cache Hierarchy.
[2015.11.11-07.36.50:034][  0]LogDerivedDataCache:Display: Pak cache opened for reading ../../../Engine/DerivedDataCache/Compressed.ddp.
[2015.11.11-07.36.50:046][  0]LogDerivedDataCache: Using Local data cache path C:/Users/davis/AppData/Local/UnrealEngine/Common/DerivedDataCache: Writable
[2015.11.11-07.36.59:272][  0]LogInit: Selected Device Profile: [Windows]
[2015.11.11-07.36.59:533][  0]LogContentStreaming: Texture pool size is 0.000000MB
[2015.11.11-07.37.01:724][  0]LogMeshUtilities: No automatic mesh reduction module available
[2015.11.11-07.37.01:724][  0]LogMeshUtilities: No automatic mesh merging module available
[2015.11.11-07.37.07:083][  0]LogInit: WinSock: version 1.1 (2.2), MaxSocks=32767, MaxUdp=65467
[2015.11.11-07.37.31:640][  0]UdpMessaging: Initializing bridge on interface 0.0.0.0:0 to multicast group 230.0.0.1:6666.
[2015.11.11-07.37.32:496][  0]LogAssetRegistry: FAssetRegistry took 0.0143 seconds to start up
[2015.11.11-07.37.39:723][  0]SourceControl: Info Source control is disabled
[2015.11.11-07.37.39:772][  0]SourceControl: Info Source control is disabled
[2015.11.11-07.37.40:220][  0]SourceControl: Info Source control is disabled
[2015.11.11-07.37.40:425][  0]SourceControl: Info Source control is disabled
[2015.11.11-07.37.44:207][  0]LogLinker:Warning: Asset '../../../Engine/Plugins/Runtime/LeapMotionController/Content/LM_PassthroughMaterial.uasset' has been saved with empty engine version. The asset will be loaded but may be incompatible.
[2015.11.11-07.37.45:823][  0]LogObj: 28361 objects as part of root set at end of initial load.
[2015.11.11-07.37.45:823][  0]LogUObjectAllocator: 6038872 out of 0 bytes used by permanent object pool.
[2015.11.11-07.37.48:820][  0]LogAutomationTest:Warning: Smoke tests took > 1s to run: 1.95s
[2015.11.11-07.37.49:131][  0]LogEngine: Initializing Engine...
[2015.11.11-07.37.49:256][  0]OCULUS: Info: 11/11/15 07:37:49: [CAPI] LibOVR module is located at C:\WINDOWS\SYSTEM32\LibOVRRT64_0_7.dll

[2015.11.11-07.37.49:857][  0]OCULUS: Error: 11/11/15 07:37:49: [CAPI] ovr_Create failed to complete within the timeout period.
[2015.11.11-07.37.50:087][  0]LogHMD: SteamVR failed to initialize.  Err: 110
[2015.11.11-07.37.52:868][  0]LogAIModule: Creating AISystem for world NewWorld
[2015.11.11-07.37.53:715][  0]LogInit: XAudio2 using 'スピーカー (VIA HD Audio)' : 2 channels at 48 kHz using 32 bits per sample (channel mask 0x3)
[2015.11.11-07.37.53:777][  0]LogInit: FAudioDevice initialized.
[2015.11.11-07.37.53:797][  0]LogDerivedDataCache: Saved boot cache 0.02s 41MB C:/Users/davis/AppData/Local/UnrealEngine/4.9/DerivedDataCache/Boot.ddc.
[2015.11.11-07.37.53:810][  0]LogInit: Texture streaming: Enabled
[2015.11.11-07.37.53:983][  0]LogAnalytics: Creating configured Analytics provider AnalyticsET
[2015.11.11-07.37.54:003][  0]LogAnalytics: [UEEditor.Rocket.Release] APIServer = http://et2.epicgames.com/ET2/. AppVersion = 4.9.2-2707645+++depot+UE4-Releases+4.9
[2015.11.11-07.37.54:003][  0]LogAnalytics: [UEEditor.Rocket.Release] SetUserId deef9a964707c777c45f94843d0183f3|a11a2bbafe684e7f8452a9fa32728a52|05e64c4f-a5dd-4c96-91ac-6b573ea93332
[2015.11.11-07.37.54:011][  0]LogAnalytics: [UEEditor.Rocket.Release] AnalyticsET::StartSession
[2015.11.11-07.37.54:217][  0]LogWindowsTextInputMethodSystem:Display: IME system now deactivated.
[2015.11.11-07.37.54:975][  0]LogInit: Transaction tracking system initialized
[2015.11.11-07.37.59:631][  0]BlueprintLog: New page: Editor Load
[2015.11.11-07.38.09:071][  0]LocalizationService: Info Localization service is disabled
[2015.11.11-07.38.13:793][  0]LogConsoleResponse:Display: 
[2015.11.11-07.38.17:215][  0]LogFileCache: Scanning file cache for directory 'D:/Documents/GitHub/LeapUI/Touch_Action/Content/' took 0.01s
[2015.11.11-07.38.17:215][  0]LogCook:Display: Done creating registry. It took  0.00s.
[2015.11.11-07.38.23:183][  0]SourceControl: Info Source control is disabled
[2015.11.11-07.38.23:463][  0]Cmd: MAP LOAD FILE="../../../../../../Documents/GitHub/LeapUI/Touch_Action/Content/StarterContent/Maps/Minimal_Default.umap" TEMPLATE=0 SHOWPROGRESS=1 FEATURELEVEL=3
[2015.11.11-07.38.23:485][  0]LightingResults: New page: Lighting Build
[2015.11.11-07.38.24:194][  0]MapCheck: New page: Map Check
[2015.11.11-07.38.24:194][  0]LightingResults: New page: Lighting Build
[2015.11.11-07.38.25:683][  0]LogParticles: Destroying 0 GPU particle simulations for FXSystem 0x0000007EF5B0A160
[2015.11.11-07.38.35:205][  0]LogAIModule: Creating AISystem for world Minimal_Default
[2015.11.11-07.38.36:975][  0]LogEditorServer: Finished looking for orphan Actors (0.000 secs)
[2015.11.11-07.38.37:148][  0]Cmd: MAP CHECKDEP NOCLEARLOG
[2015.11.11-07.38.37:282][  0]MapCheck: Info Map check complete: 0 Error(s), 0 Warning(s), took 133.457ms to complete.
[2015.11.11-07.38.37:311][  0]LogFileHelpers: Loading map 'Minimal_Default' took 14.019
[2015.11.11-07.38.41:891][  0]LogCollectionManager: Loaded 0 collections in 0.014537 seconds
[2015.11.11-07.38.42:652][  0]LogFileCache: Scanning file cache for directory 'D:/Documents/GitHub/LeapUI/Touch_Action/Saved/Collections/' took 0.01s
[2015.11.11-07.38.42:652][  0]LogFileCache: Scanning file cache for directory 'D:/Documents/GitHub/LeapUI/Touch_Action/Content/Developers/davis/Collections/' took 0.01s
[2015.11.11-07.38.42:652][  0]LogFileCache: Scanning file cache for directory 'D:/Documents/GitHub/LeapUI/Touch_Action/Content/Collections/' took 0.01s
[2015.11.11-07.38.42:652][  0]LogContentBrowser: Native class hierarchy populated in 0.1440 seconds. Added 1867 classes and 333 folders.
[2015.11.11-07.38.43:501][  0]LogCollectionManager: Rebuilt the GUID cache for 0 collections in 0.000003 seconds
[2015.11.11-07.38.44:020][  0]LogContentBrowser: Native class hierarchy updated for 'WidgetCarousel' in 0.0004 seconds. Added 0 classes and 0 folders.
[2015.11.11-07.38.46:845][  0]LogContentBrowser: Native class hierarchy updated for 'AddContentDialog' in 0.0003 seconds. Added 0 classes and 0 folders.
[2015.11.11-07.38.46:953][  0]LogContentBrowser: Native class hierarchy updated for 'SceneOutliner' in 0.0008 seconds. Added 1 classes and 2 folders.
[2015.11.11-07.38.47:657][  0]LogCrashTracker: Crashtracker disabled due to settings.
[2015.11.11-07.38.47:943][  0]LogUObjectGlobals:Warning: Failed to find object 'Class None.'
[2015.11.11-07.38.48:012][  0]LogLoad: Full Startup: 124.03 seconds (BP compile: 1.87 seconds)
[2015.11.11-07.38.48:396][  0]LogContentStreaming: Texture pool size now 1000 MB
[2015.11.11-07.38.49:054][  0]LogRenderer: Reallocating scene render targets to support 964x436 (Frame:2).
[2015.11.11-07.38.50:207][  5]LogAssetRegistry: Asset discovery search completed in 77.7239 seconds
[2015.11.11-07.38.50:207][  5]LogCollectionManager: Rebuilt the object cache for 0 collections in 0.000001 seconds (found 0 objects)
[2015.11.11-07.38.50:207][  5]LogCollectionManager: Fixed up redirectors for 0 collections in 0.000023 seconds (updated 0 objects)
[2015.11.11-07.39.11:228][339]LogWindowsTextInputMethodSystem:Display: IME system now deactivated.
[2015.11.11-07.39.11:581][340]Cmd: QUIT_EDITOR
[2015.11.11-07.39.11:909][340]LogExit: Preparing to exit.
[2015.11.11-07.39.13:021][340]LogExit: Editor shut down
[2015.11.11-07.39.13:021][340]LogExit: Transaction tracking system shut down
[2015.11.11-07.39.13:062][340]LogParticles: Destroying 0 GPU particle simulations for FXSystem 0x0000007EE255B920
[2015.11.11-07.39.13:062][340]LogParticles: Destroying 0 GPU particle simulations for FXSystem 0x0000007E81A8BB00
[2015.11.11-07.39.13:062][340]LogParticles: Destroying 0 GPU particle simulations for FXSystem 0x0000007E86D27D80
[2015.11.11-07.39.13:568][340]LogExit: Object subsystem successfully closed.
[2015.11.11-07.39.13:921][340]LogD3D11RHI: Shutdown
[2015.11.11-07.39.13:921][340]LogD3D11RHI: CleanupD3DDevice
[2015.11.11-07.39.13:972][340]LogD3D11RHI: ~FD3D11DynamicRHI
[2015.11.11-07.39.14:235][340]LogModuleManager: Shutting down and abandoning module CrashTracker (197)
[2015.11.11-07.39.14:235][340]LogModuleManager: Shutting down and abandoning module SceneOutliner (196)
[2015.11.11-07.39.14:240][340]LogModuleManager: Shutting down and abandoning module SuperSearch (195)
[2015.11.11-07.39.14:240][340]LogModuleManager: Shutting down and abandoning module WidgetCarousel (194)
[2015.11.11-07.39.14:240][340]LogModuleManager: Shutting down and abandoning module AddContentDialog (193)
[2015.11.11-07.39.14:249][340]LogModuleManager: Shutting down and abandoning module EditorWidgets (192)
[2015.11.11-07.39.14:249][340]LogModuleManager: Shutting down and abandoning module CollectionManager (191)
[2015.11.11-07.39.14:249][340]LogModuleManager: Shutting down and abandoning module StatsViewer (190)
[2015.11.11-07.39.14:249][340]LogModuleManager: Shutting down and abandoning module FoliageEdit (189)
[2015.11.11-07.39.14:249][340]LogModuleManager: Shutting down and abandoning module LandscapeEditor (188)
[2015.11.11-07.39.14:273][340]LogModuleManager: Shutting down and abandoning module ActorPickerMode (187)
[2015.11.11-07.39.14:273][340]LogModuleManager: Shutting down and abandoning module GeometryMode (186)
[2015.11.11-07.39.14:273][340]LogModuleManager: Shutting down and abandoning module TextureAlignMode (185)
[2015.11.11-07.39.14:273][340]LogModuleManager: Shutting down and abandoning module BspMode (184)
[2015.11.11-07.39.14:273][340]LogModuleManager: Shutting down and abandoning module PlacementMode (183)
[2015.11.11-07.39.14:273][340]LogModuleManager: Shutting down and abandoning module AutomationWorker (182)
[2015.11.11-07.39.14:273][340]LogModuleManager: Shutting down and abandoning module CharacterAI (181)
[2015.11.11-07.39.14:273][340]LogModuleManager: Shutting down and abandoning module SmartSnapping (180)
[2015.11.11-07.39.14:273][340]LogModuleManager: Shutting down and abandoning module ViewportSnapping (179)
[2015.11.11-07.39.14:273][340]LogModuleManager: Shutting down and abandoning module LogVisualizer (178)
[2015.11.11-07.39.14:293][340]LogModuleManager: Shutting down and abandoning module GameProjectGeneration (177)
[2015.11.11-07.39.14:304][340]LogModuleManager: Shutting down and abandoning module IntroTutorials (176)
[2015.11.11-07.39.14:312][340]LogModuleManager: Shutting down and abandoning module EditorLiveStreaming (175)
[2015.11.11-07.39.14:312][340]LogModuleManager: Shutting down and abandoning module IOSPlatformEditor (174)
[2015.11.11-07.39.14:312][340]LogModuleManager: Shutting down and abandoning module HTML5PlatformEditor (173)
[2015.11.11-07.39.14:312][340]LogModuleManager: Shutting down and abandoning module AndroidDeviceDetection (172)
[2015.11.11-07.39.15:073][340]LogModuleManager: Shutting down and abandoning module AndroidPlatformEditor (171)
[2015.11.11-07.39.15:073][340]LogModuleManager: Shutting down and abandoning module IOSRuntimeSettings (170)
[2015.11.11-07.39.15:073][340]LogModuleManager: Shutting down and abandoning module AndroidRuntimeSettings (169)
[2015.11.11-07.39.15:073][340]LogModuleManager: Shutting down and abandoning module MergeActors (168)
[2015.11.11-07.39.15:125][340]LogModuleManager: Shutting down and abandoning module SizeMap (167)
[2015.11.11-07.39.15:125][340]LogModuleManager: Shutting down and abandoning module TreeMap (166)
[2015.11.11-07.39.15:125][340]LogModuleManager: Shutting down and abandoning module ReferenceViewer (165)
[2015.11.11-07.39.15:125][340]LogModuleManager: Shutting down and abandoning module LocalizationService (164)
[2015.11.11-07.39.15:125][340]LogModuleManager: Shutting down and abandoning module LocalizationDashboard (163)
[2015.11.11-07.39.15:139][340]LogModuleManager: Shutting down and abandoning module HardwareTargeting (162)
[2015.11.11-07.39.15:139][340]LogModuleManager: Shutting down and abandoning module DeviceProfileEditor (161)
[2015.11.11-07.39.15:139][340]LogModuleManager: Shutting down and abandoning module UndoHistory (160)
[2015.11.11-07.39.15:139][340]LogModuleManager: Shutting down and abandoning module GameplayTagsEditor (159)
[2015.11.11-07.39.15:139][340]LogModuleManager: Shutting down and abandoning module UserFeedback (158)
[2015.11.11-07.39.15:139][340]LogModuleManager: Shutting down and abandoning module XmlParser (157)
[2015.11.11-07.39.15:139][340]LogModuleManager: Shutting down and abandoning module Blutility (156)
[2015.11.11-07.39.15:139][340]LogModuleManager: Shutting down and abandoning module ProjectTargetPlatformEditor (155)
[2015.11.11-07.39.15:139][340]LogModuleManager: Shutting down and abandoning module ProjectSettingsViewer (154)
[2015.11.11-07.39.15:139][340]LogModuleManager: Shutting down and abandoning module InputBindingEditor (153)
[2015.11.11-07.39.15:139][340]LogModuleManager: Shutting down and abandoning module EditorSettingsViewer (152)
[2015.11.11-07.39.15:139][340]LogModuleManager: Shutting down and abandoning module SettingsEditor (151)
[2015.11.11-07.39.15:139][340]LogModuleManager: Shutting down and abandoning module ProjectLauncher (150)
[2015.11.11-07.39.15:139][340]LogModuleManager: Shutting down and abandoning module SessionFrontend (149)
[2015.11.11-07.39.15:139][340]LogModuleManager: Shutting down and abandoning module ProfilerClient (148)
[2015.11.11-07.39.15:154][340]LogModuleManager: Shutting down and abandoning module TargetDeviceServices (147)
[2015.11.11-07.39.15:154][340]LogModuleManager: Shutting down and abandoning module DeviceManager (146)
[2015.11.11-07.39.15:154][340]LogModuleManager: Shutting down and abandoning module AutomationController (145)
[2015.11.11-07.39.15:154][340]LogModuleManager: Shutting down and abandoning module AutomationWindow (144)
[2015.11.11-07.39.15:159][340]LogModuleManager: Shutting down and abandoning module Layers (143)
[2015.11.11-07.39.15:167][340]LogModuleManager: Shutting down and abandoning module ComponentVisualizers (142)
[2015.11.11-07.39.15:167][340]LogModuleManager: Shutting down and abandoning module DetailCustomizations (141)
[2015.11.11-07.39.15:192][340]LogModuleManager: Shutting down and abandoning module PackagesDialog (140)
[2015.11.11-07.39.15:192][340]LogModuleManager: Shutting down and abandoning module Persona (139)
[2015.11.11-07.39.15:204][340]LogModuleManager: Shutting down and abandoning module Kismet (138)
[2015.11.11-07.39.15:210][340]LogModuleManager: Shutting down and abandoning module GraphEditor (137)
[2015.11.11-07.39.15:234][340]LogModuleManager: Shutting down and abandoning module ClassViewer (136)
[2015.11.11-07.39.15:234][340]LogModuleManager: Shutting down and abandoning module Toolbox (135)
[2015.11.11-07.39.15:234][340]LogModuleManager: Shutting down and abandoning module ModuleUI (134)
[2015.11.11-07.39.15:238][340]LogModuleManager: Shutting down and abandoning module MovieSceneTools (133)
[2015.11.11-07.39.15:238][340]LogModuleManager: Shutting down and abandoning module OutputLog (132)
[2015.11.11-07.39.15:238][340]LogModuleManager: Shutting down and abandoning module GammaUI (131)
[2015.11.11-07.39.15:246][340]LogModuleManager: Shutting down and abandoning module Documentation (130)
[2015.11.11-07.39.15:246][340]LogModuleManager: Shutting down and abandoning module GameLiveStreaming (129)
[2015.11.11-07.39.15:246][340]LogModuleManager: Shutting down and abandoning module StreamingPauseRendering (128)
[2015.11.11-07.39.15:246][340]LogModuleManager: Shutting down and abandoning module AnalyticsET (127)
[2015.11.11-07.39.15:246][340]LogModuleManager: Shutting down and abandoning module Analytics (126)
[2015.11.11-07.39.15:246][340]LogModuleManager: Shutting down and abandoning module AITestSuite (125)
[2015.11.11-07.39.15:246][340]LogModuleManager: Shutting down and abandoning module GameplayDebugger (124)
[2015.11.11-07.39.15:246][340]LogModuleManager: Shutting down and abandoning module AIModule (123)
[2015.11.11-07.39.15:246][340]LogModuleManager: Shutting down and abandoning module ProfilerService (122)
[2015.11.11-07.39.15:317][340]LogModuleManager: Shutting down and abandoning module TaskGraph (121)
[2015.11.11-07.39.15:317][340]LogModuleManager: Shutting down and abandoning module SlateRemote (120)
[2015.11.11-07.39.15:317][340]LogModuleManager: Shutting down and abandoning module SteamVRController (119)
[2015.11.11-07.39.15:317][340]LogModuleManager: Shutting down and abandoning module SteamVR (118)
[2015.11.11-07.39.15:317][340]LogModuleManager: Shutting down and abandoning module ProceduralMeshComponent (117)
[2015.11.11-07.39.15:317][340]LogModuleManager: Shutting down and abandoning module OculusRift (116)
[2015.11.11-07.39.15:317][340]LogModuleManager: Shutting down and abandoning module OculusLibrary (115)
[2015.11.11-07.39.15:317][340]LogModuleManager: Shutting down and abandoning module LeapMotionController (114)
[2015.11.11-07.39.15:345][340]LogModuleManager: Shutting down and abandoning module CustomMeshComponent (113)
[2015.11.11-07.39.15:345][340]LogModuleManager: Shutting down and abandoning module CableComponent (112)
[2015.11.11-07.39.15:345][340]LogModuleManager: Shutting down and abandoning module ArchVisCharacter (111)
[2015.11.11-07.39.15:345][340]LogModuleManager: Shutting down and abandoning module MessagingDebugger (110)
[2015.11.11-07.39.15:352][340]LogModuleManager: Shutting down and abandoning module MediaPlayerEditor (109)
[2015.11.11-07.39.15:363][340]LogModuleManager: Shutting down and abandoning module HTML5Networking (108)
[2015.11.11-07.39.15:363][340]LogModuleManager: Shutting down and abandoning module SpeedTreeImporter (107)
[2015.11.11-07.39.15:363][340]LogModuleManager: Shutting down and abandoning module PluginBrowser (106)
[2015.11.11-07.39.15:363][340]LogModuleManager: Shutting down and abandoning module EpicSurvey (105)
[2015.11.11-07.39.15:363][340]LogModuleManager: Shutting down and abandoning module DesktopPlatform (104)
[2015.11.11-07.39.15:363][340]LogModuleManager: Shutting down and abandoning module VisualStudioSourceCodeAccess (103)
[2015.11.11-07.39.15:363][340]LogModuleManager: Shutting down and abandoning module UObjectPlugin (102)
[2015.11.11-07.39.15:363][340]LogModuleManager: Shutting down and abandoning module SubversionSourceControl (101)
[2015.11.11-07.39.15:363][340]LogModuleManager: Shutting down and abandoning module PerforceSourceControl (100)
[2015.11.11-07.39.15:363][340]LogModuleManager: Shutting down and abandoning module SourceControl (99)
[2015.11.11-07.39.15:363][340]LogModuleManager: Shutting down and abandoning module GitSourceControl (98)
[2015.11.11-07.39.15:363][340]LogModuleManager: Shutting down and abandoning module LightPropagationVolumeEditor (97)
[2015.11.11-07.39.15:363][340]LogModuleManager: Shutting down and abandoning module PaperTiledImporter (96)
[2015.11.11-07.39.15:363][340]LogModuleManager: Shutting down and abandoning module PaperSpriteSheetImporter (95)
[2015.11.11-07.39.15:363][340]LogModuleManager: Shutting down and abandoning module MeshPaint (94)
[2015.11.11-07.39.15:363][340]LogModuleManager: Shutting down and abandoning module SlateReflector (93)
[2015.11.11-07.39.15:375][340]LogModuleManager: Shutting down and abandoning module HotReload (92)
[2015.11.11-07.39.15:375][340]LogModuleManager: Shutting down and abandoning module MainFrame (91)
[2015.11.11-07.39.15:375][340]LogModuleManager: Shutting down and abandoning module LevelEditor (90)
[2015.11.11-07.39.15:389][340]LogModuleManager: Shutting down and abandoning module DirectoryWatcher (89)
[2015.11.11-07.39.15:389][340]LogModuleManager: Shutting down and abandoning module AssetRegistry (88)
[2015.11.11-07.39.15:444][340]LogModuleManager: Shutting down and abandoning module ContentBrowser (87)
[2015.11.11-07.39.15:444][340]LogModuleManager: Shutting down and abandoning module Paper2DEditor (86)
[2015.11.11-07.39.15:454][340]LogModuleManager: Shutting down and abandoning module UdpMessaging (85)
[2015.11.11-07.39.15:555][340]LogModuleManager: Shutting down and abandoning module LightPropagationVolumeRuntime (84)
[2015.11.11-07.39.15:555][340]LogModuleManager: Shutting down and abandoning module Paper2D (83)
[2015.11.11-07.39.15:555][340]LogModuleManager: Shutting down and abandoning module WindowsMoviePlayer (82)
[2015.11.11-07.39.15:557][340]LogModuleManager: Shutting down and abandoning module Media (81)
[2015.11.11-07.39.15:557][340]LogModuleManager: Shutting down and abandoning module WmfMedia (80)
[2015.11.11-07.39.15:558][340]LogModuleManager: Shutting down and abandoning module OnlineBlueprintSupport (79)
[2015.11.11-07.39.15:558][340]LogModuleManager: Shutting down and abandoning module GameplayTasksEditor (78)
[2015.11.11-07.39.15:558][340]LogModuleManager: Shutting down and abandoning module PropertyEditor (77)
[2015.11.11-07.39.15:576][340]LogModuleManager: Shutting down and abandoning module BehaviorTreeEditor (76)
[2015.11.11-07.39.15:588][340]LogModuleManager: Shutting down and abandoning module FunctionalTesting (75)
[2015.11.11-07.39.15:588][340]LogModuleManager: Shutting down and abandoning module CollisionAnalyzer (74)
[2015.11.11-07.39.15:588][340]LogModuleManager: Shutting down and abandoning module WorkspaceMenuStructure (73)
[2015.11.11-07.39.15:588][340]LogModuleManager: Shutting down and abandoning module MessageLog (72)
[2015.11.11-07.39.15:588][340]LogModuleManager: Shutting down and abandoning module Sequencer (71)
[2015.11.11-07.39.15:588][340]LogModuleManager: Shutting down and abandoning module AssetTools (70)
[2015.11.11-07.39.15:609][340]LogModuleManager: Shutting down and abandoning module UMGEditor (69)
[2015.11.11-07.39.15:623][340]LogModuleManager: Shutting down and abandoning module UMG (68)
[2015.11.11-07.39.15:623][340]LogModuleManager: Shutting down and abandoning module Slate (67)
[2015.11.11-07.39.15:623][340]LogModuleManager: Shutting down and abandoning module EditorStyle (66)
[2015.11.11-07.39.15:624][340]LogModuleManager: Shutting down and abandoning module SessionServices (65)
[2015.11.11-07.39.15:624][340]LogModuleManager: Shutting down and abandoning module SourceCodeAccess (64)
[2015.11.11-07.39.15:625][340]LogModuleManager: Shutting down and abandoning module HeadMountedDisplay (63)
[2015.11.11-07.39.15:625][340]LogModuleManager: Shutting down and abandoning module XAudio2 (62)
[2015.11.11-07.39.15:625][340]LogModuleManager: Shutting down and abandoning module Networking (60)
[2015.11.11-07.39.15:625][340]LogModuleManager: Shutting down and abandoning module Core (59)
[2015.11.11-07.39.15:625][340]LogModuleManager: Shutting down and abandoning module KismetCompiler (58)
[2015.11.11-07.39.15:625][340]LogModuleManager: Shutting down and abandoning module PhysXFormats (57)
[2015.11.11-07.39.15:625][340]LogModuleManager: Shutting down and abandoning module MeshUtilities (56)
[2015.11.11-07.39.15:632][340]LogModuleManager: Shutting down and abandoning module CookingStats (55)
[2015.11.11-07.39.15:633][340]LogModuleManager: Shutting down and abandoning module DerivedDataCache (54)
[2015.11.11-07.39.15:640][340]LogDerivedDataCache: Shutdown
[2015.11.11-07.39.15:640][340]LogModuleManager: Shutting down and abandoning module ShaderFormatOpenGL (53)
[2015.11.11-07.39.15:651][340]LogModuleManager: Shutting down and abandoning module ShaderFormatD3D (52)
[2015.11.11-07.39.15:651][340]LogModuleManager: Shutting down and abandoning module MetalShaderFormat (51)
[2015.11.11-07.39.15:663][340]LogModuleManager: Shutting down and abandoning module TextureFormatUncompressed (50)
[2015.11.11-07.39.15:663][340]LogModuleManager: Shutting down and abandoning module TextureFormatPVR (49)
[2015.11.11-07.39.15:663][340]LogModuleManager: Shutting down and abandoning module TextureFormatIntelISPCTexComp (48)
[2015.11.11-07.39.15:663][340]LogModuleManager: Shutting down and abandoning module TextureFormatDXT (47)
[2015.11.11-07.39.15:663][340]LogModuleManager: Shutting down and abandoning module ImageWrapper (46)
[2015.11.11-07.39.15:663][340]LogModuleManager: Shutting down and abandoning module TextureFormatASTC (45)
[2015.11.11-07.39.15:663][340]LogModuleManager: Shutting down and abandoning module TextureFormatAndroid (44)
[2015.11.11-07.39.15:663][340]LogModuleManager: Shutting down and abandoning module AudioFormatOpus (43)
[2015.11.11-07.39.15:678][340]LogModuleManager: Shutting down and abandoning module AudioFormatOgg (42)
[2015.11.11-07.39.15:678][340]LogModuleManager: Shutting down and abandoning module AudioFormatADPCM (41)
[2015.11.11-07.39.15:678][340]LogModuleManager: Shutting down and abandoning module LinuxTargetPlatform (40)
[2015.11.11-07.39.15:678][340]LogModuleManager: Shutting down and abandoning module LinuxServerTargetPlatform (39)
[2015.11.11-07.39.15:678][340]LogModuleManager: Shutting down and abandoning module LinuxNoEditorTargetPlatform (38)
[2015.11.11-07.39.15:678][340]LogModuleManager: Shutting down and abandoning module Messaging (37)
[2015.11.11-07.39.15:678][340]LogModuleManager: Shutting down and abandoning module IOSTargetPlatform (36)
[2015.11.11-07.39.15:678][340]LogModuleManager: Shutting down and abandoning module HTML5TargetPlatform (35)
[2015.11.11-07.39.15:678][340]LogModuleManager: Shutting down and abandoning module Android_PVRTCTargetPlatform (34)
[2015.11.11-07.39.15:689][340]LogModuleManager: Shutting down and abandoning module Android_ETC2TargetPlatform (33)
[2015.11.11-07.39.15:695][340]LogModuleManager: Shutting down and abandoning module Android_ETC1TargetPlatform (32)
[2015.11.11-07.39.15:701][340]LogModuleManager: Shutting down and abandoning module Android_DXTTargetPlatform (31)
[2015.11.11-07.39.15:705][340]LogModuleManager: Shutting down and abandoning module Android_ATCTargetPlatform (30)
[2015.11.11-07.39.15:723][340]LogModuleManager: Shutting down and abandoning module Android_ASTCTargetPlatform (29)
[2015.11.11-07.39.15:723][340]LogModuleManager: Shutting down and abandoning module AndroidTargetPlatform (28)
[2015.11.11-07.39.15:729][340]LogModuleManager: Shutting down and abandoning module WindowsTargetPlatform (27)
[2015.11.11-07.39.15:729][340]LogModuleManager: Shutting down and abandoning module WindowsServerTargetPlatform (26)
[2015.11.11-07.39.15:736][340]LogModuleManager: Shutting down and abandoning module WindowsNoEditorTargetPlatform (25)
[2015.11.11-07.39.15:743][340]LogModuleManager: Shutting down and abandoning module WindowsClientTargetPlatform (24)
[2015.11.11-07.39.15:747][340]LogModuleManager: Shutting down and abandoning module AllDesktopTargetPlatform (23)
[2015.11.11-07.39.15:747][340]LogModuleManager: Shutting down and abandoning module TargetPlatform (22)
[2015.11.11-07.39.15:747][340]LogModuleManager: Shutting down and abandoning module InputCore (21)
[2015.11.11-07.39.15:747][340]LogModuleManager: Shutting down and abandoning module Settings (20)
[2015.11.11-07.39.15:747][340]LogModuleManager: Shutting down and abandoning module OnlineSubsystem (18)
[2015.11.11-07.39.15:747][340]LogModuleManager: Shutting down and abandoning module HTTP (17)
[2015.11.11-07.39.17:751][340]LogModuleManager: Shutting down and abandoning module XMPP (16)
[2015.11.11-07.39.17:822][340]LogModuleManager: Shutting down and abandoning module ExampleDeviceProfileSelector (15)
[2015.11.11-07.39.17:822][340]LogModuleManager: Shutting down and abandoning module TextureCompressor (14)
[2015.11.11-07.39.17:832][340]LogModuleManager: Shutting down and abandoning module ShaderCore (13)
[2015.11.11-07.39.17:832][340]LogModuleManager: Shutting down and abandoning module Landscape (12)
[2015.11.11-07.39.17:832][340]LogModuleManager: Shutting down and abandoning module SlateRHIRenderer (11)
[2015.11.11-07.39.17:833][340]LogModuleManager: Shutting down and abandoning module OpenGLDrv (10)
[2015.11.11-07.39.17:842][340]LogModuleManager: Shutting down and abandoning module D3D11RHI (9)
[2015.11.11-07.39.17:842][340]LogModuleManager: Shutting down and abandoning module AnimGraphRuntime (8)
[2015.11.11-07.39.17:854][340]LogModuleManager: Shutting down and abandoning module Renderer (7)
[2015.11.11-07.39.17:854][340]LogModuleManager: Shutting down and abandoning module Engine (6)
[2015.11.11-07.39.17:854][340]LogModuleManager: Shutting down and abandoning module CoreUObject (5)
[2015.11.11-07.39.17:854][340]LogModuleManager: Shutting down and abandoning module NetworkFile (4)
[2015.11.11-07.39.17:854][340]LogModuleManager: Shutting down and abandoning module StreamingFile (3)
[2015.11.11-07.39.17:854][340]LogModuleManager: Shutting down and abandoning module SandboxFile (2)
[2015.11.11-07.39.17:854][340]LogModuleManager: Shutting down and abandoning module PakFile (1)
[2015.11.11-07.39.17:882][340]LogExit: Exiting.
[2015.11.11-07.39.17:883][340]Log file closed, 11/11/15 16:39:17
